running egg_info
creating ../../../build/auto_implementation/auto_implementation.egg-info
writing ../../../build/auto_implementation/auto_implementation.egg-info/PKG-INFO
writing dependency_links to ../../../build/auto_implementation/auto_implementation.egg-info/dependency_links.txt
writing entry points to ../../../build/auto_implementation/auto_implementation.egg-info/entry_points.txt
writing requirements to ../../../build/auto_implementation/auto_implementation.egg-info/requires.txt
writing top-level names to ../../../build/auto_implementation/auto_implementation.egg-info/top_level.txt
writing manifest file '../../../build/auto_implementation/auto_implementation.egg-info/SOURCES.txt'
reading manifest file '../../../build/auto_implementation/auto_implementation.egg-info/SOURCES.txt'
adding license file 'LICENSE'
writing manifest file '../../../build/auto_implementation/auto_implementation.egg-info/SOURCES.txt'
running build
running build_py
creating /home/balabalu/workspace/WRoverSoftware/build/auto_implementation/build
creating /home/balabalu/workspace/WRoverSoftware/build/auto_implementation/build/lib
creating /home/balabalu/workspace/WRoverSoftware/build/auto_implementation/build/lib/auto_implementation
copying auto_implementation/driving_logic.py -> /home/balabalu/workspace/WRoverSoftware/build/auto_implementation/build/lib/auto_implementation
copying auto_implementation/finding_object.py -> /home/balabalu/workspace/WRoverSoftware/build/auto_implementation/build/lib/auto_implementation
copying auto_implementation/__init__.py -> /home/balabalu/workspace/WRoverSoftware/build/auto_implementation/build/lib/auto_implementation
copying auto_implementation/searching_drive.py -> /home/balabalu/workspace/WRoverSoftware/build/auto_implementation/build/lib/auto_implementation
copying auto_implementation/finding_aruco_tag.py -> /home/balabalu/workspace/WRoverSoftware/build/auto_implementation/build/lib/auto_implementation
running install
running install_lib
creating /home/balabalu/workspace/WRoverSoftware/install/auto_implementation/lib/python3.12/site-packages/auto_implementation
copying /home/balabalu/workspace/WRoverSoftware/build/auto_implementation/build/lib/auto_implementation/driving_logic.py -> /home/balabalu/workspace/WRoverSoftware/install/auto_implementation/lib/python3.12/site-packages/auto_implementation
copying /home/balabalu/workspace/WRoverSoftware/build/auto_implementation/build/lib/auto_implementation/finding_object.py -> /home/balabalu/workspace/WRoverSoftware/install/auto_implementation/lib/python3.12/site-packages/auto_implementation
copying /home/balabalu/workspace/WRoverSoftware/build/auto_implementation/build/lib/auto_implementation/__init__.py -> /home/balabalu/workspace/WRoverSoftware/install/auto_implementation/lib/python3.12/site-packages/auto_implementation
copying /home/balabalu/workspace/WRoverSoftware/build/auto_implementation/build/lib/auto_implementation/searching_drive.py -> /home/balabalu/workspace/WRoverSoftware/install/auto_implementation/lib/python3.12/site-packages/auto_implementation
copying /home/balabalu/workspace/WRoverSoftware/build/auto_implementation/build/lib/auto_implementation/finding_aruco_tag.py -> /home/balabalu/workspace/WRoverSoftware/install/auto_implementation/lib/python3.12/site-packages/auto_implementation
byte-compiling /home/balabalu/workspace/WRoverSoftware/install/auto_implementation/lib/python3.12/site-packages/auto_implementation/driving_logic.py to driving_logic.cpython-312.pyc
byte-compiling /home/balabalu/workspace/WRoverSoftware/install/auto_implementation/lib/python3.12/site-packages/auto_implementation/finding_object.py to finding_object.cpython-312.pyc
byte-compiling /home/balabalu/workspace/WRoverSoftware/install/auto_implementation/lib/python3.12/site-packages/auto_implementation/__init__.py to __init__.cpython-312.pyc
byte-compiling /home/balabalu/workspace/WRoverSoftware/install/auto_implementation/lib/python3.12/site-packages/auto_implementation/searching_drive.py to searching_drive.cpython-312.pyc
byte-compiling /home/balabalu/workspace/WRoverSoftware/install/auto_implementation/lib/python3.12/site-packages/auto_implementation/finding_aruco_tag.py to finding_aruco_tag.cpython-312.pyc
running install_data
creating /home/balabalu/workspace/WRoverSoftware/install/auto_implementation/share/ament_index
creating /home/balabalu/workspace/WRoverSoftware/install/auto_implementation/share/ament_index/resource_index
creating /home/balabalu/workspace/WRoverSoftware/install/auto_implementation/share/ament_index/resource_index/packages
copying resource/auto_implementation -> /home/balabalu/workspace/WRoverSoftware/install/auto_implementation/share/ament_index/resource_index/packages
copying package.xml -> /home/balabalu/workspace/WRoverSoftware/install/auto_implementation/share/auto_implementation
running install_egg_info
Copying ../../../build/auto_implementation/auto_implementation.egg-info to /home/balabalu/workspace/WRoverSoftware/install/auto_implementation/lib/python3.12/site-packages/auto_implementation-0.0.0-py3.12.egg-info
running install_scripts
Installing driving_logic script to /home/balabalu/workspace/WRoverSoftware/install/auto_implementation/lib/auto_implementation
Installing finding_aruco_tag script to /home/balabalu/workspace/WRoverSoftware/install/auto_implementation/lib/auto_implementation
Installing finding_object script to /home/balabalu/workspace/WRoverSoftware/install/auto_implementation/lib/auto_implementation
Installing searching_drive script to /home/balabalu/workspace/WRoverSoftware/install/auto_implementation/lib/auto_implementation
writing list of installed files to '/home/balabalu/workspace/WRoverSoftware/build/auto_implementation/install.log'
