running egg_info
writing ../../build/wr_swerve_motor/wr_swerve_motor.egg-info/PKG-INFO
writing dependency_links to ../../build/wr_swerve_motor/wr_swerve_motor.egg-info/dependency_links.txt
writing entry points to ../../build/wr_swerve_motor/wr_swerve_motor.egg-info/entry_points.txt
writing requirements to ../../build/wr_swerve_motor/wr_swerve_motor.egg-info/requires.txt
writing top-level names to ../../build/wr_swerve_motor/wr_swerve_motor.egg-info/top_level.txt
reading manifest file '../../build/wr_swerve_motor/wr_swerve_motor.egg-info/SOURCES.txt'
adding license file 'LICENSE'
writing manifest file '../../build/wr_swerve_motor/wr_swerve_motor.egg-info/SOURCES.txt'
running build
running build_py
running install
running install_lib
running install_data
running install_egg_info
removing '/home/devansh/WRoverMotorControl/WRoverSoftware/install/wr_swerve_motor/lib/python3.10/site-packages/wr_swerve_motor-0.0.0-py3.10.egg-info' (and everything under it)
Copying ../../build/wr_swerve_motor/wr_swerve_motor.egg-info to /home/devansh/WRoverMotorControl/WRoverSoftware/install/wr_swerve_motor/lib/python3.10/site-packages/wr_swerve_motor-0.0.0-py3.10.egg-info
running install_scripts
Installing swerve_motor script to /home/devansh/WRoverMotorControl/WRoverSoftware/install/wr_swerve_motor/lib/wr_swerve_motor
writing list of installed files to '/home/devansh/WRoverMotorControl/WRoverSoftware/build/wr_swerve_motor/install.log'
