[0.410s] Invoking command in '/home/wiscrobo/WRoverXboxController/WRoverSoftware/src/wr_xbox_controller': PYTHONPATH=/home/wiscrobo/WRoverXboxController/WRoverSoftware/build/wr_xbox_controller/prefix_override:/usr/lib/python3/dist-packages/colcon_core/task/python/colcon_distutils_commands:/home/wiscrobo/WRoverXboxController/WRoverSoftware/install/wr_xbox_controller/lib/python3.10/site-packages:${PYTHONPATH} /usr/bin/python3 -W ignore:setup.py install is deprecated -W ignore:easy_install command is deprecated setup.py egg_info --egg-base ../../build/wr_xbox_controller build --build-base /home/wiscrobo/WRoverXboxController/WRoverSoftware/build/wr_xbox_controller/build install --record /home/wiscrobo/WRoverXboxController/WRoverSoftware/build/wr_xbox_controller/install.log --single-version-externally-managed install_data
[0.568s] running egg_info
[0.568s] writing ../../build/wr_xbox_controller/wr_xbox_controller.egg-info/PKG-INFO
[0.569s] writing dependency_links to ../../build/wr_xbox_controller/wr_xbox_controller.egg-info/dependency_links.txt
[0.569s] writing entry points to ../../build/wr_xbox_controller/wr_xbox_controller.egg-info/entry_points.txt
[0.569s] writing requirements to ../../build/wr_xbox_controller/wr_xbox_controller.egg-info/requires.txt
[0.569s] writing top-level names to ../../build/wr_xbox_controller/wr_xbox_controller.egg-info/top_level.txt
[0.570s] reading manifest file '../../build/wr_xbox_controller/wr_xbox_controller.egg-info/SOURCES.txt'
[0.570s] adding license file 'LICENSE'
[0.570s] writing manifest file '../../build/wr_xbox_controller/wr_xbox_controller.egg-info/SOURCES.txt'
[0.570s] running build
[0.571s] running build_py
[0.571s] running install
[0.571s] running install_lib
[0.572s] running install_data
[0.572s] running install_egg_info
[0.573s] removing '/home/wiscrobo/WRoverXboxController/WRoverSoftware/install/wr_xbox_controller/lib/python3.10/site-packages/wr_xbox_controller-0.0.0-py3.10.egg-info' (and everything under it)
[0.573s] Copying ../../build/wr_xbox_controller/wr_xbox_controller.egg-info to /home/wiscrobo/WRoverXboxController/WRoverSoftware/install/wr_xbox_controller/lib/python3.10/site-packages/wr_xbox_controller-0.0.0-py3.10.egg-info
[0.574s] running install_scripts
[0.588s] Installing xbox_controller script to /home/wiscrobo/WRoverXboxController/WRoverSoftware/install/wr_xbox_controller/lib/wr_xbox_controller
[0.588s] writing list of installed files to '/home/wiscrobo/WRoverXboxController/WRoverSoftware/build/wr_xbox_controller/install.log'
[0.607s] Invoked command in '/home/wiscrobo/WRoverXboxController/WRoverSoftware/src/wr_xbox_controller' returned '0': PYTHONPATH=/home/wiscrobo/WRoverXboxController/WRoverSoftware/build/wr_xbox_controller/prefix_override:/usr/lib/python3/dist-packages/colcon_core/task/python/colcon_distutils_commands:/home/wiscrobo/WRoverXboxController/WRoverSoftware/install/wr_xbox_controller/lib/python3.10/site-packages:${PYTHONPATH} /usr/bin/python3 -W ignore:setup.py install is deprecated -W ignore:easy_install command is deprecated setup.py egg_info --egg-base ../../build/wr_xbox_controller build --build-base /home/wiscrobo/WRoverXboxController/WRoverSoftware/build/wr_xbox_controller/build install --record /home/wiscrobo/WRoverXboxController/WRoverSoftware/build/wr_xbox_controller/install.log --single-version-externally-managed install_data
