/home/david-wang/Desktop/Projects/WRoverSoftware/install/arm/lib/python3.12/site-packages/arm/arm_teleop.py
/home/david-wang/Desktop/Projects/WRoverSoftware/install/arm/lib/python3.12/site-packages/arm/IK_logic.py
/home/david-wang/Desktop/Projects/WRoverSoftware/install/arm/lib/python3.12/site-packages/arm/__init__.py
/home/david-wang/Desktop/Projects/WRoverSoftware/install/arm/lib/python3.12/site-packages/arm/arm_ik.py
/home/david-wang/Desktop/Projects/WRoverSoftware/install/arm/lib/python3.12/site-packages/arm/__pycache__/arm_teleop.cpython-312.pyc
/home/david-wang/Desktop/Projects/WRoverSoftware/install/arm/lib/python3.12/site-packages/arm/__pycache__/IK_logic.cpython-312.pyc
/home/david-wang/Desktop/Projects/WRoverSoftware/install/arm/lib/python3.12/site-packages/arm/__pycache__/__init__.cpython-312.pyc
/home/david-wang/Desktop/Projects/WRoverSoftware/install/arm/lib/python3.12/site-packages/arm/__pycache__/arm_ik.cpython-312.pyc
/home/david-wang/Desktop/Projects/WRoverSoftware/install/arm/share/ament_index/resource_index/packages/arm
/home/david-wang/Desktop/Projects/WRoverSoftware/install/arm/share/arm/package.xml
/home/david-wang/Desktop/Projects/WRoverSoftware/install/arm/lib/python3.12/site-packages/arm-0.0.0-py3.12.egg-info/dependency_links.txt
/home/david-wang/Desktop/Projects/WRoverSoftware/install/arm/lib/python3.12/site-packages/arm-0.0.0-py3.12.egg-info/zip-safe
/home/david-wang/Desktop/Projects/WRoverSoftware/install/arm/lib/python3.12/site-packages/arm-0.0.0-py3.12.egg-info/entry_points.txt
/home/david-wang/Desktop/Projects/WRoverSoftware/install/arm/lib/python3.12/site-packages/arm-0.0.0-py3.12.egg-info/SOURCES.txt
/home/david-wang/Desktop/Projects/WRoverSoftware/install/arm/lib/python3.12/site-packages/arm-0.0.0-py3.12.egg-info/requires.txt
/home/david-wang/Desktop/Projects/WRoverSoftware/install/arm/lib/python3.12/site-packages/arm-0.0.0-py3.12.egg-info/PKG-INFO
/home/david-wang/Desktop/Projects/WRoverSoftware/install/arm/lib/python3.12/site-packages/arm-0.0.0-py3.12.egg-info/top_level.txt
/home/david-wang/Desktop/Projects/WRoverSoftware/install/arm/lib/arm/IK_logic
/home/david-wang/Desktop/Projects/WRoverSoftware/install/arm/lib/arm/arm_ik
/home/david-wang/Desktop/Projects/WRoverSoftware/install/arm/lib/arm/arm_teleop
