[0.464s] Invoking command in '/home/devansh/WRoverMotorControl/WRoverSoftware/src/wr_swerve_control': PYTHONPATH=/home/devansh/WRoverMotorControl/WRoverSoftware/build/wr_swerve_control/prefix_override:/usr/lib/python3/dist-packages/colcon_core/task/python/colcon_distutils_commands:/home/devansh/WRoverMotorControl/WRoverSoftware/install/wr_swerve_control/lib/python3.10/site-packages:${PYTHONPATH} /usr/bin/python3 -W ignore:setup.py install is deprecated -W ignore:easy_install command is deprecated setup.py egg_info --egg-base ../../build/wr_swerve_control build --build-base /home/devansh/WRoverMotorControl/WRoverSoftware/build/wr_swerve_control/build install --record /home/devansh/WRoverMotorControl/WRoverSoftware/build/wr_swerve_control/install.log --single-version-externally-managed install_data
[0.564s] running egg_info
[0.564s] writing ../../build/wr_swerve_control/wr_swerve_control.egg-info/PKG-INFO
[0.564s] writing dependency_links to ../../build/wr_swerve_control/wr_swerve_control.egg-info/dependency_links.txt
[0.565s] writing entry points to ../../build/wr_swerve_control/wr_swerve_control.egg-info/entry_points.txt
[0.565s] writing requirements to ../../build/wr_swerve_control/wr_swerve_control.egg-info/requires.txt
[0.565s] writing top-level names to ../../build/wr_swerve_control/wr_swerve_control.egg-info/top_level.txt
[0.566s] reading manifest file '../../build/wr_swerve_control/wr_swerve_control.egg-info/SOURCES.txt'
[0.566s] adding license file 'LICENSE'
[0.566s] writing manifest file '../../build/wr_swerve_control/wr_swerve_control.egg-info/SOURCES.txt'
[0.566s] running build
[0.566s] running build_py
[0.566s] copying wr_swerve_control/swerve_control.py -> /home/devansh/WRoverMotorControl/WRoverSoftware/build/wr_swerve_control/build/lib/wr_swerve_control
[0.566s] running install
[0.566s] running install_lib
[0.567s] copying /home/devansh/WRoverMotorControl/WRoverSoftware/build/wr_swerve_control/build/lib/wr_swerve_control/swerve_control.py -> /home/devansh/WRoverMotorControl/WRoverSoftware/install/wr_swerve_control/lib/python3.10/site-packages/wr_swerve_control
[0.567s] byte-compiling /home/devansh/WRoverMotorControl/WRoverSoftware/install/wr_swerve_control/lib/python3.10/site-packages/wr_swerve_control/swerve_control.py to swerve_control.cpython-310.pyc
[0.567s]   File "/home/devansh/WRoverMotorControl/WRoverSoftware/install/wr_swerve_control/lib/python3.10/site-packages/wr_swerve_control/swerve_control.py", line 11
[0.567s]     self.vesc_ids = {"FL":["70","71"]
[0.567s]                           
[0.567s] SyntaxError: invalid syntax. Perhaps you forgot a comma?
[0.567s] 
[0.567s] running install_data
[0.567s] running install_egg_info
[0.568s] removing '/home/devansh/WRoverMotorControl/WRoverSoftware/install/wr_swerve_control/lib/python3.10/site-packages/wr_swerve_control-0.0.0-py3.10.egg-info' (and everything under it)
[0.568s] Copying ../../build/wr_swerve_control/wr_swerve_control.egg-info to /home/devansh/WRoverMotorControl/WRoverSoftware/install/wr_swerve_control/lib/python3.10/site-packages/wr_swerve_control-0.0.0-py3.10.egg-info
[0.569s] running install_scripts
[0.579s] Installing swerve_control script to /home/devansh/WRoverMotorControl/WRoverSoftware/install/wr_swerve_control/lib/wr_swerve_control
[0.579s] writing list of installed files to '/home/devansh/WRoverMotorControl/WRoverSoftware/build/wr_swerve_control/install.log'
[0.593s] Invoked command in '/home/devansh/WRoverMotorControl/WRoverSoftware/src/wr_swerve_control' returned '0': PYTHONPATH=/home/devansh/WRoverMotorControl/WRoverSoftware/build/wr_swerve_control/prefix_override:/usr/lib/python3/dist-packages/colcon_core/task/python/colcon_distutils_commands:/home/devansh/WRoverMotorControl/WRoverSoftware/install/wr_swerve_control/lib/python3.10/site-packages:${PYTHONPATH} /usr/bin/python3 -W ignore:setup.py install is deprecated -W ignore:easy_install command is deprecated setup.py egg_info --egg-base ../../build/wr_swerve_control build --build-base /home/devansh/WRoverMotorControl/WRoverSoftware/build/wr_swerve_control/build install --record /home/devansh/WRoverMotorControl/WRoverSoftware/build/wr_swerve_control/install.log --single-version-externally-managed install_data
