-- Install configuration: ""
-- Up-to-date: /workspace/install/urdf_visualization/share/urdf_visualization/launch
-- Installing: /workspace/install/urdf_visualization/share/urdf_visualization/launch/display.launch.py
-- Up-to-date: /workspace/install/urdf_visualization/share/urdf_visualization/urdf
-- Up-to-date: /workspace/install/urdf_visualization/share/urdf_visualization/urdf/model.urdf
-- Up-to-date: /workspace/install/urdf_visualization/share/urdf_visualization/urdf/meshes
-- Up-to-date: /workspace/install/urdf_visualization/share/urdf_visualization/urdf/meshes/base_link.STL
-- Up-to-date: /workspace/install/urdf_visualization/share/urdf_visualization/urdf/meshes/forearm_link.STL
-- Up-to-date: /workspace/install/urdf_visualization/share/urdf_visualization/urdf/meshes/carpus_link.STL
-- Up-to-date: /workspace/install/urdf_visualization/share/urdf_visualization/urdf/meshes/upperArm_link.STL
-- Up-to-date: /workspace/install/urdf_visualization/share/urdf_visualization/urdf/meshes/wrist_link.STL
-- Up-to-date: /workspace/install/urdf_visualization/share/urdf_visualization/urdf/meshes/turntable_link.STL
-- Up-to-date: /workspace/install/urdf_visualization/share/urdf_visualization/urdf/meshes/endEffector_link.STL
-- Up-to-date: /workspace/install/urdf_visualization/share/ament_index/resource_index/package_run_dependencies/urdf_visualization
-- Up-to-date: /workspace/install/urdf_visualization/share/ament_index/resource_index/parent_prefix_path/urdf_visualization
-- Up-to-date: /workspace/install/urdf_visualization/share/urdf_visualization/environment/ament_prefix_path.sh
-- Up-to-date: /workspace/install/urdf_visualization/share/urdf_visualization/environment/ament_prefix_path.dsv
-- Up-to-date: /workspace/install/urdf_visualization/share/urdf_visualization/environment/path.sh
-- Up-to-date: /workspace/install/urdf_visualization/share/urdf_visualization/environment/path.dsv
-- Up-to-date: /workspace/install/urdf_visualization/share/urdf_visualization/local_setup.bash
-- Up-to-date: /workspace/install/urdf_visualization/share/urdf_visualization/local_setup.sh
-- Up-to-date: /workspace/install/urdf_visualization/share/urdf_visualization/local_setup.zsh
-- Up-to-date: /workspace/install/urdf_visualization/share/urdf_visualization/local_setup.dsv
-- Installing: /workspace/install/urdf_visualization/share/urdf_visualization/package.dsv
-- Up-to-date: /workspace/install/urdf_visualization/share/ament_index/resource_index/packages/urdf_visualization
-- Up-to-date: /workspace/install/urdf_visualization/share/urdf_visualization/cmake/urdf_visualizationConfig.cmake
-- Up-to-date: /workspace/install/urdf_visualization/share/urdf_visualization/cmake/urdf_visualizationConfig-version.cmake
-- Up-to-date: /workspace/install/urdf_visualization/share/urdf_visualization/package.xml
