[0.009s] Invoking command in '/workspace/build/urdf_visualization': CMAKE_PREFIX_PATH=${CMAKE_PREFIX_PATH}:/opt/ros/jazzy /usr/bin/cmake --build /workspace/build/urdf_visualization -- -j16 -l16
[0.068s] Invoked command in '/workspace/build/urdf_visualization' returned '0': CMAKE_PREFIX_PATH=${CMAKE_PREFIX_PATH}:/opt/ros/jazzy /usr/bin/cmake --build /workspace/build/urdf_visualization -- -j16 -l16
[0.135s] Invoking command in '/workspace/build/urdf_visualization': CMAKE_PREFIX_PATH=${CMAKE_PREFIX_PATH}:/opt/ros/jazzy /usr/bin/cmake --install /workspace/build/urdf_visualization
[0.159s] -- Install configuration: ""
[0.160s] -- Up-to-date: /workspace/install/urdf_visualization/share/urdf_visualization/launch
[0.160s] -- Installing: /workspace/install/urdf_visualization/share/urdf_visualization/launch/display.launch.py
[0.160s] -- Up-to-date: /workspace/install/urdf_visualization/share/urdf_visualization/urdf
[0.161s] -- Up-to-date: /workspace/install/urdf_visualization/share/urdf_visualization/urdf/model.urdf
[0.161s] -- Up-to-date: /workspace/install/urdf_visualization/share/urdf_visualization/urdf/meshes
[0.161s] -- Up-to-date: /workspace/install/urdf_visualization/share/urdf_visualization/urdf/meshes/base_link.STL
[0.161s] -- Up-to-date: /workspace/install/urdf_visualization/share/urdf_visualization/urdf/meshes/forearm_link.STL
[0.161s] -- Up-to-date: /workspace/install/urdf_visualization/share/urdf_visualization/urdf/meshes/carpus_link.STL
[0.161s] -- Up-to-date: /workspace/install/urdf_visualization/share/urdf_visualization/urdf/meshes/upperArm_link.STL
[0.162s] -- Up-to-date: /workspace/install/urdf_visualization/share/urdf_visualization/urdf/meshes/wrist_link.STL
[0.162s] -- Up-to-date: /workspace/install/urdf_visualization/share/urdf_visualization/urdf/meshes/turntable_link.STL
[0.162s] -- Up-to-date: /workspace/install/urdf_visualization/share/urdf_visualization/urdf/meshes/endEffector_link.STL
[0.162s] -- Up-to-date: /workspace/install/urdf_visualization/share/ament_index/resource_index/package_run_dependencies/urdf_visualization
[0.162s] -- Up-to-date: /workspace/install/urdf_visualization/share/ament_index/resource_index/parent_prefix_path/urdf_visualization
[0.163s] -- Up-to-date: /workspace/install/urdf_visualization/share/urdf_visualization/environment/ament_prefix_path.sh
[0.163s] -- Up-to-date: /workspace/install/urdf_visualization/share/urdf_visualization/environment/ament_prefix_path.dsv
[0.163s] -- Up-to-date: /workspace/install/urdf_visualization/share/urdf_visualization/environment/path.sh
[0.163s] -- Up-to-date: /workspace/install/urdf_visualization/share/urdf_visualization/environment/path.dsv
[0.163s] -- Up-to-date: /workspace/install/urdf_visualization/share/urdf_visualization/local_setup.bash
[0.163s] -- Up-to-date: /workspace/install/urdf_visualization/share/urdf_visualization/local_setup.sh
[0.164s] -- Up-to-date: /workspace/install/urdf_visualization/share/urdf_visualization/local_setup.zsh
[0.164s] -- Up-to-date: /workspace/install/urdf_visualization/share/urdf_visualization/local_setup.dsv
[0.164s] -- Installing: /workspace/install/urdf_visualization/share/urdf_visualization/package.dsv
[0.164s] -- Up-to-date: /workspace/install/urdf_visualization/share/ament_index/resource_index/packages/urdf_visualization
[0.164s] -- Up-to-date: /workspace/install/urdf_visualization/share/urdf_visualization/cmake/urdf_visualizationConfig.cmake
[0.165s] -- Up-to-date: /workspace/install/urdf_visualization/share/urdf_visualization/cmake/urdf_visualizationConfig-version.cmake
[0.165s] -- Up-to-date: /workspace/install/urdf_visualization/share/urdf_visualization/package.xml
[0.166s] Invoked command in '/workspace/build/urdf_visualization' returned '0': CMAKE_PREFIX_PATH=${CMAKE_PREFIX_PATH}:/opt/ros/jazzy /usr/bin/cmake --install /workspace/build/urdf_visualization
