[0.051s] DEBUG:colcon:Command line arguments: ['/usr/bin/colcon', 'build']
[0.051s] DEBUG:colcon:Parsed command line arguments: Namespace(log_base=None, log_level=None, verb_name='build', build_base='build', install_base='install', merge_install=False, symlink_install=False, test_result_base=None, continue_on_error=False, executor='parallel', parallel_workers=4, event_handlers=None, ignore_user_meta=False, metas=['./colcon.meta'], base_paths=['.'], packages_ignore=None, packages_ignore_regex=None, paths=None, packages_up_to=None, packages_up_to_regex=None, packages_above=None, packages_above_and_dependencies=None, packages_above_depth=None, packages_select_by_dep=None, packages_skip_by_dep=None, packages_skip_up_to=None, packages_select_build_failed=False, packages_skip_build_finished=False, packages_select_test_failures=False, packages_skip_test_passed=False, packages_select=None, packages_skip=None, packages_select_regex=None, packages_skip_regex=None, packages_start=None, packages_end=None, allow_overriding=[], cmake_args=None, cmake_target=None, cmake_target_skip_unavailable=False, cmake_clean_cache=False, cmake_clean_first=False, cmake_force_configure=False, ament_cmake_args=None, catkin_cmake_args=None, catkin_skip_building_tests=False, verb_parser=<colcon_defaults.argument_parser.defaults.DefaultArgumentsDecorator object at 0xffff92344190>, verb_extension=<colcon_core.verb.build.BuildVerb object at 0xffff92505570>, main=<bound method BuildVerb.main of <colcon_core.verb.build.BuildVerb object at 0xffff92505570>>)
[0.110s] Level 1:colcon.colcon_core.package_discovery:discover_packages(colcon_meta) check parameters
[0.110s] Level 1:colcon.colcon_core.package_discovery:discover_packages(recursive) check parameters
[0.110s] Level 1:colcon.colcon_core.package_discovery:discover_packages(ignore) check parameters
[0.110s] Level 1:colcon.colcon_core.package_discovery:discover_packages(path) check parameters
[0.110s] Level 1:colcon.colcon_core.package_discovery:discover_packages(colcon_meta) discover
[0.110s] Level 1:colcon.colcon_core.package_discovery:discover_packages(recursive) discover
[0.110s] INFO:colcon.colcon_core.package_discovery:Crawling recursively for packages in '/home/devansh/WRoverMotorControl/WRoverSoftware'
[0.110s] Level 1:colcon.colcon_core.package_identification:_identify(.) by extensions ['ignore', 'ignore_ament_install']
[0.110s] Level 1:colcon.colcon_core.package_identification:_identify(.) by extension 'ignore'
[0.110s] Level 1:colcon.colcon_core.package_identification:_identify(.) by extension 'ignore_ament_install'
[0.110s] Level 1:colcon.colcon_core.package_identification:_identify(.) by extensions ['colcon_pkg']
[0.110s] Level 1:colcon.colcon_core.package_identification:_identify(.) by extension 'colcon_pkg'
[0.110s] Level 1:colcon.colcon_core.package_identification:_identify(.) by extensions ['colcon_meta']
[0.110s] Level 1:colcon.colcon_core.package_identification:_identify(.) by extension 'colcon_meta'
[0.110s] Level 1:colcon.colcon_core.package_identification:_identify(.) by extensions ['ros']
[0.110s] Level 1:colcon.colcon_core.package_identification:_identify(.) by extension 'ros'
[0.114s] Level 1:colcon.colcon_core.package_identification:_identify(.) by extensions ['cmake', 'python']
[0.114s] Level 1:colcon.colcon_core.package_identification:_identify(.) by extension 'cmake'
[0.114s] Level 1:colcon.colcon_core.package_identification:_identify(.) by extension 'python'
[0.114s] Level 1:colcon.colcon_core.package_identification:_identify(.) by extensions ['python_setup_py']
[0.114s] Level 1:colcon.colcon_core.package_identification:_identify(.) by extension 'python_setup_py'
[0.115s] Level 1:colcon.colcon_core.package_identification:_identify(build) by extensions ['ignore', 'ignore_ament_install']
[0.115s] Level 1:colcon.colcon_core.package_identification:_identify(build) by extension 'ignore'
[0.115s] Level 1:colcon.colcon_core.package_identification:_identify(build) ignored
[0.115s] Level 1:colcon.colcon_core.package_identification:_identify(executable_launches) by extensions ['ignore', 'ignore_ament_install']
[0.115s] Level 1:colcon.colcon_core.package_identification:_identify(executable_launches) by extension 'ignore'
[0.115s] Level 1:colcon.colcon_core.package_identification:_identify(executable_launches) by extension 'ignore_ament_install'
[0.115s] Level 1:colcon.colcon_core.package_identification:_identify(executable_launches) by extensions ['colcon_pkg']
[0.115s] Level 1:colcon.colcon_core.package_identification:_identify(executable_launches) by extension 'colcon_pkg'
[0.115s] Level 1:colcon.colcon_core.package_identification:_identify(executable_launches) by extensions ['colcon_meta']
[0.115s] Level 1:colcon.colcon_core.package_identification:_identify(executable_launches) by extension 'colcon_meta'
[0.115s] Level 1:colcon.colcon_core.package_identification:_identify(executable_launches) by extensions ['ros']
[0.115s] Level 1:colcon.colcon_core.package_identification:_identify(executable_launches) by extension 'ros'
[0.115s] Level 1:colcon.colcon_core.package_identification:_identify(executable_launches) by extensions ['cmake', 'python']
[0.115s] Level 1:colcon.colcon_core.package_identification:_identify(executable_launches) by extension 'cmake'
[0.115s] Level 1:colcon.colcon_core.package_identification:_identify(executable_launches) by extension 'python'
[0.115s] Level 1:colcon.colcon_core.package_identification:_identify(executable_launches) by extensions ['python_setup_py']
[0.115s] Level 1:colcon.colcon_core.package_identification:_identify(executable_launches) by extension 'python_setup_py'
[0.115s] Level 1:colcon.colcon_core.package_identification:_identify(install) by extensions ['ignore', 'ignore_ament_install']
[0.115s] Level 1:colcon.colcon_core.package_identification:_identify(install) by extension 'ignore'
[0.115s] Level 1:colcon.colcon_core.package_identification:_identify(install) ignored
[0.115s] Level 1:colcon.colcon_core.package_identification:_identify(log) by extensions ['ignore', 'ignore_ament_install']
[0.115s] Level 1:colcon.colcon_core.package_identification:_identify(log) by extension 'ignore'
[0.115s] Level 1:colcon.colcon_core.package_identification:_identify(log) ignored
[0.115s] Level 1:colcon.colcon_core.package_identification:_identify(src) by extensions ['ignore', 'ignore_ament_install']
[0.115s] Level 1:colcon.colcon_core.package_identification:_identify(src) by extension 'ignore'
[0.115s] Level 1:colcon.colcon_core.package_identification:_identify(src) by extension 'ignore_ament_install'
[0.115s] Level 1:colcon.colcon_core.package_identification:_identify(src) by extensions ['colcon_pkg']
[0.115s] Level 1:colcon.colcon_core.package_identification:_identify(src) by extension 'colcon_pkg'
[0.115s] Level 1:colcon.colcon_core.package_identification:_identify(src) by extensions ['colcon_meta']
[0.115s] Level 1:colcon.colcon_core.package_identification:_identify(src) by extension 'colcon_meta'
[0.115s] Level 1:colcon.colcon_core.package_identification:_identify(src) by extensions ['ros']
[0.115s] Level 1:colcon.colcon_core.package_identification:_identify(src) by extension 'ros'
[0.115s] Level 1:colcon.colcon_core.package_identification:_identify(src) by extensions ['cmake', 'python']
[0.115s] Level 1:colcon.colcon_core.package_identification:_identify(src) by extension 'cmake'
[0.115s] Level 1:colcon.colcon_core.package_identification:_identify(src) by extension 'python'
[0.115s] Level 1:colcon.colcon_core.package_identification:_identify(src) by extensions ['python_setup_py']
[0.115s] Level 1:colcon.colcon_core.package_identification:_identify(src) by extension 'python_setup_py'
[0.115s] Level 1:colcon.colcon_core.package_identification:_identify(src/wr_can_comms) by extensions ['ignore', 'ignore_ament_install']
[0.115s] Level 1:colcon.colcon_core.package_identification:_identify(src/wr_can_comms) by extension 'ignore'
[0.115s] Level 1:colcon.colcon_core.package_identification:_identify(src/wr_can_comms) by extension 'ignore_ament_install'
[0.115s] Level 1:colcon.colcon_core.package_identification:_identify(src/wr_can_comms) by extensions ['colcon_pkg']
[0.115s] Level 1:colcon.colcon_core.package_identification:_identify(src/wr_can_comms) by extension 'colcon_pkg'
[0.115s] Level 1:colcon.colcon_core.package_identification:_identify(src/wr_can_comms) by extensions ['colcon_meta']
[0.115s] Level 1:colcon.colcon_core.package_identification:_identify(src/wr_can_comms) by extension 'colcon_meta'
[0.115s] Level 1:colcon.colcon_core.package_identification:_identify(src/wr_can_comms) by extensions ['ros']
[0.115s] Level 1:colcon.colcon_core.package_identification:_identify(src/wr_can_comms) by extension 'ros'
[0.116s] DEBUG:colcon.colcon_core.package_identification:Package 'src/wr_can_comms' with type 'ros.ament_python' and name 'wr_can_comms'
[0.116s] Level 1:colcon.colcon_core.package_identification:_identify(src/wr_motor_simulation) by extensions ['ignore', 'ignore_ament_install']
[0.116s] Level 1:colcon.colcon_core.package_identification:_identify(src/wr_motor_simulation) by extension 'ignore'
[0.116s] Level 1:colcon.colcon_core.package_identification:_identify(src/wr_motor_simulation) by extension 'ignore_ament_install'
[0.116s] Level 1:colcon.colcon_core.package_identification:_identify(src/wr_motor_simulation) by extensions ['colcon_pkg']
[0.116s] Level 1:colcon.colcon_core.package_identification:_identify(src/wr_motor_simulation) by extension 'colcon_pkg'
[0.116s] Level 1:colcon.colcon_core.package_identification:_identify(src/wr_motor_simulation) by extensions ['colcon_meta']
[0.116s] Level 1:colcon.colcon_core.package_identification:_identify(src/wr_motor_simulation) by extension 'colcon_meta'
[0.116s] Level 1:colcon.colcon_core.package_identification:_identify(src/wr_motor_simulation) by extensions ['ros']
[0.116s] Level 1:colcon.colcon_core.package_identification:_identify(src/wr_motor_simulation) by extension 'ros'
[0.116s] Level 1:colcon.colcon_core.package_identification:_identify(src/wr_motor_simulation) by extensions ['cmake', 'python']
[0.116s] Level 1:colcon.colcon_core.package_identification:_identify(src/wr_motor_simulation) by extension 'cmake'
[0.116s] Level 1:colcon.colcon_core.package_identification:_identify(src/wr_motor_simulation) by extension 'python'
[0.116s] Level 1:colcon.colcon_core.package_identification:_identify(src/wr_motor_simulation) by extensions ['python_setup_py']
[0.116s] Level 1:colcon.colcon_core.package_identification:_identify(src/wr_motor_simulation) by extension 'python_setup_py'
[0.116s] Level 1:colcon.colcon_core.package_identification:_identify(src/wr_motor_simulation/motor_simulation) by extensions ['ignore', 'ignore_ament_install']
[0.116s] Level 1:colcon.colcon_core.package_identification:_identify(src/wr_motor_simulation/motor_simulation) by extension 'ignore'
[0.116s] Level 1:colcon.colcon_core.package_identification:_identify(src/wr_motor_simulation/motor_simulation) by extension 'ignore_ament_install'
[0.116s] Level 1:colcon.colcon_core.package_identification:_identify(src/wr_motor_simulation/motor_simulation) by extensions ['colcon_pkg']
[0.116s] Level 1:colcon.colcon_core.package_identification:_identify(src/wr_motor_simulation/motor_simulation) by extension 'colcon_pkg'
[0.117s] Level 1:colcon.colcon_core.package_identification:_identify(src/wr_motor_simulation/motor_simulation) by extensions ['colcon_meta']
[0.117s] Level 1:colcon.colcon_core.package_identification:_identify(src/wr_motor_simulation/motor_simulation) by extension 'colcon_meta'
[0.117s] Level 1:colcon.colcon_core.package_identification:_identify(src/wr_motor_simulation/motor_simulation) by extensions ['ros']
[0.117s] Level 1:colcon.colcon_core.package_identification:_identify(src/wr_motor_simulation/motor_simulation) by extension 'ros'
[0.117s] Level 1:colcon.colcon_core.package_identification:_identify(src/wr_motor_simulation/motor_simulation) by extensions ['cmake', 'python']
[0.117s] Level 1:colcon.colcon_core.package_identification:_identify(src/wr_motor_simulation/motor_simulation) by extension 'cmake'
[0.117s] Level 1:colcon.colcon_core.package_identification:_identify(src/wr_motor_simulation/motor_simulation) by extension 'python'
[0.117s] Level 1:colcon.colcon_core.package_identification:_identify(src/wr_motor_simulation/motor_simulation) by extensions ['python_setup_py']
[0.117s] Level 1:colcon.colcon_core.package_identification:_identify(src/wr_motor_simulation/motor_simulation) by extension 'python_setup_py'
[0.117s] Level 1:colcon.colcon_core.package_identification:_identify(src/wr_obstacle_avoidance) by extensions ['ignore', 'ignore_ament_install']
[0.117s] Level 1:colcon.colcon_core.package_identification:_identify(src/wr_obstacle_avoidance) by extension 'ignore'
[0.117s] Level 1:colcon.colcon_core.package_identification:_identify(src/wr_obstacle_avoidance) by extension 'ignore_ament_install'
[0.117s] Level 1:colcon.colcon_core.package_identification:_identify(src/wr_obstacle_avoidance) by extensions ['colcon_pkg']
[0.117s] Level 1:colcon.colcon_core.package_identification:_identify(src/wr_obstacle_avoidance) by extension 'colcon_pkg'
[0.117s] Level 1:colcon.colcon_core.package_identification:_identify(src/wr_obstacle_avoidance) by extensions ['colcon_meta']
[0.117s] Level 1:colcon.colcon_core.package_identification:_identify(src/wr_obstacle_avoidance) by extension 'colcon_meta'
[0.117s] Level 1:colcon.colcon_core.package_identification:_identify(src/wr_obstacle_avoidance) by extensions ['ros']
[0.117s] Level 1:colcon.colcon_core.package_identification:_identify(src/wr_obstacle_avoidance) by extension 'ros'
[0.117s] Level 1:colcon.colcon_core.package_identification:_identify(src/wr_obstacle_avoidance) by extensions ['cmake', 'python']
[0.117s] Level 1:colcon.colcon_core.package_identification:_identify(src/wr_obstacle_avoidance) by extension 'cmake'
[0.117s] Level 1:colcon.colcon_core.package_identification:_identify(src/wr_obstacle_avoidance) by extension 'python'
[0.117s] Level 1:colcon.colcon_core.package_identification:_identify(src/wr_obstacle_avoidance) by extensions ['python_setup_py']
[0.117s] Level 1:colcon.colcon_core.package_identification:_identify(src/wr_obstacle_avoidance) by extension 'python_setup_py'
[0.117s] Level 1:colcon.colcon_core.package_identification:_identify(src/wr_obstacle_avoidance/launch_files) by extensions ['ignore', 'ignore_ament_install']
[0.117s] Level 1:colcon.colcon_core.package_identification:_identify(src/wr_obstacle_avoidance/launch_files) by extension 'ignore'
[0.117s] Level 1:colcon.colcon_core.package_identification:_identify(src/wr_obstacle_avoidance/launch_files) by extension 'ignore_ament_install'
[0.117s] Level 1:colcon.colcon_core.package_identification:_identify(src/wr_obstacle_avoidance/launch_files) by extensions ['colcon_pkg']
[0.117s] Level 1:colcon.colcon_core.package_identification:_identify(src/wr_obstacle_avoidance/launch_files) by extension 'colcon_pkg'
[0.117s] Level 1:colcon.colcon_core.package_identification:_identify(src/wr_obstacle_avoidance/launch_files) by extensions ['colcon_meta']
[0.117s] Level 1:colcon.colcon_core.package_identification:_identify(src/wr_obstacle_avoidance/launch_files) by extension 'colcon_meta'
[0.117s] Level 1:colcon.colcon_core.package_identification:_identify(src/wr_obstacle_avoidance/launch_files) by extensions ['ros']
[0.117s] Level 1:colcon.colcon_core.package_identification:_identify(src/wr_obstacle_avoidance/launch_files) by extension 'ros'
[0.117s] Level 1:colcon.colcon_core.package_identification:_identify(src/wr_obstacle_avoidance/launch_files) by extensions ['cmake', 'python']
[0.117s] Level 1:colcon.colcon_core.package_identification:_identify(src/wr_obstacle_avoidance/launch_files) by extension 'cmake'
[0.117s] Level 1:colcon.colcon_core.package_identification:_identify(src/wr_obstacle_avoidance/launch_files) by extension 'python'
[0.117s] Level 1:colcon.colcon_core.package_identification:_identify(src/wr_obstacle_avoidance/launch_files) by extensions ['python_setup_py']
[0.117s] Level 1:colcon.colcon_core.package_identification:_identify(src/wr_obstacle_avoidance/launch_files) by extension 'python_setup_py'
[0.117s] Level 1:colcon.colcon_core.package_identification:_identify(src/wr_obstacle_avoidance/msg) by extensions ['ignore', 'ignore_ament_install']
[0.117s] Level 1:colcon.colcon_core.package_identification:_identify(src/wr_obstacle_avoidance/msg) by extension 'ignore'
[0.117s] Level 1:colcon.colcon_core.package_identification:_identify(src/wr_obstacle_avoidance/msg) by extension 'ignore_ament_install'
[0.117s] Level 1:colcon.colcon_core.package_identification:_identify(src/wr_obstacle_avoidance/msg) by extensions ['colcon_pkg']
[0.117s] Level 1:colcon.colcon_core.package_identification:_identify(src/wr_obstacle_avoidance/msg) by extension 'colcon_pkg'
[0.117s] Level 1:colcon.colcon_core.package_identification:_identify(src/wr_obstacle_avoidance/msg) by extensions ['colcon_meta']
[0.117s] Level 1:colcon.colcon_core.package_identification:_identify(src/wr_obstacle_avoidance/msg) by extension 'colcon_meta'
[0.117s] Level 1:colcon.colcon_core.package_identification:_identify(src/wr_obstacle_avoidance/msg) by extensions ['ros']
[0.117s] Level 1:colcon.colcon_core.package_identification:_identify(src/wr_obstacle_avoidance/msg) by extension 'ros'
[0.117s] Level 1:colcon.colcon_core.package_identification:_identify(src/wr_obstacle_avoidance/msg) by extensions ['cmake', 'python']
[0.117s] Level 1:colcon.colcon_core.package_identification:_identify(src/wr_obstacle_avoidance/msg) by extension 'cmake'
[0.117s] Level 1:colcon.colcon_core.package_identification:_identify(src/wr_obstacle_avoidance/msg) by extension 'python'
[0.117s] Level 1:colcon.colcon_core.package_identification:_identify(src/wr_obstacle_avoidance/msg) by extensions ['python_setup_py']
[0.117s] Level 1:colcon.colcon_core.package_identification:_identify(src/wr_obstacle_avoidance/msg) by extension 'python_setup_py'
[0.117s] Level 1:colcon.colcon_core.package_identification:_identify(src/wr_obstacle_avoidance/nodes) by extensions ['ignore', 'ignore_ament_install']
[0.117s] Level 1:colcon.colcon_core.package_identification:_identify(src/wr_obstacle_avoidance/nodes) by extension 'ignore'
[0.117s] Level 1:colcon.colcon_core.package_identification:_identify(src/wr_obstacle_avoidance/nodes) by extension 'ignore_ament_install'
[0.117s] Level 1:colcon.colcon_core.package_identification:_identify(src/wr_obstacle_avoidance/nodes) by extensions ['colcon_pkg']
[0.117s] Level 1:colcon.colcon_core.package_identification:_identify(src/wr_obstacle_avoidance/nodes) by extension 'colcon_pkg'
[0.117s] Level 1:colcon.colcon_core.package_identification:_identify(src/wr_obstacle_avoidance/nodes) by extensions ['colcon_meta']
[0.117s] Level 1:colcon.colcon_core.package_identification:_identify(src/wr_obstacle_avoidance/nodes) by extension 'colcon_meta'
[0.117s] Level 1:colcon.colcon_core.package_identification:_identify(src/wr_obstacle_avoidance/nodes) by extensions ['ros']
[0.117s] Level 1:colcon.colcon_core.package_identification:_identify(src/wr_obstacle_avoidance/nodes) by extension 'ros'
[0.117s] Level 1:colcon.colcon_core.package_identification:_identify(src/wr_obstacle_avoidance/nodes) by extensions ['cmake', 'python']
[0.117s] Level 1:colcon.colcon_core.package_identification:_identify(src/wr_obstacle_avoidance/nodes) by extension 'cmake'
[0.117s] Level 1:colcon.colcon_core.package_identification:_identify(src/wr_obstacle_avoidance/nodes) by extension 'python'
[0.117s] Level 1:colcon.colcon_core.package_identification:_identify(src/wr_obstacle_avoidance/nodes) by extensions ['python_setup_py']
[0.117s] Level 1:colcon.colcon_core.package_identification:_identify(src/wr_obstacle_avoidance/nodes) by extension 'python_setup_py'
[0.118s] Level 1:colcon.colcon_core.package_identification:_identify(src/wr_obstacle_avoidance/srv) by extensions ['ignore', 'ignore_ament_install']
[0.118s] Level 1:colcon.colcon_core.package_identification:_identify(src/wr_obstacle_avoidance/srv) by extension 'ignore'
[0.118s] Level 1:colcon.colcon_core.package_identification:_identify(src/wr_obstacle_avoidance/srv) by extension 'ignore_ament_install'
[0.118s] Level 1:colcon.colcon_core.package_identification:_identify(src/wr_obstacle_avoidance/srv) by extensions ['colcon_pkg']
[0.118s] Level 1:colcon.colcon_core.package_identification:_identify(src/wr_obstacle_avoidance/srv) by extension 'colcon_pkg'
[0.118s] Level 1:colcon.colcon_core.package_identification:_identify(src/wr_obstacle_avoidance/srv) by extensions ['colcon_meta']
[0.118s] Level 1:colcon.colcon_core.package_identification:_identify(src/wr_obstacle_avoidance/srv) by extension 'colcon_meta'
[0.118s] Level 1:colcon.colcon_core.package_identification:_identify(src/wr_obstacle_avoidance/srv) by extensions ['ros']
[0.118s] Level 1:colcon.colcon_core.package_identification:_identify(src/wr_obstacle_avoidance/srv) by extension 'ros'
[0.118s] Level 1:colcon.colcon_core.package_identification:_identify(src/wr_obstacle_avoidance/srv) by extensions ['cmake', 'python']
[0.118s] Level 1:colcon.colcon_core.package_identification:_identify(src/wr_obstacle_avoidance/srv) by extension 'cmake'
[0.118s] Level 1:colcon.colcon_core.package_identification:_identify(src/wr_obstacle_avoidance/srv) by extension 'python'
[0.118s] Level 1:colcon.colcon_core.package_identification:_identify(src/wr_obstacle_avoidance/srv) by extensions ['python_setup_py']
[0.118s] Level 1:colcon.colcon_core.package_identification:_identify(src/wr_obstacle_avoidance/srv) by extension 'python_setup_py'
[0.118s] Level 1:colcon.colcon_core.package_identification:_identify(src/wr_swerve_control) by extensions ['ignore', 'ignore_ament_install']
[0.118s] Level 1:colcon.colcon_core.package_identification:_identify(src/wr_swerve_control) by extension 'ignore'
[0.118s] Level 1:colcon.colcon_core.package_identification:_identify(src/wr_swerve_control) by extension 'ignore_ament_install'
[0.118s] Level 1:colcon.colcon_core.package_identification:_identify(src/wr_swerve_control) by extensions ['colcon_pkg']
[0.118s] Level 1:colcon.colcon_core.package_identification:_identify(src/wr_swerve_control) by extension 'colcon_pkg'
[0.118s] Level 1:colcon.colcon_core.package_identification:_identify(src/wr_swerve_control) by extensions ['colcon_meta']
[0.118s] Level 1:colcon.colcon_core.package_identification:_identify(src/wr_swerve_control) by extension 'colcon_meta'
[0.118s] Level 1:colcon.colcon_core.package_identification:_identify(src/wr_swerve_control) by extensions ['ros']
[0.118s] Level 1:colcon.colcon_core.package_identification:_identify(src/wr_swerve_control) by extension 'ros'
[0.118s] DEBUG:colcon.colcon_core.package_identification:Package 'src/wr_swerve_control' with type 'ros.ament_python' and name 'wr_swerve_control'
[0.118s] Level 1:colcon.colcon_core.package_identification:_identify(src/wr_swerve_motor) by extensions ['ignore', 'ignore_ament_install']
[0.118s] Level 1:colcon.colcon_core.package_identification:_identify(src/wr_swerve_motor) by extension 'ignore'
[0.118s] Level 1:colcon.colcon_core.package_identification:_identify(src/wr_swerve_motor) by extension 'ignore_ament_install'
[0.118s] Level 1:colcon.colcon_core.package_identification:_identify(src/wr_swerve_motor) by extensions ['colcon_pkg']
[0.118s] Level 1:colcon.colcon_core.package_identification:_identify(src/wr_swerve_motor) by extension 'colcon_pkg'
[0.118s] Level 1:colcon.colcon_core.package_identification:_identify(src/wr_swerve_motor) by extensions ['colcon_meta']
[0.118s] Level 1:colcon.colcon_core.package_identification:_identify(src/wr_swerve_motor) by extension 'colcon_meta'
[0.118s] Level 1:colcon.colcon_core.package_identification:_identify(src/wr_swerve_motor) by extensions ['ros']
[0.118s] Level 1:colcon.colcon_core.package_identification:_identify(src/wr_swerve_motor) by extension 'ros'
[0.118s] DEBUG:colcon.colcon_core.package_identification:Package 'src/wr_swerve_motor' with type 'ros.ament_python' and name 'wr_swerve_motor'
[0.118s] Level 1:colcon.colcon_core.package_discovery:discover_packages(recursive) using defaults
[0.118s] Level 1:colcon.colcon_core.package_discovery:discover_packages(ignore) discover
[0.118s] Level 1:colcon.colcon_core.package_discovery:discover_packages(ignore) using defaults
[0.118s] Level 1:colcon.colcon_core.package_discovery:discover_packages(path) discover
[0.118s] Level 1:colcon.colcon_core.package_discovery:discover_packages(path) using defaults
[0.126s] Level 1:colcon.colcon_core.package_discovery:discover_packages(prefix_path) check parameters
[0.126s] Level 1:colcon.colcon_core.package_discovery:discover_packages(prefix_path) discover
[0.126s] DEBUG:colcon.colcon_installed_package_information.package_discovery:Found 3 installed packages in /home/devansh/WRoverMotorControl/WRoverSoftware/install
[0.127s] DEBUG:colcon.colcon_installed_package_information.package_discovery:Found 270 installed packages in /opt/ros/humble
[0.132s] Level 1:colcon.colcon_core.package_discovery:discover_packages(prefix_path) using defaults
[0.146s] Level 5:colcon.colcon_core.verb:set package 'wr_can_comms' build argument 'cmake_args' from command line to 'None'
[0.146s] Level 5:colcon.colcon_core.verb:set package 'wr_can_comms' build argument 'cmake_target' from command line to 'None'
[0.147s] Level 5:colcon.colcon_core.verb:set package 'wr_can_comms' build argument 'cmake_target_skip_unavailable' from command line to 'False'
[0.147s] Level 5:colcon.colcon_core.verb:set package 'wr_can_comms' build argument 'cmake_clean_cache' from command line to 'False'
[0.147s] Level 5:colcon.colcon_core.verb:set package 'wr_can_comms' build argument 'cmake_clean_first' from command line to 'False'
[0.147s] Level 5:colcon.colcon_core.verb:set package 'wr_can_comms' build argument 'cmake_force_configure' from command line to 'False'
[0.147s] Level 5:colcon.colcon_core.verb:set package 'wr_can_comms' build argument 'ament_cmake_args' from command line to 'None'
[0.147s] Level 5:colcon.colcon_core.verb:set package 'wr_can_comms' build argument 'catkin_cmake_args' from command line to 'None'
[0.147s] Level 5:colcon.colcon_core.verb:set package 'wr_can_comms' build argument 'catkin_skip_building_tests' from command line to 'False'
[0.147s] DEBUG:colcon.colcon_core.verb:Building package 'wr_can_comms' with the following arguments: {'ament_cmake_args': None, 'build_base': '/home/devansh/WRoverMotorControl/WRoverSoftware/build/wr_can_comms', 'catkin_cmake_args': None, 'catkin_skip_building_tests': False, 'cmake_args': None, 'cmake_clean_cache': False, 'cmake_clean_first': False, 'cmake_force_configure': False, 'cmake_target': None, 'cmake_target_skip_unavailable': False, 'install_base': '/home/devansh/WRoverMotorControl/WRoverSoftware/install/wr_can_comms', 'merge_install': False, 'path': '/home/devansh/WRoverMotorControl/WRoverSoftware/src/wr_can_comms', 'symlink_install': False, 'test_result_base': None}
[0.147s] Level 5:colcon.colcon_core.verb:set package 'wr_swerve_control' build argument 'cmake_args' from command line to 'None'
[0.147s] Level 5:colcon.colcon_core.verb:set package 'wr_swerve_control' build argument 'cmake_target' from command line to 'None'
[0.147s] Level 5:colcon.colcon_core.verb:set package 'wr_swerve_control' build argument 'cmake_target_skip_unavailable' from command line to 'False'
[0.147s] Level 5:colcon.colcon_core.verb:set package 'wr_swerve_control' build argument 'cmake_clean_cache' from command line to 'False'
[0.147s] Level 5:colcon.colcon_core.verb:set package 'wr_swerve_control' build argument 'cmake_clean_first' from command line to 'False'
[0.147s] Level 5:colcon.colcon_core.verb:set package 'wr_swerve_control' build argument 'cmake_force_configure' from command line to 'False'
[0.147s] Level 5:colcon.colcon_core.verb:set package 'wr_swerve_control' build argument 'ament_cmake_args' from command line to 'None'
[0.147s] Level 5:colcon.colcon_core.verb:set package 'wr_swerve_control' build argument 'catkin_cmake_args' from command line to 'None'
[0.147s] Level 5:colcon.colcon_core.verb:set package 'wr_swerve_control' build argument 'catkin_skip_building_tests' from command line to 'False'
[0.147s] DEBUG:colcon.colcon_core.verb:Building package 'wr_swerve_control' with the following arguments: {'ament_cmake_args': None, 'build_base': '/home/devansh/WRoverMotorControl/WRoverSoftware/build/wr_swerve_control', 'catkin_cmake_args': None, 'catkin_skip_building_tests': False, 'cmake_args': None, 'cmake_clean_cache': False, 'cmake_clean_first': False, 'cmake_force_configure': False, 'cmake_target': None, 'cmake_target_skip_unavailable': False, 'install_base': '/home/devansh/WRoverMotorControl/WRoverSoftware/install/wr_swerve_control', 'merge_install': False, 'path': '/home/devansh/WRoverMotorControl/WRoverSoftware/src/wr_swerve_control', 'symlink_install': False, 'test_result_base': None}
[0.147s] Level 5:colcon.colcon_core.verb:set package 'wr_swerve_motor' build argument 'cmake_args' from command line to 'None'
[0.147s] Level 5:colcon.colcon_core.verb:set package 'wr_swerve_motor' build argument 'cmake_target' from command line to 'None'
[0.147s] Level 5:colcon.colcon_core.verb:set package 'wr_swerve_motor' build argument 'cmake_target_skip_unavailable' from command line to 'False'
[0.147s] Level 5:colcon.colcon_core.verb:set package 'wr_swerve_motor' build argument 'cmake_clean_cache' from command line to 'False'
[0.147s] Level 5:colcon.colcon_core.verb:set package 'wr_swerve_motor' build argument 'cmake_clean_first' from command line to 'False'
[0.147s] Level 5:colcon.colcon_core.verb:set package 'wr_swerve_motor' build argument 'cmake_force_configure' from command line to 'False'
[0.147s] Level 5:colcon.colcon_core.verb:set package 'wr_swerve_motor' build argument 'ament_cmake_args' from command line to 'None'
[0.147s] Level 5:colcon.colcon_core.verb:set package 'wr_swerve_motor' build argument 'catkin_cmake_args' from command line to 'None'
[0.147s] Level 5:colcon.colcon_core.verb:set package 'wr_swerve_motor' build argument 'catkin_skip_building_tests' from command line to 'False'
[0.147s] DEBUG:colcon.colcon_core.verb:Building package 'wr_swerve_motor' with the following arguments: {'ament_cmake_args': None, 'build_base': '/home/devansh/WRoverMotorControl/WRoverSoftware/build/wr_swerve_motor', 'catkin_cmake_args': None, 'catkin_skip_building_tests': False, 'cmake_args': None, 'cmake_clean_cache': False, 'cmake_clean_first': False, 'cmake_force_configure': False, 'cmake_target': None, 'cmake_target_skip_unavailable': False, 'install_base': '/home/devansh/WRoverMotorControl/WRoverSoftware/install/wr_swerve_motor', 'merge_install': False, 'path': '/home/devansh/WRoverMotorControl/WRoverSoftware/src/wr_swerve_motor', 'symlink_install': False, 'test_result_base': None}
[0.147s] INFO:colcon.colcon_core.executor:Executing jobs using 'parallel' executor
[0.147s] DEBUG:colcon.colcon_parallel_executor.executor.parallel:run_until_complete
[0.148s] INFO:colcon.colcon_ros.task.ament_python.build:Building ROS package in '/home/devansh/WRoverMotorControl/WRoverSoftware/src/wr_can_comms' with build type 'ament_python'
[0.148s] Level 1:colcon.colcon_core.shell:create_environment_hook('wr_can_comms', 'ament_prefix_path')
[0.149s] INFO:colcon.colcon_core.plugin_system:Skipping extension 'colcon_core.shell.bat': Not used on non-Windows systems
[0.149s] INFO:colcon.colcon_core.shell:Creating environment hook '/home/devansh/WRoverMotorControl/WRoverSoftware/install/wr_can_comms/share/wr_can_comms/hook/ament_prefix_path.ps1'
[0.149s] INFO:colcon.colcon_core.shell:Creating environment descriptor '/home/devansh/WRoverMotorControl/WRoverSoftware/install/wr_can_comms/share/wr_can_comms/hook/ament_prefix_path.dsv'
[0.149s] INFO:colcon.colcon_core.shell:Creating environment hook '/home/devansh/WRoverMotorControl/WRoverSoftware/install/wr_can_comms/share/wr_can_comms/hook/ament_prefix_path.sh'
[0.149s] INFO:colcon.colcon_core.shell:Skip shell extension 'powershell' for command environment: Not usable outside of PowerShell
[0.149s] DEBUG:colcon.colcon_core.shell:Skip shell extension 'dsv' for command environment
[0.151s] INFO:colcon.colcon_ros.task.ament_python.build:Building ROS package in '/home/devansh/WRoverMotorControl/WRoverSoftware/src/wr_swerve_control' with build type 'ament_python'
[0.151s] Level 1:colcon.colcon_core.shell:create_environment_hook('wr_swerve_control', 'ament_prefix_path')
[0.151s] INFO:colcon.colcon_core.shell:Creating environment hook '/home/devansh/WRoverMotorControl/WRoverSoftware/install/wr_swerve_control/share/wr_swerve_control/hook/ament_prefix_path.ps1'
[0.151s] INFO:colcon.colcon_core.shell:Creating environment descriptor '/home/devansh/WRoverMotorControl/WRoverSoftware/install/wr_swerve_control/share/wr_swerve_control/hook/ament_prefix_path.dsv'
[0.152s] INFO:colcon.colcon_core.shell:Creating environment hook '/home/devansh/WRoverMotorControl/WRoverSoftware/install/wr_swerve_control/share/wr_swerve_control/hook/ament_prefix_path.sh'
[0.152s] INFO:colcon.colcon_core.shell:Skip shell extension 'powershell' for command environment: Not usable outside of PowerShell
[0.152s] DEBUG:colcon.colcon_core.shell:Skip shell extension 'dsv' for command environment
[0.153s] INFO:colcon.colcon_ros.task.ament_python.build:Building ROS package in '/home/devansh/WRoverMotorControl/WRoverSoftware/src/wr_swerve_motor' with build type 'ament_python'
[0.153s] Level 1:colcon.colcon_core.shell:create_environment_hook('wr_swerve_motor', 'ament_prefix_path')
[0.153s] INFO:colcon.colcon_core.shell:Creating environment hook '/home/devansh/WRoverMotorControl/WRoverSoftware/install/wr_swerve_motor/share/wr_swerve_motor/hook/ament_prefix_path.ps1'
[0.154s] INFO:colcon.colcon_core.shell:Creating environment descriptor '/home/devansh/WRoverMotorControl/WRoverSoftware/install/wr_swerve_motor/share/wr_swerve_motor/hook/ament_prefix_path.dsv'
[0.154s] INFO:colcon.colcon_core.shell:Creating environment hook '/home/devansh/WRoverMotorControl/WRoverSoftware/install/wr_swerve_motor/share/wr_swerve_motor/hook/ament_prefix_path.sh'
[0.154s] INFO:colcon.colcon_core.shell:Skip shell extension 'powershell' for command environment: Not usable outside of PowerShell
[0.154s] DEBUG:colcon.colcon_core.shell:Skip shell extension 'dsv' for command environment
[0.257s] INFO:colcon.colcon_core.task.python.build:Building Python package in '/home/devansh/WRoverMotorControl/WRoverSoftware/src/wr_can_comms'
[0.257s] INFO:colcon.colcon_core.shell:Skip shell extension 'powershell' for command environment: Not usable outside of PowerShell
[0.257s] DEBUG:colcon.colcon_core.shell:Skip shell extension 'dsv' for command environment
[0.351s] INFO:colcon.colcon_core.task.python.build:Building Python package in '/home/devansh/WRoverMotorControl/WRoverSoftware/src/wr_swerve_control'
[0.351s] INFO:colcon.colcon_core.shell:Skip shell extension 'powershell' for command environment: Not usable outside of PowerShell
[0.351s] DEBUG:colcon.colcon_core.shell:Skip shell extension 'dsv' for command environment
[0.444s] INFO:colcon.colcon_core.task.python.build:Building Python package in '/home/devansh/WRoverMotorControl/WRoverSoftware/src/wr_swerve_motor'
[0.444s] INFO:colcon.colcon_core.shell:Skip shell extension 'powershell' for command environment: Not usable outside of PowerShell
[0.444s] DEBUG:colcon.colcon_core.shell:Skip shell extension 'dsv' for command environment
[0.597s] DEBUG:colcon.colcon_core.event_handler.log_command:Invoking command in '/home/devansh/WRoverMotorControl/WRoverSoftware/src/wr_swerve_control': PYTHONPATH=/home/devansh/WRoverMotorControl/WRoverSoftware/build/wr_swerve_control/prefix_override:/usr/lib/python3/dist-packages/colcon_core/task/python/colcon_distutils_commands:/home/devansh/WRoverMotorControl/WRoverSoftware/install/wr_swerve_control/lib/python3.10/site-packages:${PYTHONPATH} /usr/bin/python3 -W ignore:setup.py install is deprecated -W ignore:easy_install command is deprecated setup.py egg_info --egg-base ../../build/wr_swerve_control build --build-base /home/devansh/WRoverMotorControl/WRoverSoftware/build/wr_swerve_control/build install --record /home/devansh/WRoverMotorControl/WRoverSoftware/build/wr_swerve_control/install.log --single-version-externally-managed install_data
[0.599s] DEBUG:colcon.colcon_core.event_handler.log_command:Invoking command in '/home/devansh/WRoverMotorControl/WRoverSoftware/src/wr_can_comms': PYTHONPATH=/home/devansh/WRoverMotorControl/WRoverSoftware/build/wr_can_comms/prefix_override:/usr/lib/python3/dist-packages/colcon_core/task/python/colcon_distutils_commands:/home/devansh/WRoverMotorControl/WRoverSoftware/install/wr_can_comms/lib/python3.10/site-packages:${PYTHONPATH} /usr/bin/python3 -W ignore:setup.py install is deprecated -W ignore:easy_install command is deprecated setup.py egg_info --egg-base ../../build/wr_can_comms build --build-base /home/devansh/WRoverMotorControl/WRoverSoftware/build/wr_can_comms/build install --record /home/devansh/WRoverMotorControl/WRoverSoftware/build/wr_can_comms/install.log --single-version-externally-managed install_data
[0.604s] DEBUG:colcon.colcon_core.event_handler.log_command:Invoking command in '/home/devansh/WRoverMotorControl/WRoverSoftware/src/wr_swerve_motor': PYTHONPATH=/home/devansh/WRoverMotorControl/WRoverSoftware/build/wr_swerve_motor/prefix_override:/usr/lib/python3/dist-packages/colcon_core/task/python/colcon_distutils_commands:/home/devansh/WRoverMotorControl/WRoverSoftware/install/wr_swerve_motor/lib/python3.10/site-packages:${PYTHONPATH} /usr/bin/python3 -W ignore:setup.py install is deprecated -W ignore:easy_install command is deprecated setup.py egg_info --egg-base ../../build/wr_swerve_motor build --build-base /home/devansh/WRoverMotorControl/WRoverSoftware/build/wr_swerve_motor/build install --record /home/devansh/WRoverMotorControl/WRoverSoftware/build/wr_swerve_motor/install.log --single-version-externally-managed install_data
[0.719s] DEBUG:colcon.colcon_core.event_handler.log_command:Invoked command in '/home/devansh/WRoverMotorControl/WRoverSoftware/src/wr_can_comms' returned '0': PYTHONPATH=/home/devansh/WRoverMotorControl/WRoverSoftware/build/wr_can_comms/prefix_override:/usr/lib/python3/dist-packages/colcon_core/task/python/colcon_distutils_commands:/home/devansh/WRoverMotorControl/WRoverSoftware/install/wr_can_comms/lib/python3.10/site-packages:${PYTHONPATH} /usr/bin/python3 -W ignore:setup.py install is deprecated -W ignore:easy_install command is deprecated setup.py egg_info --egg-base ../../build/wr_can_comms build --build-base /home/devansh/WRoverMotorControl/WRoverSoftware/build/wr_can_comms/build install --record /home/devansh/WRoverMotorControl/WRoverSoftware/build/wr_can_comms/install.log --single-version-externally-managed install_data
[0.720s] Level 1:colcon.colcon_core.environment:checking '/home/devansh/WRoverMotorControl/WRoverSoftware/install/wr_can_comms' for CMake module files
[0.720s] Level 1:colcon.colcon_core.environment:checking '/home/devansh/WRoverMotorControl/WRoverSoftware/install/wr_can_comms' for CMake config files
[0.721s] Level 1:colcon.colcon_core.environment:checking '/home/devansh/WRoverMotorControl/WRoverSoftware/install/wr_can_comms/lib'
[0.721s] Level 1:colcon.colcon_core.environment:checking '/home/devansh/WRoverMotorControl/WRoverSoftware/install/wr_can_comms/bin'
[0.721s] Level 1:colcon.colcon_core.environment:checking '/home/devansh/WRoverMotorControl/WRoverSoftware/install/wr_can_comms/lib/pkgconfig/wr_can_comms.pc'
[0.721s] Level 1:colcon.colcon_core.environment:checking '/home/devansh/WRoverMotorControl/WRoverSoftware/install/wr_can_comms/lib/python3.10/site-packages'
[0.721s] Level 1:colcon.colcon_core.shell:create_environment_hook('wr_can_comms', 'pythonpath')
[0.721s] INFO:colcon.colcon_core.shell:Creating environment hook '/home/devansh/WRoverMotorControl/WRoverSoftware/install/wr_can_comms/share/wr_can_comms/hook/pythonpath.ps1'
[0.721s] INFO:colcon.colcon_core.shell:Creating environment descriptor '/home/devansh/WRoverMotorControl/WRoverSoftware/install/wr_can_comms/share/wr_can_comms/hook/pythonpath.dsv'
[0.721s] INFO:colcon.colcon_core.shell:Creating environment hook '/home/devansh/WRoverMotorControl/WRoverSoftware/install/wr_can_comms/share/wr_can_comms/hook/pythonpath.sh'
[0.722s] Level 1:colcon.colcon_core.environment:checking '/home/devansh/WRoverMotorControl/WRoverSoftware/install/wr_can_comms/bin'
[0.722s] Level 1:colcon.colcon_core.environment:create_environment_scripts_only(wr_can_comms)
[0.722s] INFO:colcon.colcon_core.shell:Creating package script '/home/devansh/WRoverMotorControl/WRoverSoftware/install/wr_can_comms/share/wr_can_comms/package.ps1'
[0.723s] INFO:colcon.colcon_core.shell:Creating package descriptor '/home/devansh/WRoverMotorControl/WRoverSoftware/install/wr_can_comms/share/wr_can_comms/package.dsv'
[0.723s] INFO:colcon.colcon_core.shell:Creating package script '/home/devansh/WRoverMotorControl/WRoverSoftware/install/wr_can_comms/share/wr_can_comms/package.sh'
[0.723s] INFO:colcon.colcon_core.shell:Creating package script '/home/devansh/WRoverMotorControl/WRoverSoftware/install/wr_can_comms/share/wr_can_comms/package.bash'
[0.724s] INFO:colcon.colcon_core.shell:Creating package script '/home/devansh/WRoverMotorControl/WRoverSoftware/install/wr_can_comms/share/wr_can_comms/package.zsh'
[0.724s] Level 1:colcon.colcon_core.environment:create_file_with_runtime_dependencies(/home/devansh/WRoverMotorControl/WRoverSoftware/install/wr_can_comms/share/colcon-core/packages/wr_can_comms)
[0.725s] Level 1:colcon.colcon_core.environment:checking '/home/devansh/WRoverMotorControl/WRoverSoftware/install/wr_swerve_control' for CMake module files
[0.725s] DEBUG:colcon.colcon_core.event_handler.log_command:Invoked command in '/home/devansh/WRoverMotorControl/WRoverSoftware/src/wr_swerve_control' returned '0': PYTHONPATH=/home/devansh/WRoverMotorControl/WRoverSoftware/build/wr_swerve_control/prefix_override:/usr/lib/python3/dist-packages/colcon_core/task/python/colcon_distutils_commands:/home/devansh/WRoverMotorControl/WRoverSoftware/install/wr_swerve_control/lib/python3.10/site-packages:${PYTHONPATH} /usr/bin/python3 -W ignore:setup.py install is deprecated -W ignore:easy_install command is deprecated setup.py egg_info --egg-base ../../build/wr_swerve_control build --build-base /home/devansh/WRoverMotorControl/WRoverSoftware/build/wr_swerve_control/build install --record /home/devansh/WRoverMotorControl/WRoverSoftware/build/wr_swerve_control/install.log --single-version-externally-managed install_data
[0.725s] Level 1:colcon.colcon_core.environment:checking '/home/devansh/WRoverMotorControl/WRoverSoftware/install/wr_swerve_control' for CMake config files
[0.726s] Level 1:colcon.colcon_core.environment:checking '/home/devansh/WRoverMotorControl/WRoverSoftware/install/wr_swerve_control/lib'
[0.726s] Level 1:colcon.colcon_core.environment:checking '/home/devansh/WRoverMotorControl/WRoverSoftware/install/wr_swerve_control/bin'
[0.726s] Level 1:colcon.colcon_core.environment:checking '/home/devansh/WRoverMotorControl/WRoverSoftware/install/wr_swerve_control/lib/pkgconfig/wr_swerve_control.pc'
[0.726s] Level 1:colcon.colcon_core.environment:checking '/home/devansh/WRoverMotorControl/WRoverSoftware/install/wr_swerve_control/lib/python3.10/site-packages'
[0.726s] Level 1:colcon.colcon_core.shell:create_environment_hook('wr_swerve_control', 'pythonpath')
[0.726s] INFO:colcon.colcon_core.shell:Creating environment hook '/home/devansh/WRoverMotorControl/WRoverSoftware/install/wr_swerve_control/share/wr_swerve_control/hook/pythonpath.ps1'
[0.726s] INFO:colcon.colcon_core.shell:Creating environment descriptor '/home/devansh/WRoverMotorControl/WRoverSoftware/install/wr_swerve_control/share/wr_swerve_control/hook/pythonpath.dsv'
[0.726s] INFO:colcon.colcon_core.shell:Creating environment hook '/home/devansh/WRoverMotorControl/WRoverSoftware/install/wr_swerve_control/share/wr_swerve_control/hook/pythonpath.sh'
[0.726s] Level 1:colcon.colcon_core.environment:checking '/home/devansh/WRoverMotorControl/WRoverSoftware/install/wr_swerve_control/bin'
[0.726s] Level 1:colcon.colcon_core.environment:create_environment_scripts_only(wr_swerve_control)
[0.727s] INFO:colcon.colcon_core.shell:Creating package script '/home/devansh/WRoverMotorControl/WRoverSoftware/install/wr_swerve_control/share/wr_swerve_control/package.ps1'
[0.727s] INFO:colcon.colcon_core.shell:Creating package descriptor '/home/devansh/WRoverMotorControl/WRoverSoftware/install/wr_swerve_control/share/wr_swerve_control/package.dsv'
[0.727s] INFO:colcon.colcon_core.shell:Creating package script '/home/devansh/WRoverMotorControl/WRoverSoftware/install/wr_swerve_control/share/wr_swerve_control/package.sh'
[0.727s] INFO:colcon.colcon_core.shell:Creating package script '/home/devansh/WRoverMotorControl/WRoverSoftware/install/wr_swerve_control/share/wr_swerve_control/package.bash'
[0.727s] INFO:colcon.colcon_core.shell:Creating package script '/home/devansh/WRoverMotorControl/WRoverSoftware/install/wr_swerve_control/share/wr_swerve_control/package.zsh'
[0.727s] Level 1:colcon.colcon_core.environment:create_file_with_runtime_dependencies(/home/devansh/WRoverMotorControl/WRoverSoftware/install/wr_swerve_control/share/colcon-core/packages/wr_swerve_control)
[0.733s] Level 1:colcon.colcon_core.environment:checking '/home/devansh/WRoverMotorControl/WRoverSoftware/install/wr_swerve_motor' for CMake module files
[0.733s] DEBUG:colcon.colcon_core.event_handler.log_command:Invoked command in '/home/devansh/WRoverMotorControl/WRoverSoftware/src/wr_swerve_motor' returned '0': PYTHONPATH=/home/devansh/WRoverMotorControl/WRoverSoftware/build/wr_swerve_motor/prefix_override:/usr/lib/python3/dist-packages/colcon_core/task/python/colcon_distutils_commands:/home/devansh/WRoverMotorControl/WRoverSoftware/install/wr_swerve_motor/lib/python3.10/site-packages:${PYTHONPATH} /usr/bin/python3 -W ignore:setup.py install is deprecated -W ignore:easy_install command is deprecated setup.py egg_info --egg-base ../../build/wr_swerve_motor build --build-base /home/devansh/WRoverMotorControl/WRoverSoftware/build/wr_swerve_motor/build install --record /home/devansh/WRoverMotorControl/WRoverSoftware/build/wr_swerve_motor/install.log --single-version-externally-managed install_data
[0.734s] Level 1:colcon.colcon_core.environment:checking '/home/devansh/WRoverMotorControl/WRoverSoftware/install/wr_swerve_motor' for CMake config files
[0.734s] Level 1:colcon.colcon_core.environment:checking '/home/devansh/WRoverMotorControl/WRoverSoftware/install/wr_swerve_motor/lib'
[0.734s] Level 1:colcon.colcon_core.environment:checking '/home/devansh/WRoverMotorControl/WRoverSoftware/install/wr_swerve_motor/bin'
[0.734s] Level 1:colcon.colcon_core.environment:checking '/home/devansh/WRoverMotorControl/WRoverSoftware/install/wr_swerve_motor/lib/pkgconfig/wr_swerve_motor.pc'
[0.734s] Level 1:colcon.colcon_core.environment:checking '/home/devansh/WRoverMotorControl/WRoverSoftware/install/wr_swerve_motor/lib/python3.10/site-packages'
[0.734s] Level 1:colcon.colcon_core.shell:create_environment_hook('wr_swerve_motor', 'pythonpath')
[0.734s] INFO:colcon.colcon_core.shell:Creating environment hook '/home/devansh/WRoverMotorControl/WRoverSoftware/install/wr_swerve_motor/share/wr_swerve_motor/hook/pythonpath.ps1'
[0.734s] INFO:colcon.colcon_core.shell:Creating environment descriptor '/home/devansh/WRoverMotorControl/WRoverSoftware/install/wr_swerve_motor/share/wr_swerve_motor/hook/pythonpath.dsv'
[0.734s] INFO:colcon.colcon_core.shell:Creating environment hook '/home/devansh/WRoverMotorControl/WRoverSoftware/install/wr_swerve_motor/share/wr_swerve_motor/hook/pythonpath.sh'
[0.735s] Level 1:colcon.colcon_core.environment:checking '/home/devansh/WRoverMotorControl/WRoverSoftware/install/wr_swerve_motor/bin'
[0.735s] Level 1:colcon.colcon_core.environment:create_environment_scripts_only(wr_swerve_motor)
[0.735s] INFO:colcon.colcon_core.shell:Creating package script '/home/devansh/WRoverMotorControl/WRoverSoftware/install/wr_swerve_motor/share/wr_swerve_motor/package.ps1'
[0.735s] INFO:colcon.colcon_core.shell:Creating package descriptor '/home/devansh/WRoverMotorControl/WRoverSoftware/install/wr_swerve_motor/share/wr_swerve_motor/package.dsv'
[0.735s] INFO:colcon.colcon_core.shell:Creating package script '/home/devansh/WRoverMotorControl/WRoverSoftware/install/wr_swerve_motor/share/wr_swerve_motor/package.sh'
[0.735s] INFO:colcon.colcon_core.shell:Creating package script '/home/devansh/WRoverMotorControl/WRoverSoftware/install/wr_swerve_motor/share/wr_swerve_motor/package.bash'
[0.735s] INFO:colcon.colcon_core.shell:Creating package script '/home/devansh/WRoverMotorControl/WRoverSoftware/install/wr_swerve_motor/share/wr_swerve_motor/package.zsh'
[0.736s] Level 1:colcon.colcon_core.environment:create_file_with_runtime_dependencies(/home/devansh/WRoverMotorControl/WRoverSoftware/install/wr_swerve_motor/share/colcon-core/packages/wr_swerve_motor)
[0.736s] DEBUG:colcon.colcon_parallel_executor.executor.parallel:closing loop
[0.736s] DEBUG:colcon.colcon_parallel_executor.executor.parallel:loop closed
[0.736s] DEBUG:colcon.colcon_parallel_executor.executor.parallel:run_until_complete finished with '0'
[0.736s] DEBUG:colcon.colcon_core.event_reactor:joining thread
[0.738s] INFO:colcon.colcon_core.plugin_system:Skipping extension 'colcon_notification.desktop_notification.terminal_notifier': Not used on non-Darwin systems
[0.738s] INFO:colcon.colcon_core.plugin_system:Skipping extension 'colcon_notification.desktop_notification.win32': Not used on non-Windows systems
[0.738s] INFO:colcon.colcon_notification.desktop_notification:Sending desktop notification using 'notify2'
[0.745s] DEBUG:colcon.colcon_core.event_reactor:joined thread
[0.745s] INFO:colcon.colcon_core.shell:Creating prefix script '/home/devansh/WRoverMotorControl/WRoverSoftware/install/local_setup.ps1'
[0.745s] INFO:colcon.colcon_core.shell:Creating prefix util module '/home/devansh/WRoverMotorControl/WRoverSoftware/install/_local_setup_util_ps1.py'
[0.746s] INFO:colcon.colcon_core.shell:Creating prefix chain script '/home/devansh/WRoverMotorControl/WRoverSoftware/install/setup.ps1'
[0.746s] INFO:colcon.colcon_core.shell:Creating prefix script '/home/devansh/WRoverMotorControl/WRoverSoftware/install/local_setup.sh'
[0.747s] INFO:colcon.colcon_core.shell:Creating prefix util module '/home/devansh/WRoverMotorControl/WRoverSoftware/install/_local_setup_util_sh.py'
[0.747s] INFO:colcon.colcon_core.shell:Creating prefix chain script '/home/devansh/WRoverMotorControl/WRoverSoftware/install/setup.sh'
[0.747s] INFO:colcon.colcon_core.shell:Creating prefix script '/home/devansh/WRoverMotorControl/WRoverSoftware/install/local_setup.bash'
[0.748s] INFO:colcon.colcon_core.shell:Creating prefix chain script '/home/devansh/WRoverMotorControl/WRoverSoftware/install/setup.bash'
[0.748s] INFO:colcon.colcon_core.shell:Creating prefix script '/home/devansh/WRoverMotorControl/WRoverSoftware/install/local_setup.zsh'
[0.748s] INFO:colcon.colcon_core.shell:Creating prefix chain script '/home/devansh/WRoverMotorControl/WRoverSoftware/install/setup.zsh'
