[0.069s] DEBUG:colcon:Command line arguments: ['/usr/bin/colcon', 'build']
[0.069s] DEBUG:colcon:Parsed command line arguments: Namespace(log_base=None, log_level=None, verb_name='build', build_base='build', install_base='install', merge_install=False, symlink_install=False, test_result_base=None, continue_on_error=False, executor='parallel', parallel_workers=16, event_handlers=None, ignore_user_meta=False, metas=['./colcon.meta'], base_paths=['.'], packages_ignore=None, packages_ignore_regex=None, paths=None, packages_up_to=None, packages_up_to_regex=None, packages_above=None, packages_above_and_dependencies=None, packages_above_depth=None, packages_select_by_dep=None, packages_skip_by_dep=None, packages_skip_up_to=None, packages_select_build_failed=False, packages_skip_build_finished=False, packages_select_test_failures=False, packages_skip_test_passed=False, packages_select=None, packages_skip=None, packages_select_regex=None, packages_skip_regex=None, packages_start=None, packages_end=None, allow_overriding=[], cmake_args=None, cmake_target=None, cmake_target_skip_unavailable=False, cmake_clean_cache=False, cmake_clean_first=False, cmake_force_configure=False, ament_cmake_args=None, catkin_cmake_args=None, catkin_skip_building_tests=False, verb_parser=<colcon_defaults.argument_parser.defaults.DefaultArgumentsDecorator object at 0x78787b90f280>, verb_extension=<colcon_core.verb.build.BuildVerb object at 0x78787b90ed70>, main=<bound method BuildVerb.main of <colcon_core.verb.build.BuildVerb object at 0x78787b90ed70>>)
[0.178s] Level 1:colcon.colcon_core.package_discovery:discover_packages(colcon_meta) check parameters
[0.178s] Level 1:colcon.colcon_core.package_discovery:discover_packages(recursive) check parameters
[0.178s] Level 1:colcon.colcon_core.package_discovery:discover_packages(ignore) check parameters
[0.178s] Level 1:colcon.colcon_core.package_discovery:discover_packages(path) check parameters
[0.178s] Level 1:colcon.colcon_core.package_discovery:discover_packages(colcon_meta) discover
[0.178s] Level 1:colcon.colcon_core.package_discovery:discover_packages(recursive) discover
[0.178s] INFO:colcon.colcon_core.package_discovery:Crawling recursively for packages in '/home/wiscrobo/WRoverMotorControl/WRoverSoftware'
[0.179s] Level 1:colcon.colcon_core.package_identification:_identify(.) by extensions ['ignore', 'ignore_ament_install']
[0.179s] Level 1:colcon.colcon_core.package_identification:_identify(.) by extension 'ignore'
[0.179s] Level 1:colcon.colcon_core.package_identification:_identify(.) by extension 'ignore_ament_install'
[0.179s] Level 1:colcon.colcon_core.package_identification:_identify(.) by extensions ['colcon_pkg']
[0.179s] Level 1:colcon.colcon_core.package_identification:_identify(.) by extension 'colcon_pkg'
[0.179s] Level 1:colcon.colcon_core.package_identification:_identify(.) by extensions ['colcon_meta']
[0.179s] Level 1:colcon.colcon_core.package_identification:_identify(.) by extension 'colcon_meta'
[0.179s] Level 1:colcon.colcon_core.package_identification:_identify(.) by extensions ['ros']
[0.179s] Level 1:colcon.colcon_core.package_identification:_identify(.) by extension 'ros'
[0.186s] Level 1:colcon.colcon_core.package_identification:_identify(.) by extensions ['cmake', 'python']
[0.186s] Level 1:colcon.colcon_core.package_identification:_identify(.) by extension 'cmake'
[0.186s] Level 1:colcon.colcon_core.package_identification:_identify(.) by extension 'python'
[0.186s] Level 1:colcon.colcon_core.package_identification:_identify(.) by extensions ['python_setup_py']
[0.186s] Level 1:colcon.colcon_core.package_identification:_identify(.) by extension 'python_setup_py'
[0.186s] Level 1:colcon.colcon_core.package_identification:_identify(build) by extensions ['ignore', 'ignore_ament_install']
[0.186s] Level 1:colcon.colcon_core.package_identification:_identify(build) by extension 'ignore'
[0.186s] Level 1:colcon.colcon_core.package_identification:_identify(build) ignored
[0.187s] Level 1:colcon.colcon_core.package_identification:_identify(executable_launches) by extensions ['ignore', 'ignore_ament_install']
[0.187s] Level 1:colcon.colcon_core.package_identification:_identify(executable_launches) by extension 'ignore'
[0.187s] Level 1:colcon.colcon_core.package_identification:_identify(executable_launches) by extension 'ignore_ament_install'
[0.187s] Level 1:colcon.colcon_core.package_identification:_identify(executable_launches) by extensions ['colcon_pkg']
[0.187s] Level 1:colcon.colcon_core.package_identification:_identify(executable_launches) by extension 'colcon_pkg'
[0.187s] Level 1:colcon.colcon_core.package_identification:_identify(executable_launches) by extensions ['colcon_meta']
[0.187s] Level 1:colcon.colcon_core.package_identification:_identify(executable_launches) by extension 'colcon_meta'
[0.187s] Level 1:colcon.colcon_core.package_identification:_identify(executable_launches) by extensions ['ros']
[0.187s] Level 1:colcon.colcon_core.package_identification:_identify(executable_launches) by extension 'ros'
[0.187s] Level 1:colcon.colcon_core.package_identification:_identify(executable_launches) by extensions ['cmake', 'python']
[0.187s] Level 1:colcon.colcon_core.package_identification:_identify(executable_launches) by extension 'cmake'
[0.187s] Level 1:colcon.colcon_core.package_identification:_identify(executable_launches) by extension 'python'
[0.187s] Level 1:colcon.colcon_core.package_identification:_identify(executable_launches) by extensions ['python_setup_py']
[0.187s] Level 1:colcon.colcon_core.package_identification:_identify(executable_launches) by extension 'python_setup_py'
[0.187s] Level 1:colcon.colcon_core.package_identification:_identify(install) by extensions ['ignore', 'ignore_ament_install']
[0.187s] Level 1:colcon.colcon_core.package_identification:_identify(install) by extension 'ignore'
[0.187s] Level 1:colcon.colcon_core.package_identification:_identify(install) ignored
[0.187s] Level 1:colcon.colcon_core.package_identification:_identify(log) by extensions ['ignore', 'ignore_ament_install']
[0.187s] Level 1:colcon.colcon_core.package_identification:_identify(log) by extension 'ignore'
[0.187s] Level 1:colcon.colcon_core.package_identification:_identify(log) ignored
[0.187s] Level 1:colcon.colcon_core.package_identification:_identify(src) by extensions ['ignore', 'ignore_ament_install']
[0.188s] Level 1:colcon.colcon_core.package_identification:_identify(src) by extension 'ignore'
[0.188s] Level 1:colcon.colcon_core.package_identification:_identify(src) by extension 'ignore_ament_install'
[0.188s] Level 1:colcon.colcon_core.package_identification:_identify(src) by extensions ['colcon_pkg']
[0.188s] Level 1:colcon.colcon_core.package_identification:_identify(src) by extension 'colcon_pkg'
[0.188s] Level 1:colcon.colcon_core.package_identification:_identify(src) by extensions ['colcon_meta']
[0.188s] Level 1:colcon.colcon_core.package_identification:_identify(src) by extension 'colcon_meta'
[0.188s] Level 1:colcon.colcon_core.package_identification:_identify(src) by extensions ['ros']
[0.188s] Level 1:colcon.colcon_core.package_identification:_identify(src) by extension 'ros'
[0.188s] Level 1:colcon.colcon_core.package_identification:_identify(src) by extensions ['cmake', 'python']
[0.188s] Level 1:colcon.colcon_core.package_identification:_identify(src) by extension 'cmake'
[0.188s] Level 1:colcon.colcon_core.package_identification:_identify(src) by extension 'python'
[0.188s] Level 1:colcon.colcon_core.package_identification:_identify(src) by extensions ['python_setup_py']
[0.188s] Level 1:colcon.colcon_core.package_identification:_identify(src) by extension 'python_setup_py'
[0.188s] Level 1:colcon.colcon_core.package_identification:_identify(src/wr_can_comms) by extensions ['ignore', 'ignore_ament_install']
[0.188s] Level 1:colcon.colcon_core.package_identification:_identify(src/wr_can_comms) by extension 'ignore'
[0.188s] Level 1:colcon.colcon_core.package_identification:_identify(src/wr_can_comms) by extension 'ignore_ament_install'
[0.188s] Level 1:colcon.colcon_core.package_identification:_identify(src/wr_can_comms) by extensions ['colcon_pkg']
[0.188s] Level 1:colcon.colcon_core.package_identification:_identify(src/wr_can_comms) by extension 'colcon_pkg'
[0.188s] Level 1:colcon.colcon_core.package_identification:_identify(src/wr_can_comms) by extensions ['colcon_meta']
[0.188s] Level 1:colcon.colcon_core.package_identification:_identify(src/wr_can_comms) by extension 'colcon_meta'
[0.188s] Level 1:colcon.colcon_core.package_identification:_identify(src/wr_can_comms) by extensions ['ros']
[0.188s] Level 1:colcon.colcon_core.package_identification:_identify(src/wr_can_comms) by extension 'ros'
[0.190s] DEBUG:colcon.colcon_core.package_identification:Package 'src/wr_can_comms' with type 'ros.ament_python' and name 'wr_can_comms'
[0.190s] Level 1:colcon.colcon_core.package_identification:_identify(src/wr_motor_simulation) by extensions ['ignore', 'ignore_ament_install']
[0.190s] Level 1:colcon.colcon_core.package_identification:_identify(src/wr_motor_simulation) by extension 'ignore'
[0.190s] Level 1:colcon.colcon_core.package_identification:_identify(src/wr_motor_simulation) by extension 'ignore_ament_install'
[0.190s] Level 1:colcon.colcon_core.package_identification:_identify(src/wr_motor_simulation) by extensions ['colcon_pkg']
[0.190s] Level 1:colcon.colcon_core.package_identification:_identify(src/wr_motor_simulation) by extension 'colcon_pkg'
[0.190s] Level 1:colcon.colcon_core.package_identification:_identify(src/wr_motor_simulation) by extensions ['colcon_meta']
[0.190s] Level 1:colcon.colcon_core.package_identification:_identify(src/wr_motor_simulation) by extension 'colcon_meta'
[0.190s] Level 1:colcon.colcon_core.package_identification:_identify(src/wr_motor_simulation) by extensions ['ros']
[0.190s] Level 1:colcon.colcon_core.package_identification:_identify(src/wr_motor_simulation) by extension 'ros'
[0.190s] Level 1:colcon.colcon_core.package_identification:_identify(src/wr_motor_simulation) by extensions ['cmake', 'python']
[0.190s] Level 1:colcon.colcon_core.package_identification:_identify(src/wr_motor_simulation) by extension 'cmake'
[0.190s] Level 1:colcon.colcon_core.package_identification:_identify(src/wr_motor_simulation) by extension 'python'
[0.190s] Level 1:colcon.colcon_core.package_identification:_identify(src/wr_motor_simulation) by extensions ['python_setup_py']
[0.190s] Level 1:colcon.colcon_core.package_identification:_identify(src/wr_motor_simulation) by extension 'python_setup_py'
[0.190s] Level 1:colcon.colcon_core.package_identification:_identify(src/wr_motor_simulation/motor_simulation) by extensions ['ignore', 'ignore_ament_install']
[0.191s] Level 1:colcon.colcon_core.package_identification:_identify(src/wr_motor_simulation/motor_simulation) by extension 'ignore'
[0.191s] Level 1:colcon.colcon_core.package_identification:_identify(src/wr_motor_simulation/motor_simulation) by extension 'ignore_ament_install'
[0.191s] Level 1:colcon.colcon_core.package_identification:_identify(src/wr_motor_simulation/motor_simulation) by extensions ['colcon_pkg']
[0.191s] Level 1:colcon.colcon_core.package_identification:_identify(src/wr_motor_simulation/motor_simulation) by extension 'colcon_pkg'
[0.191s] Level 1:colcon.colcon_core.package_identification:_identify(src/wr_motor_simulation/motor_simulation) by extensions ['colcon_meta']
[0.191s] Level 1:colcon.colcon_core.package_identification:_identify(src/wr_motor_simulation/motor_simulation) by extension 'colcon_meta'
[0.191s] Level 1:colcon.colcon_core.package_identification:_identify(src/wr_motor_simulation/motor_simulation) by extensions ['ros']
[0.191s] Level 1:colcon.colcon_core.package_identification:_identify(src/wr_motor_simulation/motor_simulation) by extension 'ros'
[0.191s] Level 1:colcon.colcon_core.package_identification:_identify(src/wr_motor_simulation/motor_simulation) by extensions ['cmake', 'python']
[0.191s] Level 1:colcon.colcon_core.package_identification:_identify(src/wr_motor_simulation/motor_simulation) by extension 'cmake'
[0.191s] Level 1:colcon.colcon_core.package_identification:_identify(src/wr_motor_simulation/motor_simulation) by extension 'python'
[0.191s] Level 1:colcon.colcon_core.package_identification:_identify(src/wr_motor_simulation/motor_simulation) by extensions ['python_setup_py']
[0.191s] Level 1:colcon.colcon_core.package_identification:_identify(src/wr_motor_simulation/motor_simulation) by extension 'python_setup_py'
[0.191s] Level 1:colcon.colcon_core.package_identification:_identify(src/wr_obstacle_avoidance) by extensions ['ignore', 'ignore_ament_install']
[0.191s] Level 1:colcon.colcon_core.package_identification:_identify(src/wr_obstacle_avoidance) by extension 'ignore'
[0.191s] Level 1:colcon.colcon_core.package_identification:_identify(src/wr_obstacle_avoidance) by extension 'ignore_ament_install'
[0.191s] Level 1:colcon.colcon_core.package_identification:_identify(src/wr_obstacle_avoidance) by extensions ['colcon_pkg']
[0.191s] Level 1:colcon.colcon_core.package_identification:_identify(src/wr_obstacle_avoidance) by extension 'colcon_pkg'
[0.191s] Level 1:colcon.colcon_core.package_identification:_identify(src/wr_obstacle_avoidance) by extensions ['colcon_meta']
[0.191s] Level 1:colcon.colcon_core.package_identification:_identify(src/wr_obstacle_avoidance) by extension 'colcon_meta'
[0.191s] Level 1:colcon.colcon_core.package_identification:_identify(src/wr_obstacle_avoidance) by extensions ['ros']
[0.191s] Level 1:colcon.colcon_core.package_identification:_identify(src/wr_obstacle_avoidance) by extension 'ros'
[0.191s] Level 1:colcon.colcon_core.package_identification:_identify(src/wr_obstacle_avoidance) by extensions ['cmake', 'python']
[0.191s] Level 1:colcon.colcon_core.package_identification:_identify(src/wr_obstacle_avoidance) by extension 'cmake'
[0.191s] Level 1:colcon.colcon_core.package_identification:_identify(src/wr_obstacle_avoidance) by extension 'python'
[0.191s] Level 1:colcon.colcon_core.package_identification:_identify(src/wr_obstacle_avoidance) by extensions ['python_setup_py']
[0.191s] Level 1:colcon.colcon_core.package_identification:_identify(src/wr_obstacle_avoidance) by extension 'python_setup_py'
[0.192s] Level 1:colcon.colcon_core.package_identification:_identify(src/wr_obstacle_avoidance/launch_files) by extensions ['ignore', 'ignore_ament_install']
[0.192s] Level 1:colcon.colcon_core.package_identification:_identify(src/wr_obstacle_avoidance/launch_files) by extension 'ignore'
[0.192s] Level 1:colcon.colcon_core.package_identification:_identify(src/wr_obstacle_avoidance/launch_files) by extension 'ignore_ament_install'
[0.192s] Level 1:colcon.colcon_core.package_identification:_identify(src/wr_obstacle_avoidance/launch_files) by extensions ['colcon_pkg']
[0.192s] Level 1:colcon.colcon_core.package_identification:_identify(src/wr_obstacle_avoidance/launch_files) by extension 'colcon_pkg'
[0.192s] Level 1:colcon.colcon_core.package_identification:_identify(src/wr_obstacle_avoidance/launch_files) by extensions ['colcon_meta']
[0.192s] Level 1:colcon.colcon_core.package_identification:_identify(src/wr_obstacle_avoidance/launch_files) by extension 'colcon_meta'
[0.192s] Level 1:colcon.colcon_core.package_identification:_identify(src/wr_obstacle_avoidance/launch_files) by extensions ['ros']
[0.192s] Level 1:colcon.colcon_core.package_identification:_identify(src/wr_obstacle_avoidance/launch_files) by extension 'ros'
[0.192s] Level 1:colcon.colcon_core.package_identification:_identify(src/wr_obstacle_avoidance/launch_files) by extensions ['cmake', 'python']
[0.192s] Level 1:colcon.colcon_core.package_identification:_identify(src/wr_obstacle_avoidance/launch_files) by extension 'cmake'
[0.192s] Level 1:colcon.colcon_core.package_identification:_identify(src/wr_obstacle_avoidance/launch_files) by extension 'python'
[0.192s] Level 1:colcon.colcon_core.package_identification:_identify(src/wr_obstacle_avoidance/launch_files) by extensions ['python_setup_py']
[0.192s] Level 1:colcon.colcon_core.package_identification:_identify(src/wr_obstacle_avoidance/launch_files) by extension 'python_setup_py'
[0.192s] Level 1:colcon.colcon_core.package_identification:_identify(src/wr_obstacle_avoidance/msg) by extensions ['ignore', 'ignore_ament_install']
[0.192s] Level 1:colcon.colcon_core.package_identification:_identify(src/wr_obstacle_avoidance/msg) by extension 'ignore'
[0.192s] Level 1:colcon.colcon_core.package_identification:_identify(src/wr_obstacle_avoidance/msg) by extension 'ignore_ament_install'
[0.192s] Level 1:colcon.colcon_core.package_identification:_identify(src/wr_obstacle_avoidance/msg) by extensions ['colcon_pkg']
[0.192s] Level 1:colcon.colcon_core.package_identification:_identify(src/wr_obstacle_avoidance/msg) by extension 'colcon_pkg'
[0.192s] Level 1:colcon.colcon_core.package_identification:_identify(src/wr_obstacle_avoidance/msg) by extensions ['colcon_meta']
[0.192s] Level 1:colcon.colcon_core.package_identification:_identify(src/wr_obstacle_avoidance/msg) by extension 'colcon_meta'
[0.192s] Level 1:colcon.colcon_core.package_identification:_identify(src/wr_obstacle_avoidance/msg) by extensions ['ros']
[0.192s] Level 1:colcon.colcon_core.package_identification:_identify(src/wr_obstacle_avoidance/msg) by extension 'ros'
[0.192s] Level 1:colcon.colcon_core.package_identification:_identify(src/wr_obstacle_avoidance/msg) by extensions ['cmake', 'python']
[0.192s] Level 1:colcon.colcon_core.package_identification:_identify(src/wr_obstacle_avoidance/msg) by extension 'cmake'
[0.192s] Level 1:colcon.colcon_core.package_identification:_identify(src/wr_obstacle_avoidance/msg) by extension 'python'
[0.193s] Level 1:colcon.colcon_core.package_identification:_identify(src/wr_obstacle_avoidance/msg) by extensions ['python_setup_py']
[0.193s] Level 1:colcon.colcon_core.package_identification:_identify(src/wr_obstacle_avoidance/msg) by extension 'python_setup_py'
[0.193s] Level 1:colcon.colcon_core.package_identification:_identify(src/wr_obstacle_avoidance/nodes) by extensions ['ignore', 'ignore_ament_install']
[0.193s] Level 1:colcon.colcon_core.package_identification:_identify(src/wr_obstacle_avoidance/nodes) by extension 'ignore'
[0.193s] Level 1:colcon.colcon_core.package_identification:_identify(src/wr_obstacle_avoidance/nodes) by extension 'ignore_ament_install'
[0.193s] Level 1:colcon.colcon_core.package_identification:_identify(src/wr_obstacle_avoidance/nodes) by extensions ['colcon_pkg']
[0.193s] Level 1:colcon.colcon_core.package_identification:_identify(src/wr_obstacle_avoidance/nodes) by extension 'colcon_pkg'
[0.193s] Level 1:colcon.colcon_core.package_identification:_identify(src/wr_obstacle_avoidance/nodes) by extensions ['colcon_meta']
[0.193s] Level 1:colcon.colcon_core.package_identification:_identify(src/wr_obstacle_avoidance/nodes) by extension 'colcon_meta'
[0.193s] Level 1:colcon.colcon_core.package_identification:_identify(src/wr_obstacle_avoidance/nodes) by extensions ['ros']
[0.193s] Level 1:colcon.colcon_core.package_identification:_identify(src/wr_obstacle_avoidance/nodes) by extension 'ros'
[0.193s] Level 1:colcon.colcon_core.package_identification:_identify(src/wr_obstacle_avoidance/nodes) by extensions ['cmake', 'python']
[0.193s] Level 1:colcon.colcon_core.package_identification:_identify(src/wr_obstacle_avoidance/nodes) by extension 'cmake'
[0.193s] Level 1:colcon.colcon_core.package_identification:_identify(src/wr_obstacle_avoidance/nodes) by extension 'python'
[0.193s] Level 1:colcon.colcon_core.package_identification:_identify(src/wr_obstacle_avoidance/nodes) by extensions ['python_setup_py']
[0.193s] Level 1:colcon.colcon_core.package_identification:_identify(src/wr_obstacle_avoidance/nodes) by extension 'python_setup_py'
[0.193s] Level 1:colcon.colcon_core.package_identification:_identify(src/wr_obstacle_avoidance/srv) by extensions ['ignore', 'ignore_ament_install']
[0.193s] Level 1:colcon.colcon_core.package_identification:_identify(src/wr_obstacle_avoidance/srv) by extension 'ignore'
[0.193s] Level 1:colcon.colcon_core.package_identification:_identify(src/wr_obstacle_avoidance/srv) by extension 'ignore_ament_install'
[0.193s] Level 1:colcon.colcon_core.package_identification:_identify(src/wr_obstacle_avoidance/srv) by extensions ['colcon_pkg']
[0.193s] Level 1:colcon.colcon_core.package_identification:_identify(src/wr_obstacle_avoidance/srv) by extension 'colcon_pkg'
[0.193s] Level 1:colcon.colcon_core.package_identification:_identify(src/wr_obstacle_avoidance/srv) by extensions ['colcon_meta']
[0.193s] Level 1:colcon.colcon_core.package_identification:_identify(src/wr_obstacle_avoidance/srv) by extension 'colcon_meta'
[0.193s] Level 1:colcon.colcon_core.package_identification:_identify(src/wr_obstacle_avoidance/srv) by extensions ['ros']
[0.193s] Level 1:colcon.colcon_core.package_identification:_identify(src/wr_obstacle_avoidance/srv) by extension 'ros'
[0.193s] Level 1:colcon.colcon_core.package_identification:_identify(src/wr_obstacle_avoidance/srv) by extensions ['cmake', 'python']
[0.193s] Level 1:colcon.colcon_core.package_identification:_identify(src/wr_obstacle_avoidance/srv) by extension 'cmake'
[0.194s] Level 1:colcon.colcon_core.package_identification:_identify(src/wr_obstacle_avoidance/srv) by extension 'python'
[0.194s] Level 1:colcon.colcon_core.package_identification:_identify(src/wr_obstacle_avoidance/srv) by extensions ['python_setup_py']
[0.194s] Level 1:colcon.colcon_core.package_identification:_identify(src/wr_obstacle_avoidance/srv) by extension 'python_setup_py'
[0.194s] Level 1:colcon.colcon_core.package_identification:_identify(src/wr_swerve_control) by extensions ['ignore', 'ignore_ament_install']
[0.194s] Level 1:colcon.colcon_core.package_identification:_identify(src/wr_swerve_control) by extension 'ignore'
[0.194s] Level 1:colcon.colcon_core.package_identification:_identify(src/wr_swerve_control) by extension 'ignore_ament_install'
[0.194s] Level 1:colcon.colcon_core.package_identification:_identify(src/wr_swerve_control) by extensions ['colcon_pkg']
[0.194s] Level 1:colcon.colcon_core.package_identification:_identify(src/wr_swerve_control) by extension 'colcon_pkg'
[0.194s] Level 1:colcon.colcon_core.package_identification:_identify(src/wr_swerve_control) by extensions ['colcon_meta']
[0.194s] Level 1:colcon.colcon_core.package_identification:_identify(src/wr_swerve_control) by extension 'colcon_meta'
[0.194s] Level 1:colcon.colcon_core.package_identification:_identify(src/wr_swerve_control) by extensions ['ros']
[0.194s] Level 1:colcon.colcon_core.package_identification:_identify(src/wr_swerve_control) by extension 'ros'
[0.194s] DEBUG:colcon.colcon_core.package_identification:Package 'src/wr_swerve_control' with type 'ros.ament_python' and name 'wr_swerve_control'
[0.194s] Level 1:colcon.colcon_core.package_identification:_identify(src/wr_swerve_motor) by extensions ['ignore', 'ignore_ament_install']
[0.194s] Level 1:colcon.colcon_core.package_identification:_identify(src/wr_swerve_motor) by extension 'ignore'
[0.194s] Level 1:colcon.colcon_core.package_identification:_identify(src/wr_swerve_motor) by extension 'ignore_ament_install'
[0.194s] Level 1:colcon.colcon_core.package_identification:_identify(src/wr_swerve_motor) by extensions ['colcon_pkg']
[0.194s] Level 1:colcon.colcon_core.package_identification:_identify(src/wr_swerve_motor) by extension 'colcon_pkg'
[0.195s] Level 1:colcon.colcon_core.package_identification:_identify(src/wr_swerve_motor) by extensions ['colcon_meta']
[0.195s] Level 1:colcon.colcon_core.package_identification:_identify(src/wr_swerve_motor) by extension 'colcon_meta'
[0.195s] Level 1:colcon.colcon_core.package_identification:_identify(src/wr_swerve_motor) by extensions ['ros']
[0.195s] Level 1:colcon.colcon_core.package_identification:_identify(src/wr_swerve_motor) by extension 'ros'
[0.195s] DEBUG:colcon.colcon_core.package_identification:Package 'src/wr_swerve_motor' with type 'ros.ament_python' and name 'wr_swerve_motor'
[0.195s] Level 1:colcon.colcon_core.package_discovery:discover_packages(recursive) using defaults
[0.195s] Level 1:colcon.colcon_core.package_discovery:discover_packages(ignore) discover
[0.195s] Level 1:colcon.colcon_core.package_discovery:discover_packages(ignore) using defaults
[0.195s] Level 1:colcon.colcon_core.package_discovery:discover_packages(path) discover
[0.195s] Level 1:colcon.colcon_core.package_discovery:discover_packages(path) using defaults
[0.208s] Level 1:colcon.colcon_core.package_discovery:discover_packages(prefix_path) check parameters
[0.208s] Level 1:colcon.colcon_core.package_discovery:discover_packages(prefix_path) discover
[0.210s] DEBUG:colcon.colcon_installed_package_information.package_discovery:Found 271 installed packages in /opt/ros/humble
[0.219s] Level 1:colcon.colcon_core.package_discovery:discover_packages(prefix_path) using defaults
[0.244s] Level 5:colcon.colcon_core.verb:set package 'wr_can_comms' build argument 'cmake_args' from command line to 'None'
[0.244s] Level 5:colcon.colcon_core.verb:set package 'wr_can_comms' build argument 'cmake_target' from command line to 'None'
[0.244s] Level 5:colcon.colcon_core.verb:set package 'wr_can_comms' build argument 'cmake_target_skip_unavailable' from command line to 'False'
[0.244s] Level 5:colcon.colcon_core.verb:set package 'wr_can_comms' build argument 'cmake_clean_cache' from command line to 'False'
[0.244s] Level 5:colcon.colcon_core.verb:set package 'wr_can_comms' build argument 'cmake_clean_first' from command line to 'False'
[0.244s] Level 5:colcon.colcon_core.verb:set package 'wr_can_comms' build argument 'cmake_force_configure' from command line to 'False'
[0.244s] Level 5:colcon.colcon_core.verb:set package 'wr_can_comms' build argument 'ament_cmake_args' from command line to 'None'
[0.244s] Level 5:colcon.colcon_core.verb:set package 'wr_can_comms' build argument 'catkin_cmake_args' from command line to 'None'
[0.244s] Level 5:colcon.colcon_core.verb:set package 'wr_can_comms' build argument 'catkin_skip_building_tests' from command line to 'False'
[0.244s] DEBUG:colcon.colcon_core.verb:Building package 'wr_can_comms' with the following arguments: {'ament_cmake_args': None, 'build_base': '/home/wiscrobo/WRoverMotorControl/WRoverSoftware/build/wr_can_comms', 'catkin_cmake_args': None, 'catkin_skip_building_tests': False, 'cmake_args': None, 'cmake_clean_cache': False, 'cmake_clean_first': False, 'cmake_force_configure': False, 'cmake_target': None, 'cmake_target_skip_unavailable': False, 'install_base': '/home/wiscrobo/WRoverMotorControl/WRoverSoftware/install/wr_can_comms', 'merge_install': False, 'path': '/home/wiscrobo/WRoverMotorControl/WRoverSoftware/src/wr_can_comms', 'symlink_install': False, 'test_result_base': None}
[0.244s] Level 5:colcon.colcon_core.verb:set package 'wr_swerve_control' build argument 'cmake_args' from command line to 'None'
[0.244s] Level 5:colcon.colcon_core.verb:set package 'wr_swerve_control' build argument 'cmake_target' from command line to 'None'
[0.244s] Level 5:colcon.colcon_core.verb:set package 'wr_swerve_control' build argument 'cmake_target_skip_unavailable' from command line to 'False'
[0.244s] Level 5:colcon.colcon_core.verb:set package 'wr_swerve_control' build argument 'cmake_clean_cache' from command line to 'False'
[0.245s] Level 5:colcon.colcon_core.verb:set package 'wr_swerve_control' build argument 'cmake_clean_first' from command line to 'False'
[0.245s] Level 5:colcon.colcon_core.verb:set package 'wr_swerve_control' build argument 'cmake_force_configure' from command line to 'False'
[0.245s] Level 5:colcon.colcon_core.verb:set package 'wr_swerve_control' build argument 'ament_cmake_args' from command line to 'None'
[0.245s] Level 5:colcon.colcon_core.verb:set package 'wr_swerve_control' build argument 'catkin_cmake_args' from command line to 'None'
[0.245s] Level 5:colcon.colcon_core.verb:set package 'wr_swerve_control' build argument 'catkin_skip_building_tests' from command line to 'False'
[0.245s] DEBUG:colcon.colcon_core.verb:Building package 'wr_swerve_control' with the following arguments: {'ament_cmake_args': None, 'build_base': '/home/wiscrobo/WRoverMotorControl/WRoverSoftware/build/wr_swerve_control', 'catkin_cmake_args': None, 'catkin_skip_building_tests': False, 'cmake_args': None, 'cmake_clean_cache': False, 'cmake_clean_first': False, 'cmake_force_configure': False, 'cmake_target': None, 'cmake_target_skip_unavailable': False, 'install_base': '/home/wiscrobo/WRoverMotorControl/WRoverSoftware/install/wr_swerve_control', 'merge_install': False, 'path': '/home/wiscrobo/WRoverMotorControl/WRoverSoftware/src/wr_swerve_control', 'symlink_install': False, 'test_result_base': None}
[0.245s] Level 5:colcon.colcon_core.verb:set package 'wr_swerve_motor' build argument 'cmake_args' from command line to 'None'
[0.245s] Level 5:colcon.colcon_core.verb:set package 'wr_swerve_motor' build argument 'cmake_target' from command line to 'None'
[0.245s] Level 5:colcon.colcon_core.verb:set package 'wr_swerve_motor' build argument 'cmake_target_skip_unavailable' from command line to 'False'
[0.245s] Level 5:colcon.colcon_core.verb:set package 'wr_swerve_motor' build argument 'cmake_clean_cache' from command line to 'False'
[0.245s] Level 5:colcon.colcon_core.verb:set package 'wr_swerve_motor' build argument 'cmake_clean_first' from command line to 'False'
[0.245s] Level 5:colcon.colcon_core.verb:set package 'wr_swerve_motor' build argument 'cmake_force_configure' from command line to 'False'
[0.245s] Level 5:colcon.colcon_core.verb:set package 'wr_swerve_motor' build argument 'ament_cmake_args' from command line to 'None'
[0.245s] Level 5:colcon.colcon_core.verb:set package 'wr_swerve_motor' build argument 'catkin_cmake_args' from command line to 'None'
[0.245s] Level 5:colcon.colcon_core.verb:set package 'wr_swerve_motor' build argument 'catkin_skip_building_tests' from command line to 'False'
[0.245s] DEBUG:colcon.colcon_core.verb:Building package 'wr_swerve_motor' with the following arguments: {'ament_cmake_args': None, 'build_base': '/home/wiscrobo/WRoverMotorControl/WRoverSoftware/build/wr_swerve_motor', 'catkin_cmake_args': None, 'catkin_skip_building_tests': False, 'cmake_args': None, 'cmake_clean_cache': False, 'cmake_clean_first': False, 'cmake_force_configure': False, 'cmake_target': None, 'cmake_target_skip_unavailable': False, 'install_base': '/home/wiscrobo/WRoverMotorControl/WRoverSoftware/install/wr_swerve_motor', 'merge_install': False, 'path': '/home/wiscrobo/WRoverMotorControl/WRoverSoftware/src/wr_swerve_motor', 'symlink_install': False, 'test_result_base': None}
[0.245s] INFO:colcon.colcon_core.executor:Executing jobs using 'parallel' executor
[0.246s] DEBUG:colcon.colcon_parallel_executor.executor.parallel:run_until_complete
[0.246s] INFO:colcon.colcon_ros.task.ament_python.build:Building ROS package in '/home/wiscrobo/WRoverMotorControl/WRoverSoftware/src/wr_can_comms' with build type 'ament_python'
[0.246s] Level 1:colcon.colcon_core.shell:create_environment_hook('wr_can_comms', 'ament_prefix_path')
[0.248s] INFO:colcon.colcon_core.plugin_system:Skipping extension 'colcon_core.shell.bat': Not used on non-Windows systems
[0.248s] INFO:colcon.colcon_core.shell:Creating environment hook '/home/wiscrobo/WRoverMotorControl/WRoverSoftware/install/wr_can_comms/share/wr_can_comms/hook/ament_prefix_path.ps1'
[0.248s] INFO:colcon.colcon_core.shell:Creating environment descriptor '/home/wiscrobo/WRoverMotorControl/WRoverSoftware/install/wr_can_comms/share/wr_can_comms/hook/ament_prefix_path.dsv'
[0.249s] INFO:colcon.colcon_core.shell:Creating environment hook '/home/wiscrobo/WRoverMotorControl/WRoverSoftware/install/wr_can_comms/share/wr_can_comms/hook/ament_prefix_path.sh'
[0.249s] INFO:colcon.colcon_core.shell:Skip shell extension 'powershell' for command environment: Not usable outside of PowerShell
[0.249s] DEBUG:colcon.colcon_core.shell:Skip shell extension 'dsv' for command environment
[0.251s] INFO:colcon.colcon_ros.task.ament_python.build:Building ROS package in '/home/wiscrobo/WRoverMotorControl/WRoverSoftware/src/wr_swerve_control' with build type 'ament_python'
[0.251s] Level 1:colcon.colcon_core.shell:create_environment_hook('wr_swerve_control', 'ament_prefix_path')
[0.252s] INFO:colcon.colcon_core.shell:Creating environment hook '/home/wiscrobo/WRoverMotorControl/WRoverSoftware/install/wr_swerve_control/share/wr_swerve_control/hook/ament_prefix_path.ps1'
[0.252s] INFO:colcon.colcon_core.shell:Creating environment descriptor '/home/wiscrobo/WRoverMotorControl/WRoverSoftware/install/wr_swerve_control/share/wr_swerve_control/hook/ament_prefix_path.dsv'
[0.252s] INFO:colcon.colcon_core.shell:Creating environment hook '/home/wiscrobo/WRoverMotorControl/WRoverSoftware/install/wr_swerve_control/share/wr_swerve_control/hook/ament_prefix_path.sh'
[0.253s] INFO:colcon.colcon_core.shell:Skip shell extension 'powershell' for command environment: Not usable outside of PowerShell
[0.253s] DEBUG:colcon.colcon_core.shell:Skip shell extension 'dsv' for command environment
[0.254s] INFO:colcon.colcon_ros.task.ament_python.build:Building ROS package in '/home/wiscrobo/WRoverMotorControl/WRoverSoftware/src/wr_swerve_motor' with build type 'ament_python'
[0.255s] Level 1:colcon.colcon_core.shell:create_environment_hook('wr_swerve_motor', 'ament_prefix_path')
[0.255s] INFO:colcon.colcon_core.shell:Creating environment hook '/home/wiscrobo/WRoverMotorControl/WRoverSoftware/install/wr_swerve_motor/share/wr_swerve_motor/hook/ament_prefix_path.ps1'
[0.255s] INFO:colcon.colcon_core.shell:Creating environment descriptor '/home/wiscrobo/WRoverMotorControl/WRoverSoftware/install/wr_swerve_motor/share/wr_swerve_motor/hook/ament_prefix_path.dsv'
[0.255s] INFO:colcon.colcon_core.shell:Creating environment hook '/home/wiscrobo/WRoverMotorControl/WRoverSoftware/install/wr_swerve_motor/share/wr_swerve_motor/hook/ament_prefix_path.sh'
[0.256s] INFO:colcon.colcon_core.shell:Skip shell extension 'powershell' for command environment: Not usable outside of PowerShell
[0.256s] DEBUG:colcon.colcon_core.shell:Skip shell extension 'dsv' for command environment
[0.423s] INFO:colcon.colcon_core.task.python.build:Building Python package in '/home/wiscrobo/WRoverMotorControl/WRoverSoftware/src/wr_can_comms'
[0.423s] INFO:colcon.colcon_core.shell:Skip shell extension 'powershell' for command environment: Not usable outside of PowerShell
[0.423s] DEBUG:colcon.colcon_core.shell:Skip shell extension 'dsv' for command environment
[0.589s] INFO:colcon.colcon_core.task.python.build:Building Python package in '/home/wiscrobo/WRoverMotorControl/WRoverSoftware/src/wr_swerve_control'
[0.590s] INFO:colcon.colcon_core.shell:Skip shell extension 'powershell' for command environment: Not usable outside of PowerShell
[0.590s] DEBUG:colcon.colcon_core.shell:Skip shell extension 'dsv' for command environment
[0.754s] INFO:colcon.colcon_core.task.python.build:Building Python package in '/home/wiscrobo/WRoverMotorControl/WRoverSoftware/src/wr_swerve_motor'
[0.754s] INFO:colcon.colcon_core.shell:Skip shell extension 'powershell' for command environment: Not usable outside of PowerShell
[0.754s] DEBUG:colcon.colcon_core.shell:Skip shell extension 'dsv' for command environment
[0.998s] DEBUG:colcon.colcon_core.event_handler.log_command:Invoking command in '/home/wiscrobo/WRoverMotorControl/WRoverSoftware/src/wr_can_comms': PYTHONPATH=/home/wiscrobo/WRoverMotorControl/WRoverSoftware/build/wr_can_comms/prefix_override:/usr/lib/python3/dist-packages/colcon_core/task/python/colcon_distutils_commands:/home/wiscrobo/WRoverMotorControl/WRoverSoftware/install/wr_can_comms/lib/python3.10/site-packages:${PYTHONPATH} /usr/bin/python3 -W ignore:setup.py install is deprecated -W ignore:easy_install command is deprecated setup.py egg_info --egg-base ../../build/wr_can_comms build --build-base /home/wiscrobo/WRoverMotorControl/WRoverSoftware/build/wr_can_comms/build install --record /home/wiscrobo/WRoverMotorControl/WRoverSoftware/build/wr_can_comms/install.log --single-version-externally-managed install_data
[1.002s] DEBUG:colcon.colcon_core.event_handler.log_command:Invoking command in '/home/wiscrobo/WRoverMotorControl/WRoverSoftware/src/wr_swerve_motor': PYTHONPATH=/home/wiscrobo/WRoverMotorControl/WRoverSoftware/build/wr_swerve_motor/prefix_override:/usr/lib/python3/dist-packages/colcon_core/task/python/colcon_distutils_commands:/home/wiscrobo/WRoverMotorControl/WRoverSoftware/install/wr_swerve_motor/lib/python3.10/site-packages:${PYTHONPATH} /usr/bin/python3 -W ignore:setup.py install is deprecated -W ignore:easy_install command is deprecated setup.py egg_info --egg-base ../../build/wr_swerve_motor build --build-base /home/wiscrobo/WRoverMotorControl/WRoverSoftware/build/wr_swerve_motor/build install --record /home/wiscrobo/WRoverMotorControl/WRoverSoftware/build/wr_swerve_motor/install.log --single-version-externally-managed install_data
[1.003s] DEBUG:colcon.colcon_core.event_handler.log_command:Invoking command in '/home/wiscrobo/WRoverMotorControl/WRoverSoftware/src/wr_swerve_control': PYTHONPATH=/home/wiscrobo/WRoverMotorControl/WRoverSoftware/build/wr_swerve_control/prefix_override:/usr/lib/python3/dist-packages/colcon_core/task/python/colcon_distutils_commands:/home/wiscrobo/WRoverMotorControl/WRoverSoftware/install/wr_swerve_control/lib/python3.10/site-packages:${PYTHONPATH} /usr/bin/python3 -W ignore:setup.py install is deprecated -W ignore:easy_install command is deprecated setup.py egg_info --egg-base ../../build/wr_swerve_control build --build-base /home/wiscrobo/WRoverMotorControl/WRoverSoftware/build/wr_swerve_control/build install --record /home/wiscrobo/WRoverMotorControl/WRoverSoftware/build/wr_swerve_control/install.log --single-version-externally-managed install_data
[1.208s] DEBUG:colcon.colcon_core.event_handler.log_command:Invoked command in '/home/wiscrobo/WRoverMotorControl/WRoverSoftware/src/wr_can_comms' returned '0': PYTHONPATH=/home/wiscrobo/WRoverMotorControl/WRoverSoftware/build/wr_can_comms/prefix_override:/usr/lib/python3/dist-packages/colcon_core/task/python/colcon_distutils_commands:/home/wiscrobo/WRoverMotorControl/WRoverSoftware/install/wr_can_comms/lib/python3.10/site-packages:${PYTHONPATH} /usr/bin/python3 -W ignore:setup.py install is deprecated -W ignore:easy_install command is deprecated setup.py egg_info --egg-base ../../build/wr_can_comms build --build-base /home/wiscrobo/WRoverMotorControl/WRoverSoftware/build/wr_can_comms/build install --record /home/wiscrobo/WRoverMotorControl/WRoverSoftware/build/wr_can_comms/install.log --single-version-externally-managed install_data
[1.210s] Level 1:colcon.colcon_core.environment:checking '/home/wiscrobo/WRoverMotorControl/WRoverSoftware/install/wr_can_comms' for CMake module files
[1.210s] Level 1:colcon.colcon_core.environment:checking '/home/wiscrobo/WRoverMotorControl/WRoverSoftware/install/wr_can_comms' for CMake config files
[1.211s] Level 1:colcon.colcon_core.environment:checking '/home/wiscrobo/WRoverMotorControl/WRoverSoftware/install/wr_can_comms/lib'
[1.211s] Level 1:colcon.colcon_core.environment:checking '/home/wiscrobo/WRoverMotorControl/WRoverSoftware/install/wr_can_comms/bin'
[1.211s] Level 1:colcon.colcon_core.environment:checking '/home/wiscrobo/WRoverMotorControl/WRoverSoftware/install/wr_can_comms/lib/pkgconfig/wr_can_comms.pc'
[1.211s] Level 1:colcon.colcon_core.environment:checking '/home/wiscrobo/WRoverMotorControl/WRoverSoftware/install/wr_can_comms/lib/python3.10/site-packages'
[1.211s] Level 1:colcon.colcon_core.shell:create_environment_hook('wr_can_comms', 'pythonpath')
[1.212s] INFO:colcon.colcon_core.shell:Creating environment hook '/home/wiscrobo/WRoverMotorControl/WRoverSoftware/install/wr_can_comms/share/wr_can_comms/hook/pythonpath.ps1'
[1.212s] INFO:colcon.colcon_core.shell:Creating environment descriptor '/home/wiscrobo/WRoverMotorControl/WRoverSoftware/install/wr_can_comms/share/wr_can_comms/hook/pythonpath.dsv'
[1.212s] INFO:colcon.colcon_core.shell:Creating environment hook '/home/wiscrobo/WRoverMotorControl/WRoverSoftware/install/wr_can_comms/share/wr_can_comms/hook/pythonpath.sh'
[1.213s] Level 1:colcon.colcon_core.environment:checking '/home/wiscrobo/WRoverMotorControl/WRoverSoftware/install/wr_can_comms/bin'
[1.213s] Level 1:colcon.colcon_core.environment:create_environment_scripts_only(wr_can_comms)
[1.213s] INFO:colcon.colcon_core.shell:Creating package script '/home/wiscrobo/WRoverMotorControl/WRoverSoftware/install/wr_can_comms/share/wr_can_comms/package.ps1'
[1.214s] INFO:colcon.colcon_core.shell:Creating package descriptor '/home/wiscrobo/WRoverMotorControl/WRoverSoftware/install/wr_can_comms/share/wr_can_comms/package.dsv'
[1.214s] INFO:colcon.colcon_core.shell:Creating package script '/home/wiscrobo/WRoverMotorControl/WRoverSoftware/install/wr_can_comms/share/wr_can_comms/package.sh'
[1.215s] INFO:colcon.colcon_core.shell:Creating package script '/home/wiscrobo/WRoverMotorControl/WRoverSoftware/install/wr_can_comms/share/wr_can_comms/package.bash'
[1.215s] INFO:colcon.colcon_core.shell:Creating package script '/home/wiscrobo/WRoverMotorControl/WRoverSoftware/install/wr_can_comms/share/wr_can_comms/package.zsh'
[1.215s] Level 1:colcon.colcon_core.environment:create_file_with_runtime_dependencies(/home/wiscrobo/WRoverMotorControl/WRoverSoftware/install/wr_can_comms/share/colcon-core/packages/wr_can_comms)
[1.217s] Level 1:colcon.colcon_core.environment:checking '/home/wiscrobo/WRoverMotorControl/WRoverSoftware/install/wr_swerve_control' for CMake module files
[1.217s] DEBUG:colcon.colcon_core.event_handler.log_command:Invoked command in '/home/wiscrobo/WRoverMotorControl/WRoverSoftware/src/wr_swerve_control' returned '0': PYTHONPATH=/home/wiscrobo/WRoverMotorControl/WRoverSoftware/build/wr_swerve_control/prefix_override:/usr/lib/python3/dist-packages/colcon_core/task/python/colcon_distutils_commands:/home/wiscrobo/WRoverMotorControl/WRoverSoftware/install/wr_swerve_control/lib/python3.10/site-packages:${PYTHONPATH} /usr/bin/python3 -W ignore:setup.py install is deprecated -W ignore:easy_install command is deprecated setup.py egg_info --egg-base ../../build/wr_swerve_control build --build-base /home/wiscrobo/WRoverMotorControl/WRoverSoftware/build/wr_swerve_control/build install --record /home/wiscrobo/WRoverMotorControl/WRoverSoftware/build/wr_swerve_control/install.log --single-version-externally-managed install_data
[1.218s] Level 1:colcon.colcon_core.environment:checking '/home/wiscrobo/WRoverMotorControl/WRoverSoftware/install/wr_swerve_control' for CMake config files
[1.218s] Level 1:colcon.colcon_core.environment:checking '/home/wiscrobo/WRoverMotorControl/WRoverSoftware/install/wr_swerve_control/lib'
[1.218s] Level 1:colcon.colcon_core.environment:checking '/home/wiscrobo/WRoverMotorControl/WRoverSoftware/install/wr_swerve_control/bin'
[1.218s] Level 1:colcon.colcon_core.environment:checking '/home/wiscrobo/WRoverMotorControl/WRoverSoftware/install/wr_swerve_control/lib/pkgconfig/wr_swerve_control.pc'
[1.218s] Level 1:colcon.colcon_core.environment:checking '/home/wiscrobo/WRoverMotorControl/WRoverSoftware/install/wr_swerve_control/lib/python3.10/site-packages'
[1.218s] Level 1:colcon.colcon_core.shell:create_environment_hook('wr_swerve_control', 'pythonpath')
[1.219s] INFO:colcon.colcon_core.shell:Creating environment hook '/home/wiscrobo/WRoverMotorControl/WRoverSoftware/install/wr_swerve_control/share/wr_swerve_control/hook/pythonpath.ps1'
[1.219s] INFO:colcon.colcon_core.shell:Creating environment descriptor '/home/wiscrobo/WRoverMotorControl/WRoverSoftware/install/wr_swerve_control/share/wr_swerve_control/hook/pythonpath.dsv'
[1.219s] INFO:colcon.colcon_core.shell:Creating environment hook '/home/wiscrobo/WRoverMotorControl/WRoverSoftware/install/wr_swerve_control/share/wr_swerve_control/hook/pythonpath.sh'
[1.219s] Level 1:colcon.colcon_core.environment:checking '/home/wiscrobo/WRoverMotorControl/WRoverSoftware/install/wr_swerve_control/bin'
[1.219s] Level 1:colcon.colcon_core.environment:create_environment_scripts_only(wr_swerve_control)
[1.220s] INFO:colcon.colcon_core.shell:Creating package script '/home/wiscrobo/WRoverMotorControl/WRoverSoftware/install/wr_swerve_control/share/wr_swerve_control/package.ps1'
[1.220s] INFO:colcon.colcon_core.shell:Creating package descriptor '/home/wiscrobo/WRoverMotorControl/WRoverSoftware/install/wr_swerve_control/share/wr_swerve_control/package.dsv'
[1.220s] INFO:colcon.colcon_core.shell:Creating package script '/home/wiscrobo/WRoverMotorControl/WRoverSoftware/install/wr_swerve_control/share/wr_swerve_control/package.sh'
[1.220s] INFO:colcon.colcon_core.shell:Creating package script '/home/wiscrobo/WRoverMotorControl/WRoverSoftware/install/wr_swerve_control/share/wr_swerve_control/package.bash'
[1.221s] INFO:colcon.colcon_core.shell:Creating package script '/home/wiscrobo/WRoverMotorControl/WRoverSoftware/install/wr_swerve_control/share/wr_swerve_control/package.zsh'
[1.221s] Level 1:colcon.colcon_core.environment:create_file_with_runtime_dependencies(/home/wiscrobo/WRoverMotorControl/WRoverSoftware/install/wr_swerve_control/share/colcon-core/packages/wr_swerve_control)
[1.221s] Level 1:colcon.colcon_core.environment:checking '/home/wiscrobo/WRoverMotorControl/WRoverSoftware/install/wr_swerve_motor' for CMake module files
[1.222s] Level 1:colcon.colcon_core.environment:checking '/home/wiscrobo/WRoverMotorControl/WRoverSoftware/install/wr_swerve_motor' for CMake config files
[1.222s] DEBUG:colcon.colcon_core.event_handler.log_command:Invoked command in '/home/wiscrobo/WRoverMotorControl/WRoverSoftware/src/wr_swerve_motor' returned '0': PYTHONPATH=/home/wiscrobo/WRoverMotorControl/WRoverSoftware/build/wr_swerve_motor/prefix_override:/usr/lib/python3/dist-packages/colcon_core/task/python/colcon_distutils_commands:/home/wiscrobo/WRoverMotorControl/WRoverSoftware/install/wr_swerve_motor/lib/python3.10/site-packages:${PYTHONPATH} /usr/bin/python3 -W ignore:setup.py install is deprecated -W ignore:easy_install command is deprecated setup.py egg_info --egg-base ../../build/wr_swerve_motor build --build-base /home/wiscrobo/WRoverMotorControl/WRoverSoftware/build/wr_swerve_motor/build install --record /home/wiscrobo/WRoverMotorControl/WRoverSoftware/build/wr_swerve_motor/install.log --single-version-externally-managed install_data
[1.223s] Level 1:colcon.colcon_core.environment:checking '/home/wiscrobo/WRoverMotorControl/WRoverSoftware/install/wr_swerve_motor/lib'
[1.223s] Level 1:colcon.colcon_core.environment:checking '/home/wiscrobo/WRoverMotorControl/WRoverSoftware/install/wr_swerve_motor/bin'
[1.223s] Level 1:colcon.colcon_core.environment:checking '/home/wiscrobo/WRoverMotorControl/WRoverSoftware/install/wr_swerve_motor/lib/pkgconfig/wr_swerve_motor.pc'
[1.223s] Level 1:colcon.colcon_core.environment:checking '/home/wiscrobo/WRoverMotorControl/WRoverSoftware/install/wr_swerve_motor/lib/python3.10/site-packages'
[1.223s] Level 1:colcon.colcon_core.shell:create_environment_hook('wr_swerve_motor', 'pythonpath')
[1.223s] INFO:colcon.colcon_core.shell:Creating environment hook '/home/wiscrobo/WRoverMotorControl/WRoverSoftware/install/wr_swerve_motor/share/wr_swerve_motor/hook/pythonpath.ps1'
[1.223s] INFO:colcon.colcon_core.shell:Creating environment descriptor '/home/wiscrobo/WRoverMotorControl/WRoverSoftware/install/wr_swerve_motor/share/wr_swerve_motor/hook/pythonpath.dsv'
[1.224s] INFO:colcon.colcon_core.shell:Creating environment hook '/home/wiscrobo/WRoverMotorControl/WRoverSoftware/install/wr_swerve_motor/share/wr_swerve_motor/hook/pythonpath.sh'
[1.224s] Level 1:colcon.colcon_core.environment:checking '/home/wiscrobo/WRoverMotorControl/WRoverSoftware/install/wr_swerve_motor/bin'
[1.224s] Level 1:colcon.colcon_core.environment:create_environment_scripts_only(wr_swerve_motor)
[1.224s] INFO:colcon.colcon_core.shell:Creating package script '/home/wiscrobo/WRoverMotorControl/WRoverSoftware/install/wr_swerve_motor/share/wr_swerve_motor/package.ps1'
[1.225s] INFO:colcon.colcon_core.shell:Creating package descriptor '/home/wiscrobo/WRoverMotorControl/WRoverSoftware/install/wr_swerve_motor/share/wr_swerve_motor/package.dsv'
[1.225s] INFO:colcon.colcon_core.shell:Creating package script '/home/wiscrobo/WRoverMotorControl/WRoverSoftware/install/wr_swerve_motor/share/wr_swerve_motor/package.sh'
[1.225s] INFO:colcon.colcon_core.shell:Creating package script '/home/wiscrobo/WRoverMotorControl/WRoverSoftware/install/wr_swerve_motor/share/wr_swerve_motor/package.bash'
[1.225s] INFO:colcon.colcon_core.shell:Creating package script '/home/wiscrobo/WRoverMotorControl/WRoverSoftware/install/wr_swerve_motor/share/wr_swerve_motor/package.zsh'
[1.226s] Level 1:colcon.colcon_core.environment:create_file_with_runtime_dependencies(/home/wiscrobo/WRoverMotorControl/WRoverSoftware/install/wr_swerve_motor/share/colcon-core/packages/wr_swerve_motor)
[1.226s] DEBUG:colcon.colcon_parallel_executor.executor.parallel:closing loop
[1.226s] DEBUG:colcon.colcon_parallel_executor.executor.parallel:loop closed
[1.226s] DEBUG:colcon.colcon_parallel_executor.executor.parallel:run_until_complete finished with '0'
[1.226s] DEBUG:colcon.colcon_core.event_reactor:joining thread
[1.230s] INFO:colcon.colcon_core.plugin_system:Skipping extension 'colcon_notification.desktop_notification.terminal_notifier': Not used on non-Darwin systems
[1.230s] INFO:colcon.colcon_core.plugin_system:Skipping extension 'colcon_notification.desktop_notification.win32': Not used on non-Windows systems
[1.230s] INFO:colcon.colcon_notification.desktop_notification:Sending desktop notification using 'notify2'
[1.241s] DEBUG:colcon.colcon_core.event_reactor:joined thread
[1.241s] INFO:colcon.colcon_core.shell:Creating prefix script '/home/wiscrobo/WRoverMotorControl/WRoverSoftware/install/local_setup.ps1'
[1.242s] INFO:colcon.colcon_core.shell:Creating prefix util module '/home/wiscrobo/WRoverMotorControl/WRoverSoftware/install/_local_setup_util_ps1.py'
[1.243s] INFO:colcon.colcon_core.shell:Creating prefix chain script '/home/wiscrobo/WRoverMotorControl/WRoverSoftware/install/setup.ps1'
[1.244s] INFO:colcon.colcon_core.shell:Creating prefix script '/home/wiscrobo/WRoverMotorControl/WRoverSoftware/install/local_setup.sh'
[1.244s] INFO:colcon.colcon_core.shell:Creating prefix util module '/home/wiscrobo/WRoverMotorControl/WRoverSoftware/install/_local_setup_util_sh.py'
[1.245s] INFO:colcon.colcon_core.shell:Creating prefix chain script '/home/wiscrobo/WRoverMotorControl/WRoverSoftware/install/setup.sh'
[1.245s] INFO:colcon.colcon_core.shell:Creating prefix script '/home/wiscrobo/WRoverMotorControl/WRoverSoftware/install/local_setup.bash'
[1.246s] INFO:colcon.colcon_core.shell:Creating prefix chain script '/home/wiscrobo/WRoverMotorControl/WRoverSoftware/install/setup.bash'
[1.246s] INFO:colcon.colcon_core.shell:Creating prefix script '/home/wiscrobo/WRoverMotorControl/WRoverSoftware/install/local_setup.zsh'
[1.246s] INFO:colcon.colcon_core.shell:Creating prefix chain script '/home/wiscrobo/WRoverMotorControl/WRoverSoftware/install/setup.zsh'
