[2.198s] Invoking command in '/home/aarav/objectAvoidance_ws/src/object_avoidance': DEBUGINFOD_URLS=https://debuginfod.ubuntu.com PYTHONPATH=/home/aarav/objectAvoidance_ws/build/object_avoidance/prefix_override:/usr/lib/python3/dist-packages/colcon_core/task/python/colcon_distutils_commands:/home/aarav/objectAvoidance_ws/install/object_avoidance/lib/python3.12/site-packages:${PYTHONPATH} /usr/bin/python3 -W ignore:setup.py install is deprecated setup.py egg_info --egg-base ../../build/object_avoidance build --build-base /home/aarav/objectAvoidance_ws/build/object_avoidance/build install --record /home/aarav/objectAvoidance_ws/build/object_avoidance/install.log --single-version-externally-managed install_data
[2.495s] running egg_info
[2.507s] writing ../../build/object_avoidance/object_avoidance.egg-info/PKG-INFO
[2.518s] writing dependency_links to ../../build/object_avoidance/object_avoidance.egg-info/dependency_links.txt
[2.520s] writing entry points to ../../build/object_avoidance/object_avoidance.egg-info/entry_points.txt
[2.520s] writing requirements to ../../build/object_avoidance/object_avoidance.egg-info/requires.txt
[2.520s] writing top-level names to ../../build/object_avoidance/object_avoidance.egg-info/top_level.txt
[2.560s] reading manifest file '../../build/object_avoidance/object_avoidance.egg-info/SOURCES.txt'
[2.561s] writing manifest file '../../build/object_avoidance/object_avoidance.egg-info/SOURCES.txt'
[2.561s] running build
[2.561s] running build_py
[2.564s] running install
[2.575s] running install_lib
[2.594s] running install_data
[2.596s] running install_egg_info
[2.615s] removing '/home/aarav/objectAvoidance_ws/install/object_avoidance/lib/python3.12/site-packages/object_avoidance-0.0.0-py3.12.egg-info' (and everything under it)
[2.616s] Copying ../../build/object_avoidance/object_avoidance.egg-info to /home/aarav/objectAvoidance_ws/install/object_avoidance/lib/python3.12/site-packages/object_avoidance-0.0.0-py3.12.egg-info
[2.618s] running install_scripts
[2.753s] Installing object_avoider script to /home/aarav/objectAvoidance_ws/install/object_avoidance/lib/object_avoidance
[2.755s] writing list of installed files to '/home/aarav/objectAvoidance_ws/build/object_avoidance/install.log'
[2.788s] Invoked command in '/home/aarav/objectAvoidance_ws/src/object_avoidance' returned '0': DEBUGINFOD_URLS=https://debuginfod.ubuntu.com PYTHONPATH=/home/aarav/objectAvoidance_ws/build/object_avoidance/prefix_override:/usr/lib/python3/dist-packages/colcon_core/task/python/colcon_distutils_commands:/home/aarav/objectAvoidance_ws/install/object_avoidance/lib/python3.12/site-packages:${PYTHONPATH} /usr/bin/python3 -W ignore:setup.py install is deprecated setup.py egg_info --egg-base ../../build/object_avoidance build --build-base /home/aarav/objectAvoidance_ws/build/object_avoidance/build install --record /home/aarav/objectAvoidance_ws/build/object_avoidance/install.log --single-version-externally-managed install_data
