running egg_info
writing ../../../build/input/input.egg-info/PKG-INFO
writing dependency_links to ../../../build/input/input.egg-info/dependency_links.txt
writing entry points to ../../../build/input/input.egg-info/entry_points.txt
writing requirements to ../../../build/input/input.egg-info/requires.txt
writing top-level names to ../../../build/input/input.egg-info/top_level.txt
reading manifest file '../../../build/input/input.egg-info/SOURCES.txt'
adding license file 'LICENSE'
writing manifest file '../../../build/input/input.egg-info/SOURCES.txt'
running build
running build_py
running install
running install_lib
running install_data
running install_egg_info
removing '/home/balabalu/workspace/WRoverSoftware/install/input/lib/python3.12/site-packages/input-0.0.0-py3.12.egg-info' (and everything under it)
Copying ../../../build/input/input.egg-info to /home/balabalu/workspace/WRoverSoftware/install/input/lib/python3.12/site-packages/input-0.0.0-py3.12.egg-info
running install_scripts
Installing joystick_input script to /home/balabalu/workspace/WRoverSoftware/install/input/lib/input
Installing xbox_input script to /home/balabalu/workspace/WRoverSoftware/install/input/lib/input
writing list of installed files to '/home/balabalu/workspace/WRoverSoftware/build/input/install.log'
