[4.266s] Invoking command in '/home/balabalu/workspace/WRoverSoftware/src/Teleop/input': DEBUGINFOD_URLS=https://debuginfod.ubuntu.com PYTHONPATH=/home/balabalu/workspace/WRoverSoftware/build/input/prefix_override:/home/balabalu/workspace/WRoverSoftware/install/input/lib/python3.12/site-packages:${PYTHONPATH} /usr/bin/python3 -W ignore:setup.py install is deprecated setup.py egg_info --egg-base ../../../build/input build --build-base /home/balabalu/workspace/WRoverSoftware/build/input/build install --record /home/balabalu/workspace/WRoverSoftware/build/input/install.log --single-version-externally-managed install_data
[5.256s] running egg_info
[5.260s] writing ../../../build/input/input.egg-info/PKG-INFO
[5.262s] writing dependency_links to ../../../build/input/input.egg-info/dependency_links.txt
[5.264s] writing entry points to ../../../build/input/input.egg-info/entry_points.txt
[5.265s] writing requirements to ../../../build/input/input.egg-info/requires.txt
[5.265s] writing top-level names to ../../../build/input/input.egg-info/top_level.txt
[5.399s] reading manifest file '../../../build/input/input.egg-info/SOURCES.txt'
[5.400s] adding license file 'LICENSE'
[5.402s] writing manifest file '../../../build/input/input.egg-info/SOURCES.txt'
[5.402s] running build
[5.403s] running build_py
[5.403s] running install
[5.414s] running install_lib
[5.484s] running install_data
[5.484s] running install_egg_info
[5.546s] removing '/home/balabalu/workspace/WRoverSoftware/install/input/lib/python3.12/site-packages/input-0.0.0-py3.12.egg-info' (and everything under it)
[5.546s] Copying ../../../build/input/input.egg-info to /home/balabalu/workspace/WRoverSoftware/install/input/lib/python3.12/site-packages/input-0.0.0-py3.12.egg-info
[5.548s] running install_scripts
[5.912s] Installing joystick_input script to /home/balabalu/workspace/WRoverSoftware/install/input/lib/input
[5.912s] Installing xbox_input script to /home/balabalu/workspace/WRoverSoftware/install/input/lib/input
[5.912s] writing list of installed files to '/home/balabalu/workspace/WRoverSoftware/build/input/install.log'
