[0.344s] DEBUG:colcon:Command line arguments: ['/usr/bin/colcon', 'build']
[0.345s] DEBUG:colcon:Parsed command line arguments: Namespace(log_base=None, log_level=None, verb_name='build', build_base='build', install_base='install', merge_install=False, symlink_install=False, test_result_base=None, continue_on_error=False, executor='parallel', parallel_workers=5, event_handlers=None, ignore_user_meta=False, metas=['./colcon.meta'], base_paths=['.'], packages_ignore=None, packages_ignore_regex=None, paths=None, packages_up_to=None, packages_up_to_regex=None, packages_above=None, packages_above_and_dependencies=None, packages_above_depth=None, packages_select_by_dep=None, packages_skip_by_dep=None, packages_skip_up_to=None, packages_select_build_failed=False, packages_skip_build_finished=False, packages_select_test_failures=False, packages_skip_test_passed=False, packages_select=None, packages_skip=None, packages_select_regex=None, packages_skip_regex=None, packages_start=None, packages_end=None, allow_overriding=[], cmake_args=None, cmake_target=None, cmake_target_skip_unavailable=False, cmake_clean_cache=False, cmake_clean_first=False, cmake_force_configure=False, ament_cmake_args=None, catkin_cmake_args=None, catkin_skip_building_tests=False, mixin_files=None, mixin=None, verb_parser=<colcon_mixin.mixin.mixin_argument.MixinArgumentDecorator object at 0x7b10a39fa2a0>, verb_extension=<colcon_core.verb.build.BuildVerb object at 0x7b10a39f9ee0>, main=<bound method BuildVerb.main of <colcon_core.verb.build.BuildVerb object at 0x7b10a39f9ee0>>, mixin_verb=('build',))
[0.428s] Level 1:colcon.colcon_core.package_discovery:discover_packages(colcon_meta) check parameters
[0.428s] Level 1:colcon.colcon_core.package_discovery:discover_packages(recursive) check parameters
[0.428s] Level 1:colcon.colcon_core.package_discovery:discover_packages(ignore) check parameters
[0.428s] Level 1:colcon.colcon_core.package_discovery:discover_packages(path) check parameters
[0.428s] Level 1:colcon.colcon_core.package_discovery:discover_packages(colcon_meta) discover
[0.428s] Level 1:colcon.colcon_core.package_discovery:discover_packages(recursive) discover
[0.428s] INFO:colcon.colcon_core.package_discovery:Crawling recursively for packages in '/home/balabalu/workspace/WRoverSoftware'
[0.428s] Level 1:colcon.colcon_core.package_identification:_identify(.) by extensions ['ignore', 'ignore_ament_install']
[0.429s] Level 1:colcon.colcon_core.package_identification:_identify(.) by extension 'ignore'
[0.429s] Level 1:colcon.colcon_core.package_identification:_identify(.) by extension 'ignore_ament_install'
[0.429s] Level 1:colcon.colcon_core.package_identification:_identify(.) by extensions ['colcon_pkg']
[0.429s] Level 1:colcon.colcon_core.package_identification:_identify(.) by extension 'colcon_pkg'
[0.429s] Level 1:colcon.colcon_core.package_identification:_identify(.) by extensions ['colcon_meta']
[0.429s] Level 1:colcon.colcon_core.package_identification:_identify(.) by extension 'colcon_meta'
[0.429s] Level 1:colcon.colcon_core.package_identification:_identify(.) by extensions ['ros']
[0.429s] Level 1:colcon.colcon_core.package_identification:_identify(.) by extension 'ros'
[0.482s] Level 1:colcon.colcon_core.package_identification:_identify(.) by extensions ['cmake', 'python']
[0.482s] Level 1:colcon.colcon_core.package_identification:_identify(.) by extension 'cmake'
[0.483s] Level 1:colcon.colcon_core.package_identification:_identify(.) by extension 'python'
[0.483s] Level 1:colcon.colcon_core.package_identification:_identify(.) by extensions ['python_setup_py']
[0.483s] Level 1:colcon.colcon_core.package_identification:_identify(.) by extension 'python_setup_py'
[0.483s] Level 1:colcon.colcon_core.package_identification:_identify(build) by extensions ['ignore', 'ignore_ament_install']
[0.484s] Level 1:colcon.colcon_core.package_identification:_identify(build) by extension 'ignore'
[0.484s] Level 1:colcon.colcon_core.package_identification:_identify(build) ignored
[0.484s] Level 1:colcon.colcon_core.package_identification:_identify(executable_launches) by extensions ['ignore', 'ignore_ament_install']
[0.484s] Level 1:colcon.colcon_core.package_identification:_identify(executable_launches) by extension 'ignore'
[0.484s] Level 1:colcon.colcon_core.package_identification:_identify(executable_launches) by extension 'ignore_ament_install'
[0.484s] Level 1:colcon.colcon_core.package_identification:_identify(executable_launches) by extensions ['colcon_pkg']
[0.484s] Level 1:colcon.colcon_core.package_identification:_identify(executable_launches) by extension 'colcon_pkg'
[0.484s] Level 1:colcon.colcon_core.package_identification:_identify(executable_launches) by extensions ['colcon_meta']
[0.484s] Level 1:colcon.colcon_core.package_identification:_identify(executable_launches) by extension 'colcon_meta'
[0.484s] Level 1:colcon.colcon_core.package_identification:_identify(executable_launches) by extensions ['ros']
[0.485s] Level 1:colcon.colcon_core.package_identification:_identify(executable_launches) by extension 'ros'
[0.485s] Level 1:colcon.colcon_core.package_identification:_identify(executable_launches) by extensions ['cmake', 'python']
[0.485s] Level 1:colcon.colcon_core.package_identification:_identify(executable_launches) by extension 'cmake'
[0.485s] Level 1:colcon.colcon_core.package_identification:_identify(executable_launches) by extension 'python'
[0.485s] Level 1:colcon.colcon_core.package_identification:_identify(executable_launches) by extensions ['python_setup_py']
[0.485s] Level 1:colcon.colcon_core.package_identification:_identify(executable_launches) by extension 'python_setup_py'
[0.485s] Level 1:colcon.colcon_core.package_identification:_identify(install) by extensions ['ignore', 'ignore_ament_install']
[0.485s] Level 1:colcon.colcon_core.package_identification:_identify(install) by extension 'ignore'
[0.485s] Level 1:colcon.colcon_core.package_identification:_identify(install) ignored
[0.485s] Level 1:colcon.colcon_core.package_identification:_identify(log) by extensions ['ignore', 'ignore_ament_install']
[0.485s] Level 1:colcon.colcon_core.package_identification:_identify(log) by extension 'ignore'
[0.486s] Level 1:colcon.colcon_core.package_identification:_identify(log) ignored
[0.486s] Level 1:colcon.colcon_core.package_identification:_identify(src) by extensions ['ignore', 'ignore_ament_install']
[0.486s] Level 1:colcon.colcon_core.package_identification:_identify(src) by extension 'ignore'
[0.486s] Level 1:colcon.colcon_core.package_identification:_identify(src) by extension 'ignore_ament_install'
[0.486s] Level 1:colcon.colcon_core.package_identification:_identify(src) by extensions ['colcon_pkg']
[0.486s] Level 1:colcon.colcon_core.package_identification:_identify(src) by extension 'colcon_pkg'
[0.486s] Level 1:colcon.colcon_core.package_identification:_identify(src) by extensions ['colcon_meta']
[0.486s] Level 1:colcon.colcon_core.package_identification:_identify(src) by extension 'colcon_meta'
[0.486s] Level 1:colcon.colcon_core.package_identification:_identify(src) by extensions ['ros']
[0.486s] Level 1:colcon.colcon_core.package_identification:_identify(src) by extension 'ros'
[0.486s] Level 1:colcon.colcon_core.package_identification:_identify(src) by extensions ['cmake', 'python']
[0.487s] Level 1:colcon.colcon_core.package_identification:_identify(src) by extension 'cmake'
[0.487s] Level 1:colcon.colcon_core.package_identification:_identify(src) by extension 'python'
[0.487s] Level 1:colcon.colcon_core.package_identification:_identify(src) by extensions ['python_setup_py']
[0.487s] Level 1:colcon.colcon_core.package_identification:_identify(src) by extension 'python_setup_py'
[0.487s] Level 1:colcon.colcon_core.package_identification:_identify(src/Autonomous) by extensions ['ignore', 'ignore_ament_install']
[0.487s] Level 1:colcon.colcon_core.package_identification:_identify(src/Autonomous) by extension 'ignore'
[0.487s] Level 1:colcon.colcon_core.package_identification:_identify(src/Autonomous) by extension 'ignore_ament_install'
[0.487s] Level 1:colcon.colcon_core.package_identification:_identify(src/Autonomous) by extensions ['colcon_pkg']
[0.487s] Level 1:colcon.colcon_core.package_identification:_identify(src/Autonomous) by extension 'colcon_pkg'
[0.487s] Level 1:colcon.colcon_core.package_identification:_identify(src/Autonomous) by extensions ['colcon_meta']
[0.487s] Level 1:colcon.colcon_core.package_identification:_identify(src/Autonomous) by extension 'colcon_meta'
[0.487s] Level 1:colcon.colcon_core.package_identification:_identify(src/Autonomous) by extensions ['ros']
[0.487s] Level 1:colcon.colcon_core.package_identification:_identify(src/Autonomous) by extension 'ros'
[0.488s] Level 1:colcon.colcon_core.package_identification:_identify(src/Autonomous) by extensions ['cmake', 'python']
[0.488s] Level 1:colcon.colcon_core.package_identification:_identify(src/Autonomous) by extension 'cmake'
[0.488s] Level 1:colcon.colcon_core.package_identification:_identify(src/Autonomous) by extension 'python'
[0.488s] Level 1:colcon.colcon_core.package_identification:_identify(src/Autonomous) by extensions ['python_setup_py']
[0.488s] Level 1:colcon.colcon_core.package_identification:_identify(src/Autonomous) by extension 'python_setup_py'
[0.488s] Level 1:colcon.colcon_core.package_identification:_identify(src/Autonomous/sensors) by extensions ['ignore', 'ignore_ament_install']
[0.488s] Level 1:colcon.colcon_core.package_identification:_identify(src/Autonomous/sensors) by extension 'ignore'
[0.488s] Level 1:colcon.colcon_core.package_identification:_identify(src/Autonomous/sensors) by extension 'ignore_ament_install'
[0.488s] Level 1:colcon.colcon_core.package_identification:_identify(src/Autonomous/sensors) by extensions ['colcon_pkg']
[0.488s] Level 1:colcon.colcon_core.package_identification:_identify(src/Autonomous/sensors) by extension 'colcon_pkg'
[0.488s] Level 1:colcon.colcon_core.package_identification:_identify(src/Autonomous/sensors) by extensions ['colcon_meta']
[0.488s] Level 1:colcon.colcon_core.package_identification:_identify(src/Autonomous/sensors) by extension 'colcon_meta'
[0.488s] Level 1:colcon.colcon_core.package_identification:_identify(src/Autonomous/sensors) by extensions ['ros']
[0.489s] Level 1:colcon.colcon_core.package_identification:_identify(src/Autonomous/sensors) by extension 'ros'
[0.493s] DEBUG:colcon.colcon_core.package_identification:Package 'src/Autonomous/sensors' with type 'ros.ament_cmake' and name 'sensors'
[0.493s] Level 1:colcon.colcon_core.package_identification:_identify(src/Teleop) by extensions ['ignore', 'ignore_ament_install']
[0.493s] Level 1:colcon.colcon_core.package_identification:_identify(src/Teleop) by extension 'ignore'
[0.493s] Level 1:colcon.colcon_core.package_identification:_identify(src/Teleop) by extension 'ignore_ament_install'
[0.494s] Level 1:colcon.colcon_core.package_identification:_identify(src/Teleop) by extensions ['colcon_pkg']
[0.494s] Level 1:colcon.colcon_core.package_identification:_identify(src/Teleop) by extension 'colcon_pkg'
[0.494s] Level 1:colcon.colcon_core.package_identification:_identify(src/Teleop) by extensions ['colcon_meta']
[0.494s] Level 1:colcon.colcon_core.package_identification:_identify(src/Teleop) by extension 'colcon_meta'
[0.494s] Level 1:colcon.colcon_core.package_identification:_identify(src/Teleop) by extensions ['ros']
[0.494s] Level 1:colcon.colcon_core.package_identification:_identify(src/Teleop) by extension 'ros'
[0.494s] Level 1:colcon.colcon_core.package_identification:_identify(src/Teleop) by extensions ['cmake', 'python']
[0.494s] Level 1:colcon.colcon_core.package_identification:_identify(src/Teleop) by extension 'cmake'
[0.494s] Level 1:colcon.colcon_core.package_identification:_identify(src/Teleop) by extension 'python'
[0.494s] Level 1:colcon.colcon_core.package_identification:_identify(src/Teleop) by extensions ['python_setup_py']
[0.494s] Level 1:colcon.colcon_core.package_identification:_identify(src/Teleop) by extension 'python_setup_py'
[0.494s] Level 1:colcon.colcon_core.package_identification:_identify(src/Teleop/arm) by extensions ['ignore', 'ignore_ament_install']
[0.494s] Level 1:colcon.colcon_core.package_identification:_identify(src/Teleop/arm) by extension 'ignore'
[0.495s] Level 1:colcon.colcon_core.package_identification:_identify(src/Teleop/arm) by extension 'ignore_ament_install'
[0.495s] Level 1:colcon.colcon_core.package_identification:_identify(src/Teleop/arm) by extensions ['colcon_pkg']
[0.495s] Level 1:colcon.colcon_core.package_identification:_identify(src/Teleop/arm) by extension 'colcon_pkg'
[0.495s] Level 1:colcon.colcon_core.package_identification:_identify(src/Teleop/arm) by extensions ['colcon_meta']
[0.495s] Level 1:colcon.colcon_core.package_identification:_identify(src/Teleop/arm) by extension 'colcon_meta'
[0.495s] Level 1:colcon.colcon_core.package_identification:_identify(src/Teleop/arm) by extensions ['ros']
[0.495s] Level 1:colcon.colcon_core.package_identification:_identify(src/Teleop/arm) by extension 'ros'
[0.496s] DEBUG:colcon.colcon_core.package_identification:Package 'src/Teleop/arm' with type 'ros.ament_python' and name 'arm'
[0.496s] Level 1:colcon.colcon_core.package_identification:_identify(src/Teleop/input) by extensions ['ignore', 'ignore_ament_install']
[0.496s] Level 1:colcon.colcon_core.package_identification:_identify(src/Teleop/input) by extension 'ignore'
[0.496s] Level 1:colcon.colcon_core.package_identification:_identify(src/Teleop/input) by extension 'ignore_ament_install'
[0.496s] Level 1:colcon.colcon_core.package_identification:_identify(src/Teleop/input) by extensions ['colcon_pkg']
[0.496s] Level 1:colcon.colcon_core.package_identification:_identify(src/Teleop/input) by extension 'colcon_pkg'
[0.496s] Level 1:colcon.colcon_core.package_identification:_identify(src/Teleop/input) by extensions ['colcon_meta']
[0.496s] Level 1:colcon.colcon_core.package_identification:_identify(src/Teleop/input) by extension 'colcon_meta'
[0.496s] Level 1:colcon.colcon_core.package_identification:_identify(src/Teleop/input) by extensions ['ros']
[0.496s] Level 1:colcon.colcon_core.package_identification:_identify(src/Teleop/input) by extension 'ros'
[0.496s] DEBUG:colcon.colcon_core.package_identification:Package 'src/Teleop/input' with type 'ros.ament_python' and name 'input'
[0.497s] Level 1:colcon.colcon_core.package_identification:_identify(src/Teleop/swerve) by extensions ['ignore', 'ignore_ament_install']
[0.497s] Level 1:colcon.colcon_core.package_identification:_identify(src/Teleop/swerve) by extension 'ignore'
[0.497s] Level 1:colcon.colcon_core.package_identification:_identify(src/Teleop/swerve) by extension 'ignore_ament_install'
[0.497s] Level 1:colcon.colcon_core.package_identification:_identify(src/Teleop/swerve) by extensions ['colcon_pkg']
[0.497s] Level 1:colcon.colcon_core.package_identification:_identify(src/Teleop/swerve) by extension 'colcon_pkg'
[0.497s] Level 1:colcon.colcon_core.package_identification:_identify(src/Teleop/swerve) by extensions ['colcon_meta']
[0.497s] Level 1:colcon.colcon_core.package_identification:_identify(src/Teleop/swerve) by extension 'colcon_meta'
[0.497s] Level 1:colcon.colcon_core.package_identification:_identify(src/Teleop/swerve) by extensions ['ros']
[0.497s] Level 1:colcon.colcon_core.package_identification:_identify(src/Teleop/swerve) by extension 'ros'
[0.497s] DEBUG:colcon.colcon_core.package_identification:Package 'src/Teleop/swerve' with type 'ros.ament_python' and name 'swerve'
[0.497s] Level 1:colcon.colcon_core.package_discovery:discover_packages(recursive) using defaults
[0.498s] Level 1:colcon.colcon_core.package_discovery:discover_packages(ignore) discover
[0.498s] Level 1:colcon.colcon_core.package_discovery:discover_packages(ignore) using defaults
[0.498s] Level 1:colcon.colcon_core.package_discovery:discover_packages(path) discover
[0.498s] Level 1:colcon.colcon_core.package_discovery:discover_packages(path) using defaults
[0.547s] Level 1:colcon.colcon_core.package_discovery:discover_packages(prefix_path) check parameters
[0.547s] Level 1:colcon.colcon_core.package_discovery:discover_packages(prefix_path) discover
[0.585s] DEBUG:colcon.colcon_installed_package_information.package_discovery:Found 363 installed packages in /home/balabalu/ros2_jazzy/install
[0.607s] Level 1:colcon.colcon_core.package_discovery:discover_packages(prefix_path) using defaults
[0.661s] Level 5:colcon.colcon_core.verb:set package 'arm' build argument 'cmake_args' from command line to 'None'
[0.661s] Level 5:colcon.colcon_core.verb:set package 'arm' build argument 'cmake_target' from command line to 'None'
[0.661s] Level 5:colcon.colcon_core.verb:set package 'arm' build argument 'cmake_target_skip_unavailable' from command line to 'False'
[0.661s] Level 5:colcon.colcon_core.verb:set package 'arm' build argument 'cmake_clean_cache' from command line to 'False'
[0.661s] Level 5:colcon.colcon_core.verb:set package 'arm' build argument 'cmake_clean_first' from command line to 'False'
[0.661s] Level 5:colcon.colcon_core.verb:set package 'arm' build argument 'cmake_force_configure' from command line to 'False'
[0.661s] Level 5:colcon.colcon_core.verb:set package 'arm' build argument 'ament_cmake_args' from command line to 'None'
[0.661s] Level 5:colcon.colcon_core.verb:set package 'arm' build argument 'catkin_cmake_args' from command line to 'None'
[0.661s] Level 5:colcon.colcon_core.verb:set package 'arm' build argument 'catkin_skip_building_tests' from command line to 'False'
[0.661s] DEBUG:colcon.colcon_core.verb:Building package 'arm' with the following arguments: {'ament_cmake_args': None, 'build_base': '/home/balabalu/workspace/WRoverSoftware/build/arm', 'catkin_cmake_args': None, 'catkin_skip_building_tests': False, 'cmake_args': None, 'cmake_clean_cache': False, 'cmake_clean_first': False, 'cmake_force_configure': False, 'cmake_target': None, 'cmake_target_skip_unavailable': False, 'install_base': '/home/balabalu/workspace/WRoverSoftware/install/arm', 'merge_install': False, 'path': '/home/balabalu/workspace/WRoverSoftware/src/Teleop/arm', 'symlink_install': False, 'test_result_base': None}
[0.662s] Level 5:colcon.colcon_core.verb:set package 'input' build argument 'cmake_args' from command line to 'None'
[0.662s] Level 5:colcon.colcon_core.verb:set package 'input' build argument 'cmake_target' from command line to 'None'
[0.662s] Level 5:colcon.colcon_core.verb:set package 'input' build argument 'cmake_target_skip_unavailable' from command line to 'False'
[0.662s] Level 5:colcon.colcon_core.verb:set package 'input' build argument 'cmake_clean_cache' from command line to 'False'
[0.662s] Level 5:colcon.colcon_core.verb:set package 'input' build argument 'cmake_clean_first' from command line to 'False'
[0.662s] Level 5:colcon.colcon_core.verb:set package 'input' build argument 'cmake_force_configure' from command line to 'False'
[0.662s] Level 5:colcon.colcon_core.verb:set package 'input' build argument 'ament_cmake_args' from command line to 'None'
[0.662s] Level 5:colcon.colcon_core.verb:set package 'input' build argument 'catkin_cmake_args' from command line to 'None'
[0.662s] Level 5:colcon.colcon_core.verb:set package 'input' build argument 'catkin_skip_building_tests' from command line to 'False'
[0.662s] DEBUG:colcon.colcon_core.verb:Building package 'input' with the following arguments: {'ament_cmake_args': None, 'build_base': '/home/balabalu/workspace/WRoverSoftware/build/input', 'catkin_cmake_args': None, 'catkin_skip_building_tests': False, 'cmake_args': None, 'cmake_clean_cache': False, 'cmake_clean_first': False, 'cmake_force_configure': False, 'cmake_target': None, 'cmake_target_skip_unavailable': False, 'install_base': '/home/balabalu/workspace/WRoverSoftware/install/input', 'merge_install': False, 'path': '/home/balabalu/workspace/WRoverSoftware/src/Teleop/input', 'symlink_install': False, 'test_result_base': None}
[0.662s] Level 5:colcon.colcon_core.verb:set package 'sensors' build argument 'cmake_args' from command line to 'None'
[0.663s] Level 5:colcon.colcon_core.verb:set package 'sensors' build argument 'cmake_target' from command line to 'None'
[0.663s] Level 5:colcon.colcon_core.verb:set package 'sensors' build argument 'cmake_target_skip_unavailable' from command line to 'False'
[0.663s] Level 5:colcon.colcon_core.verb:set package 'sensors' build argument 'cmake_clean_cache' from command line to 'False'
[0.663s] Level 5:colcon.colcon_core.verb:set package 'sensors' build argument 'cmake_clean_first' from command line to 'False'
[0.663s] Level 5:colcon.colcon_core.verb:set package 'sensors' build argument 'cmake_force_configure' from command line to 'False'
[0.663s] Level 5:colcon.colcon_core.verb:set package 'sensors' build argument 'ament_cmake_args' from command line to 'None'
[0.663s] Level 5:colcon.colcon_core.verb:set package 'sensors' build argument 'catkin_cmake_args' from command line to 'None'
[0.663s] Level 5:colcon.colcon_core.verb:set package 'sensors' build argument 'catkin_skip_building_tests' from command line to 'False'
[0.663s] DEBUG:colcon.colcon_core.verb:Building package 'sensors' with the following arguments: {'ament_cmake_args': None, 'build_base': '/home/balabalu/workspace/WRoverSoftware/build/sensors', 'catkin_cmake_args': None, 'catkin_skip_building_tests': False, 'cmake_args': None, 'cmake_clean_cache': False, 'cmake_clean_first': False, 'cmake_force_configure': False, 'cmake_target': None, 'cmake_target_skip_unavailable': False, 'install_base': '/home/balabalu/workspace/WRoverSoftware/install/sensors', 'merge_install': False, 'path': '/home/balabalu/workspace/WRoverSoftware/src/Autonomous/sensors', 'symlink_install': False, 'test_result_base': None}
[0.663s] Level 5:colcon.colcon_core.verb:set package 'swerve' build argument 'cmake_args' from command line to 'None'
[0.663s] Level 5:colcon.colcon_core.verb:set package 'swerve' build argument 'cmake_target' from command line to 'None'
[0.663s] Level 5:colcon.colcon_core.verb:set package 'swerve' build argument 'cmake_target_skip_unavailable' from command line to 'False'
[0.663s] Level 5:colcon.colcon_core.verb:set package 'swerve' build argument 'cmake_clean_cache' from command line to 'False'
[0.664s] Level 5:colcon.colcon_core.verb:set package 'swerve' build argument 'cmake_clean_first' from command line to 'False'
[0.664s] Level 5:colcon.colcon_core.verb:set package 'swerve' build argument 'cmake_force_configure' from command line to 'False'
[0.664s] Level 5:colcon.colcon_core.verb:set package 'swerve' build argument 'ament_cmake_args' from command line to 'None'
[0.664s] Level 5:colcon.colcon_core.verb:set package 'swerve' build argument 'catkin_cmake_args' from command line to 'None'
[0.664s] Level 5:colcon.colcon_core.verb:set package 'swerve' build argument 'catkin_skip_building_tests' from command line to 'False'
[0.664s] DEBUG:colcon.colcon_core.verb:Building package 'swerve' with the following arguments: {'ament_cmake_args': None, 'build_base': '/home/balabalu/workspace/WRoverSoftware/build/swerve', 'catkin_cmake_args': None, 'catkin_skip_building_tests': False, 'cmake_args': None, 'cmake_clean_cache': False, 'cmake_clean_first': False, 'cmake_force_configure': False, 'cmake_target': None, 'cmake_target_skip_unavailable': False, 'install_base': '/home/balabalu/workspace/WRoverSoftware/install/swerve', 'merge_install': False, 'path': '/home/balabalu/workspace/WRoverSoftware/src/Teleop/swerve', 'symlink_install': False, 'test_result_base': None}
[0.664s] INFO:colcon.colcon_core.executor:Executing jobs using 'parallel' executor
[0.666s] DEBUG:colcon.colcon_parallel_executor.executor.parallel:run_until_complete
[0.667s] INFO:colcon.colcon_ros.task.ament_python.build:Building ROS package in '/home/balabalu/workspace/WRoverSoftware/src/Teleop/arm' with build type 'ament_python'
[0.667s] Level 1:colcon.colcon_core.shell:create_environment_hook('arm', 'ament_prefix_path')
[0.682s] INFO:colcon.colcon_core.plugin_system:Skipping extension 'colcon_core.shell.bat': Not used on non-Windows systems
[0.685s] INFO:colcon.colcon_core.shell:Creating environment hook '/home/balabalu/workspace/WRoverSoftware/install/arm/share/arm/hook/ament_prefix_path.ps1'
[0.688s] INFO:colcon.colcon_core.shell:Creating environment descriptor '/home/balabalu/workspace/WRoverSoftware/install/arm/share/arm/hook/ament_prefix_path.dsv'
[0.689s] INFO:colcon.colcon_core.shell:Creating environment hook '/home/balabalu/workspace/WRoverSoftware/install/arm/share/arm/hook/ament_prefix_path.sh'
[0.690s] INFO:colcon.colcon_core.shell:Skip shell extension 'powershell' for command environment: Not usable outside of PowerShell
[0.690s] DEBUG:colcon.colcon_core.shell:Skip shell extension 'dsv' for command environment
[0.741s] INFO:colcon.colcon_ros.task.ament_python.build:Building ROS package in '/home/balabalu/workspace/WRoverSoftware/src/Teleop/input' with build type 'ament_python'
[0.741s] Level 1:colcon.colcon_core.shell:create_environment_hook('input', 'ament_prefix_path')
[0.742s] INFO:colcon.colcon_core.shell:Creating environment hook '/home/balabalu/workspace/WRoverSoftware/install/input/share/input/hook/ament_prefix_path.ps1'
[0.744s] INFO:colcon.colcon_core.shell:Creating environment descriptor '/home/balabalu/workspace/WRoverSoftware/install/input/share/input/hook/ament_prefix_path.dsv'
[0.745s] INFO:colcon.colcon_core.shell:Creating environment hook '/home/balabalu/workspace/WRoverSoftware/install/input/share/input/hook/ament_prefix_path.sh'
[0.747s] INFO:colcon.colcon_core.shell:Skip shell extension 'powershell' for command environment: Not usable outside of PowerShell
[0.747s] DEBUG:colcon.colcon_core.shell:Skip shell extension 'dsv' for command environment
[0.795s] INFO:colcon.colcon_ros.task.ament_cmake.build:Building ROS package in '/home/balabalu/workspace/WRoverSoftware/src/Autonomous/sensors' with build type 'ament_cmake'
[0.796s] INFO:colcon.colcon_cmake.task.cmake.build:Building CMake package in '/home/balabalu/workspace/WRoverSoftware/src/Autonomous/sensors'
[0.796s] INFO:colcon.colcon_core.shell:Skip shell extension 'powershell' for command environment: Not usable outside of PowerShell
[0.796s] DEBUG:colcon.colcon_core.shell:Skip shell extension 'dsv' for command environment
[0.852s] INFO:colcon.colcon_ros.task.ament_python.build:Building ROS package in '/home/balabalu/workspace/WRoverSoftware/src/Teleop/swerve' with build type 'ament_python'
[0.852s] Level 1:colcon.colcon_core.shell:create_environment_hook('swerve', 'ament_prefix_path')
[0.853s] INFO:colcon.colcon_core.shell:Creating environment hook '/home/balabalu/workspace/WRoverSoftware/install/swerve/share/swerve/hook/ament_prefix_path.ps1'
[0.854s] INFO:colcon.colcon_core.shell:Creating environment descriptor '/home/balabalu/workspace/WRoverSoftware/install/swerve/share/swerve/hook/ament_prefix_path.dsv'
[0.855s] INFO:colcon.colcon_core.shell:Creating environment hook '/home/balabalu/workspace/WRoverSoftware/install/swerve/share/swerve/hook/ament_prefix_path.sh'
[0.856s] INFO:colcon.colcon_core.shell:Skip shell extension 'powershell' for command environment: Not usable outside of PowerShell
[0.856s] DEBUG:colcon.colcon_core.shell:Skip shell extension 'dsv' for command environment
[1.601s] INFO:colcon.colcon_core.task.python.build:Building Python package in '/home/balabalu/workspace/WRoverSoftware/src/Teleop/arm'
[1.602s] INFO:colcon.colcon_core.shell:Skip shell extension 'powershell' for command environment: Not usable outside of PowerShell
[1.602s] DEBUG:colcon.colcon_core.shell:Skip shell extension 'dsv' for command environment
[2.247s] INFO:colcon.colcon_core.task.python.build:Building Python package in '/home/balabalu/workspace/WRoverSoftware/src/Teleop/input'
[2.248s] INFO:colcon.colcon_core.shell:Skip shell extension 'powershell' for command environment: Not usable outside of PowerShell
[2.249s] DEBUG:colcon.colcon_core.shell:Skip shell extension 'dsv' for command environment
[2.288s] DEBUG:colcon.colcon_core.event_handler.log_command:Invoking command in '/home/balabalu/workspace/WRoverSoftware/build/sensors': CMAKE_PREFIX_PATH=${CMAKE_PREFIX_PATH}:/home/balabalu/ros2_jazzy/install/rqt_bag_plugins:/home/balabalu/ros2_jazzy/install/rqt_bag:/home/balabalu/ros2_jazzy/install/rosbag2_examples_py:/home/balabalu/ros2_jazzy/install/launch_testing_examples:/home/balabalu/ros2_jazzy/install/ros2bag:/home/balabalu/ros2_jazzy/install/tracetools_test:/home/balabalu/ros2_jazzy/install/tracetools_launch:/home/balabalu/ros2_jazzy/install/topic_monitor:/home/balabalu/ros2_jazzy/install/tf2_tools:/home/balabalu/ros2_jazzy/install/examples_tf2_py:/home/balabalu/ros2_jazzy/install/tf2_ros_py:/home/balabalu/ros2_jazzy/install/examples_rclpy_pointcloud_publisher:/home/balabalu/ros2_jazzy/install/sensor_msgs_py:/home/balabalu/ros2_jazzy/install/quality_of_service_demo_py:/home/balabalu/ros2_jazzy/install/rqt_plot:/home/balabalu/ros2_jazzy/install/ros2doctor:/home/balabalu/ros2_jazzy/install/lifecycle_py:/home/balabalu/ros2_jazzy/install/examples_rclpy_minimal_subscriber:/home/balabalu/ros2_jazzy/install/examples_rclpy_minimal_service:/home/balabalu/ros2_jazzy/install/examples_rclpy_minimal_publisher:/home/balabalu/ros2_jazzy/install/examples_rclpy_minimal_client:/home/balabalu/ros2_jazzy/install/examples_rclpy_executors:/home/balabalu/ros2_jazzy/install/demo_nodes_py:/home/balabalu/ros2_jazzy/install/rqt:/home/balabalu/ros2_jazzy/install/ros2component:/home/balabalu/ros2_jazzy/install/sros2:/home/balabalu/ros2_jazzy/install/rqt_topic:/home/balabalu/ros2_jazzy/install/rqt_srv:/home/balabalu/ros2_jazzy/install/rqt_shell:/home/balabalu/ros2_jazzy/install/rqt_service_caller:/home/balabalu/ros2_jazzy/install/rqt_reconfigure:/home/balabalu/ros2_jazzy/install/rqt_py_console:/home/balabalu/ros2_jazzy/install/rqt_publisher:/home/balabalu/ros2_jazzy/install/rqt_action:/home/balabalu/ros2_jazzy/install/rqt_msg:/home/balabalu/ros2_jazzy/install/rqt_console:/home/balabalu/ros2_jazzy/install/rqt_graph:/home/balabalu/ros2_jazzy/install/rqt_gui_py:/home/balabalu/ros2_jazzy/install/rqt_gui:/home/balabalu/ros2_jazzy/install/ros2trace:/home/balabalu/ros2_jazzy/install/ros2topic:/home/balabalu/ros2_jazzy/install/ros2test:/home/balabalu/ros2_jazzy/install/ros2param:/home/balabalu/ros2_jazzy/install/ros2lifecycle:/home/balabalu/ros2_jazzy/install/ros2service:/home/balabalu/ros2_jazzy/install/ros2run:/home/balabalu/ros2_jazzy/install/ros2launch:/home/balabalu/ros2_jazzy/install/ros2pkg:/home/balabalu/ros2_jazzy/install/ros2node:/home/balabalu/ros2_jazzy/install/ros2multicast:/home/balabalu/ros2_jazzy/install/ros2interface:/home/balabalu/ros2_jazzy/install/ros2action:/home/balabalu/ros2_jazzy/install/ros2cli:/home/balabalu/ros2_jazzy/install/launch_testing_ros:/home/balabalu/ros2_jazzy/install/launch_ros:/home/balabalu/ros2_jazzy/install/examples_rclpy_minimal_action_server:/home/balabalu/ros2_jazzy/install/examples_rclpy_minimal_action_client:/home/balabalu/ros2_jazzy/install/examples_rclpy_guard_conditions:/home/balabalu/ros2_jazzy/install/action_tutorials_py:/home/balabalu/ros2_jazzy/install/ament_uncrustify:/home/balabalu/ros2_jazzy/install/tracetools_trace:/home/balabalu/ros2_jazzy/install/tracetools_read:/home/balabalu/ros2_jazzy/install/test_tracetools_launch:/home/balabalu/ros2_jazzy/install/test_ros2trace:/home/balabalu/ros2_jazzy/install/test_launch_ros:/home/balabalu/ros2_jazzy/install/rpyutils:/home/balabalu/ros2_jazzy/install/rosidl_runtime_py:/home/balabalu/ros2_jazzy/install/rosidl_pycommon:/home/balabalu/ros2_jazzy/install/rosidl_cli:/home/balabalu/ros2_jazzy/install/launch_pytest:/home/balabalu/ros2_jazzy/install/launch_testing:/home/balabalu/ros2_jazzy/install/launch_yaml:/home/balabalu/ros2_jazzy/install/launch_xml:/home/balabalu/ros2_jazzy/install/launch:/home/balabalu/ros2_jazzy/install/osrf_pycommon:/home/balabalu/ros2_jazzy/install/domain_coordinator:/home/balabalu/ros2_jazzy/install/ament_xmllint:/home/balabalu/ros2_jazzy/install/ament_pyflakes:/home/balabalu/ros2_jazzy/install/ament_pycodestyle:/home/balabalu/ros2_jazzy/install/ament_pep257:/home/balabalu/ros2_jazzy/install/ament_pclint:/home/balabalu/ros2_jazzy/install/ament_package:/home/balabalu/ros2_jazzy/install/ament_mypy:/home/balabalu/ros2_jazzy/install/ament_lint_cmake:/home/balabalu/ros2_jazzy/install/ament_flake8:/home/balabalu/ros2_jazzy/install/ament_copyright:/home/balabalu/ros2_jazzy/install/ament_lint:/home/balabalu/ros2_jazzy/install/ament_index_python:/home/balabalu/ros2_jazzy/install/ament_cpplint:/home/balabalu/ros2_jazzy/install/ament_cppcheck:/home/balabalu/ros2_jazzy/install/ament_clang_tidy:/home/balabalu/ros2_jazzy/install/ament_clang_format DEBUGINFOD_URLS=https://debuginfod.ubuntu.com /usr/bin/cmake /home/balabalu/workspace/WRoverSoftware/src/Autonomous/sensors -DCMAKE_INSTALL_PREFIX=/home/balabalu/workspace/WRoverSoftware/install/sensors
[3.109s] INFO:colcon.colcon_core.task.python.build:Building Python package in '/home/balabalu/workspace/WRoverSoftware/src/Teleop/swerve'
[3.113s] INFO:colcon.colcon_core.shell:Skip shell extension 'powershell' for command environment: Not usable outside of PowerShell
[3.113s] DEBUG:colcon.colcon_core.shell:Skip shell extension 'dsv' for command environment
[4.840s] DEBUG:colcon.colcon_core.event_handler.log_command:Invoking command in '/home/balabalu/workspace/WRoverSoftware/src/Teleop/swerve': DEBUGINFOD_URLS=https://debuginfod.ubuntu.com PYTHONPATH=/home/balabalu/workspace/WRoverSoftware/build/swerve/prefix_override:/home/balabalu/workspace/WRoverSoftware/install/swerve/lib/python3.12/site-packages:${PYTHONPATH} /usr/bin/python3 -W ignore:setup.py install is deprecated setup.py egg_info --egg-base ../../../build/swerve build --build-base /home/balabalu/workspace/WRoverSoftware/build/swerve/build install --record /home/balabalu/workspace/WRoverSoftware/build/swerve/install.log --single-version-externally-managed install_data
[4.913s] DEBUG:colcon.colcon_core.event_handler.log_command:Invoking command in '/home/balabalu/workspace/WRoverSoftware/src/Teleop/arm': DEBUGINFOD_URLS=https://debuginfod.ubuntu.com PYTHONPATH=/home/balabalu/workspace/WRoverSoftware/build/arm/prefix_override:/home/balabalu/workspace/WRoverSoftware/install/arm/lib/python3.12/site-packages:${PYTHONPATH} /usr/bin/python3 -W ignore:setup.py install is deprecated setup.py egg_info --egg-base ../../../build/arm build --build-base /home/balabalu/workspace/WRoverSoftware/build/arm/build install --record /home/balabalu/workspace/WRoverSoftware/build/arm/install.log --single-version-externally-managed install_data
[5.008s] DEBUG:colcon.colcon_core.event_handler.log_command:Invoking command in '/home/balabalu/workspace/WRoverSoftware/src/Teleop/input': DEBUGINFOD_URLS=https://debuginfod.ubuntu.com PYTHONPATH=/home/balabalu/workspace/WRoverSoftware/build/input/prefix_override:/home/balabalu/workspace/WRoverSoftware/install/input/lib/python3.12/site-packages:${PYTHONPATH} /usr/bin/python3 -W ignore:setup.py install is deprecated setup.py egg_info --egg-base ../../../build/input build --build-base /home/balabalu/workspace/WRoverSoftware/build/input/build install --record /home/balabalu/workspace/WRoverSoftware/build/input/install.log --single-version-externally-managed install_data
[6.672s] DEBUG:colcon.colcon_core.event_handler.log_command:Invoked command in '/home/balabalu/workspace/WRoverSoftware/src/Teleop/arm' returned '0': DEBUGINFOD_URLS=https://debuginfod.ubuntu.com PYTHONPATH=/home/balabalu/workspace/WRoverSoftware/build/arm/prefix_override:/home/balabalu/workspace/WRoverSoftware/install/arm/lib/python3.12/site-packages:${PYTHONPATH} /usr/bin/python3 -W ignore:setup.py install is deprecated setup.py egg_info --egg-base ../../../build/arm build --build-base /home/balabalu/workspace/WRoverSoftware/build/arm/build install --record /home/balabalu/workspace/WRoverSoftware/build/arm/install.log --single-version-externally-managed install_data
[6.696s] Level 1:colcon.colcon_core.environment:checking '/home/balabalu/workspace/WRoverSoftware/install/arm' for CMake module files
[6.697s] Level 1:colcon.colcon_core.environment:checking '/home/balabalu/workspace/WRoverSoftware/install/arm' for CMake config files
[6.698s] Level 1:colcon.colcon_core.environment:checking '/home/balabalu/workspace/WRoverSoftware/install/arm/lib'
[6.698s] Level 1:colcon.colcon_core.environment:checking '/home/balabalu/workspace/WRoverSoftware/install/arm/bin'
[6.698s] Level 1:colcon.colcon_core.environment:checking '/home/balabalu/workspace/WRoverSoftware/install/arm/lib/pkgconfig/arm.pc'
[6.699s] Level 1:colcon.colcon_core.environment:checking '/home/balabalu/workspace/WRoverSoftware/install/arm/lib/python3.12/site-packages'
[6.699s] Level 1:colcon.colcon_core.shell:create_environment_hook('arm', 'pythonpath')
[6.699s] INFO:colcon.colcon_core.shell:Creating environment hook '/home/balabalu/workspace/WRoverSoftware/install/arm/share/arm/hook/pythonpath.ps1'
[6.699s] INFO:colcon.colcon_core.shell:Creating environment descriptor '/home/balabalu/workspace/WRoverSoftware/install/arm/share/arm/hook/pythonpath.dsv'
[6.700s] INFO:colcon.colcon_core.shell:Creating environment hook '/home/balabalu/workspace/WRoverSoftware/install/arm/share/arm/hook/pythonpath.sh'
[6.700s] Level 1:colcon.colcon_core.environment:checking '/home/balabalu/workspace/WRoverSoftware/install/arm/bin'
[6.700s] Level 1:colcon.colcon_core.environment:create_environment_scripts_only(arm)
[6.700s] INFO:colcon.colcon_core.shell:Creating package script '/home/balabalu/workspace/WRoverSoftware/install/arm/share/arm/package.ps1'
[6.701s] INFO:colcon.colcon_core.shell:Creating package descriptor '/home/balabalu/workspace/WRoverSoftware/install/arm/share/arm/package.dsv'
[6.702s] INFO:colcon.colcon_core.shell:Creating package script '/home/balabalu/workspace/WRoverSoftware/install/arm/share/arm/package.sh'
[6.702s] INFO:colcon.colcon_core.shell:Creating package script '/home/balabalu/workspace/WRoverSoftware/install/arm/share/arm/package.bash'
[6.703s] INFO:colcon.colcon_core.shell:Creating package script '/home/balabalu/workspace/WRoverSoftware/install/arm/share/arm/package.zsh'
[6.703s] Level 1:colcon.colcon_core.environment:create_file_with_runtime_dependencies(/home/balabalu/workspace/WRoverSoftware/install/arm/share/colcon-core/packages/arm)
[6.705s] DEBUG:colcon.colcon_core.event_handler.log_command:Invoked command in '/home/balabalu/workspace/WRoverSoftware/src/Teleop/swerve' returned '1': DEBUGINFOD_URLS=https://debuginfod.ubuntu.com PYTHONPATH=/home/balabalu/workspace/WRoverSoftware/build/swerve/prefix_override:/home/balabalu/workspace/WRoverSoftware/install/swerve/lib/python3.12/site-packages:${PYTHONPATH} /usr/bin/python3 -W ignore:setup.py install is deprecated setup.py egg_info --egg-base ../../../build/swerve build --build-base /home/balabalu/workspace/WRoverSoftware/build/swerve/build install --record /home/balabalu/workspace/WRoverSoftware/build/swerve/install.log --single-version-externally-managed install_data
[7.623s] DEBUG:colcon.colcon_parallel_executor.executor.parallel:closing loop
[7.629s] DEBUG:colcon.colcon_parallel_executor.executor.parallel:loop closed
[7.630s] DEBUG:colcon.colcon_parallel_executor.executor.parallel:run_until_complete finished with '1'
[7.633s] DEBUG:colcon.colcon_core.event_reactor:joining thread
[7.657s] INFO:colcon.colcon_core.plugin_system:Skipping extension 'colcon_notification.desktop_notification.terminal_notifier': Not used on non-Darwin systems
[7.657s] INFO:colcon.colcon_core.plugin_system:Skipping extension 'colcon_notification.desktop_notification.win32': Not used on non-Windows systems
[7.658s] INFO:colcon.colcon_notification.desktop_notification:Sending desktop notification using 'notify2'
[7.693s] DEBUG:colcon.colcon_core.event_reactor:joined thread
[7.693s] INFO:colcon.colcon_core.shell:Creating prefix script '/home/balabalu/workspace/WRoverSoftware/install/local_setup.ps1'
[7.695s] INFO:colcon.colcon_core.shell:Creating prefix util module '/home/balabalu/workspace/WRoverSoftware/install/_local_setup_util_ps1.py'
[7.699s] INFO:colcon.colcon_core.shell:Creating prefix chain script '/home/balabalu/workspace/WRoverSoftware/install/setup.ps1'
[7.726s] INFO:colcon.colcon_core.shell:Creating prefix script '/home/balabalu/workspace/WRoverSoftware/install/local_setup.sh'
[7.727s] INFO:colcon.colcon_core.shell:Creating prefix util module '/home/balabalu/workspace/WRoverSoftware/install/_local_setup_util_sh.py'
[7.728s] INFO:colcon.colcon_core.shell:Creating prefix chain script '/home/balabalu/workspace/WRoverSoftware/install/setup.sh'
[7.752s] INFO:colcon.colcon_core.shell:Creating prefix script '/home/balabalu/workspace/WRoverSoftware/install/local_setup.bash'
[7.753s] INFO:colcon.colcon_core.shell:Creating prefix chain script '/home/balabalu/workspace/WRoverSoftware/install/setup.bash'
[7.773s] INFO:colcon.colcon_core.shell:Creating prefix script '/home/balabalu/workspace/WRoverSoftware/install/local_setup.zsh'
[7.774s] INFO:colcon.colcon_core.shell:Creating prefix chain script '/home/balabalu/workspace/WRoverSoftware/install/setup.zsh'
