[0.267s] DEBUG:colcon:Command line arguments: ['/usr/bin/colcon', 'build']
[0.267s] DEBUG:colcon:Parsed command line arguments: Namespace(log_base=None, log_level=None, verb_name='build', build_base='build', install_base='install', merge_install=False, symlink_install=False, test_result_base=None, continue_on_error=False, executor='parallel', parallel_workers=5, event_handlers=None, ignore_user_meta=False, metas=['./colcon.meta'], base_paths=['.'], packages_ignore=None, packages_ignore_regex=None, paths=None, packages_up_to=None, packages_up_to_regex=None, packages_above=None, packages_above_and_dependencies=None, packages_above_depth=None, packages_select_by_dep=None, packages_skip_by_dep=None, packages_skip_up_to=None, packages_select_build_failed=False, packages_skip_build_finished=False, packages_select_test_failures=False, packages_skip_test_passed=False, packages_select=None, packages_skip=None, packages_select_regex=None, packages_skip_regex=None, packages_start=None, packages_end=None, allow_overriding=[], cmake_args=None, cmake_target=None, cmake_target_skip_unavailable=False, cmake_clean_cache=False, cmake_clean_first=False, cmake_force_configure=False, ament_cmake_args=None, catkin_cmake_args=None, catkin_skip_building_tests=False, mixin_files=None, mixin=None, verb_parser=<colcon_mixin.mixin.mixin_argument.MixinArgumentDecorator object at 0x7c88aa2e2300>, verb_extension=<colcon_core.verb.build.BuildVerb object at 0x7c88aa205b80>, main=<bound method BuildVerb.main of <colcon_core.verb.build.BuildVerb object at 0x7c88aa205b80>>, mixin_verb=('build',))
[0.340s] Level 1:colcon.colcon_core.package_discovery:discover_packages(colcon_meta) check parameters
[0.341s] Level 1:colcon.colcon_core.package_discovery:discover_packages(recursive) check parameters
[0.341s] Level 1:colcon.colcon_core.package_discovery:discover_packages(ignore) check parameters
[0.341s] Level 1:colcon.colcon_core.package_discovery:discover_packages(path) check parameters
[0.341s] Level 1:colcon.colcon_core.package_discovery:discover_packages(colcon_meta) discover
[0.341s] Level 1:colcon.colcon_core.package_discovery:discover_packages(recursive) discover
[0.341s] INFO:colcon.colcon_core.package_discovery:Crawling recursively for packages in '/home/balabalu/workspace/WRoverSoftware'
[0.342s] Level 1:colcon.colcon_core.package_identification:_identify(.) by extensions ['ignore', 'ignore_ament_install']
[0.342s] Level 1:colcon.colcon_core.package_identification:_identify(.) by extension 'ignore'
[0.342s] Level 1:colcon.colcon_core.package_identification:_identify(.) by extension 'ignore_ament_install'
[0.342s] Level 1:colcon.colcon_core.package_identification:_identify(.) by extensions ['colcon_pkg']
[0.342s] Level 1:colcon.colcon_core.package_identification:_identify(.) by extension 'colcon_pkg'
[0.343s] Level 1:colcon.colcon_core.package_identification:_identify(.) by extensions ['colcon_meta']
[0.343s] Level 1:colcon.colcon_core.package_identification:_identify(.) by extension 'colcon_meta'
[0.343s] Level 1:colcon.colcon_core.package_identification:_identify(.) by extensions ['ros']
[0.343s] Level 1:colcon.colcon_core.package_identification:_identify(.) by extension 'ros'
[0.395s] Level 1:colcon.colcon_core.package_identification:_identify(.) by extensions ['cmake', 'python']
[0.396s] Level 1:colcon.colcon_core.package_identification:_identify(.) by extension 'cmake'
[0.396s] Level 1:colcon.colcon_core.package_identification:_identify(.) by extension 'python'
[0.396s] Level 1:colcon.colcon_core.package_identification:_identify(.) by extensions ['python_setup_py']
[0.396s] Level 1:colcon.colcon_core.package_identification:_identify(.) by extension 'python_setup_py'
[0.397s] Level 1:colcon.colcon_core.package_identification:_identify(build) by extensions ['ignore', 'ignore_ament_install']
[0.397s] Level 1:colcon.colcon_core.package_identification:_identify(build) by extension 'ignore'
[0.397s] Level 1:colcon.colcon_core.package_identification:_identify(build) ignored
[0.398s] Level 1:colcon.colcon_core.package_identification:_identify(executable_launches) by extensions ['ignore', 'ignore_ament_install']
[0.398s] Level 1:colcon.colcon_core.package_identification:_identify(executable_launches) by extension 'ignore'
[0.398s] Level 1:colcon.colcon_core.package_identification:_identify(executable_launches) by extension 'ignore_ament_install'
[0.399s] Level 1:colcon.colcon_core.package_identification:_identify(executable_launches) by extensions ['colcon_pkg']
[0.399s] Level 1:colcon.colcon_core.package_identification:_identify(executable_launches) by extension 'colcon_pkg'
[0.399s] Level 1:colcon.colcon_core.package_identification:_identify(executable_launches) by extensions ['colcon_meta']
[0.399s] Level 1:colcon.colcon_core.package_identification:_identify(executable_launches) by extension 'colcon_meta'
[0.399s] Level 1:colcon.colcon_core.package_identification:_identify(executable_launches) by extensions ['ros']
[0.399s] Level 1:colcon.colcon_core.package_identification:_identify(executable_launches) by extension 'ros'
[0.399s] Level 1:colcon.colcon_core.package_identification:_identify(executable_launches) by extensions ['cmake', 'python']
[0.399s] Level 1:colcon.colcon_core.package_identification:_identify(executable_launches) by extension 'cmake'
[0.399s] Level 1:colcon.colcon_core.package_identification:_identify(executable_launches) by extension 'python'
[0.399s] Level 1:colcon.colcon_core.package_identification:_identify(executable_launches) by extensions ['python_setup_py']
[0.399s] Level 1:colcon.colcon_core.package_identification:_identify(executable_launches) by extension 'python_setup_py'
[0.399s] Level 1:colcon.colcon_core.package_identification:_identify(install) by extensions ['ignore', 'ignore_ament_install']
[0.399s] Level 1:colcon.colcon_core.package_identification:_identify(install) by extension 'ignore'
[0.400s] Level 1:colcon.colcon_core.package_identification:_identify(install) ignored
[0.400s] Level 1:colcon.colcon_core.package_identification:_identify(log) by extensions ['ignore', 'ignore_ament_install']
[0.400s] Level 1:colcon.colcon_core.package_identification:_identify(log) by extension 'ignore'
[0.400s] Level 1:colcon.colcon_core.package_identification:_identify(log) ignored
[0.400s] Level 1:colcon.colcon_core.package_identification:_identify(src) by extensions ['ignore', 'ignore_ament_install']
[0.401s] Level 1:colcon.colcon_core.package_identification:_identify(src) by extension 'ignore'
[0.401s] Level 1:colcon.colcon_core.package_identification:_identify(src) by extension 'ignore_ament_install'
[0.401s] Level 1:colcon.colcon_core.package_identification:_identify(src) by extensions ['colcon_pkg']
[0.401s] Level 1:colcon.colcon_core.package_identification:_identify(src) by extension 'colcon_pkg'
[0.401s] Level 1:colcon.colcon_core.package_identification:_identify(src) by extensions ['colcon_meta']
[0.401s] Level 1:colcon.colcon_core.package_identification:_identify(src) by extension 'colcon_meta'
[0.401s] Level 1:colcon.colcon_core.package_identification:_identify(src) by extensions ['ros']
[0.401s] Level 1:colcon.colcon_core.package_identification:_identify(src) by extension 'ros'
[0.401s] Level 1:colcon.colcon_core.package_identification:_identify(src) by extensions ['cmake', 'python']
[0.402s] Level 1:colcon.colcon_core.package_identification:_identify(src) by extension 'cmake'
[0.402s] Level 1:colcon.colcon_core.package_identification:_identify(src) by extension 'python'
[0.402s] Level 1:colcon.colcon_core.package_identification:_identify(src) by extensions ['python_setup_py']
[0.402s] Level 1:colcon.colcon_core.package_identification:_identify(src) by extension 'python_setup_py'
[0.402s] Level 1:colcon.colcon_core.package_identification:_identify(src/Autonomous) by extensions ['ignore', 'ignore_ament_install']
[0.402s] Level 1:colcon.colcon_core.package_identification:_identify(src/Autonomous) by extension 'ignore'
[0.402s] Level 1:colcon.colcon_core.package_identification:_identify(src/Autonomous) by extension 'ignore_ament_install'
[0.402s] Level 1:colcon.colcon_core.package_identification:_identify(src/Autonomous) by extensions ['colcon_pkg']
[0.402s] Level 1:colcon.colcon_core.package_identification:_identify(src/Autonomous) by extension 'colcon_pkg'
[0.402s] Level 1:colcon.colcon_core.package_identification:_identify(src/Autonomous) by extensions ['colcon_meta']
[0.403s] Level 1:colcon.colcon_core.package_identification:_identify(src/Autonomous) by extension 'colcon_meta'
[0.403s] Level 1:colcon.colcon_core.package_identification:_identify(src/Autonomous) by extensions ['ros']
[0.403s] Level 1:colcon.colcon_core.package_identification:_identify(src/Autonomous) by extension 'ros'
[0.403s] Level 1:colcon.colcon_core.package_identification:_identify(src/Autonomous) by extensions ['cmake', 'python']
[0.403s] Level 1:colcon.colcon_core.package_identification:_identify(src/Autonomous) by extension 'cmake'
[0.403s] Level 1:colcon.colcon_core.package_identification:_identify(src/Autonomous) by extension 'python'
[0.403s] Level 1:colcon.colcon_core.package_identification:_identify(src/Autonomous) by extensions ['python_setup_py']
[0.403s] Level 1:colcon.colcon_core.package_identification:_identify(src/Autonomous) by extension 'python_setup_py'
[0.403s] Level 1:colcon.colcon_core.package_identification:_identify(src/Autonomous/auto_implementation) by extensions ['ignore', 'ignore_ament_install']
[0.404s] Level 1:colcon.colcon_core.package_identification:_identify(src/Autonomous/auto_implementation) by extension 'ignore'
[0.404s] Level 1:colcon.colcon_core.package_identification:_identify(src/Autonomous/auto_implementation) by extension 'ignore_ament_install'
[0.404s] Level 1:colcon.colcon_core.package_identification:_identify(src/Autonomous/auto_implementation) by extensions ['colcon_pkg']
[0.404s] Level 1:colcon.colcon_core.package_identification:_identify(src/Autonomous/auto_implementation) by extension 'colcon_pkg'
[0.404s] Level 1:colcon.colcon_core.package_identification:_identify(src/Autonomous/auto_implementation) by extensions ['colcon_meta']
[0.404s] Level 1:colcon.colcon_core.package_identification:_identify(src/Autonomous/auto_implementation) by extension 'colcon_meta'
[0.404s] Level 1:colcon.colcon_core.package_identification:_identify(src/Autonomous/auto_implementation) by extensions ['ros']
[0.405s] Level 1:colcon.colcon_core.package_identification:_identify(src/Autonomous/auto_implementation) by extension 'ros'
[0.407s] DEBUG:colcon.colcon_core.package_identification:Package 'src/Autonomous/auto_implementation' with type 'ros.ament_python' and name 'auto_implementation'
[0.408s] Level 1:colcon.colcon_core.package_identification:_identify(src/Autonomous/object_avoidance) by extensions ['ignore', 'ignore_ament_install']
[0.408s] Level 1:colcon.colcon_core.package_identification:_identify(src/Autonomous/object_avoidance) by extension 'ignore'
[0.408s] Level 1:colcon.colcon_core.package_identification:_identify(src/Autonomous/object_avoidance) by extension 'ignore_ament_install'
[0.408s] Level 1:colcon.colcon_core.package_identification:_identify(src/Autonomous/object_avoidance) by extensions ['colcon_pkg']
[0.408s] Level 1:colcon.colcon_core.package_identification:_identify(src/Autonomous/object_avoidance) by extension 'colcon_pkg'
[0.408s] Level 1:colcon.colcon_core.package_identification:_identify(src/Autonomous/object_avoidance) by extensions ['colcon_meta']
[0.408s] Level 1:colcon.colcon_core.package_identification:_identify(src/Autonomous/object_avoidance) by extension 'colcon_meta'
[0.408s] Level 1:colcon.colcon_core.package_identification:_identify(src/Autonomous/object_avoidance) by extensions ['ros']
[0.408s] Level 1:colcon.colcon_core.package_identification:_identify(src/Autonomous/object_avoidance) by extension 'ros'
[0.409s] DEBUG:colcon.colcon_core.package_identification:Package 'src/Autonomous/object_avoidance' with type 'ros.ament_python' and name 'object_avoidance'
[0.409s] Level 1:colcon.colcon_core.package_identification:_identify(src/Autonomous/object_detection) by extensions ['ignore', 'ignore_ament_install']
[0.409s] Level 1:colcon.colcon_core.package_identification:_identify(src/Autonomous/object_detection) by extension 'ignore'
[0.409s] Level 1:colcon.colcon_core.package_identification:_identify(src/Autonomous/object_detection) by extension 'ignore_ament_install'
[0.409s] Level 1:colcon.colcon_core.package_identification:_identify(src/Autonomous/object_detection) by extensions ['colcon_pkg']
[0.409s] Level 1:colcon.colcon_core.package_identification:_identify(src/Autonomous/object_detection) by extension 'colcon_pkg'
[0.409s] Level 1:colcon.colcon_core.package_identification:_identify(src/Autonomous/object_detection) by extensions ['colcon_meta']
[0.409s] Level 1:colcon.colcon_core.package_identification:_identify(src/Autonomous/object_detection) by extension 'colcon_meta'
[0.410s] Level 1:colcon.colcon_core.package_identification:_identify(src/Autonomous/object_detection) by extensions ['ros']
[0.410s] Level 1:colcon.colcon_core.package_identification:_identify(src/Autonomous/object_detection) by extension 'ros'
[0.410s] DEBUG:colcon.colcon_core.package_identification:Package 'src/Autonomous/object_detection' with type 'ros.ament_python' and name 'object_detection'
[0.410s] Level 1:colcon.colcon_core.package_identification:_identify(src/Autonomous/path_planning) by extensions ['ignore', 'ignore_ament_install']
[0.411s] Level 1:colcon.colcon_core.package_identification:_identify(src/Autonomous/path_planning) by extension 'ignore'
[0.411s] Level 1:colcon.colcon_core.package_identification:_identify(src/Autonomous/path_planning) by extension 'ignore_ament_install'
[0.411s] Level 1:colcon.colcon_core.package_identification:_identify(src/Autonomous/path_planning) by extensions ['colcon_pkg']
[0.411s] Level 1:colcon.colcon_core.package_identification:_identify(src/Autonomous/path_planning) by extension 'colcon_pkg'
[0.411s] Level 1:colcon.colcon_core.package_identification:_identify(src/Autonomous/path_planning) by extensions ['colcon_meta']
[0.411s] Level 1:colcon.colcon_core.package_identification:_identify(src/Autonomous/path_planning) by extension 'colcon_meta'
[0.411s] Level 1:colcon.colcon_core.package_identification:_identify(src/Autonomous/path_planning) by extensions ['ros']
[0.411s] Level 1:colcon.colcon_core.package_identification:_identify(src/Autonomous/path_planning) by extension 'ros'
[0.412s] DEBUG:colcon.colcon_core.package_identification:Package 'src/Autonomous/path_planning' with type 'ros.ament_python' and name 'path_planning'
[0.412s] Level 1:colcon.colcon_core.package_identification:_identify(src/Autonomous/sensors) by extensions ['ignore', 'ignore_ament_install']
[0.412s] Level 1:colcon.colcon_core.package_identification:_identify(src/Autonomous/sensors) by extension 'ignore'
[0.412s] Level 1:colcon.colcon_core.package_identification:_identify(src/Autonomous/sensors) by extension 'ignore_ament_install'
[0.412s] Level 1:colcon.colcon_core.package_identification:_identify(src/Autonomous/sensors) by extensions ['colcon_pkg']
[0.412s] Level 1:colcon.colcon_core.package_identification:_identify(src/Autonomous/sensors) by extension 'colcon_pkg'
[0.412s] Level 1:colcon.colcon_core.package_identification:_identify(src/Autonomous/sensors) by extensions ['colcon_meta']
[0.412s] Level 1:colcon.colcon_core.package_identification:_identify(src/Autonomous/sensors) by extension 'colcon_meta'
[0.412s] Level 1:colcon.colcon_core.package_identification:_identify(src/Autonomous/sensors) by extensions ['ros']
[0.412s] Level 1:colcon.colcon_core.package_identification:_identify(src/Autonomous/sensors) by extension 'ros'
[0.413s] DEBUG:colcon.colcon_core.package_identification:Package 'src/Autonomous/sensors' with type 'ros.ament_python' and name 'sensors'
[0.413s] Level 1:colcon.colcon_core.package_identification:_identify(src/Autonomous/state_machine) by extensions ['ignore', 'ignore_ament_install']
[0.413s] Level 1:colcon.colcon_core.package_identification:_identify(src/Autonomous/state_machine) by extension 'ignore'
[0.414s] Level 1:colcon.colcon_core.package_identification:_identify(src/Autonomous/state_machine) by extension 'ignore_ament_install'
[0.414s] Level 1:colcon.colcon_core.package_identification:_identify(src/Autonomous/state_machine) by extensions ['colcon_pkg']
[0.414s] Level 1:colcon.colcon_core.package_identification:_identify(src/Autonomous/state_machine) by extension 'colcon_pkg'
[0.414s] Level 1:colcon.colcon_core.package_identification:_identify(src/Autonomous/state_machine) by extensions ['colcon_meta']
[0.414s] Level 1:colcon.colcon_core.package_identification:_identify(src/Autonomous/state_machine) by extension 'colcon_meta'
[0.414s] Level 1:colcon.colcon_core.package_identification:_identify(src/Autonomous/state_machine) by extensions ['ros']
[0.414s] Level 1:colcon.colcon_core.package_identification:_identify(src/Autonomous/state_machine) by extension 'ros'
[0.415s] DEBUG:colcon.colcon_core.package_identification:Package 'src/Autonomous/state_machine' with type 'ros.ament_python' and name 'state_machine'
[0.415s] Level 1:colcon.colcon_core.package_identification:_identify(src/Messages) by extensions ['ignore', 'ignore_ament_install']
[0.415s] Level 1:colcon.colcon_core.package_identification:_identify(src/Messages) by extension 'ignore'
[0.415s] Level 1:colcon.colcon_core.package_identification:_identify(src/Messages) by extension 'ignore_ament_install'
[0.415s] Level 1:colcon.colcon_core.package_identification:_identify(src/Messages) by extensions ['colcon_pkg']
[0.415s] Level 1:colcon.colcon_core.package_identification:_identify(src/Messages) by extension 'colcon_pkg'
[0.415s] Level 1:colcon.colcon_core.package_identification:_identify(src/Messages) by extensions ['colcon_meta']
[0.415s] Level 1:colcon.colcon_core.package_identification:_identify(src/Messages) by extension 'colcon_meta'
[0.415s] Level 1:colcon.colcon_core.package_identification:_identify(src/Messages) by extensions ['ros']
[0.416s] Level 1:colcon.colcon_core.package_identification:_identify(src/Messages) by extension 'ros'
[0.416s] Level 1:colcon.colcon_core.package_identification:_identify(src/Messages) by extensions ['cmake', 'python']
[0.416s] Level 1:colcon.colcon_core.package_identification:_identify(src/Messages) by extension 'cmake'
[0.416s] Level 1:colcon.colcon_core.package_identification:_identify(src/Messages) by extension 'python'
[0.416s] Level 1:colcon.colcon_core.package_identification:_identify(src/Messages) by extensions ['python_setup_py']
[0.416s] Level 1:colcon.colcon_core.package_identification:_identify(src/Messages) by extension 'python_setup_py'
[0.416s] Level 1:colcon.colcon_core.package_identification:_identify(src/Messages/custom_msgs_srvs) by extensions ['ignore', 'ignore_ament_install']
[0.417s] Level 1:colcon.colcon_core.package_identification:_identify(src/Messages/custom_msgs_srvs) by extension 'ignore'
[0.417s] Level 1:colcon.colcon_core.package_identification:_identify(src/Messages/custom_msgs_srvs) by extension 'ignore_ament_install'
[0.417s] Level 1:colcon.colcon_core.package_identification:_identify(src/Messages/custom_msgs_srvs) by extensions ['colcon_pkg']
[0.417s] Level 1:colcon.colcon_core.package_identification:_identify(src/Messages/custom_msgs_srvs) by extension 'colcon_pkg'
[0.417s] Level 1:colcon.colcon_core.package_identification:_identify(src/Messages/custom_msgs_srvs) by extensions ['colcon_meta']
[0.417s] Level 1:colcon.colcon_core.package_identification:_identify(src/Messages/custom_msgs_srvs) by extension 'colcon_meta'
[0.417s] Level 1:colcon.colcon_core.package_identification:_identify(src/Messages/custom_msgs_srvs) by extensions ['ros']
[0.417s] Level 1:colcon.colcon_core.package_identification:_identify(src/Messages/custom_msgs_srvs) by extension 'ros'
[0.418s] DEBUG:colcon.colcon_core.package_identification:Package 'src/Messages/custom_msgs_srvs' with type 'ros.ament_cmake' and name 'custom_msgs_srvs'
[0.418s] Level 1:colcon.colcon_core.package_identification:_identify(src/Teleop) by extensions ['ignore', 'ignore_ament_install']
[0.418s] Level 1:colcon.colcon_core.package_identification:_identify(src/Teleop) by extension 'ignore'
[0.418s] Level 1:colcon.colcon_core.package_identification:_identify(src/Teleop) by extension 'ignore_ament_install'
[0.418s] Level 1:colcon.colcon_core.package_identification:_identify(src/Teleop) by extensions ['colcon_pkg']
[0.418s] Level 1:colcon.colcon_core.package_identification:_identify(src/Teleop) by extension 'colcon_pkg'
[0.418s] Level 1:colcon.colcon_core.package_identification:_identify(src/Teleop) by extensions ['colcon_meta']
[0.418s] Level 1:colcon.colcon_core.package_identification:_identify(src/Teleop) by extension 'colcon_meta'
[0.419s] Level 1:colcon.colcon_core.package_identification:_identify(src/Teleop) by extensions ['ros']
[0.419s] Level 1:colcon.colcon_core.package_identification:_identify(src/Teleop) by extension 'ros'
[0.419s] Level 1:colcon.colcon_core.package_identification:_identify(src/Teleop) by extensions ['cmake', 'python']
[0.419s] Level 1:colcon.colcon_core.package_identification:_identify(src/Teleop) by extension 'cmake'
[0.419s] Level 1:colcon.colcon_core.package_identification:_identify(src/Teleop) by extension 'python'
[0.419s] Level 1:colcon.colcon_core.package_identification:_identify(src/Teleop) by extensions ['python_setup_py']
[0.419s] Level 1:colcon.colcon_core.package_identification:_identify(src/Teleop) by extension 'python_setup_py'
[0.419s] Level 1:colcon.colcon_core.package_identification:_identify(src/Teleop/arm) by extensions ['ignore', 'ignore_ament_install']
[0.419s] Level 1:colcon.colcon_core.package_identification:_identify(src/Teleop/arm) by extension 'ignore'
[0.419s] Level 1:colcon.colcon_core.package_identification:_identify(src/Teleop/arm) by extension 'ignore_ament_install'
[0.419s] Level 1:colcon.colcon_core.package_identification:_identify(src/Teleop/arm) by extensions ['colcon_pkg']
[0.419s] Level 1:colcon.colcon_core.package_identification:_identify(src/Teleop/arm) by extension 'colcon_pkg'
[0.419s] Level 1:colcon.colcon_core.package_identification:_identify(src/Teleop/arm) by extensions ['colcon_meta']
[0.419s] Level 1:colcon.colcon_core.package_identification:_identify(src/Teleop/arm) by extension 'colcon_meta'
[0.420s] Level 1:colcon.colcon_core.package_identification:_identify(src/Teleop/arm) by extensions ['ros']
[0.420s] Level 1:colcon.colcon_core.package_identification:_identify(src/Teleop/arm) by extension 'ros'
[0.420s] DEBUG:colcon.colcon_core.package_identification:Package 'src/Teleop/arm' with type 'ros.ament_python' and name 'arm'
[0.421s] Level 1:colcon.colcon_core.package_identification:_identify(src/Teleop/input) by extensions ['ignore', 'ignore_ament_install']
[0.421s] Level 1:colcon.colcon_core.package_identification:_identify(src/Teleop/input) by extension 'ignore'
[0.421s] Level 1:colcon.colcon_core.package_identification:_identify(src/Teleop/input) by extension 'ignore_ament_install'
[0.421s] Level 1:colcon.colcon_core.package_identification:_identify(src/Teleop/input) by extensions ['colcon_pkg']
[0.421s] Level 1:colcon.colcon_core.package_identification:_identify(src/Teleop/input) by extension 'colcon_pkg'
[0.421s] Level 1:colcon.colcon_core.package_identification:_identify(src/Teleop/input) by extensions ['colcon_meta']
[0.421s] Level 1:colcon.colcon_core.package_identification:_identify(src/Teleop/input) by extension 'colcon_meta'
[0.421s] Level 1:colcon.colcon_core.package_identification:_identify(src/Teleop/input) by extensions ['ros']
[0.421s] Level 1:colcon.colcon_core.package_identification:_identify(src/Teleop/input) by extension 'ros'
[0.423s] DEBUG:colcon.colcon_core.package_identification:Package 'src/Teleop/input' with type 'ros.ament_python' and name 'input'
[0.423s] Level 1:colcon.colcon_core.package_identification:_identify(src/Teleop/swerve) by extensions ['ignore', 'ignore_ament_install']
[0.424s] Level 1:colcon.colcon_core.package_identification:_identify(src/Teleop/swerve) by extension 'ignore'
[0.424s] Level 1:colcon.colcon_core.package_identification:_identify(src/Teleop/swerve) by extension 'ignore_ament_install'
[0.424s] Level 1:colcon.colcon_core.package_identification:_identify(src/Teleop/swerve) by extensions ['colcon_pkg']
[0.424s] Level 1:colcon.colcon_core.package_identification:_identify(src/Teleop/swerve) by extension 'colcon_pkg'
[0.424s] Level 1:colcon.colcon_core.package_identification:_identify(src/Teleop/swerve) by extensions ['colcon_meta']
[0.424s] Level 1:colcon.colcon_core.package_identification:_identify(src/Teleop/swerve) by extension 'colcon_meta'
[0.424s] Level 1:colcon.colcon_core.package_identification:_identify(src/Teleop/swerve) by extensions ['ros']
[0.424s] Level 1:colcon.colcon_core.package_identification:_identify(src/Teleop/swerve) by extension 'ros'
[0.425s] DEBUG:colcon.colcon_core.package_identification:Package 'src/Teleop/swerve' with type 'ros.ament_python' and name 'swerve'
[0.425s] Level 1:colcon.colcon_core.package_discovery:discover_packages(recursive) using defaults
[0.425s] Level 1:colcon.colcon_core.package_discovery:discover_packages(ignore) discover
[0.425s] Level 1:colcon.colcon_core.package_discovery:discover_packages(ignore) using defaults
[0.425s] Level 1:colcon.colcon_core.package_discovery:discover_packages(path) discover
[0.425s] Level 1:colcon.colcon_core.package_discovery:discover_packages(path) using defaults
[0.465s] Level 1:colcon.colcon_core.package_discovery:discover_packages(prefix_path) check parameters
[0.467s] Level 1:colcon.colcon_core.package_discovery:discover_packages(prefix_path) discover
[0.496s] DEBUG:colcon.colcon_installed_package_information.package_discovery:Found 363 installed packages in /home/balabalu/ros2_jazzy/install
[0.513s] Level 1:colcon.colcon_core.package_discovery:discover_packages(prefix_path) using defaults
[0.552s] Level 5:colcon.colcon_core.verb:set package 'arm' build argument 'cmake_args' from command line to 'None'
[0.552s] Level 5:colcon.colcon_core.verb:set package 'arm' build argument 'cmake_target' from command line to 'None'
[0.552s] Level 5:colcon.colcon_core.verb:set package 'arm' build argument 'cmake_target_skip_unavailable' from command line to 'False'
[0.552s] Level 5:colcon.colcon_core.verb:set package 'arm' build argument 'cmake_clean_cache' from command line to 'False'
[0.552s] Level 5:colcon.colcon_core.verb:set package 'arm' build argument 'cmake_clean_first' from command line to 'False'
[0.552s] Level 5:colcon.colcon_core.verb:set package 'arm' build argument 'cmake_force_configure' from command line to 'False'
[0.552s] Level 5:colcon.colcon_core.verb:set package 'arm' build argument 'ament_cmake_args' from command line to 'None'
[0.552s] Level 5:colcon.colcon_core.verb:set package 'arm' build argument 'catkin_cmake_args' from command line to 'None'
[0.552s] Level 5:colcon.colcon_core.verb:set package 'arm' build argument 'catkin_skip_building_tests' from command line to 'False'
[0.552s] DEBUG:colcon.colcon_core.verb:Building package 'arm' with the following arguments: {'ament_cmake_args': None, 'build_base': '/home/balabalu/workspace/WRoverSoftware/build/arm', 'catkin_cmake_args': None, 'catkin_skip_building_tests': False, 'cmake_args': None, 'cmake_clean_cache': False, 'cmake_clean_first': False, 'cmake_force_configure': False, 'cmake_target': None, 'cmake_target_skip_unavailable': False, 'install_base': '/home/balabalu/workspace/WRoverSoftware/install/arm', 'merge_install': False, 'path': '/home/balabalu/workspace/WRoverSoftware/src/Teleop/arm', 'symlink_install': False, 'test_result_base': None}
[0.553s] Level 5:colcon.colcon_core.verb:set package 'auto_implementation' build argument 'cmake_args' from command line to 'None'
[0.553s] Level 5:colcon.colcon_core.verb:set package 'auto_implementation' build argument 'cmake_target' from command line to 'None'
[0.553s] Level 5:colcon.colcon_core.verb:set package 'auto_implementation' build argument 'cmake_target_skip_unavailable' from command line to 'False'
[0.553s] Level 5:colcon.colcon_core.verb:set package 'auto_implementation' build argument 'cmake_clean_cache' from command line to 'False'
[0.553s] Level 5:colcon.colcon_core.verb:set package 'auto_implementation' build argument 'cmake_clean_first' from command line to 'False'
[0.553s] Level 5:colcon.colcon_core.verb:set package 'auto_implementation' build argument 'cmake_force_configure' from command line to 'False'
[0.553s] Level 5:colcon.colcon_core.verb:set package 'auto_implementation' build argument 'ament_cmake_args' from command line to 'None'
[0.553s] Level 5:colcon.colcon_core.verb:set package 'auto_implementation' build argument 'catkin_cmake_args' from command line to 'None'
[0.553s] Level 5:colcon.colcon_core.verb:set package 'auto_implementation' build argument 'catkin_skip_building_tests' from command line to 'False'
[0.553s] DEBUG:colcon.colcon_core.verb:Building package 'auto_implementation' with the following arguments: {'ament_cmake_args': None, 'build_base': '/home/balabalu/workspace/WRoverSoftware/build/auto_implementation', 'catkin_cmake_args': None, 'catkin_skip_building_tests': False, 'cmake_args': None, 'cmake_clean_cache': False, 'cmake_clean_first': False, 'cmake_force_configure': False, 'cmake_target': None, 'cmake_target_skip_unavailable': False, 'install_base': '/home/balabalu/workspace/WRoverSoftware/install/auto_implementation', 'merge_install': False, 'path': '/home/balabalu/workspace/WRoverSoftware/src/Autonomous/auto_implementation', 'symlink_install': False, 'test_result_base': None}
[0.553s] Level 5:colcon.colcon_core.verb:set package 'custom_msgs_srvs' build argument 'cmake_args' from command line to 'None'
[0.553s] Level 5:colcon.colcon_core.verb:set package 'custom_msgs_srvs' build argument 'cmake_target' from command line to 'None'
[0.553s] Level 5:colcon.colcon_core.verb:set package 'custom_msgs_srvs' build argument 'cmake_target_skip_unavailable' from command line to 'False'
[0.553s] Level 5:colcon.colcon_core.verb:set package 'custom_msgs_srvs' build argument 'cmake_clean_cache' from command line to 'False'
[0.553s] Level 5:colcon.colcon_core.verb:set package 'custom_msgs_srvs' build argument 'cmake_clean_first' from command line to 'False'
[0.553s] Level 5:colcon.colcon_core.verb:set package 'custom_msgs_srvs' build argument 'cmake_force_configure' from command line to 'False'
[0.554s] Level 5:colcon.colcon_core.verb:set package 'custom_msgs_srvs' build argument 'ament_cmake_args' from command line to 'None'
[0.554s] Level 5:colcon.colcon_core.verb:set package 'custom_msgs_srvs' build argument 'catkin_cmake_args' from command line to 'None'
[0.554s] Level 5:colcon.colcon_core.verb:set package 'custom_msgs_srvs' build argument 'catkin_skip_building_tests' from command line to 'False'
[0.554s] DEBUG:colcon.colcon_core.verb:Building package 'custom_msgs_srvs' with the following arguments: {'ament_cmake_args': None, 'build_base': '/home/balabalu/workspace/WRoverSoftware/build/custom_msgs_srvs', 'catkin_cmake_args': None, 'catkin_skip_building_tests': False, 'cmake_args': None, 'cmake_clean_cache': False, 'cmake_clean_first': False, 'cmake_force_configure': False, 'cmake_target': None, 'cmake_target_skip_unavailable': False, 'install_base': '/home/balabalu/workspace/WRoverSoftware/install/custom_msgs_srvs', 'merge_install': False, 'path': '/home/balabalu/workspace/WRoverSoftware/src/Messages/custom_msgs_srvs', 'symlink_install': False, 'test_result_base': None}
[0.554s] Level 5:colcon.colcon_core.verb:set package 'input' build argument 'cmake_args' from command line to 'None'
[0.554s] Level 5:colcon.colcon_core.verb:set package 'input' build argument 'cmake_target' from command line to 'None'
[0.554s] Level 5:colcon.colcon_core.verb:set package 'input' build argument 'cmake_target_skip_unavailable' from command line to 'False'
[0.554s] Level 5:colcon.colcon_core.verb:set package 'input' build argument 'cmake_clean_cache' from command line to 'False'
[0.554s] Level 5:colcon.colcon_core.verb:set package 'input' build argument 'cmake_clean_first' from command line to 'False'
[0.554s] Level 5:colcon.colcon_core.verb:set package 'input' build argument 'cmake_force_configure' from command line to 'False'
[0.554s] Level 5:colcon.colcon_core.verb:set package 'input' build argument 'ament_cmake_args' from command line to 'None'
[0.554s] Level 5:colcon.colcon_core.verb:set package 'input' build argument 'catkin_cmake_args' from command line to 'None'
[0.554s] Level 5:colcon.colcon_core.verb:set package 'input' build argument 'catkin_skip_building_tests' from command line to 'False'
[0.554s] DEBUG:colcon.colcon_core.verb:Building package 'input' with the following arguments: {'ament_cmake_args': None, 'build_base': '/home/balabalu/workspace/WRoverSoftware/build/input', 'catkin_cmake_args': None, 'catkin_skip_building_tests': False, 'cmake_args': None, 'cmake_clean_cache': False, 'cmake_clean_first': False, 'cmake_force_configure': False, 'cmake_target': None, 'cmake_target_skip_unavailable': False, 'install_base': '/home/balabalu/workspace/WRoverSoftware/install/input', 'merge_install': False, 'path': '/home/balabalu/workspace/WRoverSoftware/src/Teleop/input', 'symlink_install': False, 'test_result_base': None}
[0.555s] Level 5:colcon.colcon_core.verb:set package 'object_avoidance' build argument 'cmake_args' from command line to 'None'
[0.555s] Level 5:colcon.colcon_core.verb:set package 'object_avoidance' build argument 'cmake_target' from command line to 'None'
[0.555s] Level 5:colcon.colcon_core.verb:set package 'object_avoidance' build argument 'cmake_target_skip_unavailable' from command line to 'False'
[0.555s] Level 5:colcon.colcon_core.verb:set package 'object_avoidance' build argument 'cmake_clean_cache' from command line to 'False'
[0.555s] Level 5:colcon.colcon_core.verb:set package 'object_avoidance' build argument 'cmake_clean_first' from command line to 'False'
[0.555s] Level 5:colcon.colcon_core.verb:set package 'object_avoidance' build argument 'cmake_force_configure' from command line to 'False'
[0.555s] Level 5:colcon.colcon_core.verb:set package 'object_avoidance' build argument 'ament_cmake_args' from command line to 'None'
[0.555s] Level 5:colcon.colcon_core.verb:set package 'object_avoidance' build argument 'catkin_cmake_args' from command line to 'None'
[0.555s] Level 5:colcon.colcon_core.verb:set package 'object_avoidance' build argument 'catkin_skip_building_tests' from command line to 'False'
[0.555s] DEBUG:colcon.colcon_core.verb:Building package 'object_avoidance' with the following arguments: {'ament_cmake_args': None, 'build_base': '/home/balabalu/workspace/WRoverSoftware/build/object_avoidance', 'catkin_cmake_args': None, 'catkin_skip_building_tests': False, 'cmake_args': None, 'cmake_clean_cache': False, 'cmake_clean_first': False, 'cmake_force_configure': False, 'cmake_target': None, 'cmake_target_skip_unavailable': False, 'install_base': '/home/balabalu/workspace/WRoverSoftware/install/object_avoidance', 'merge_install': False, 'path': '/home/balabalu/workspace/WRoverSoftware/src/Autonomous/object_avoidance', 'symlink_install': False, 'test_result_base': None}
[0.555s] Level 5:colcon.colcon_core.verb:set package 'object_detection' build argument 'cmake_args' from command line to 'None'
[0.555s] Level 5:colcon.colcon_core.verb:set package 'object_detection' build argument 'cmake_target' from command line to 'None'
[0.555s] Level 5:colcon.colcon_core.verb:set package 'object_detection' build argument 'cmake_target_skip_unavailable' from command line to 'False'
[0.555s] Level 5:colcon.colcon_core.verb:set package 'object_detection' build argument 'cmake_clean_cache' from command line to 'False'
[0.555s] Level 5:colcon.colcon_core.verb:set package 'object_detection' build argument 'cmake_clean_first' from command line to 'False'
[0.555s] Level 5:colcon.colcon_core.verb:set package 'object_detection' build argument 'cmake_force_configure' from command line to 'False'
[0.555s] Level 5:colcon.colcon_core.verb:set package 'object_detection' build argument 'ament_cmake_args' from command line to 'None'
[0.555s] Level 5:colcon.colcon_core.verb:set package 'object_detection' build argument 'catkin_cmake_args' from command line to 'None'
[0.556s] Level 5:colcon.colcon_core.verb:set package 'object_detection' build argument 'catkin_skip_building_tests' from command line to 'False'
[0.556s] DEBUG:colcon.colcon_core.verb:Building package 'object_detection' with the following arguments: {'ament_cmake_args': None, 'build_base': '/home/balabalu/workspace/WRoverSoftware/build/object_detection', 'catkin_cmake_args': None, 'catkin_skip_building_tests': False, 'cmake_args': None, 'cmake_clean_cache': False, 'cmake_clean_first': False, 'cmake_force_configure': False, 'cmake_target': None, 'cmake_target_skip_unavailable': False, 'install_base': '/home/balabalu/workspace/WRoverSoftware/install/object_detection', 'merge_install': False, 'path': '/home/balabalu/workspace/WRoverSoftware/src/Autonomous/object_detection', 'symlink_install': False, 'test_result_base': None}
[0.556s] Level 5:colcon.colcon_core.verb:set package 'path_planning' build argument 'cmake_args' from command line to 'None'
[0.556s] Level 5:colcon.colcon_core.verb:set package 'path_planning' build argument 'cmake_target' from command line to 'None'
[0.556s] Level 5:colcon.colcon_core.verb:set package 'path_planning' build argument 'cmake_target_skip_unavailable' from command line to 'False'
[0.556s] Level 5:colcon.colcon_core.verb:set package 'path_planning' build argument 'cmake_clean_cache' from command line to 'False'
[0.556s] Level 5:colcon.colcon_core.verb:set package 'path_planning' build argument 'cmake_clean_first' from command line to 'False'
[0.556s] Level 5:colcon.colcon_core.verb:set package 'path_planning' build argument 'cmake_force_configure' from command line to 'False'
[0.556s] Level 5:colcon.colcon_core.verb:set package 'path_planning' build argument 'ament_cmake_args' from command line to 'None'
[0.556s] Level 5:colcon.colcon_core.verb:set package 'path_planning' build argument 'catkin_cmake_args' from command line to 'None'
[0.556s] Level 5:colcon.colcon_core.verb:set package 'path_planning' build argument 'catkin_skip_building_tests' from command line to 'False'
[0.556s] DEBUG:colcon.colcon_core.verb:Building package 'path_planning' with the following arguments: {'ament_cmake_args': None, 'build_base': '/home/balabalu/workspace/WRoverSoftware/build/path_planning', 'catkin_cmake_args': None, 'catkin_skip_building_tests': False, 'cmake_args': None, 'cmake_clean_cache': False, 'cmake_clean_first': False, 'cmake_force_configure': False, 'cmake_target': None, 'cmake_target_skip_unavailable': False, 'install_base': '/home/balabalu/workspace/WRoverSoftware/install/path_planning', 'merge_install': False, 'path': '/home/balabalu/workspace/WRoverSoftware/src/Autonomous/path_planning', 'symlink_install': False, 'test_result_base': None}
[0.556s] Level 5:colcon.colcon_core.verb:set package 'sensors' build argument 'cmake_args' from command line to 'None'
[0.556s] Level 5:colcon.colcon_core.verb:set package 'sensors' build argument 'cmake_target' from command line to 'None'
[0.557s] Level 5:colcon.colcon_core.verb:set package 'sensors' build argument 'cmake_target_skip_unavailable' from command line to 'False'
[0.557s] Level 5:colcon.colcon_core.verb:set package 'sensors' build argument 'cmake_clean_cache' from command line to 'False'
[0.557s] Level 5:colcon.colcon_core.verb:set package 'sensors' build argument 'cmake_clean_first' from command line to 'False'
[0.557s] Level 5:colcon.colcon_core.verb:set package 'sensors' build argument 'cmake_force_configure' from command line to 'False'
[0.557s] Level 5:colcon.colcon_core.verb:set package 'sensors' build argument 'ament_cmake_args' from command line to 'None'
[0.557s] Level 5:colcon.colcon_core.verb:set package 'sensors' build argument 'catkin_cmake_args' from command line to 'None'
[0.557s] Level 5:colcon.colcon_core.verb:set package 'sensors' build argument 'catkin_skip_building_tests' from command line to 'False'
[0.557s] DEBUG:colcon.colcon_core.verb:Building package 'sensors' with the following arguments: {'ament_cmake_args': None, 'build_base': '/home/balabalu/workspace/WRoverSoftware/build/sensors', 'catkin_cmake_args': None, 'catkin_skip_building_tests': False, 'cmake_args': None, 'cmake_clean_cache': False, 'cmake_clean_first': False, 'cmake_force_configure': False, 'cmake_target': None, 'cmake_target_skip_unavailable': False, 'install_base': '/home/balabalu/workspace/WRoverSoftware/install/sensors', 'merge_install': False, 'path': '/home/balabalu/workspace/WRoverSoftware/src/Autonomous/sensors', 'symlink_install': False, 'test_result_base': None}
[0.557s] Level 5:colcon.colcon_core.verb:set package 'state_machine' build argument 'cmake_args' from command line to 'None'
[0.557s] Level 5:colcon.colcon_core.verb:set package 'state_machine' build argument 'cmake_target' from command line to 'None'
[0.557s] Level 5:colcon.colcon_core.verb:set package 'state_machine' build argument 'cmake_target_skip_unavailable' from command line to 'False'
[0.557s] Level 5:colcon.colcon_core.verb:set package 'state_machine' build argument 'cmake_clean_cache' from command line to 'False'
[0.557s] Level 5:colcon.colcon_core.verb:set package 'state_machine' build argument 'cmake_clean_first' from command line to 'False'
[0.557s] Level 5:colcon.colcon_core.verb:set package 'state_machine' build argument 'cmake_force_configure' from command line to 'False'
[0.557s] Level 5:colcon.colcon_core.verb:set package 'state_machine' build argument 'ament_cmake_args' from command line to 'None'
[0.557s] Level 5:colcon.colcon_core.verb:set package 'state_machine' build argument 'catkin_cmake_args' from command line to 'None'
[0.557s] Level 5:colcon.colcon_core.verb:set package 'state_machine' build argument 'catkin_skip_building_tests' from command line to 'False'
[0.557s] DEBUG:colcon.colcon_core.verb:Building package 'state_machine' with the following arguments: {'ament_cmake_args': None, 'build_base': '/home/balabalu/workspace/WRoverSoftware/build/state_machine', 'catkin_cmake_args': None, 'catkin_skip_building_tests': False, 'cmake_args': None, 'cmake_clean_cache': False, 'cmake_clean_first': False, 'cmake_force_configure': False, 'cmake_target': None, 'cmake_target_skip_unavailable': False, 'install_base': '/home/balabalu/workspace/WRoverSoftware/install/state_machine', 'merge_install': False, 'path': '/home/balabalu/workspace/WRoverSoftware/src/Autonomous/state_machine', 'symlink_install': False, 'test_result_base': None}
[0.558s] Level 5:colcon.colcon_core.verb:set package 'swerve' build argument 'cmake_args' from command line to 'None'
[0.558s] Level 5:colcon.colcon_core.verb:set package 'swerve' build argument 'cmake_target' from command line to 'None'
[0.558s] Level 5:colcon.colcon_core.verb:set package 'swerve' build argument 'cmake_target_skip_unavailable' from command line to 'False'
[0.558s] Level 5:colcon.colcon_core.verb:set package 'swerve' build argument 'cmake_clean_cache' from command line to 'False'
[0.558s] Level 5:colcon.colcon_core.verb:set package 'swerve' build argument 'cmake_clean_first' from command line to 'False'
[0.558s] Level 5:colcon.colcon_core.verb:set package 'swerve' build argument 'cmake_force_configure' from command line to 'False'
[0.558s] Level 5:colcon.colcon_core.verb:set package 'swerve' build argument 'ament_cmake_args' from command line to 'None'
[0.558s] Level 5:colcon.colcon_core.verb:set package 'swerve' build argument 'catkin_cmake_args' from command line to 'None'
[0.558s] Level 5:colcon.colcon_core.verb:set package 'swerve' build argument 'catkin_skip_building_tests' from command line to 'False'
[0.558s] DEBUG:colcon.colcon_core.verb:Building package 'swerve' with the following arguments: {'ament_cmake_args': None, 'build_base': '/home/balabalu/workspace/WRoverSoftware/build/swerve', 'catkin_cmake_args': None, 'catkin_skip_building_tests': False, 'cmake_args': None, 'cmake_clean_cache': False, 'cmake_clean_first': False, 'cmake_force_configure': False, 'cmake_target': None, 'cmake_target_skip_unavailable': False, 'install_base': '/home/balabalu/workspace/WRoverSoftware/install/swerve', 'merge_install': False, 'path': '/home/balabalu/workspace/WRoverSoftware/src/Teleop/swerve', 'symlink_install': False, 'test_result_base': None}
[0.558s] INFO:colcon.colcon_core.executor:Executing jobs using 'parallel' executor
[0.560s] DEBUG:colcon.colcon_parallel_executor.executor.parallel:run_until_complete
[0.561s] INFO:colcon.colcon_ros.task.ament_python.build:Building ROS package in '/home/balabalu/workspace/WRoverSoftware/src/Teleop/arm' with build type 'ament_python'
[0.561s] Level 1:colcon.colcon_core.shell:create_environment_hook('arm', 'ament_prefix_path')
[0.571s] INFO:colcon.colcon_core.plugin_system:Skipping extension 'colcon_core.shell.bat': Not used on non-Windows systems
[0.571s] INFO:colcon.colcon_core.shell:Creating environment hook '/home/balabalu/workspace/WRoverSoftware/install/arm/share/arm/hook/ament_prefix_path.ps1'
[0.573s] INFO:colcon.colcon_core.shell:Creating environment descriptor '/home/balabalu/workspace/WRoverSoftware/install/arm/share/arm/hook/ament_prefix_path.dsv'
[0.574s] INFO:colcon.colcon_core.shell:Creating environment hook '/home/balabalu/workspace/WRoverSoftware/install/arm/share/arm/hook/ament_prefix_path.sh'
[0.576s] INFO:colcon.colcon_core.shell:Skip shell extension 'powershell' for command environment: Not usable outside of PowerShell
[0.576s] DEBUG:colcon.colcon_core.shell:Skip shell extension 'dsv' for command environment
[0.613s] INFO:colcon.colcon_ros.task.ament_python.build:Building ROS package in '/home/balabalu/workspace/WRoverSoftware/src/Autonomous/auto_implementation' with build type 'ament_python'
[0.614s] Level 1:colcon.colcon_core.shell:create_environment_hook('auto_implementation', 'ament_prefix_path')
[0.614s] INFO:colcon.colcon_core.shell:Creating environment hook '/home/balabalu/workspace/WRoverSoftware/install/auto_implementation/share/auto_implementation/hook/ament_prefix_path.ps1'
[0.615s] INFO:colcon.colcon_core.shell:Creating environment descriptor '/home/balabalu/workspace/WRoverSoftware/install/auto_implementation/share/auto_implementation/hook/ament_prefix_path.dsv'
[0.616s] INFO:colcon.colcon_core.shell:Creating environment hook '/home/balabalu/workspace/WRoverSoftware/install/auto_implementation/share/auto_implementation/hook/ament_prefix_path.sh'
[0.617s] INFO:colcon.colcon_core.shell:Skip shell extension 'powershell' for command environment: Not usable outside of PowerShell
[0.617s] DEBUG:colcon.colcon_core.shell:Skip shell extension 'dsv' for command environment
[0.648s] INFO:colcon.colcon_ros.task.ament_cmake.build:Building ROS package in '/home/balabalu/workspace/WRoverSoftware/src/Messages/custom_msgs_srvs' with build type 'ament_cmake'
[0.649s] INFO:colcon.colcon_cmake.task.cmake.build:Building CMake package in '/home/balabalu/workspace/WRoverSoftware/src/Messages/custom_msgs_srvs'
[0.649s] INFO:colcon.colcon_core.shell:Skip shell extension 'powershell' for command environment: Not usable outside of PowerShell
[0.650s] DEBUG:colcon.colcon_core.shell:Skip shell extension 'dsv' for command environment
[0.685s] INFO:colcon.colcon_ros.task.ament_python.build:Building ROS package in '/home/balabalu/workspace/WRoverSoftware/src/Teleop/input' with build type 'ament_python'
[0.686s] Level 1:colcon.colcon_core.shell:create_environment_hook('input', 'ament_prefix_path')
[0.686s] INFO:colcon.colcon_core.shell:Creating environment hook '/home/balabalu/workspace/WRoverSoftware/install/input/share/input/hook/ament_prefix_path.ps1'
[0.687s] INFO:colcon.colcon_core.shell:Creating environment descriptor '/home/balabalu/workspace/WRoverSoftware/install/input/share/input/hook/ament_prefix_path.dsv'
[0.689s] INFO:colcon.colcon_core.shell:Creating environment hook '/home/balabalu/workspace/WRoverSoftware/install/input/share/input/hook/ament_prefix_path.sh'
[0.690s] INFO:colcon.colcon_core.shell:Skip shell extension 'powershell' for command environment: Not usable outside of PowerShell
[0.690s] DEBUG:colcon.colcon_core.shell:Skip shell extension 'dsv' for command environment
[0.735s] INFO:colcon.colcon_ros.task.ament_python.build:Building ROS package in '/home/balabalu/workspace/WRoverSoftware/src/Autonomous/object_avoidance' with build type 'ament_python'
[0.736s] Level 1:colcon.colcon_core.shell:create_environment_hook('object_avoidance', 'ament_prefix_path')
[0.737s] INFO:colcon.colcon_core.shell:Creating environment hook '/home/balabalu/workspace/WRoverSoftware/install/object_avoidance/share/object_avoidance/hook/ament_prefix_path.ps1'
[0.738s] INFO:colcon.colcon_core.shell:Creating environment descriptor '/home/balabalu/workspace/WRoverSoftware/install/object_avoidance/share/object_avoidance/hook/ament_prefix_path.dsv'
[0.738s] INFO:colcon.colcon_core.shell:Creating environment hook '/home/balabalu/workspace/WRoverSoftware/install/object_avoidance/share/object_avoidance/hook/ament_prefix_path.sh'
[0.739s] INFO:colcon.colcon_core.shell:Skip shell extension 'powershell' for command environment: Not usable outside of PowerShell
[0.739s] DEBUG:colcon.colcon_core.shell:Skip shell extension 'dsv' for command environment
[1.349s] INFO:colcon.colcon_core.task.python.build:Building Python package in '/home/balabalu/workspace/WRoverSoftware/src/Teleop/arm'
[1.350s] INFO:colcon.colcon_core.shell:Skip shell extension 'powershell' for command environment: Not usable outside of PowerShell
[1.350s] DEBUG:colcon.colcon_core.shell:Skip shell extension 'dsv' for command environment
[1.961s] INFO:colcon.colcon_core.task.python.build:Building Python package in '/home/balabalu/workspace/WRoverSoftware/src/Autonomous/auto_implementation'
[1.961s] INFO:colcon.colcon_core.shell:Skip shell extension 'powershell' for command environment: Not usable outside of PowerShell
[1.961s] DEBUG:colcon.colcon_core.shell:Skip shell extension 'dsv' for command environment
[2.015s] DEBUG:colcon.colcon_core.event_handler.log_command:Invoking command in '/home/balabalu/workspace/WRoverSoftware/build/custom_msgs_srvs': CMAKE_PREFIX_PATH=${CMAKE_PREFIX_PATH}:/home/balabalu/ros2_jazzy/install/rqt_bag_plugins:/home/balabalu/ros2_jazzy/install/rqt_bag:/home/balabalu/ros2_jazzy/install/rosbag2_examples_py:/home/balabalu/ros2_jazzy/install/launch_testing_examples:/home/balabalu/ros2_jazzy/install/ros2bag:/home/balabalu/ros2_jazzy/install/tracetools_test:/home/balabalu/ros2_jazzy/install/tracetools_launch:/home/balabalu/ros2_jazzy/install/topic_monitor:/home/balabalu/ros2_jazzy/install/tf2_tools:/home/balabalu/ros2_jazzy/install/examples_tf2_py:/home/balabalu/ros2_jazzy/install/tf2_ros_py:/home/balabalu/ros2_jazzy/install/examples_rclpy_pointcloud_publisher:/home/balabalu/ros2_jazzy/install/sensor_msgs_py:/home/balabalu/ros2_jazzy/install/quality_of_service_demo_py:/home/balabalu/ros2_jazzy/install/rqt_plot:/home/balabalu/ros2_jazzy/install/ros2doctor:/home/balabalu/ros2_jazzy/install/lifecycle_py:/home/balabalu/ros2_jazzy/install/examples_rclpy_minimal_subscriber:/home/balabalu/ros2_jazzy/install/examples_rclpy_minimal_service:/home/balabalu/ros2_jazzy/install/examples_rclpy_minimal_publisher:/home/balabalu/ros2_jazzy/install/examples_rclpy_minimal_client:/home/balabalu/ros2_jazzy/install/examples_rclpy_executors:/home/balabalu/ros2_jazzy/install/demo_nodes_py:/home/balabalu/ros2_jazzy/install/rqt:/home/balabalu/ros2_jazzy/install/ros2component:/home/balabalu/ros2_jazzy/install/sros2:/home/balabalu/ros2_jazzy/install/rqt_topic:/home/balabalu/ros2_jazzy/install/rqt_srv:/home/balabalu/ros2_jazzy/install/rqt_shell:/home/balabalu/ros2_jazzy/install/rqt_service_caller:/home/balabalu/ros2_jazzy/install/rqt_reconfigure:/home/balabalu/ros2_jazzy/install/rqt_py_console:/home/balabalu/ros2_jazzy/install/rqt_publisher:/home/balabalu/ros2_jazzy/install/rqt_action:/home/balabalu/ros2_jazzy/install/rqt_msg:/home/balabalu/ros2_jazzy/install/rqt_console:/home/balabalu/ros2_jazzy/install/rqt_graph:/home/balabalu/ros2_jazzy/install/rqt_gui_py:/home/balabalu/ros2_jazzy/install/rqt_gui:/home/balabalu/ros2_jazzy/install/ros2trace:/home/balabalu/ros2_jazzy/install/ros2topic:/home/balabalu/ros2_jazzy/install/ros2test:/home/balabalu/ros2_jazzy/install/ros2param:/home/balabalu/ros2_jazzy/install/ros2lifecycle:/home/balabalu/ros2_jazzy/install/ros2service:/home/balabalu/ros2_jazzy/install/ros2run:/home/balabalu/ros2_jazzy/install/ros2launch:/home/balabalu/ros2_jazzy/install/ros2pkg:/home/balabalu/ros2_jazzy/install/ros2node:/home/balabalu/ros2_jazzy/install/ros2multicast:/home/balabalu/ros2_jazzy/install/ros2interface:/home/balabalu/ros2_jazzy/install/ros2action:/home/balabalu/ros2_jazzy/install/ros2cli:/home/balabalu/ros2_jazzy/install/launch_testing_ros:/home/balabalu/ros2_jazzy/install/launch_ros:/home/balabalu/ros2_jazzy/install/examples_rclpy_minimal_action_server:/home/balabalu/ros2_jazzy/install/examples_rclpy_minimal_action_client:/home/balabalu/ros2_jazzy/install/examples_rclpy_guard_conditions:/home/balabalu/ros2_jazzy/install/action_tutorials_py:/home/balabalu/ros2_jazzy/install/ament_uncrustify:/home/balabalu/ros2_jazzy/install/tracetools_trace:/home/balabalu/ros2_jazzy/install/tracetools_read:/home/balabalu/ros2_jazzy/install/test_tracetools_launch:/home/balabalu/ros2_jazzy/install/test_ros2trace:/home/balabalu/ros2_jazzy/install/test_launch_ros:/home/balabalu/ros2_jazzy/install/rpyutils:/home/balabalu/ros2_jazzy/install/rosidl_runtime_py:/home/balabalu/ros2_jazzy/install/rosidl_pycommon:/home/balabalu/ros2_jazzy/install/rosidl_cli:/home/balabalu/ros2_jazzy/install/launch_pytest:/home/balabalu/ros2_jazzy/install/launch_testing:/home/balabalu/ros2_jazzy/install/launch_yaml:/home/balabalu/ros2_jazzy/install/launch_xml:/home/balabalu/ros2_jazzy/install/launch:/home/balabalu/ros2_jazzy/install/osrf_pycommon:/home/balabalu/ros2_jazzy/install/domain_coordinator:/home/balabalu/ros2_jazzy/install/ament_xmllint:/home/balabalu/ros2_jazzy/install/ament_pyflakes:/home/balabalu/ros2_jazzy/install/ament_pycodestyle:/home/balabalu/ros2_jazzy/install/ament_pep257:/home/balabalu/ros2_jazzy/install/ament_pclint:/home/balabalu/ros2_jazzy/install/ament_package:/home/balabalu/ros2_jazzy/install/ament_mypy:/home/balabalu/ros2_jazzy/install/ament_lint_cmake:/home/balabalu/ros2_jazzy/install/ament_flake8:/home/balabalu/ros2_jazzy/install/ament_copyright:/home/balabalu/ros2_jazzy/install/ament_lint:/home/balabalu/ros2_jazzy/install/ament_index_python:/home/balabalu/ros2_jazzy/install/ament_cpplint:/home/balabalu/ros2_jazzy/install/ament_cppcheck:/home/balabalu/ros2_jazzy/install/ament_clang_tidy:/home/balabalu/ros2_jazzy/install/ament_clang_format DEBUGINFOD_URLS=https://debuginfod.ubuntu.com /usr/bin/cmake /home/balabalu/workspace/WRoverSoftware/src/Messages/custom_msgs_srvs -DCMAKE_INSTALL_PREFIX=/home/balabalu/workspace/WRoverSoftware/install/custom_msgs_srvs
[2.794s] INFO:colcon.colcon_core.task.python.build:Building Python package in '/home/balabalu/workspace/WRoverSoftware/src/Teleop/input'
[2.794s] INFO:colcon.colcon_core.shell:Skip shell extension 'powershell' for command environment: Not usable outside of PowerShell
[2.794s] DEBUG:colcon.colcon_core.shell:Skip shell extension 'dsv' for command environment
[3.480s] INFO:colcon.colcon_core.task.python.build:Building Python package in '/home/balabalu/workspace/WRoverSoftware/src/Autonomous/object_avoidance'
[3.480s] INFO:colcon.colcon_core.shell:Skip shell extension 'powershell' for command environment: Not usable outside of PowerShell
[3.480s] DEBUG:colcon.colcon_core.shell:Skip shell extension 'dsv' for command environment
[5.411s] DEBUG:colcon.colcon_core.event_handler.log_command:Invoking command in '/home/balabalu/workspace/WRoverSoftware/src/Autonomous/object_avoidance': DEBUGINFOD_URLS=https://debuginfod.ubuntu.com PYTHONPATH=/home/balabalu/workspace/WRoverSoftware/build/object_avoidance/prefix_override:/home/balabalu/workspace/WRoverSoftware/install/object_avoidance/lib/python3.12/site-packages:${PYTHONPATH} /usr/bin/python3 -W ignore:setup.py install is deprecated setup.py egg_info --egg-base ../../../build/object_avoidance build --build-base /home/balabalu/workspace/WRoverSoftware/build/object_avoidance/build install --record /home/balabalu/workspace/WRoverSoftware/build/object_avoidance/install.log --single-version-externally-managed install_data
[5.500s] DEBUG:colcon.colcon_core.event_handler.log_command:Invoking command in '/home/balabalu/workspace/WRoverSoftware/src/Autonomous/auto_implementation': DEBUGINFOD_URLS=https://debuginfod.ubuntu.com PYTHONPATH=/home/balabalu/workspace/WRoverSoftware/build/auto_implementation/prefix_override:/home/balabalu/workspace/WRoverSoftware/install/auto_implementation/lib/python3.12/site-packages:${PYTHONPATH} /usr/bin/python3 -W ignore:setup.py install is deprecated setup.py egg_info --egg-base ../../../build/auto_implementation build --build-base /home/balabalu/workspace/WRoverSoftware/build/auto_implementation/build install --record /home/balabalu/workspace/WRoverSoftware/build/auto_implementation/install.log --single-version-externally-managed install_data
[5.527s] DEBUG:colcon.colcon_core.event_handler.log_command:Invoking command in '/home/balabalu/workspace/WRoverSoftware/src/Teleop/arm': DEBUGINFOD_URLS=https://debuginfod.ubuntu.com PYTHONPATH=/home/balabalu/workspace/WRoverSoftware/build/arm/prefix_override:/home/balabalu/workspace/WRoverSoftware/install/arm/lib/python3.12/site-packages:${PYTHONPATH} /usr/bin/python3 -W ignore:setup.py install is deprecated setup.py egg_info --egg-base ../../../build/arm build --build-base /home/balabalu/workspace/WRoverSoftware/build/arm/build install --record /home/balabalu/workspace/WRoverSoftware/build/arm/install.log --single-version-externally-managed install_data
[5.541s] DEBUG:colcon.colcon_core.event_handler.log_command:Invoking command in '/home/balabalu/workspace/WRoverSoftware/src/Teleop/input': DEBUGINFOD_URLS=https://debuginfod.ubuntu.com PYTHONPATH=/home/balabalu/workspace/WRoverSoftware/build/input/prefix_override:/home/balabalu/workspace/WRoverSoftware/install/input/lib/python3.12/site-packages:${PYTHONPATH} /usr/bin/python3 -W ignore:setup.py install is deprecated setup.py egg_info --egg-base ../../../build/input build --build-base /home/balabalu/workspace/WRoverSoftware/build/input/build install --record /home/balabalu/workspace/WRoverSoftware/build/input/install.log --single-version-externally-managed install_data
[5.652s] DEBUG:colcon.colcon_core.event_handler.log_command:Invoked command in '/home/balabalu/workspace/WRoverSoftware/build/custom_msgs_srvs' returned '0': CMAKE_PREFIX_PATH=${CMAKE_PREFIX_PATH}:/home/balabalu/ros2_jazzy/install/rqt_bag_plugins:/home/balabalu/ros2_jazzy/install/rqt_bag:/home/balabalu/ros2_jazzy/install/rosbag2_examples_py:/home/balabalu/ros2_jazzy/install/launch_testing_examples:/home/balabalu/ros2_jazzy/install/ros2bag:/home/balabalu/ros2_jazzy/install/tracetools_test:/home/balabalu/ros2_jazzy/install/tracetools_launch:/home/balabalu/ros2_jazzy/install/topic_monitor:/home/balabalu/ros2_jazzy/install/tf2_tools:/home/balabalu/ros2_jazzy/install/examples_tf2_py:/home/balabalu/ros2_jazzy/install/tf2_ros_py:/home/balabalu/ros2_jazzy/install/examples_rclpy_pointcloud_publisher:/home/balabalu/ros2_jazzy/install/sensor_msgs_py:/home/balabalu/ros2_jazzy/install/quality_of_service_demo_py:/home/balabalu/ros2_jazzy/install/rqt_plot:/home/balabalu/ros2_jazzy/install/ros2doctor:/home/balabalu/ros2_jazzy/install/lifecycle_py:/home/balabalu/ros2_jazzy/install/examples_rclpy_minimal_subscriber:/home/balabalu/ros2_jazzy/install/examples_rclpy_minimal_service:/home/balabalu/ros2_jazzy/install/examples_rclpy_minimal_publisher:/home/balabalu/ros2_jazzy/install/examples_rclpy_minimal_client:/home/balabalu/ros2_jazzy/install/examples_rclpy_executors:/home/balabalu/ros2_jazzy/install/demo_nodes_py:/home/balabalu/ros2_jazzy/install/rqt:/home/balabalu/ros2_jazzy/install/ros2component:/home/balabalu/ros2_jazzy/install/sros2:/home/balabalu/ros2_jazzy/install/rqt_topic:/home/balabalu/ros2_jazzy/install/rqt_srv:/home/balabalu/ros2_jazzy/install/rqt_shell:/home/balabalu/ros2_jazzy/install/rqt_service_caller:/home/balabalu/ros2_jazzy/install/rqt_reconfigure:/home/balabalu/ros2_jazzy/install/rqt_py_console:/home/balabalu/ros2_jazzy/install/rqt_publisher:/home/balabalu/ros2_jazzy/install/rqt_action:/home/balabalu/ros2_jazzy/install/rqt_msg:/home/balabalu/ros2_jazzy/install/rqt_console:/home/balabalu/ros2_jazzy/install/rqt_graph:/home/balabalu/ros2_jazzy/install/rqt_gui_py:/home/balabalu/ros2_jazzy/install/rqt_gui:/home/balabalu/ros2_jazzy/install/ros2trace:/home/balabalu/ros2_jazzy/install/ros2topic:/home/balabalu/ros2_jazzy/install/ros2test:/home/balabalu/ros2_jazzy/install/ros2param:/home/balabalu/ros2_jazzy/install/ros2lifecycle:/home/balabalu/ros2_jazzy/install/ros2service:/home/balabalu/ros2_jazzy/install/ros2run:/home/balabalu/ros2_jazzy/install/ros2launch:/home/balabalu/ros2_jazzy/install/ros2pkg:/home/balabalu/ros2_jazzy/install/ros2node:/home/balabalu/ros2_jazzy/install/ros2multicast:/home/balabalu/ros2_jazzy/install/ros2interface:/home/balabalu/ros2_jazzy/install/ros2action:/home/balabalu/ros2_jazzy/install/ros2cli:/home/balabalu/ros2_jazzy/install/launch_testing_ros:/home/balabalu/ros2_jazzy/install/launch_ros:/home/balabalu/ros2_jazzy/install/examples_rclpy_minimal_action_server:/home/balabalu/ros2_jazzy/install/examples_rclpy_minimal_action_client:/home/balabalu/ros2_jazzy/install/examples_rclpy_guard_conditions:/home/balabalu/ros2_jazzy/install/action_tutorials_py:/home/balabalu/ros2_jazzy/install/ament_uncrustify:/home/balabalu/ros2_jazzy/install/tracetools_trace:/home/balabalu/ros2_jazzy/install/tracetools_read:/home/balabalu/ros2_jazzy/install/test_tracetools_launch:/home/balabalu/ros2_jazzy/install/test_ros2trace:/home/balabalu/ros2_jazzy/install/test_launch_ros:/home/balabalu/ros2_jazzy/install/rpyutils:/home/balabalu/ros2_jazzy/install/rosidl_runtime_py:/home/balabalu/ros2_jazzy/install/rosidl_pycommon:/home/balabalu/ros2_jazzy/install/rosidl_cli:/home/balabalu/ros2_jazzy/install/launch_pytest:/home/balabalu/ros2_jazzy/install/launch_testing:/home/balabalu/ros2_jazzy/install/launch_yaml:/home/balabalu/ros2_jazzy/install/launch_xml:/home/balabalu/ros2_jazzy/install/launch:/home/balabalu/ros2_jazzy/install/osrf_pycommon:/home/balabalu/ros2_jazzy/install/domain_coordinator:/home/balabalu/ros2_jazzy/install/ament_xmllint:/home/balabalu/ros2_jazzy/install/ament_pyflakes:/home/balabalu/ros2_jazzy/install/ament_pycodestyle:/home/balabalu/ros2_jazzy/install/ament_pep257:/home/balabalu/ros2_jazzy/install/ament_pclint:/home/balabalu/ros2_jazzy/install/ament_package:/home/balabalu/ros2_jazzy/install/ament_mypy:/home/balabalu/ros2_jazzy/install/ament_lint_cmake:/home/balabalu/ros2_jazzy/install/ament_flake8:/home/balabalu/ros2_jazzy/install/ament_copyright:/home/balabalu/ros2_jazzy/install/ament_lint:/home/balabalu/ros2_jazzy/install/ament_index_python:/home/balabalu/ros2_jazzy/install/ament_cpplint:/home/balabalu/ros2_jazzy/install/ament_cppcheck:/home/balabalu/ros2_jazzy/install/ament_clang_tidy:/home/balabalu/ros2_jazzy/install/ament_clang_format DEBUGINFOD_URLS=https://debuginfod.ubuntu.com /usr/bin/cmake /home/balabalu/workspace/WRoverSoftware/src/Messages/custom_msgs_srvs -DCMAKE_INSTALL_PREFIX=/home/balabalu/workspace/WRoverSoftware/install/custom_msgs_srvs
[5.652s] DEBUG:colcon.colcon_core.event_handler.log_command:Invoking command in '/home/balabalu/workspace/WRoverSoftware/build/custom_msgs_srvs': CMAKE_PREFIX_PATH=${CMAKE_PREFIX_PATH}:/home/balabalu/ros2_jazzy/install/rqt_bag_plugins:/home/balabalu/ros2_jazzy/install/rqt_bag:/home/balabalu/ros2_jazzy/install/rosbag2_examples_py:/home/balabalu/ros2_jazzy/install/launch_testing_examples:/home/balabalu/ros2_jazzy/install/ros2bag:/home/balabalu/ros2_jazzy/install/tracetools_test:/home/balabalu/ros2_jazzy/install/tracetools_launch:/home/balabalu/ros2_jazzy/install/topic_monitor:/home/balabalu/ros2_jazzy/install/tf2_tools:/home/balabalu/ros2_jazzy/install/examples_tf2_py:/home/balabalu/ros2_jazzy/install/tf2_ros_py:/home/balabalu/ros2_jazzy/install/examples_rclpy_pointcloud_publisher:/home/balabalu/ros2_jazzy/install/sensor_msgs_py:/home/balabalu/ros2_jazzy/install/quality_of_service_demo_py:/home/balabalu/ros2_jazzy/install/rqt_plot:/home/balabalu/ros2_jazzy/install/ros2doctor:/home/balabalu/ros2_jazzy/install/lifecycle_py:/home/balabalu/ros2_jazzy/install/examples_rclpy_minimal_subscriber:/home/balabalu/ros2_jazzy/install/examples_rclpy_minimal_service:/home/balabalu/ros2_jazzy/install/examples_rclpy_minimal_publisher:/home/balabalu/ros2_jazzy/install/examples_rclpy_minimal_client:/home/balabalu/ros2_jazzy/install/examples_rclpy_executors:/home/balabalu/ros2_jazzy/install/demo_nodes_py:/home/balabalu/ros2_jazzy/install/rqt:/home/balabalu/ros2_jazzy/install/ros2component:/home/balabalu/ros2_jazzy/install/sros2:/home/balabalu/ros2_jazzy/install/rqt_topic:/home/balabalu/ros2_jazzy/install/rqt_srv:/home/balabalu/ros2_jazzy/install/rqt_shell:/home/balabalu/ros2_jazzy/install/rqt_service_caller:/home/balabalu/ros2_jazzy/install/rqt_reconfigure:/home/balabalu/ros2_jazzy/install/rqt_py_console:/home/balabalu/ros2_jazzy/install/rqt_publisher:/home/balabalu/ros2_jazzy/install/rqt_action:/home/balabalu/ros2_jazzy/install/rqt_msg:/home/balabalu/ros2_jazzy/install/rqt_console:/home/balabalu/ros2_jazzy/install/rqt_graph:/home/balabalu/ros2_jazzy/install/rqt_gui_py:/home/balabalu/ros2_jazzy/install/rqt_gui:/home/balabalu/ros2_jazzy/install/ros2trace:/home/balabalu/ros2_jazzy/install/ros2topic:/home/balabalu/ros2_jazzy/install/ros2test:/home/balabalu/ros2_jazzy/install/ros2param:/home/balabalu/ros2_jazzy/install/ros2lifecycle:/home/balabalu/ros2_jazzy/install/ros2service:/home/balabalu/ros2_jazzy/install/ros2run:/home/balabalu/ros2_jazzy/install/ros2launch:/home/balabalu/ros2_jazzy/install/ros2pkg:/home/balabalu/ros2_jazzy/install/ros2node:/home/balabalu/ros2_jazzy/install/ros2multicast:/home/balabalu/ros2_jazzy/install/ros2interface:/home/balabalu/ros2_jazzy/install/ros2action:/home/balabalu/ros2_jazzy/install/ros2cli:/home/balabalu/ros2_jazzy/install/launch_testing_ros:/home/balabalu/ros2_jazzy/install/launch_ros:/home/balabalu/ros2_jazzy/install/examples_rclpy_minimal_action_server:/home/balabalu/ros2_jazzy/install/examples_rclpy_minimal_action_client:/home/balabalu/ros2_jazzy/install/examples_rclpy_guard_conditions:/home/balabalu/ros2_jazzy/install/action_tutorials_py:/home/balabalu/ros2_jazzy/install/ament_uncrustify:/home/balabalu/ros2_jazzy/install/tracetools_trace:/home/balabalu/ros2_jazzy/install/tracetools_read:/home/balabalu/ros2_jazzy/install/test_tracetools_launch:/home/balabalu/ros2_jazzy/install/test_ros2trace:/home/balabalu/ros2_jazzy/install/test_launch_ros:/home/balabalu/ros2_jazzy/install/rpyutils:/home/balabalu/ros2_jazzy/install/rosidl_runtime_py:/home/balabalu/ros2_jazzy/install/rosidl_pycommon:/home/balabalu/ros2_jazzy/install/rosidl_cli:/home/balabalu/ros2_jazzy/install/launch_pytest:/home/balabalu/ros2_jazzy/install/launch_testing:/home/balabalu/ros2_jazzy/install/launch_yaml:/home/balabalu/ros2_jazzy/install/launch_xml:/home/balabalu/ros2_jazzy/install/launch:/home/balabalu/ros2_jazzy/install/osrf_pycommon:/home/balabalu/ros2_jazzy/install/domain_coordinator:/home/balabalu/ros2_jazzy/install/ament_xmllint:/home/balabalu/ros2_jazzy/install/ament_pyflakes:/home/balabalu/ros2_jazzy/install/ament_pycodestyle:/home/balabalu/ros2_jazzy/install/ament_pep257:/home/balabalu/ros2_jazzy/install/ament_pclint:/home/balabalu/ros2_jazzy/install/ament_package:/home/balabalu/ros2_jazzy/install/ament_mypy:/home/balabalu/ros2_jazzy/install/ament_lint_cmake:/home/balabalu/ros2_jazzy/install/ament_flake8:/home/balabalu/ros2_jazzy/install/ament_copyright:/home/balabalu/ros2_jazzy/install/ament_lint:/home/balabalu/ros2_jazzy/install/ament_index_python:/home/balabalu/ros2_jazzy/install/ament_cpplint:/home/balabalu/ros2_jazzy/install/ament_cppcheck:/home/balabalu/ros2_jazzy/install/ament_clang_tidy:/home/balabalu/ros2_jazzy/install/ament_clang_format DEBUGINFOD_URLS=https://debuginfod.ubuntu.com /usr/bin/cmake --build /home/balabalu/workspace/WRoverSoftware/build/custom_msgs_srvs -- -j5 -l5
[5.879s] DEBUG:colcon.colcon_core.event_handler.log_command:Invoked command in '/home/balabalu/workspace/WRoverSoftware/build/custom_msgs_srvs' returned '0': CMAKE_PREFIX_PATH=${CMAKE_PREFIX_PATH}:/home/balabalu/ros2_jazzy/install/rqt_bag_plugins:/home/balabalu/ros2_jazzy/install/rqt_bag:/home/balabalu/ros2_jazzy/install/rosbag2_examples_py:/home/balabalu/ros2_jazzy/install/launch_testing_examples:/home/balabalu/ros2_jazzy/install/ros2bag:/home/balabalu/ros2_jazzy/install/tracetools_test:/home/balabalu/ros2_jazzy/install/tracetools_launch:/home/balabalu/ros2_jazzy/install/topic_monitor:/home/balabalu/ros2_jazzy/install/tf2_tools:/home/balabalu/ros2_jazzy/install/examples_tf2_py:/home/balabalu/ros2_jazzy/install/tf2_ros_py:/home/balabalu/ros2_jazzy/install/examples_rclpy_pointcloud_publisher:/home/balabalu/ros2_jazzy/install/sensor_msgs_py:/home/balabalu/ros2_jazzy/install/quality_of_service_demo_py:/home/balabalu/ros2_jazzy/install/rqt_plot:/home/balabalu/ros2_jazzy/install/ros2doctor:/home/balabalu/ros2_jazzy/install/lifecycle_py:/home/balabalu/ros2_jazzy/install/examples_rclpy_minimal_subscriber:/home/balabalu/ros2_jazzy/install/examples_rclpy_minimal_service:/home/balabalu/ros2_jazzy/install/examples_rclpy_minimal_publisher:/home/balabalu/ros2_jazzy/install/examples_rclpy_minimal_client:/home/balabalu/ros2_jazzy/install/examples_rclpy_executors:/home/balabalu/ros2_jazzy/install/demo_nodes_py:/home/balabalu/ros2_jazzy/install/rqt:/home/balabalu/ros2_jazzy/install/ros2component:/home/balabalu/ros2_jazzy/install/sros2:/home/balabalu/ros2_jazzy/install/rqt_topic:/home/balabalu/ros2_jazzy/install/rqt_srv:/home/balabalu/ros2_jazzy/install/rqt_shell:/home/balabalu/ros2_jazzy/install/rqt_service_caller:/home/balabalu/ros2_jazzy/install/rqt_reconfigure:/home/balabalu/ros2_jazzy/install/rqt_py_console:/home/balabalu/ros2_jazzy/install/rqt_publisher:/home/balabalu/ros2_jazzy/install/rqt_action:/home/balabalu/ros2_jazzy/install/rqt_msg:/home/balabalu/ros2_jazzy/install/rqt_console:/home/balabalu/ros2_jazzy/install/rqt_graph:/home/balabalu/ros2_jazzy/install/rqt_gui_py:/home/balabalu/ros2_jazzy/install/rqt_gui:/home/balabalu/ros2_jazzy/install/ros2trace:/home/balabalu/ros2_jazzy/install/ros2topic:/home/balabalu/ros2_jazzy/install/ros2test:/home/balabalu/ros2_jazzy/install/ros2param:/home/balabalu/ros2_jazzy/install/ros2lifecycle:/home/balabalu/ros2_jazzy/install/ros2service:/home/balabalu/ros2_jazzy/install/ros2run:/home/balabalu/ros2_jazzy/install/ros2launch:/home/balabalu/ros2_jazzy/install/ros2pkg:/home/balabalu/ros2_jazzy/install/ros2node:/home/balabalu/ros2_jazzy/install/ros2multicast:/home/balabalu/ros2_jazzy/install/ros2interface:/home/balabalu/ros2_jazzy/install/ros2action:/home/balabalu/ros2_jazzy/install/ros2cli:/home/balabalu/ros2_jazzy/install/launch_testing_ros:/home/balabalu/ros2_jazzy/install/launch_ros:/home/balabalu/ros2_jazzy/install/examples_rclpy_minimal_action_server:/home/balabalu/ros2_jazzy/install/examples_rclpy_minimal_action_client:/home/balabalu/ros2_jazzy/install/examples_rclpy_guard_conditions:/home/balabalu/ros2_jazzy/install/action_tutorials_py:/home/balabalu/ros2_jazzy/install/ament_uncrustify:/home/balabalu/ros2_jazzy/install/tracetools_trace:/home/balabalu/ros2_jazzy/install/tracetools_read:/home/balabalu/ros2_jazzy/install/test_tracetools_launch:/home/balabalu/ros2_jazzy/install/test_ros2trace:/home/balabalu/ros2_jazzy/install/test_launch_ros:/home/balabalu/ros2_jazzy/install/rpyutils:/home/balabalu/ros2_jazzy/install/rosidl_runtime_py:/home/balabalu/ros2_jazzy/install/rosidl_pycommon:/home/balabalu/ros2_jazzy/install/rosidl_cli:/home/balabalu/ros2_jazzy/install/launch_pytest:/home/balabalu/ros2_jazzy/install/launch_testing:/home/balabalu/ros2_jazzy/install/launch_yaml:/home/balabalu/ros2_jazzy/install/launch_xml:/home/balabalu/ros2_jazzy/install/launch:/home/balabalu/ros2_jazzy/install/osrf_pycommon:/home/balabalu/ros2_jazzy/install/domain_coordinator:/home/balabalu/ros2_jazzy/install/ament_xmllint:/home/balabalu/ros2_jazzy/install/ament_pyflakes:/home/balabalu/ros2_jazzy/install/ament_pycodestyle:/home/balabalu/ros2_jazzy/install/ament_pep257:/home/balabalu/ros2_jazzy/install/ament_pclint:/home/balabalu/ros2_jazzy/install/ament_package:/home/balabalu/ros2_jazzy/install/ament_mypy:/home/balabalu/ros2_jazzy/install/ament_lint_cmake:/home/balabalu/ros2_jazzy/install/ament_flake8:/home/balabalu/ros2_jazzy/install/ament_copyright:/home/balabalu/ros2_jazzy/install/ament_lint:/home/balabalu/ros2_jazzy/install/ament_index_python:/home/balabalu/ros2_jazzy/install/ament_cpplint:/home/balabalu/ros2_jazzy/install/ament_cppcheck:/home/balabalu/ros2_jazzy/install/ament_clang_tidy:/home/balabalu/ros2_jazzy/install/ament_clang_format DEBUGINFOD_URLS=https://debuginfod.ubuntu.com /usr/bin/cmake --build /home/balabalu/workspace/WRoverSoftware/build/custom_msgs_srvs -- -j5 -l5
[6.364s] DEBUG:colcon.colcon_core.event_handler.log_command:Invoking command in '/home/balabalu/workspace/WRoverSoftware/build/custom_msgs_srvs': CMAKE_PREFIX_PATH=${CMAKE_PREFIX_PATH}:/home/balabalu/ros2_jazzy/install/rqt_bag_plugins:/home/balabalu/ros2_jazzy/install/rqt_bag:/home/balabalu/ros2_jazzy/install/rosbag2_examples_py:/home/balabalu/ros2_jazzy/install/launch_testing_examples:/home/balabalu/ros2_jazzy/install/ros2bag:/home/balabalu/ros2_jazzy/install/tracetools_test:/home/balabalu/ros2_jazzy/install/tracetools_launch:/home/balabalu/ros2_jazzy/install/topic_monitor:/home/balabalu/ros2_jazzy/install/tf2_tools:/home/balabalu/ros2_jazzy/install/examples_tf2_py:/home/balabalu/ros2_jazzy/install/tf2_ros_py:/home/balabalu/ros2_jazzy/install/examples_rclpy_pointcloud_publisher:/home/balabalu/ros2_jazzy/install/sensor_msgs_py:/home/balabalu/ros2_jazzy/install/quality_of_service_demo_py:/home/balabalu/ros2_jazzy/install/rqt_plot:/home/balabalu/ros2_jazzy/install/ros2doctor:/home/balabalu/ros2_jazzy/install/lifecycle_py:/home/balabalu/ros2_jazzy/install/examples_rclpy_minimal_subscriber:/home/balabalu/ros2_jazzy/install/examples_rclpy_minimal_service:/home/balabalu/ros2_jazzy/install/examples_rclpy_minimal_publisher:/home/balabalu/ros2_jazzy/install/examples_rclpy_minimal_client:/home/balabalu/ros2_jazzy/install/examples_rclpy_executors:/home/balabalu/ros2_jazzy/install/demo_nodes_py:/home/balabalu/ros2_jazzy/install/rqt:/home/balabalu/ros2_jazzy/install/ros2component:/home/balabalu/ros2_jazzy/install/sros2:/home/balabalu/ros2_jazzy/install/rqt_topic:/home/balabalu/ros2_jazzy/install/rqt_srv:/home/balabalu/ros2_jazzy/install/rqt_shell:/home/balabalu/ros2_jazzy/install/rqt_service_caller:/home/balabalu/ros2_jazzy/install/rqt_reconfigure:/home/balabalu/ros2_jazzy/install/rqt_py_console:/home/balabalu/ros2_jazzy/install/rqt_publisher:/home/balabalu/ros2_jazzy/install/rqt_action:/home/balabalu/ros2_jazzy/install/rqt_msg:/home/balabalu/ros2_jazzy/install/rqt_console:/home/balabalu/ros2_jazzy/install/rqt_graph:/home/balabalu/ros2_jazzy/install/rqt_gui_py:/home/balabalu/ros2_jazzy/install/rqt_gui:/home/balabalu/ros2_jazzy/install/ros2trace:/home/balabalu/ros2_jazzy/install/ros2topic:/home/balabalu/ros2_jazzy/install/ros2test:/home/balabalu/ros2_jazzy/install/ros2param:/home/balabalu/ros2_jazzy/install/ros2lifecycle:/home/balabalu/ros2_jazzy/install/ros2service:/home/balabalu/ros2_jazzy/install/ros2run:/home/balabalu/ros2_jazzy/install/ros2launch:/home/balabalu/ros2_jazzy/install/ros2pkg:/home/balabalu/ros2_jazzy/install/ros2node:/home/balabalu/ros2_jazzy/install/ros2multicast:/home/balabalu/ros2_jazzy/install/ros2interface:/home/balabalu/ros2_jazzy/install/ros2action:/home/balabalu/ros2_jazzy/install/ros2cli:/home/balabalu/ros2_jazzy/install/launch_testing_ros:/home/balabalu/ros2_jazzy/install/launch_ros:/home/balabalu/ros2_jazzy/install/examples_rclpy_minimal_action_server:/home/balabalu/ros2_jazzy/install/examples_rclpy_minimal_action_client:/home/balabalu/ros2_jazzy/install/examples_rclpy_guard_conditions:/home/balabalu/ros2_jazzy/install/action_tutorials_py:/home/balabalu/ros2_jazzy/install/ament_uncrustify:/home/balabalu/ros2_jazzy/install/tracetools_trace:/home/balabalu/ros2_jazzy/install/tracetools_read:/home/balabalu/ros2_jazzy/install/test_tracetools_launch:/home/balabalu/ros2_jazzy/install/test_ros2trace:/home/balabalu/ros2_jazzy/install/test_launch_ros:/home/balabalu/ros2_jazzy/install/rpyutils:/home/balabalu/ros2_jazzy/install/rosidl_runtime_py:/home/balabalu/ros2_jazzy/install/rosidl_pycommon:/home/balabalu/ros2_jazzy/install/rosidl_cli:/home/balabalu/ros2_jazzy/install/launch_pytest:/home/balabalu/ros2_jazzy/install/launch_testing:/home/balabalu/ros2_jazzy/install/launch_yaml:/home/balabalu/ros2_jazzy/install/launch_xml:/home/balabalu/ros2_jazzy/install/launch:/home/balabalu/ros2_jazzy/install/osrf_pycommon:/home/balabalu/ros2_jazzy/install/domain_coordinator:/home/balabalu/ros2_jazzy/install/ament_xmllint:/home/balabalu/ros2_jazzy/install/ament_pyflakes:/home/balabalu/ros2_jazzy/install/ament_pycodestyle:/home/balabalu/ros2_jazzy/install/ament_pep257:/home/balabalu/ros2_jazzy/install/ament_pclint:/home/balabalu/ros2_jazzy/install/ament_package:/home/balabalu/ros2_jazzy/install/ament_mypy:/home/balabalu/ros2_jazzy/install/ament_lint_cmake:/home/balabalu/ros2_jazzy/install/ament_flake8:/home/balabalu/ros2_jazzy/install/ament_copyright:/home/balabalu/ros2_jazzy/install/ament_lint:/home/balabalu/ros2_jazzy/install/ament_index_python:/home/balabalu/ros2_jazzy/install/ament_cpplint:/home/balabalu/ros2_jazzy/install/ament_cppcheck:/home/balabalu/ros2_jazzy/install/ament_clang_tidy:/home/balabalu/ros2_jazzy/install/ament_clang_format DEBUGINFOD_URLS=https://debuginfod.ubuntu.com /usr/bin/cmake --install /home/balabalu/workspace/WRoverSoftware/build/custom_msgs_srvs
[6.438s] Level 1:colcon.colcon_core.environment:create_environment_scripts_only(custom_msgs_srvs)
[6.454s] DEBUG:colcon.colcon_core.event_handler.log_command:Invoked command in '/home/balabalu/workspace/WRoverSoftware/build/custom_msgs_srvs' returned '0': CMAKE_PREFIX_PATH=${CMAKE_PREFIX_PATH}:/home/balabalu/ros2_jazzy/install/rqt_bag_plugins:/home/balabalu/ros2_jazzy/install/rqt_bag:/home/balabalu/ros2_jazzy/install/rosbag2_examples_py:/home/balabalu/ros2_jazzy/install/launch_testing_examples:/home/balabalu/ros2_jazzy/install/ros2bag:/home/balabalu/ros2_jazzy/install/tracetools_test:/home/balabalu/ros2_jazzy/install/tracetools_launch:/home/balabalu/ros2_jazzy/install/topic_monitor:/home/balabalu/ros2_jazzy/install/tf2_tools:/home/balabalu/ros2_jazzy/install/examples_tf2_py:/home/balabalu/ros2_jazzy/install/tf2_ros_py:/home/balabalu/ros2_jazzy/install/examples_rclpy_pointcloud_publisher:/home/balabalu/ros2_jazzy/install/sensor_msgs_py:/home/balabalu/ros2_jazzy/install/quality_of_service_demo_py:/home/balabalu/ros2_jazzy/install/rqt_plot:/home/balabalu/ros2_jazzy/install/ros2doctor:/home/balabalu/ros2_jazzy/install/lifecycle_py:/home/balabalu/ros2_jazzy/install/examples_rclpy_minimal_subscriber:/home/balabalu/ros2_jazzy/install/examples_rclpy_minimal_service:/home/balabalu/ros2_jazzy/install/examples_rclpy_minimal_publisher:/home/balabalu/ros2_jazzy/install/examples_rclpy_minimal_client:/home/balabalu/ros2_jazzy/install/examples_rclpy_executors:/home/balabalu/ros2_jazzy/install/demo_nodes_py:/home/balabalu/ros2_jazzy/install/rqt:/home/balabalu/ros2_jazzy/install/ros2component:/home/balabalu/ros2_jazzy/install/sros2:/home/balabalu/ros2_jazzy/install/rqt_topic:/home/balabalu/ros2_jazzy/install/rqt_srv:/home/balabalu/ros2_jazzy/install/rqt_shell:/home/balabalu/ros2_jazzy/install/rqt_service_caller:/home/balabalu/ros2_jazzy/install/rqt_reconfigure:/home/balabalu/ros2_jazzy/install/rqt_py_console:/home/balabalu/ros2_jazzy/install/rqt_publisher:/home/balabalu/ros2_jazzy/install/rqt_action:/home/balabalu/ros2_jazzy/install/rqt_msg:/home/balabalu/ros2_jazzy/install/rqt_console:/home/balabalu/ros2_jazzy/install/rqt_graph:/home/balabalu/ros2_jazzy/install/rqt_gui_py:/home/balabalu/ros2_jazzy/install/rqt_gui:/home/balabalu/ros2_jazzy/install/ros2trace:/home/balabalu/ros2_jazzy/install/ros2topic:/home/balabalu/ros2_jazzy/install/ros2test:/home/balabalu/ros2_jazzy/install/ros2param:/home/balabalu/ros2_jazzy/install/ros2lifecycle:/home/balabalu/ros2_jazzy/install/ros2service:/home/balabalu/ros2_jazzy/install/ros2run:/home/balabalu/ros2_jazzy/install/ros2launch:/home/balabalu/ros2_jazzy/install/ros2pkg:/home/balabalu/ros2_jazzy/install/ros2node:/home/balabalu/ros2_jazzy/install/ros2multicast:/home/balabalu/ros2_jazzy/install/ros2interface:/home/balabalu/ros2_jazzy/install/ros2action:/home/balabalu/ros2_jazzy/install/ros2cli:/home/balabalu/ros2_jazzy/install/launch_testing_ros:/home/balabalu/ros2_jazzy/install/launch_ros:/home/balabalu/ros2_jazzy/install/examples_rclpy_minimal_action_server:/home/balabalu/ros2_jazzy/install/examples_rclpy_minimal_action_client:/home/balabalu/ros2_jazzy/install/examples_rclpy_guard_conditions:/home/balabalu/ros2_jazzy/install/action_tutorials_py:/home/balabalu/ros2_jazzy/install/ament_uncrustify:/home/balabalu/ros2_jazzy/install/tracetools_trace:/home/balabalu/ros2_jazzy/install/tracetools_read:/home/balabalu/ros2_jazzy/install/test_tracetools_launch:/home/balabalu/ros2_jazzy/install/test_ros2trace:/home/balabalu/ros2_jazzy/install/test_launch_ros:/home/balabalu/ros2_jazzy/install/rpyutils:/home/balabalu/ros2_jazzy/install/rosidl_runtime_py:/home/balabalu/ros2_jazzy/install/rosidl_pycommon:/home/balabalu/ros2_jazzy/install/rosidl_cli:/home/balabalu/ros2_jazzy/install/launch_pytest:/home/balabalu/ros2_jazzy/install/launch_testing:/home/balabalu/ros2_jazzy/install/launch_yaml:/home/balabalu/ros2_jazzy/install/launch_xml:/home/balabalu/ros2_jazzy/install/launch:/home/balabalu/ros2_jazzy/install/osrf_pycommon:/home/balabalu/ros2_jazzy/install/domain_coordinator:/home/balabalu/ros2_jazzy/install/ament_xmllint:/home/balabalu/ros2_jazzy/install/ament_pyflakes:/home/balabalu/ros2_jazzy/install/ament_pycodestyle:/home/balabalu/ros2_jazzy/install/ament_pep257:/home/balabalu/ros2_jazzy/install/ament_pclint:/home/balabalu/ros2_jazzy/install/ament_package:/home/balabalu/ros2_jazzy/install/ament_mypy:/home/balabalu/ros2_jazzy/install/ament_lint_cmake:/home/balabalu/ros2_jazzy/install/ament_flake8:/home/balabalu/ros2_jazzy/install/ament_copyright:/home/balabalu/ros2_jazzy/install/ament_lint:/home/balabalu/ros2_jazzy/install/ament_index_python:/home/balabalu/ros2_jazzy/install/ament_cpplint:/home/balabalu/ros2_jazzy/install/ament_cppcheck:/home/balabalu/ros2_jazzy/install/ament_clang_tidy:/home/balabalu/ros2_jazzy/install/ament_clang_format DEBUGINFOD_URLS=https://debuginfod.ubuntu.com /usr/bin/cmake --install /home/balabalu/workspace/WRoverSoftware/build/custom_msgs_srvs
[6.459s] Level 1:colcon.colcon_core.environment:checking '/home/balabalu/workspace/WRoverSoftware/install/custom_msgs_srvs' for CMake module files
[6.460s] Level 1:colcon.colcon_core.environment:checking '/home/balabalu/workspace/WRoverSoftware/install/custom_msgs_srvs' for CMake config files
[6.460s] Level 1:colcon.colcon_core.shell:create_environment_hook('custom_msgs_srvs', 'cmake_prefix_path')
[6.460s] INFO:colcon.colcon_core.shell:Creating environment hook '/home/balabalu/workspace/WRoverSoftware/install/custom_msgs_srvs/share/custom_msgs_srvs/hook/cmake_prefix_path.ps1'
[6.461s] INFO:colcon.colcon_core.shell:Creating environment descriptor '/home/balabalu/workspace/WRoverSoftware/install/custom_msgs_srvs/share/custom_msgs_srvs/hook/cmake_prefix_path.dsv'
[6.461s] INFO:colcon.colcon_core.shell:Creating environment hook '/home/balabalu/workspace/WRoverSoftware/install/custom_msgs_srvs/share/custom_msgs_srvs/hook/cmake_prefix_path.sh'
[6.462s] Level 1:colcon.colcon_core.environment:checking '/home/balabalu/workspace/WRoverSoftware/install/custom_msgs_srvs/bin'
[6.462s] Level 1:colcon.colcon_core.environment:checking '/home/balabalu/workspace/WRoverSoftware/install/custom_msgs_srvs/lib/pkgconfig/custom_msgs_srvs.pc'
[6.462s] Level 1:colcon.colcon_core.environment:checking '/home/balabalu/workspace/WRoverSoftware/install/custom_msgs_srvs/lib/python3.12/site-packages'
[6.462s] Level 1:colcon.colcon_core.environment:checking '/home/balabalu/workspace/WRoverSoftware/install/custom_msgs_srvs/bin'
[6.462s] INFO:colcon.colcon_core.shell:Creating package script '/home/balabalu/workspace/WRoverSoftware/install/custom_msgs_srvs/share/custom_msgs_srvs/package.ps1'
[6.463s] INFO:colcon.colcon_core.shell:Creating package descriptor '/home/balabalu/workspace/WRoverSoftware/install/custom_msgs_srvs/share/custom_msgs_srvs/package.dsv'
[6.464s] INFO:colcon.colcon_core.shell:Creating package script '/home/balabalu/workspace/WRoverSoftware/install/custom_msgs_srvs/share/custom_msgs_srvs/package.sh'
[6.465s] INFO:colcon.colcon_core.shell:Creating package script '/home/balabalu/workspace/WRoverSoftware/install/custom_msgs_srvs/share/custom_msgs_srvs/package.bash'
[6.466s] INFO:colcon.colcon_core.shell:Creating package script '/home/balabalu/workspace/WRoverSoftware/install/custom_msgs_srvs/share/custom_msgs_srvs/package.zsh'
[6.466s] Level 1:colcon.colcon_core.environment:create_file_with_runtime_dependencies(/home/balabalu/workspace/WRoverSoftware/install/custom_msgs_srvs/share/colcon-core/packages/custom_msgs_srvs)
[6.618s] Level 1:colcon.colcon_core.environment:create_environment_scripts_only(custom_msgs_srvs)
[6.618s] Level 1:colcon.colcon_core.environment:checking '/home/balabalu/workspace/WRoverSoftware/install/custom_msgs_srvs' for CMake module files
[6.619s] Level 1:colcon.colcon_core.environment:checking '/home/balabalu/workspace/WRoverSoftware/install/custom_msgs_srvs' for CMake config files
[6.619s] Level 1:colcon.colcon_core.shell:create_environment_hook('custom_msgs_srvs', 'cmake_prefix_path')
[6.619s] INFO:colcon.colcon_core.shell:Creating environment hook '/home/balabalu/workspace/WRoverSoftware/install/custom_msgs_srvs/share/custom_msgs_srvs/hook/cmake_prefix_path.ps1'
[6.621s] INFO:colcon.colcon_core.shell:Creating environment descriptor '/home/balabalu/workspace/WRoverSoftware/install/custom_msgs_srvs/share/custom_msgs_srvs/hook/cmake_prefix_path.dsv'
[6.622s] INFO:colcon.colcon_core.shell:Creating environment hook '/home/balabalu/workspace/WRoverSoftware/install/custom_msgs_srvs/share/custom_msgs_srvs/hook/cmake_prefix_path.sh'
[6.624s] Level 1:colcon.colcon_core.environment:checking '/home/balabalu/workspace/WRoverSoftware/install/custom_msgs_srvs/bin'
[6.624s] Level 1:colcon.colcon_core.environment:checking '/home/balabalu/workspace/WRoverSoftware/install/custom_msgs_srvs/lib/pkgconfig/custom_msgs_srvs.pc'
[6.625s] Level 1:colcon.colcon_core.environment:checking '/home/balabalu/workspace/WRoverSoftware/install/custom_msgs_srvs/lib/python3.12/site-packages'
[6.626s] Level 1:colcon.colcon_core.environment:checking '/home/balabalu/workspace/WRoverSoftware/install/custom_msgs_srvs/bin'
[6.626s] INFO:colcon.colcon_core.shell:Creating package script '/home/balabalu/workspace/WRoverSoftware/install/custom_msgs_srvs/share/custom_msgs_srvs/package.ps1'
[6.630s] INFO:colcon.colcon_core.shell:Creating package descriptor '/home/balabalu/workspace/WRoverSoftware/install/custom_msgs_srvs/share/custom_msgs_srvs/package.dsv'
[6.630s] INFO:colcon.colcon_core.shell:Creating package script '/home/balabalu/workspace/WRoverSoftware/install/custom_msgs_srvs/share/custom_msgs_srvs/package.sh'
[6.631s] INFO:colcon.colcon_core.shell:Creating package script '/home/balabalu/workspace/WRoverSoftware/install/custom_msgs_srvs/share/custom_msgs_srvs/package.bash'
[6.632s] INFO:colcon.colcon_core.shell:Creating package script '/home/balabalu/workspace/WRoverSoftware/install/custom_msgs_srvs/share/custom_msgs_srvs/package.zsh'
[6.633s] Level 1:colcon.colcon_core.environment:create_file_with_runtime_dependencies(/home/balabalu/workspace/WRoverSoftware/install/custom_msgs_srvs/share/colcon-core/packages/custom_msgs_srvs)
[6.635s] INFO:colcon.colcon_ros.task.ament_python.build:Building ROS package in '/home/balabalu/workspace/WRoverSoftware/src/Autonomous/object_detection' with build type 'ament_python'
[6.635s] Level 1:colcon.colcon_core.shell:create_environment_hook('object_detection', 'ament_prefix_path')
[6.635s] INFO:colcon.colcon_core.shell:Creating environment hook '/home/balabalu/workspace/WRoverSoftware/install/object_detection/share/object_detection/hook/ament_prefix_path.ps1'
[6.637s] INFO:colcon.colcon_core.shell:Creating environment descriptor '/home/balabalu/workspace/WRoverSoftware/install/object_detection/share/object_detection/hook/ament_prefix_path.dsv'
[6.638s] INFO:colcon.colcon_core.shell:Creating environment hook '/home/balabalu/workspace/WRoverSoftware/install/object_detection/share/object_detection/hook/ament_prefix_path.sh'
[6.638s] INFO:colcon.colcon_core.shell:Skip shell extension 'powershell' for command environment: Not usable outside of PowerShell
[6.639s] DEBUG:colcon.colcon_core.shell:Skip shell extension 'dsv' for command environment
[7.536s] DEBUG:colcon.colcon_parallel_executor.executor.parallel:closing loop
[7.538s] DEBUG:colcon.colcon_parallel_executor.executor.parallel:loop closed
[7.539s] DEBUG:colcon.colcon_parallel_executor.executor.parallel:run_until_complete finished with 'Command '['/usr/bin/python3', '-c', 'import sys;from contextlib import suppress;exec("with suppress(ImportError):    from setuptools.extern.packaging.specifiers    import SpecifierSet");exec("with suppress(ImportError):    from packaging.specifiers import SpecifierSet");from distutils.core import run_setup;dist = run_setup(    \'setup.py\', script_args=(\'--dry-run\',), stop_after=\'config\');skip_keys = (\'cmdclass\', \'distclass\', \'ext_modules\', \'metadata\');data = {    key: value for key, value in dist.__dict__.items()     if (        not key.startswith(\'_\') and         not callable(value) and         key not in skip_keys and         key not in dist.display_option_names    )};data[\'metadata\'] = {    k: v for k, v in dist.metadata.__dict__.items()     if k not in (\'license_files\', \'provides_extras\')};sys.stdout.buffer.write(repr(data).encode(\'utf-8\'))']' returned non-zero exit status 1.'
[7.539s] DEBUG:colcon.colcon_core.event_reactor:joining thread
[7.568s] INFO:colcon.colcon_core.plugin_system:Skipping extension 'colcon_notification.desktop_notification.terminal_notifier': Not used on non-Darwin systems
[7.568s] INFO:colcon.colcon_core.plugin_system:Skipping extension 'colcon_notification.desktop_notification.win32': Not used on non-Windows systems
[7.568s] INFO:colcon.colcon_notification.desktop_notification:Sending desktop notification using 'notify2'
[7.601s] DEBUG:colcon.colcon_core.event_reactor:joined thread
[7.602s] INFO:colcon.colcon_core.shell:Creating prefix script '/home/balabalu/workspace/WRoverSoftware/install/local_setup.ps1'
[7.605s] INFO:colcon.colcon_core.shell:Creating prefix util module '/home/balabalu/workspace/WRoverSoftware/install/_local_setup_util_ps1.py'
[7.607s] INFO:colcon.colcon_core.shell:Creating prefix chain script '/home/balabalu/workspace/WRoverSoftware/install/setup.ps1'
[7.629s] INFO:colcon.colcon_core.shell:Creating prefix script '/home/balabalu/workspace/WRoverSoftware/install/local_setup.sh'
[7.630s] INFO:colcon.colcon_core.shell:Creating prefix util module '/home/balabalu/workspace/WRoverSoftware/install/_local_setup_util_sh.py'
[7.630s] INFO:colcon.colcon_core.shell:Creating prefix chain script '/home/balabalu/workspace/WRoverSoftware/install/setup.sh'
[7.649s] INFO:colcon.colcon_core.shell:Creating prefix script '/home/balabalu/workspace/WRoverSoftware/install/local_setup.bash'
[7.650s] INFO:colcon.colcon_core.shell:Creating prefix chain script '/home/balabalu/workspace/WRoverSoftware/install/setup.bash'
[7.673s] INFO:colcon.colcon_core.shell:Creating prefix script '/home/balabalu/workspace/WRoverSoftware/install/local_setup.zsh'
[7.673s] INFO:colcon.colcon_core.shell:Creating prefix chain script '/home/balabalu/workspace/WRoverSoftware/install/setup.zsh'
