running egg_info
creating ../../../build/object_avoidance/object_avoidance.egg-info
writing ../../../build/object_avoidance/object_avoidance.egg-info/PKG-INFO
writing dependency_links to ../../../build/object_avoidance/object_avoidance.egg-info/dependency_links.txt
writing entry points to ../../../build/object_avoidance/object_avoidance.egg-info/entry_points.txt
writing requirements to ../../../build/object_avoidance/object_avoidance.egg-info/requires.txt
writing top-level names to ../../../build/object_avoidance/object_avoidance.egg-info/top_level.txt
writing manifest file '../../../build/object_avoidance/object_avoidance.egg-info/SOURCES.txt'
reading manifest file '../../../build/object_avoidance/object_avoidance.egg-info/SOURCES.txt'
adding license file 'LICENSE'
writing manifest file '../../../build/object_avoidance/object_avoidance.egg-info/SOURCES.txt'
running build
running build_py
creating /home/balabalu/workspace/WRoverSoftware/build/object_avoidance/build
creating /home/balabalu/workspace/WRoverSoftware/build/object_avoidance/build/lib
creating /home/balabalu/workspace/WRoverSoftware/build/object_avoidance/build/lib/object_avoidance
copying object_avoidance/__init__.py -> /home/balabalu/workspace/WRoverSoftware/build/object_avoidance/build/lib/object_avoidance
copying object_avoidance/object_avoidance.py -> /home/balabalu/workspace/WRoverSoftware/build/object_avoidance/build/lib/object_avoidance
running install
running install_lib
creating /home/balabalu/workspace/WRoverSoftware/install/object_avoidance/lib/python3.12/site-packages/object_avoidance
copying /home/balabalu/workspace/WRoverSoftware/build/object_avoidance/build/lib/object_avoidance/__init__.py -> /home/balabalu/workspace/WRoverSoftware/install/object_avoidance/lib/python3.12/site-packages/object_avoidance
copying /home/balabalu/workspace/WRoverSoftware/build/object_avoidance/build/lib/object_avoidance/object_avoidance.py -> /home/balabalu/workspace/WRoverSoftware/install/object_avoidance/lib/python3.12/site-packages/object_avoidance
byte-compiling /home/balabalu/workspace/WRoverSoftware/install/object_avoidance/lib/python3.12/site-packages/object_avoidance/__init__.py to __init__.cpython-312.pyc
byte-compiling /home/balabalu/workspace/WRoverSoftware/install/object_avoidance/lib/python3.12/site-packages/object_avoidance/object_avoidance.py to object_avoidance.cpython-312.pyc
running install_data
creating /home/balabalu/workspace/WRoverSoftware/install/object_avoidance/share/ament_index
creating /home/balabalu/workspace/WRoverSoftware/install/object_avoidance/share/ament_index/resource_index
creating /home/balabalu/workspace/WRoverSoftware/install/object_avoidance/share/ament_index/resource_index/packages
copying resource/object_avoidance -> /home/balabalu/workspace/WRoverSoftware/install/object_avoidance/share/ament_index/resource_index/packages
copying package.xml -> /home/balabalu/workspace/WRoverSoftware/install/object_avoidance/share/object_avoidance
running install_egg_info
Copying ../../../build/object_avoidance/object_avoidance.egg-info to /home/balabalu/workspace/WRoverSoftware/install/object_avoidance/lib/python3.12/site-packages/object_avoidance-0.0.0-py3.12.egg-info
running install_scripts
Installing object_avoidance script to /home/balabalu/workspace/WRoverSoftware/install/object_avoidance/lib/object_avoidance
writing list of installed files to '/home/balabalu/workspace/WRoverSoftware/build/object_avoidance/install.log'
