running egg_info
creating ../../../build/object_detection/object_detection.egg-info
writing ../../../build/object_detection/object_detection.egg-info/PKG-INFO
writing dependency_links to ../../../build/object_detection/object_detection.egg-info/dependency_links.txt
writing entry points to ../../../build/object_detection/object_detection.egg-info/entry_points.txt
writing requirements to ../../../build/object_detection/object_detection.egg-info/requires.txt
writing top-level names to ../../../build/object_detection/object_detection.egg-info/top_level.txt
writing manifest file '../../../build/object_detection/object_detection.egg-info/SOURCES.txt'
reading manifest file '../../../build/object_detection/object_detection.egg-info/SOURCES.txt'
adding license file 'LICENSE'
writing manifest file '../../../build/object_detection/object_detection.egg-info/SOURCES.txt'
running build
running build_py
creating /home/balabalu/workspace/WRoverSoftware/build/object_detection/build
creating /home/balabalu/workspace/WRoverSoftware/build/object_detection/build/lib
creating /home/balabalu/workspace/WRoverSoftware/build/object_detection/build/lib/object_detection
copying object_detection/__init__.py -> /home/balabalu/workspace/WRoverSoftware/build/object_detection/build/lib/object_detection
copying object_detection/aruco_tag_detection.py -> /home/balabalu/workspace/WRoverSoftware/build/object_detection/build/lib/object_detection
copying object_detection/object_detection.py -> /home/balabalu/workspace/WRoverSoftware/build/object_detection/build/lib/object_detection
running install
running install_lib
creating /home/balabalu/workspace/WRoverSoftware/install/object_detection/lib/python3.12/site-packages/object_detection
copying /home/balabalu/workspace/WRoverSoftware/build/object_detection/build/lib/object_detection/__init__.py -> /home/balabalu/workspace/WRoverSoftware/install/object_detection/lib/python3.12/site-packages/object_detection
copying /home/balabalu/workspace/WRoverSoftware/build/object_detection/build/lib/object_detection/aruco_tag_detection.py -> /home/balabalu/workspace/WRoverSoftware/install/object_detection/lib/python3.12/site-packages/object_detection
copying /home/balabalu/workspace/WRoverSoftware/build/object_detection/build/lib/object_detection/object_detection.py -> /home/balabalu/workspace/WRoverSoftware/install/object_detection/lib/python3.12/site-packages/object_detection
byte-compiling /home/balabalu/workspace/WRoverSoftware/install/object_detection/lib/python3.12/site-packages/object_detection/__init__.py to __init__.cpython-312.pyc
byte-compiling /home/balabalu/workspace/WRoverSoftware/install/object_detection/lib/python3.12/site-packages/object_detection/aruco_tag_detection.py to aruco_tag_detection.cpython-312.pyc
byte-compiling /home/balabalu/workspace/WRoverSoftware/install/object_detection/lib/python3.12/site-packages/object_detection/object_detection.py to object_detection.cpython-312.pyc
running install_data
creating /home/balabalu/workspace/WRoverSoftware/install/object_detection/share/ament_index
creating /home/balabalu/workspace/WRoverSoftware/install/object_detection/share/ament_index/resource_index
creating /home/balabalu/workspace/WRoverSoftware/install/object_detection/share/ament_index/resource_index/packages
copying resource/object_detection -> /home/balabalu/workspace/WRoverSoftware/install/object_detection/share/ament_index/resource_index/packages
copying package.xml -> /home/balabalu/workspace/WRoverSoftware/install/object_detection/share/object_detection
running install_egg_info
Copying ../../../build/object_detection/object_detection.egg-info to /home/balabalu/workspace/WRoverSoftware/install/object_detection/lib/python3.12/site-packages/object_detection-0.0.0-py3.12.egg-info
running install_scripts
Installing aruco_tag_detection script to /home/balabalu/workspace/WRoverSoftware/install/object_detection/lib/object_detection
Installing object_detection script to /home/balabalu/workspace/WRoverSoftware/install/object_detection/lib/object_detection
writing list of installed files to '/home/balabalu/workspace/WRoverSoftware/build/object_detection/install.log'
