[2.492s] Invoking command in '/home/balabalu/workspace/WRoverSoftware/src/Autonomous/object_detection': DEBUGINFOD_URLS=https://debuginfod.ubuntu.com PYTHONPATH=/home/balabalu/workspace/WRoverSoftware/build/object_detection/prefix_override:/home/balabalu/workspace/WRoverSoftware/install/object_detection/lib/python3.12/site-packages:${PYTHONPATH} /usr/bin/python3 -W ignore:setup.py install is deprecated setup.py egg_info --egg-base ../../../build/object_detection build --build-base /home/balabalu/workspace/WRoverSoftware/build/object_detection/build install --record /home/balabalu/workspace/WRoverSoftware/build/object_detection/install.log --single-version-externally-managed install_data
[3.497s] running egg_info
[3.498s] creating ../../../build/object_detection/object_detection.egg-info
[3.542s] writing ../../../build/object_detection/object_detection.egg-info/PKG-INFO
[3.543s] writing dependency_links to ../../../build/object_detection/object_detection.egg-info/dependency_links.txt
[3.543s] writing entry points to ../../../build/object_detection/object_detection.egg-info/entry_points.txt
[3.543s] writing requirements to ../../../build/object_detection/object_detection.egg-info/requires.txt
[3.543s] writing top-level names to ../../../build/object_detection/object_detection.egg-info/top_level.txt
[3.543s] writing manifest file '../../../build/object_detection/object_detection.egg-info/SOURCES.txt'
[3.652s] reading manifest file '../../../build/object_detection/object_detection.egg-info/SOURCES.txt'
[3.652s] adding license file 'LICENSE'
[3.662s] writing manifest file '../../../build/object_detection/object_detection.egg-info/SOURCES.txt'
[3.662s] running build
[3.662s] running build_py
[3.662s] creating /home/balabalu/workspace/WRoverSoftware/build/object_detection/build
[3.662s] creating /home/balabalu/workspace/WRoverSoftware/build/object_detection/build/lib
[3.662s] creating /home/balabalu/workspace/WRoverSoftware/build/object_detection/build/lib/object_detection
[3.663s] copying object_detection/__init__.py -> /home/balabalu/workspace/WRoverSoftware/build/object_detection/build/lib/object_detection
[3.664s] copying object_detection/aruco_tag_detection.py -> /home/balabalu/workspace/WRoverSoftware/build/object_detection/build/lib/object_detection
[3.665s] copying object_detection/object_detection.py -> /home/balabalu/workspace/WRoverSoftware/build/object_detection/build/lib/object_detection
[3.665s] running install
[3.665s] running install_lib
[3.732s] creating /home/balabalu/workspace/WRoverSoftware/install/object_detection/lib/python3.12/site-packages/object_detection
[3.732s] copying /home/balabalu/workspace/WRoverSoftware/build/object_detection/build/lib/object_detection/__init__.py -> /home/balabalu/workspace/WRoverSoftware/install/object_detection/lib/python3.12/site-packages/object_detection
[3.733s] copying /home/balabalu/workspace/WRoverSoftware/build/object_detection/build/lib/object_detection/aruco_tag_detection.py -> /home/balabalu/workspace/WRoverSoftware/install/object_detection/lib/python3.12/site-packages/object_detection
[3.733s] copying /home/balabalu/workspace/WRoverSoftware/build/object_detection/build/lib/object_detection/object_detection.py -> /home/balabalu/workspace/WRoverSoftware/install/object_detection/lib/python3.12/site-packages/object_detection
[3.736s] byte-compiling /home/balabalu/workspace/WRoverSoftware/install/object_detection/lib/python3.12/site-packages/object_detection/__init__.py to __init__.cpython-312.pyc
[3.738s] byte-compiling /home/balabalu/workspace/WRoverSoftware/install/object_detection/lib/python3.12/site-packages/object_detection/aruco_tag_detection.py to aruco_tag_detection.cpython-312.pyc
[3.738s] byte-compiling /home/balabalu/workspace/WRoverSoftware/install/object_detection/lib/python3.12/site-packages/object_detection/object_detection.py to object_detection.cpython-312.pyc
[3.739s] running install_data
[3.739s] creating /home/balabalu/workspace/WRoverSoftware/install/object_detection/share/ament_index
[3.739s] creating /home/balabalu/workspace/WRoverSoftware/install/object_detection/share/ament_index/resource_index
[3.739s] creating /home/balabalu/workspace/WRoverSoftware/install/object_detection/share/ament_index/resource_index/packages
[3.739s] copying resource/object_detection -> /home/balabalu/workspace/WRoverSoftware/install/object_detection/share/ament_index/resource_index/packages
[3.739s] copying package.xml -> /home/balabalu/workspace/WRoverSoftware/install/object_detection/share/object_detection
[3.739s] running install_egg_info
[3.798s] Copying ../../../build/object_detection/object_detection.egg-info to /home/balabalu/workspace/WRoverSoftware/install/object_detection/lib/python3.12/site-packages/object_detection-0.0.0-py3.12.egg-info
[3.800s] running install_scripts
[4.138s] Installing aruco_tag_detection script to /home/balabalu/workspace/WRoverSoftware/install/object_detection/lib/object_detection
[4.138s] Installing object_detection script to /home/balabalu/workspace/WRoverSoftware/install/object_detection/lib/object_detection
[4.138s] writing list of installed files to '/home/balabalu/workspace/WRoverSoftware/build/object_detection/install.log'
[4.743s] Invoked command in '/home/balabalu/workspace/WRoverSoftware/src/Autonomous/object_detection' returned '0': DEBUGINFOD_URLS=https://debuginfod.ubuntu.com PYTHONPATH=/home/balabalu/workspace/WRoverSoftware/build/object_detection/prefix_override:/home/balabalu/workspace/WRoverSoftware/install/object_detection/lib/python3.12/site-packages:${PYTHONPATH} /usr/bin/python3 -W ignore:setup.py install is deprecated setup.py egg_info --egg-base ../../../build/object_detection build --build-base /home/balabalu/workspace/WRoverSoftware/build/object_detection/build install --record /home/balabalu/workspace/WRoverSoftware/build/object_detection/install.log --single-version-externally-managed install_data
