running egg_info
writing ../../build/wr_can_comms/wr_can_comms.egg-info/PKG-INFO
writing dependency_links to ../../build/wr_can_comms/wr_can_comms.egg-info/dependency_links.txt
writing entry points to ../../build/wr_can_comms/wr_can_comms.egg-info/entry_points.txt
writing requirements to ../../build/wr_can_comms/wr_can_comms.egg-info/requires.txt
writing top-level names to ../../build/wr_can_comms/wr_can_comms.egg-info/top_level.txt
reading manifest file '../../build/wr_can_comms/wr_can_comms.egg-info/SOURCES.txt'
writing manifest file '../../build/wr_can_comms/wr_can_comms.egg-info/SOURCES.txt'
running build
running build_py
copying wr_can_comms/can_comms.py -> /home/wiscrobo/WRoverMotorControl/WRoverSoftware/build/wr_can_comms/build/lib/wr_can_comms
running install
running install_lib
copying /home/wiscrobo/WRoverMotorControl/WRoverSoftware/build/wr_can_comms/build/lib/wr_can_comms/can_comms.py -> /home/wiscrobo/WRoverMotorControl/WRoverSoftware/install/wr_can_comms/lib/python3.10/site-packages/wr_can_comms
byte-compiling /home/wiscrobo/WRoverMotorControl/WRoverSoftware/install/wr_can_comms/lib/python3.10/site-packages/wr_can_comms/can_comms.py to can_comms.cpython-310.pyc
running install_data
running install_egg_info
removing '/home/wiscrobo/WRoverMotorControl/WRoverSoftware/install/wr_can_comms/lib/python3.10/site-packages/wr_can_comms-0.0.0-py3.10.egg-info' (and everything under it)
Copying ../../build/wr_can_comms/wr_can_comms.egg-info to /home/wiscrobo/WRoverMotorControl/WRoverSoftware/install/wr_can_comms/lib/python3.10/site-packages/wr_can_comms-0.0.0-py3.10.egg-info
running install_scripts
Installing can_comms script to /home/wiscrobo/WRoverMotorControl/WRoverSoftware/install/wr_can_comms/lib/wr_can_comms
writing list of installed files to '/home/wiscrobo/WRoverMotorControl/WRoverSoftware/build/wr_can_comms/install.log'
