[4.981s] Invoking command in '/home/balabalu/workspace/WRoverSoftware/src/Autonomous/object_avoidance': DEBUGINFOD_URLS=https://debuginfod.ubuntu.com PYTHONPATH=/home/balabalu/workspace/WRoverSoftware/build/object_avoidance/prefix_override:/home/balabalu/workspace/WRoverSoftware/install/object_avoidance/lib/python3.12/site-packages:${PYTHONPATH} /usr/bin/python3 -W ignore:setup.py install is deprecated setup.py egg_info --egg-base ../../../build/object_avoidance build --build-base /home/balabalu/workspace/WRoverSoftware/build/object_avoidance/build install --record /home/balabalu/workspace/WRoverSoftware/build/object_avoidance/install.log --single-version-externally-managed install_data
[5.842s] running egg_info
[5.890s] writing ../../../build/object_avoidance/object_avoidance.egg-info/PKG-INFO
[5.890s] writing dependency_links to ../../../build/object_avoidance/object_avoidance.egg-info/dependency_links.txt
[5.890s] writing entry points to ../../../build/object_avoidance/object_avoidance.egg-info/entry_points.txt
[5.890s] writing requirements to ../../../build/object_avoidance/object_avoidance.egg-info/requires.txt
[5.890s] writing top-level names to ../../../build/object_avoidance/object_avoidance.egg-info/top_level.txt
[5.972s] reading manifest file '../../../build/object_avoidance/object_avoidance.egg-info/SOURCES.txt'
[5.973s] adding license file 'LICENSE'
[5.973s] writing manifest file '../../../build/object_avoidance/object_avoidance.egg-info/SOURCES.txt'
[5.973s] running build
[5.973s] running build_py
[5.973s] running install
[5.985s] running install_lib
[6.051s] running install_data
[6.052s] running install_egg_info
[6.121s] removing '/home/balabalu/workspace/WRoverSoftware/install/object_avoidance/lib/python3.12/site-packages/object_avoidance-0.0.0-py3.12.egg-info' (and everything under it)
[6.122s] Copying ../../../build/object_avoidance/object_avoidance.egg-info to /home/balabalu/workspace/WRoverSoftware/install/object_avoidance/lib/python3.12/site-packages/object_avoidance-0.0.0-py3.12.egg-info
[6.126s] running install_scripts
[6.442s] Installing object_avoidance script to /home/balabalu/workspace/WRoverSoftware/install/object_avoidance/lib/object_avoidance
[6.444s] writing list of installed files to '/home/balabalu/workspace/WRoverSoftware/build/object_avoidance/install.log'
[6.597s] Invoked command in '/home/balabalu/workspace/WRoverSoftware/src/Autonomous/object_avoidance' returned '0': DEBUGINFOD_URLS=https://debuginfod.ubuntu.com PYTHONPATH=/home/balabalu/workspace/WRoverSoftware/build/object_avoidance/prefix_override:/home/balabalu/workspace/WRoverSoftware/install/object_avoidance/lib/python3.12/site-packages:${PYTHONPATH} /usr/bin/python3 -W ignore:setup.py install is deprecated setup.py egg_info --egg-base ../../../build/object_avoidance build --build-base /home/balabalu/workspace/WRoverSoftware/build/object_avoidance/build install --record /home/balabalu/workspace/WRoverSoftware/build/object_avoidance/install.log --single-version-externally-managed install_data
