[0.787s] Invoking command in '/home/wiscrobo/WRoverMotorControl/WRoverSoftware/src/wr_can_comms': PYTHONPATH=/home/wiscrobo/WRoverMotorControl/WRoverSoftware/build/wr_can_comms/prefix_override:/usr/lib/python3/dist-packages/colcon_core/task/python/colcon_distutils_commands:/home/wiscrobo/WRoverMotorControl/WRoverSoftware/install/wr_can_comms/lib/python3.10/site-packages:${PYTHONPATH} /usr/bin/python3 -W ignore:setup.py install is deprecated -W ignore:easy_install command is deprecated setup.py egg_info --egg-base ../../build/wr_can_comms build --build-base /home/wiscrobo/WRoverMotorControl/WRoverSoftware/build/wr_can_comms/build install --record /home/wiscrobo/WRoverMotorControl/WRoverSoftware/build/wr_can_comms/install.log --single-version-externally-managed install_data
[0.949s] running egg_info
[0.950s] writing ../../build/wr_can_comms/wr_can_comms.egg-info/PKG-INFO
[0.950s] writing dependency_links to ../../build/wr_can_comms/wr_can_comms.egg-info/dependency_links.txt
[0.950s] writing entry points to ../../build/wr_can_comms/wr_can_comms.egg-info/entry_points.txt
[0.950s] writing requirements to ../../build/wr_can_comms/wr_can_comms.egg-info/requires.txt
[0.950s] writing top-level names to ../../build/wr_can_comms/wr_can_comms.egg-info/top_level.txt
[0.951s] reading manifest file '../../build/wr_can_comms/wr_can_comms.egg-info/SOURCES.txt'
[0.952s] writing manifest file '../../build/wr_can_comms/wr_can_comms.egg-info/SOURCES.txt'
[0.952s] running build
[0.952s] running build_py
[0.952s] copying wr_can_comms/can_comms.py -> /home/wiscrobo/WRoverMotorControl/WRoverSoftware/build/wr_can_comms/build/lib/wr_can_comms
[0.952s] running install
[0.953s] running install_lib
[0.953s] copying /home/wiscrobo/WRoverMotorControl/WRoverSoftware/build/wr_can_comms/build/lib/wr_can_comms/can_comms.py -> /home/wiscrobo/WRoverMotorControl/WRoverSoftware/install/wr_can_comms/lib/python3.10/site-packages/wr_can_comms
[0.954s] byte-compiling /home/wiscrobo/WRoverMotorControl/WRoverSoftware/install/wr_can_comms/lib/python3.10/site-packages/wr_can_comms/can_comms.py to can_comms.cpython-310.pyc
[0.954s] running install_data
[0.954s] running install_egg_info
[0.957s] removing '/home/wiscrobo/WRoverMotorControl/WRoverSoftware/install/wr_can_comms/lib/python3.10/site-packages/wr_can_comms-0.0.0-py3.10.egg-info' (and everything under it)
[0.957s] Copying ../../build/wr_can_comms/wr_can_comms.egg-info to /home/wiscrobo/WRoverMotorControl/WRoverSoftware/install/wr_can_comms/lib/python3.10/site-packages/wr_can_comms-0.0.0-py3.10.egg-info
[0.958s] running install_scripts
[0.973s] Installing can_comms script to /home/wiscrobo/WRoverMotorControl/WRoverSoftware/install/wr_can_comms/lib/wr_can_comms
[0.974s] writing list of installed files to '/home/wiscrobo/WRoverMotorControl/WRoverSoftware/build/wr_can_comms/install.log'
[1.011s] Invoked command in '/home/wiscrobo/WRoverMotorControl/WRoverSoftware/src/wr_can_comms' returned '0': PYTHONPATH=/home/wiscrobo/WRoverMotorControl/WRoverSoftware/build/wr_can_comms/prefix_override:/usr/lib/python3/dist-packages/colcon_core/task/python/colcon_distutils_commands:/home/wiscrobo/WRoverMotorControl/WRoverSoftware/install/wr_can_comms/lib/python3.10/site-packages:${PYTHONPATH} /usr/bin/python3 -W ignore:setup.py install is deprecated -W ignore:easy_install command is deprecated setup.py egg_info --egg-base ../../build/wr_can_comms build --build-base /home/wiscrobo/WRoverMotorControl/WRoverSoftware/build/wr_can_comms/build install --record /home/wiscrobo/WRoverMotorControl/WRoverSoftware/build/wr_can_comms/install.log --single-version-externally-managed install_data
