[5.127s] Invoking command in '/home/balabalu/workspace/WRoverSoftware/src/Teleop/arm': DEBUGINFOD_URLS=https://debuginfod.ubuntu.com PYTHONPATH=/home/balabalu/workspace/WRoverSoftware/build/arm/prefix_override:/home/balabalu/workspace/WRoverSoftware/install/arm/lib/python3.12/site-packages:${PYTHONPATH} /usr/bin/python3 -W ignore:setup.py install is deprecated setup.py egg_info --egg-base ../../../build/arm build --build-base /home/balabalu/workspace/WRoverSoftware/build/arm/build install --record /home/balabalu/workspace/WRoverSoftware/build/arm/install.log --single-version-externally-managed install_data
[6.013s] running egg_info
[6.073s] writing ../../../build/arm/arm.egg-info/PKG-INFO
[6.078s] writing dependency_links to ../../../build/arm/arm.egg-info/dependency_links.txt
[6.078s] writing entry points to ../../../build/arm/arm.egg-info/entry_points.txt
[6.078s] writing requirements to ../../../build/arm/arm.egg-info/requires.txt
[6.079s] writing top-level names to ../../../build/arm/arm.egg-info/top_level.txt
[6.222s] reading manifest file '../../../build/arm/arm.egg-info/SOURCES.txt'
[6.223s] adding license file 'LICENSE'
[6.225s] writing manifest file '../../../build/arm/arm.egg-info/SOURCES.txt'
[6.226s] running build
[6.226s] running build_py
[6.227s] running install
[6.243s] running install_lib
[6.331s] running install_data
[6.331s] running install_egg_info
[6.396s] removing '/home/balabalu/workspace/WRoverSoftware/install/arm/lib/python3.12/site-packages/arm-0.0.0-py3.12.egg-info' (and everything under it)
[6.397s] Copying ../../../build/arm/arm.egg-info to /home/balabalu/workspace/WRoverSoftware/install/arm/lib/python3.12/site-packages/arm-0.0.0-py3.12.egg-info
[6.399s] running install_scripts
[6.866s] Installing IK_logic script to /home/balabalu/workspace/WRoverSoftware/install/arm/lib/arm
[6.868s] Installing arm_ik script to /home/balabalu/workspace/WRoverSoftware/install/arm/lib/arm
[6.868s] Installing arm_teleop script to /home/balabalu/workspace/WRoverSoftware/install/arm/lib/arm
[6.874s] writing list of installed files to '/home/balabalu/workspace/WRoverSoftware/build/arm/install.log'
[8.338s] Invoked command in '/home/balabalu/workspace/WRoverSoftware/src/Teleop/arm' returned '0': DEBUGINFOD_URLS=https://debuginfod.ubuntu.com PYTHONPATH=/home/balabalu/workspace/WRoverSoftware/build/arm/prefix_override:/home/balabalu/workspace/WRoverSoftware/install/arm/lib/python3.12/site-packages:${PYTHONPATH} /usr/bin/python3 -W ignore:setup.py install is deprecated setup.py egg_info --egg-base ../../../build/arm build --build-base /home/balabalu/workspace/WRoverSoftware/build/arm/build install --record /home/balabalu/workspace/WRoverSoftware/build/arm/install.log --single-version-externally-managed install_data
