running egg_info
creating ../../build/input/input.egg-info
writing ../../build/input/input.egg-info/PKG-INFO
writing dependency_links to ../../build/input/input.egg-info/dependency_links.txt
writing entry points to ../../build/input/input.egg-info/entry_points.txt
writing requirements to ../../build/input/input.egg-info/requires.txt
writing top-level names to ../../build/input/input.egg-info/top_level.txt
writing manifest file '../../build/input/input.egg-info/SOURCES.txt'
reading manifest file '../../build/input/input.egg-info/SOURCES.txt'
adding license file 'LICENSE'
writing manifest file '../../build/input/input.egg-info/SOURCES.txt'
running build
running build_py
creating /home/balabalu/workspace/WRoverSoftware/build/input/build
creating /home/balabalu/workspace/WRoverSoftware/build/input/build/lib
creating /home/balabalu/workspace/WRoverSoftware/build/input/build/lib/input
copying input/__init__.py -> /home/balabalu/workspace/WRoverSoftware/build/input/build/lib/input
copying input/xbox_input.py -> /home/balabalu/workspace/WRoverSoftware/build/input/build/lib/input
copying input/joystick_input.py -> /home/balabalu/workspace/WRoverSoftware/build/input/build/lib/input
running install
running install_lib
creating /home/balabalu/workspace/WRoverSoftware/install/input/lib/python3.12/site-packages/input
copying /home/balabalu/workspace/WRoverSoftware/build/input/build/lib/input/__init__.py -> /home/balabalu/workspace/WRoverSoftware/install/input/lib/python3.12/site-packages/input
copying /home/balabalu/workspace/WRoverSoftware/build/input/build/lib/input/xbox_input.py -> /home/balabalu/workspace/WRoverSoftware/install/input/lib/python3.12/site-packages/input
copying /home/balabalu/workspace/WRoverSoftware/build/input/build/lib/input/joystick_input.py -> /home/balabalu/workspace/WRoverSoftware/install/input/lib/python3.12/site-packages/input
byte-compiling /home/balabalu/workspace/WRoverSoftware/install/input/lib/python3.12/site-packages/input/__init__.py to __init__.cpython-312.pyc
byte-compiling /home/balabalu/workspace/WRoverSoftware/install/input/lib/python3.12/site-packages/input/xbox_input.py to xbox_input.cpython-312.pyc
byte-compiling /home/balabalu/workspace/WRoverSoftware/install/input/lib/python3.12/site-packages/input/joystick_input.py to joystick_input.cpython-312.pyc
running install_data
creating /home/balabalu/workspace/WRoverSoftware/install/input/share/ament_index
creating /home/balabalu/workspace/WRoverSoftware/install/input/share/ament_index/resource_index
creating /home/balabalu/workspace/WRoverSoftware/install/input/share/ament_index/resource_index/packages
copying resource/input -> /home/balabalu/workspace/WRoverSoftware/install/input/share/ament_index/resource_index/packages
copying package.xml -> /home/balabalu/workspace/WRoverSoftware/install/input/share/input
running install_egg_info
Copying ../../build/input/input.egg-info to /home/balabalu/workspace/WRoverSoftware/install/input/lib/python3.12/site-packages/input-0.0.0-py3.12.egg-info
running install_scripts
Installing xbox_input script to /home/balabalu/workspace/WRoverSoftware/install/input/lib/input
writing list of installed files to '/home/balabalu/workspace/WRoverSoftware/build/input/install.log'
