[3.584s] Invoking command in '/home/balabalu/workspace/WRoverSoftware/Teleop/input': DEBUGINFOD_URLS=https://debuginfod.ubuntu.com PYTHONPATH=/home/balabalu/workspace/WRoverSoftware/build/input/prefix_override:/home/balabalu/workspace/WRoverSoftware/install/input/lib/python3.12/site-packages:${PYTHONPATH} /usr/bin/python3 -W ignore:setup.py install is deprecated setup.py egg_info --egg-base ../../build/input build --build-base /home/balabalu/workspace/WRoverSoftware/build/input/build install --record /home/balabalu/workspace/WRoverSoftware/build/input/install.log --single-version-externally-managed install_data
[4.341s] running egg_info
[4.342s] creating ../../build/input/input.egg-info
[4.383s] writing ../../build/input/input.egg-info/PKG-INFO
[4.385s] writing dependency_links to ../../build/input/input.egg-info/dependency_links.txt
[4.385s] writing entry points to ../../build/input/input.egg-info/entry_points.txt
[4.386s] writing requirements to ../../build/input/input.egg-info/requires.txt
[4.386s] writing top-level names to ../../build/input/input.egg-info/top_level.txt
[4.387s] writing manifest file '../../build/input/input.egg-info/SOURCES.txt'
[4.479s] reading manifest file '../../build/input/input.egg-info/SOURCES.txt'
[4.479s] adding license file 'LICENSE'
[4.480s] writing manifest file '../../build/input/input.egg-info/SOURCES.txt'
[4.481s] running build
[4.481s] running build_py
[4.481s] creating /home/balabalu/workspace/WRoverSoftware/build/input/build
[4.481s] creating /home/balabalu/workspace/WRoverSoftware/build/input/build/lib
[4.482s] creating /home/balabalu/workspace/WRoverSoftware/build/input/build/lib/input
[4.482s] copying input/__init__.py -> /home/balabalu/workspace/WRoverSoftware/build/input/build/lib/input
[4.482s] copying input/xbox_input.py -> /home/balabalu/workspace/WRoverSoftware/build/input/build/lib/input
[4.482s] copying input/joystick_input.py -> /home/balabalu/workspace/WRoverSoftware/build/input/build/lib/input
[4.483s] running install
[4.499s] running install_lib
[4.546s] creating /home/balabalu/workspace/WRoverSoftware/install/input/lib/python3.12/site-packages/input
[4.546s] copying /home/balabalu/workspace/WRoverSoftware/build/input/build/lib/input/__init__.py -> /home/balabalu/workspace/WRoverSoftware/install/input/lib/python3.12/site-packages/input
[4.546s] copying /home/balabalu/workspace/WRoverSoftware/build/input/build/lib/input/xbox_input.py -> /home/balabalu/workspace/WRoverSoftware/install/input/lib/python3.12/site-packages/input
[4.547s] copying /home/balabalu/workspace/WRoverSoftware/build/input/build/lib/input/joystick_input.py -> /home/balabalu/workspace/WRoverSoftware/install/input/lib/python3.12/site-packages/input
[4.551s] byte-compiling /home/balabalu/workspace/WRoverSoftware/install/input/lib/python3.12/site-packages/input/__init__.py to __init__.cpython-312.pyc
[4.553s] byte-compiling /home/balabalu/workspace/WRoverSoftware/install/input/lib/python3.12/site-packages/input/xbox_input.py to xbox_input.cpython-312.pyc
[4.553s] byte-compiling /home/balabalu/workspace/WRoverSoftware/install/input/lib/python3.12/site-packages/input/joystick_input.py to joystick_input.cpython-312.pyc
[4.553s] running install_data
[4.553s] creating /home/balabalu/workspace/WRoverSoftware/install/input/share/ament_index
[4.554s] creating /home/balabalu/workspace/WRoverSoftware/install/input/share/ament_index/resource_index
[4.554s] creating /home/balabalu/workspace/WRoverSoftware/install/input/share/ament_index/resource_index/packages
[4.554s] copying resource/input -> /home/balabalu/workspace/WRoverSoftware/install/input/share/ament_index/resource_index/packages
[4.554s] copying package.xml -> /home/balabalu/workspace/WRoverSoftware/install/input/share/input
[4.555s] running install_egg_info
[4.612s] Copying ../../build/input/input.egg-info to /home/balabalu/workspace/WRoverSoftware/install/input/lib/python3.12/site-packages/input-0.0.0-py3.12.egg-info
[4.614s] running install_scripts
[4.939s] Installing xbox_input script to /home/balabalu/workspace/WRoverSoftware/install/input/lib/input
[4.939s] writing list of installed files to '/home/balabalu/workspace/WRoverSoftware/build/input/install.log'
[4.990s] Invoked command in '/home/balabalu/workspace/WRoverSoftware/Teleop/input' returned '0': DEBUGINFOD_URLS=https://debuginfod.ubuntu.com PYTHONPATH=/home/balabalu/workspace/WRoverSoftware/build/input/prefix_override:/home/balabalu/workspace/WRoverSoftware/install/input/lib/python3.12/site-packages:${PYTHONPATH} /usr/bin/python3 -W ignore:setup.py install is deprecated setup.py egg_info --egg-base ../../build/input build --build-base /home/balabalu/workspace/WRoverSoftware/build/input/build install --record /home/balabalu/workspace/WRoverSoftware/build/input/install.log --single-version-externally-managed install_data
