running egg_info
creating ../../../build/swerve/swerve.egg-info
writing ../../../build/swerve/swerve.egg-info/PKG-INFO
writing dependency_links to ../../../build/swerve/swerve.egg-info/dependency_links.txt
writing entry points to ../../../build/swerve/swerve.egg-info/entry_points.txt
writing requirements to ../../../build/swerve/swerve.egg-info/requires.txt
writing top-level names to ../../../build/swerve/swerve.egg-info/top_level.txt
writing manifest file '../../../build/swerve/swerve.egg-info/SOURCES.txt'
reading manifest file '../../../build/swerve/swerve.egg-info/SOURCES.txt'
adding license file 'LICENSE'
writing manifest file '../../../build/swerve/swerve.egg-info/SOURCES.txt'
running build
running build_py
creating /home/balabalu/workspace/WRoverSoftware/build/swerve/build
creating /home/balabalu/workspace/WRoverSoftware/build/swerve/build/lib
creating /home/balabalu/workspace/WRoverSoftware/build/swerve/build/lib/swerve
copying swerve/__init__.py -> /home/balabalu/workspace/WRoverSoftware/build/swerve/build/lib/swerve
copying swerve/drive_motors.py -> /home/balabalu/workspace/WRoverSoftware/build/swerve/build/lib/swerve
copying swerve/swerve_logic.py -> /home/balabalu/workspace/WRoverSoftware/build/swerve/build/lib/swerve
copying swerve/rotate_motors.py -> /home/balabalu/workspace/WRoverSoftware/build/swerve/build/lib/swerve
running install
running install_lib
creating /home/balabalu/workspace/WRoverSoftware/install/swerve/lib/python3.12/site-packages/swerve
copying /home/balabalu/workspace/WRoverSoftware/build/swerve/build/lib/swerve/__init__.py -> /home/balabalu/workspace/WRoverSoftware/install/swerve/lib/python3.12/site-packages/swerve
copying /home/balabalu/workspace/WRoverSoftware/build/swerve/build/lib/swerve/drive_motors.py -> /home/balabalu/workspace/WRoverSoftware/install/swerve/lib/python3.12/site-packages/swerve
copying /home/balabalu/workspace/WRoverSoftware/build/swerve/build/lib/swerve/swerve_logic.py -> /home/balabalu/workspace/WRoverSoftware/install/swerve/lib/python3.12/site-packages/swerve
copying /home/balabalu/workspace/WRoverSoftware/build/swerve/build/lib/swerve/rotate_motors.py -> /home/balabalu/workspace/WRoverSoftware/install/swerve/lib/python3.12/site-packages/swerve
byte-compiling /home/balabalu/workspace/WRoverSoftware/install/swerve/lib/python3.12/site-packages/swerve/__init__.py to __init__.cpython-312.pyc
byte-compiling /home/balabalu/workspace/WRoverSoftware/install/swerve/lib/python3.12/site-packages/swerve/drive_motors.py to drive_motors.cpython-312.pyc
byte-compiling /home/balabalu/workspace/WRoverSoftware/install/swerve/lib/python3.12/site-packages/swerve/swerve_logic.py to swerve_logic.cpython-312.pyc
byte-compiling /home/balabalu/workspace/WRoverSoftware/install/swerve/lib/python3.12/site-packages/swerve/rotate_motors.py to rotate_motors.cpython-312.pyc
running install_data
creating /home/balabalu/workspace/WRoverSoftware/install/swerve/share/ament_index
creating /home/balabalu/workspace/WRoverSoftware/install/swerve/share/ament_index/resource_index
creating /home/balabalu/workspace/WRoverSoftware/install/swerve/share/ament_index/resource_index/packages
copying resource/swerve -> /home/balabalu/workspace/WRoverSoftware/install/swerve/share/ament_index/resource_index/packages
copying package.xml -> /home/balabalu/workspace/WRoverSoftware/install/swerve/share/swerve
running install_egg_info
Copying ../../../build/swerve/swerve.egg-info to /home/balabalu/workspace/WRoverSoftware/install/swerve/lib/python3.12/site-packages/swerve-0.0.0-py3.12.egg-info
running install_scripts
