running egg_info
writing ../../build/object_avoidance/object_avoidance.egg-info/PKG-INFO
writing dependency_links to ../../build/object_avoidance/object_avoidance.egg-info/dependency_links.txt
writing entry points to ../../build/object_avoidance/object_avoidance.egg-info/entry_points.txt
writing requirements to ../../build/object_avoidance/object_avoidance.egg-info/requires.txt
writing top-level names to ../../build/object_avoidance/object_avoidance.egg-info/top_level.txt
reading manifest file '../../build/object_avoidance/object_avoidance.egg-info/SOURCES.txt'
writing manifest file '../../build/object_avoidance/object_avoidance.egg-info/SOURCES.txt'
running build
running build_py
copying object_avoidance/object_avoider.py -> /home/aarav/objectAvoidance_ws/build/object_avoidance/build/lib/object_avoidance
running install
running install_lib
copying /home/aarav/objectAvoidance_ws/build/object_avoidance/build/lib/object_avoidance/object_avoider.py -> /home/aarav/objectAvoidance_ws/install/object_avoidance/lib/python3.12/site-packages/object_avoidance
byte-compiling /home/aarav/objectAvoidance_ws/install/object_avoidance/lib/python3.12/site-packages/object_avoidance/object_avoider.py to object_avoider.cpython-312.pyc
running install_data
running install_egg_info
removing '/home/aarav/objectAvoidance_ws/install/object_avoidance/lib/python3.12/site-packages/object_avoidance-0.0.0-py3.12.egg-info' (and everything under it)
Copying ../../build/object_avoidance/object_avoidance.egg-info to /home/aarav/objectAvoidance_ws/install/object_avoidance/lib/python3.12/site-packages/object_avoidance-0.0.0-py3.12.egg-info
running install_scripts
Installing object_avoider script to /home/aarav/objectAvoidance_ws/install/object_avoidance/lib/object_avoidance
writing list of installed files to '/home/aarav/objectAvoidance_ws/build/object_avoidance/install.log'
