[0.289s] Invoking command in '/home/devansh/WRoverForPushing/WRoverSoftware/src/wr_xbox_controller': PYTHONPATH=/home/devansh/WRoverForPushing/WRoverSoftware/build/wr_xbox_controller/prefix_override:/usr/lib/python3/dist-packages/colcon_core/task/python/colcon_distutils_commands:/home/devansh/WRoverForPushing/WRoverSoftware/install/wr_xbox_controller/lib/python3.10/site-packages:${PYTHONPATH} /usr/bin/python3 -W ignore:setup.py install is deprecated -W ignore:easy_install command is deprecated setup.py egg_info --egg-base ../../build/wr_xbox_controller build --build-base /home/devansh/WRoverForPushing/WRoverSoftware/build/wr_xbox_controller/build install --record /home/devansh/WRoverForPushing/WRoverSoftware/build/wr_xbox_controller/install.log --single-version-externally-managed install_data
[0.374s] running egg_info
[0.374s] creating ../../build/wr_xbox_controller/wr_xbox_controller.egg-info
[0.374s] writing ../../build/wr_xbox_controller/wr_xbox_controller.egg-info/PKG-INFO
[0.374s] writing dependency_links to ../../build/wr_xbox_controller/wr_xbox_controller.egg-info/dependency_links.txt
[0.374s] writing entry points to ../../build/wr_xbox_controller/wr_xbox_controller.egg-info/entry_points.txt
[0.374s] writing requirements to ../../build/wr_xbox_controller/wr_xbox_controller.egg-info/requires.txt
[0.374s] writing top-level names to ../../build/wr_xbox_controller/wr_xbox_controller.egg-info/top_level.txt
[0.374s] writing manifest file '../../build/wr_xbox_controller/wr_xbox_controller.egg-info/SOURCES.txt'
[0.375s] reading manifest file '../../build/wr_xbox_controller/wr_xbox_controller.egg-info/SOURCES.txt'
[0.375s] adding license file 'LICENSE'
[0.375s] writing manifest file '../../build/wr_xbox_controller/wr_xbox_controller.egg-info/SOURCES.txt'
[0.375s] running build
[0.375s] running build_py
[0.375s] creating /home/devansh/WRoverForPushing/WRoverSoftware/build/wr_xbox_controller/build
[0.376s] creating /home/devansh/WRoverForPushing/WRoverSoftware/build/wr_xbox_controller/build/lib
[0.376s] creating /home/devansh/WRoverForPushing/WRoverSoftware/build/wr_xbox_controller/build/lib/wr_xbox_controller
[0.376s] copying wr_xbox_controller/__init__.py -> /home/devansh/WRoverForPushing/WRoverSoftware/build/wr_xbox_controller/build/lib/wr_xbox_controller
[0.376s] copying wr_xbox_controller/xbox_controller.py -> /home/devansh/WRoverForPushing/WRoverSoftware/build/wr_xbox_controller/build/lib/wr_xbox_controller
[0.376s] running install
[0.376s] running install_lib
[0.376s] creating /home/devansh/WRoverForPushing/WRoverSoftware/install/wr_xbox_controller/lib/python3.10/site-packages/wr_xbox_controller
[0.376s] copying /home/devansh/WRoverForPushing/WRoverSoftware/build/wr_xbox_controller/build/lib/wr_xbox_controller/__init__.py -> /home/devansh/WRoverForPushing/WRoverSoftware/install/wr_xbox_controller/lib/python3.10/site-packages/wr_xbox_controller
[0.376s] copying /home/devansh/WRoverForPushing/WRoverSoftware/build/wr_xbox_controller/build/lib/wr_xbox_controller/xbox_controller.py -> /home/devansh/WRoverForPushing/WRoverSoftware/install/wr_xbox_controller/lib/python3.10/site-packages/wr_xbox_controller
[0.376s] byte-compiling /home/devansh/WRoverForPushing/WRoverSoftware/install/wr_xbox_controller/lib/python3.10/site-packages/wr_xbox_controller/__init__.py to __init__.cpython-310.pyc
[0.377s] byte-compiling /home/devansh/WRoverForPushing/WRoverSoftware/install/wr_xbox_controller/lib/python3.10/site-packages/wr_xbox_controller/xbox_controller.py to xbox_controller.cpython-310.pyc
[0.377s] running install_data
[0.377s] creating /home/devansh/WRoverForPushing/WRoverSoftware/install/wr_xbox_controller/share/ament_index
[0.377s] creating /home/devansh/WRoverForPushing/WRoverSoftware/install/wr_xbox_controller/share/ament_index/resource_index
[0.377s] creating /home/devansh/WRoverForPushing/WRoverSoftware/install/wr_xbox_controller/share/ament_index/resource_index/packages
[0.377s] copying resource/wr_xbox_controller -> /home/devansh/WRoverForPushing/WRoverSoftware/install/wr_xbox_controller/share/ament_index/resource_index/packages
[0.377s] copying package.xml -> /home/devansh/WRoverForPushing/WRoverSoftware/install/wr_xbox_controller/share/wr_xbox_controller
[0.377s] running install_egg_info
[0.378s] Copying ../../build/wr_xbox_controller/wr_xbox_controller.egg-info to /home/devansh/WRoverForPushing/WRoverSoftware/install/wr_xbox_controller/lib/python3.10/site-packages/wr_xbox_controller-0.0.0-py3.10.egg-info
[0.378s] running install_scripts
[0.386s] Installing xbox_controller script to /home/devansh/WRoverForPushing/WRoverSoftware/install/wr_xbox_controller/lib/wr_xbox_controller
[0.386s] writing list of installed files to '/home/devansh/WRoverForPushing/WRoverSoftware/build/wr_xbox_controller/install.log'
[0.395s] Invoked command in '/home/devansh/WRoverForPushing/WRoverSoftware/src/wr_xbox_controller' returned '0': PYTHONPATH=/home/devansh/WRoverForPushing/WRoverSoftware/build/wr_xbox_controller/prefix_override:/usr/lib/python3/dist-packages/colcon_core/task/python/colcon_distutils_commands:/home/devansh/WRoverForPushing/WRoverSoftware/install/wr_xbox_controller/lib/python3.10/site-packages:${PYTHONPATH} /usr/bin/python3 -W ignore:setup.py install is deprecated -W ignore:easy_install command is deprecated setup.py egg_info --egg-base ../../build/wr_xbox_controller build --build-base /home/devansh/WRoverForPushing/WRoverSoftware/build/wr_xbox_controller/build install --record /home/devansh/WRoverForPushing/WRoverSoftware/build/wr_xbox_controller/install.log --single-version-externally-managed install_data
