running egg_info
creating ../../../build/arm/arm.egg-info
writing ../../../build/arm/arm.egg-info/PKG-INFO
writing dependency_links to ../../../build/arm/arm.egg-info/dependency_links.txt
writing entry points to ../../../build/arm/arm.egg-info/entry_points.txt
writing requirements to ../../../build/arm/arm.egg-info/requires.txt
writing top-level names to ../../../build/arm/arm.egg-info/top_level.txt
writing manifest file '../../../build/arm/arm.egg-info/SOURCES.txt'
reading manifest file '../../../build/arm/arm.egg-info/SOURCES.txt'
adding license file 'LICENSE'
writing manifest file '../../../build/arm/arm.egg-info/SOURCES.txt'
running build
running build_py
creating /home/balabalu/workspace/WRoverSoftware/build/arm/build
creating /home/balabalu/workspace/WRoverSoftware/build/arm/build/lib
creating /home/balabalu/workspace/WRoverSoftware/build/arm/build/lib/arm
copying arm/__init__.py -> /home/balabalu/workspace/WRoverSoftware/build/arm/build/lib/arm
copying arm/arm_ik.py -> /home/balabalu/workspace/WRoverSoftware/build/arm/build/lib/arm
copying arm/IK_logic.py -> /home/balabalu/workspace/WRoverSoftware/build/arm/build/lib/arm
copying arm/arm_teleop.py -> /home/balabalu/workspace/WRoverSoftware/build/arm/build/lib/arm
running install
running install_lib
creating /home/balabalu/workspace/WRoverSoftware/install/arm/lib/python3.12/site-packages/arm
copying /home/balabalu/workspace/WRoverSoftware/build/arm/build/lib/arm/__init__.py -> /home/balabalu/workspace/WRoverSoftware/install/arm/lib/python3.12/site-packages/arm
copying /home/balabalu/workspace/WRoverSoftware/build/arm/build/lib/arm/arm_ik.py -> /home/balabalu/workspace/WRoverSoftware/install/arm/lib/python3.12/site-packages/arm
copying /home/balabalu/workspace/WRoverSoftware/build/arm/build/lib/arm/IK_logic.py -> /home/balabalu/workspace/WRoverSoftware/install/arm/lib/python3.12/site-packages/arm
copying /home/balabalu/workspace/WRoverSoftware/build/arm/build/lib/arm/arm_teleop.py -> /home/balabalu/workspace/WRoverSoftware/install/arm/lib/python3.12/site-packages/arm
byte-compiling /home/balabalu/workspace/WRoverSoftware/install/arm/lib/python3.12/site-packages/arm/__init__.py to __init__.cpython-312.pyc
byte-compiling /home/balabalu/workspace/WRoverSoftware/install/arm/lib/python3.12/site-packages/arm/arm_ik.py to arm_ik.cpython-312.pyc
byte-compiling /home/balabalu/workspace/WRoverSoftware/install/arm/lib/python3.12/site-packages/arm/IK_logic.py to IK_logic.cpython-312.pyc
byte-compiling /home/balabalu/workspace/WRoverSoftware/install/arm/lib/python3.12/site-packages/arm/arm_teleop.py to arm_teleop.cpython-312.pyc
running install_data
creating /home/balabalu/workspace/WRoverSoftware/install/arm/share/ament_index
creating /home/balabalu/workspace/WRoverSoftware/install/arm/share/ament_index/resource_index
creating /home/balabalu/workspace/WRoverSoftware/install/arm/share/ament_index/resource_index/packages
copying resource/arm -> /home/balabalu/workspace/WRoverSoftware/install/arm/share/ament_index/resource_index/packages
copying package.xml -> /home/balabalu/workspace/WRoverSoftware/install/arm/share/arm
running install_egg_info
Copying ../../../build/arm/arm.egg-info to /home/balabalu/workspace/WRoverSoftware/install/arm/lib/python3.12/site-packages/arm-0.0.0-py3.12.egg-info
running install_scripts
Installing IK_logic script to /home/balabalu/workspace/WRoverSoftware/install/arm/lib/arm
Installing arm_ik script to /home/balabalu/workspace/WRoverSoftware/install/arm/lib/arm
Installing arm_teleop script to /home/balabalu/workspace/WRoverSoftware/install/arm/lib/arm
writing list of installed files to '/home/balabalu/workspace/WRoverSoftware/build/arm/install.log'
