[0.009s] Invoking command in '/workspace/build/urdf_visualization': CMAKE_PREFIX_PATH=${CMAKE_PREFIX_PATH}:/opt/ros/jazzy /usr/bin/cmake --build /workspace/build/urdf_visualization -- -j16 -l16
[0.028s] -- Found ament_cmake: 2.5.2 (/opt/ros/jazzy/share/ament_cmake/cmake)
[0.229s] -- Found ament_lint_auto: 0.17.1 (/opt/ros/jazzy/share/ament_lint_auto/cmake)
[0.294s] -- Added test 'flake8' to check Python code syntax and style conventions
[0.294s] -- Configured 'flake8' exclude dirs and/or files: 
[0.294s] -- Added test 'lint_cmake' to check CMake code style
[0.294s] -- Added test 'pep257' to check Python code against some of the docstring style conventions in PEP 257
[0.295s] -- Added test 'xmllint' to check XML markup files
[0.296s] -- Configuring done (0.3s)
[0.297s] -- Generating done (0.0s)
[0.298s] -- Build files have been written to: /workspace/build/urdf_visualization
[0.321s] Invoked command in '/workspace/build/urdf_visualization' returned '0': CMAKE_PREFIX_PATH=${CMAKE_PREFIX_PATH}:/opt/ros/jazzy /usr/bin/cmake --build /workspace/build/urdf_visualization -- -j16 -l16
[0.365s] Invoking command in '/workspace/build/urdf_visualization': CMAKE_PREFIX_PATH=${CMAKE_PREFIX_PATH}:/opt/ros/jazzy /usr/bin/cmake --install /workspace/build/urdf_visualization
[0.380s] -- Install configuration: ""
[0.380s] -- Installing: /workspace/install/urdf_visualization/share/urdf_visualization/launch
[0.380s] -- Installing: /workspace/install/urdf_visualization/share/urdf_visualization/launch/display.launch.py
[0.380s] -- Installing: /workspace/install/urdf_visualization/share/urdf_visualization/urdf
[0.381s] -- Installing: /workspace/install/urdf_visualization/share/urdf_visualization/urdf/model.urdf
[0.381s] -- Installing: /workspace/install/urdf_visualization/share/ament_index/resource_index/package_run_dependencies/urdf_visualization
[0.381s] -- Up-to-date: /workspace/install/urdf_visualization/share/ament_index/resource_index/parent_prefix_path/urdf_visualization
[0.381s] -- Up-to-date: /workspace/install/urdf_visualization/share/urdf_visualization/environment/ament_prefix_path.sh
[0.381s] -- Up-to-date: /workspace/install/urdf_visualization/share/urdf_visualization/environment/ament_prefix_path.dsv
[0.381s] -- Up-to-date: /workspace/install/urdf_visualization/share/urdf_visualization/environment/path.sh
[0.381s] -- Up-to-date: /workspace/install/urdf_visualization/share/urdf_visualization/environment/path.dsv
[0.381s] -- Up-to-date: /workspace/install/urdf_visualization/share/urdf_visualization/local_setup.bash
[0.381s] -- Up-to-date: /workspace/install/urdf_visualization/share/urdf_visualization/local_setup.sh
[0.381s] -- Up-to-date: /workspace/install/urdf_visualization/share/urdf_visualization/local_setup.zsh
[0.381s] -- Up-to-date: /workspace/install/urdf_visualization/share/urdf_visualization/local_setup.dsv
[0.381s] -- Up-to-date: /workspace/install/urdf_visualization/share/urdf_visualization/package.dsv
[0.382s] -- Up-to-date: /workspace/install/urdf_visualization/share/ament_index/resource_index/packages/urdf_visualization
[0.382s] -- Up-to-date: /workspace/install/urdf_visualization/share/urdf_visualization/cmake/urdf_visualizationConfig.cmake
[0.382s] -- Up-to-date: /workspace/install/urdf_visualization/share/urdf_visualization/cmake/urdf_visualizationConfig-version.cmake
[0.382s] -- Installing: /workspace/install/urdf_visualization/share/urdf_visualization/package.xml
[0.383s] Invoked command in '/workspace/build/urdf_visualization' returned '0': CMAKE_PREFIX_PATH=${CMAKE_PREFIX_PATH}:/opt/ros/jazzy /usr/bin/cmake --install /workspace/build/urdf_visualization
