running egg_info
writing ../../../build/swerve/swerve.egg-info/PKG-INFO
writing dependency_links to ../../../build/swerve/swerve.egg-info/dependency_links.txt
writing entry points to ../../../build/swerve/swerve.egg-info/entry_points.txt
writing requirements to ../../../build/swerve/swerve.egg-info/requires.txt
writing top-level names to ../../../build/swerve/swerve.egg-info/top_level.txt
reading manifest file '../../../build/swerve/swerve.egg-info/SOURCES.txt'
adding license file 'LICENSE'
writing manifest file '../../../build/swerve/swerve.egg-info/SOURCES.txt'
running build
running build_py
running install
running install_lib
running install_data
running install_egg_info
removing '/home/balabalu/workspace/WRoverSoftware/install/swerve/lib/python3.12/site-packages/swerve-0.0.0-py3.12.egg-info' (and everything under it)
Copying ../../../build/swerve/swerve.egg-info to /home/balabalu/workspace/WRoverSoftware/install/swerve/lib/python3.12/site-packages/swerve-0.0.0-py3.12.egg-info
running install_scripts
Installing drive_motors script to /home/balabalu/workspace/WRoverSoftware/install/swerve/lib/swerve
Installing rotate_motors script to /home/balabalu/workspace/WRoverSoftware/install/swerve/lib/swerve
Installing swerve_logic script to /home/balabalu/workspace/WRoverSoftware/install/swerve/lib/swerve
writing list of installed files to '/home/balabalu/workspace/WRoverSoftware/build/swerve/install.log'
