[3.175s] Invoking command in '/home/balabalu/workspace/WRoverSoftware/src/Teleop/swerve': DEBUGINFOD_URLS=https://debuginfod.ubuntu.com PYTHONPATH=/home/balabalu/workspace/WRoverSoftware/build/swerve/prefix_override:/home/balabalu/workspace/WRoverSoftware/install/swerve/lib/python3.12/site-packages:${PYTHONPATH} /usr/bin/python3 -W ignore:setup.py install is deprecated setup.py egg_info --egg-base ../../../build/swerve build --build-base /home/balabalu/workspace/WRoverSoftware/build/swerve/build install --record /home/balabalu/workspace/WRoverSoftware/build/swerve/install.log --single-version-externally-managed install_data
[3.906s] running egg_info
[3.968s] writing ../../../build/swerve/swerve.egg-info/PKG-INFO
[3.968s] writing dependency_links to ../../../build/swerve/swerve.egg-info/dependency_links.txt
[3.968s] writing entry points to ../../../build/swerve/swerve.egg-info/entry_points.txt
[3.968s] writing requirements to ../../../build/swerve/swerve.egg-info/requires.txt
[3.968s] writing top-level names to ../../../build/swerve/swerve.egg-info/top_level.txt
[4.074s] reading manifest file '../../../build/swerve/swerve.egg-info/SOURCES.txt'
[4.075s] adding license file 'LICENSE'
[4.088s] writing manifest file '../../../build/swerve/swerve.egg-info/SOURCES.txt'
[4.088s] running build
[4.088s] running build_py
[4.088s] running install
[4.091s] running install_lib
[4.147s] running install_data
[4.147s] running install_egg_info
[4.193s] removing '/home/balabalu/workspace/WRoverSoftware/install/swerve/lib/python3.12/site-packages/swerve-0.0.0-py3.12.egg-info' (and everything under it)
[4.199s] Copying ../../../build/swerve/swerve.egg-info to /home/balabalu/workspace/WRoverSoftware/install/swerve/lib/python3.12/site-packages/swerve-0.0.0-py3.12.egg-info
[4.200s] running install_scripts
[4.551s] Installing drive_motors script to /home/balabalu/workspace/WRoverSoftware/install/swerve/lib/swerve
[4.556s] Installing rotate_motors script to /home/balabalu/workspace/WRoverSoftware/install/swerve/lib/swerve
[4.556s] Installing swerve_logic script to /home/balabalu/workspace/WRoverSoftware/install/swerve/lib/swerve
[4.558s] writing list of installed files to '/home/balabalu/workspace/WRoverSoftware/build/swerve/install.log'
[4.599s] Invoked command in '/home/balabalu/workspace/WRoverSoftware/src/Teleop/swerve' returned '0': DEBUGINFOD_URLS=https://debuginfod.ubuntu.com PYTHONPATH=/home/balabalu/workspace/WRoverSoftware/build/swerve/prefix_override:/home/balabalu/workspace/WRoverSoftware/install/swerve/lib/python3.12/site-packages:${PYTHONPATH} /usr/bin/python3 -W ignore:setup.py install is deprecated setup.py egg_info --egg-base ../../../build/swerve build --build-base /home/balabalu/workspace/WRoverSoftware/build/swerve/build install --record /home/balabalu/workspace/WRoverSoftware/build/swerve/install.log --single-version-externally-managed install_data
