[3.938s] Invoking command in '/home/balabalu/workspace/WRoverSoftware/src/Teleop/swerve': DEBUGINFOD_URLS=https://debuginfod.ubuntu.com PYTHONPATH=/home/balabalu/workspace/WRoverSoftware/build/swerve/prefix_override:/home/balabalu/workspace/WRoverSoftware/install/swerve/lib/python3.12/site-packages:${PYTHONPATH} /usr/bin/python3 -W ignore:setup.py install is deprecated setup.py egg_info --egg-base ../../../build/swerve build --build-base /home/balabalu/workspace/WRoverSoftware/build/swerve/build install --record /home/balabalu/workspace/WRoverSoftware/build/swerve/install.log --single-version-externally-managed install_data
[4.720s] running egg_info
[4.762s] writing ../../../build/swerve/swerve.egg-info/PKG-INFO
[4.762s] writing dependency_links to ../../../build/swerve/swerve.egg-info/dependency_links.txt
[4.763s] writing entry points to ../../../build/swerve/swerve.egg-info/entry_points.txt
[4.764s] writing requirements to ../../../build/swerve/swerve.egg-info/requires.txt
[4.765s] writing top-level names to ../../../build/swerve/swerve.egg-info/top_level.txt
[4.919s] reading manifest file '../../../build/swerve/swerve.egg-info/SOURCES.txt'
[4.919s] adding license file 'LICENSE'
[4.921s] writing manifest file '../../../build/swerve/swerve.egg-info/SOURCES.txt'
[4.922s] running build
[4.922s] running build_py
[4.922s] running install
[4.934s] running install_lib
[4.982s] running install_data
[4.982s] running install_egg_info
[5.044s] removing '/home/balabalu/workspace/WRoverSoftware/install/swerve/lib/python3.12/site-packages/swerve-0.0.0-py3.12.egg-info' (and everything under it)
[5.046s] Copying ../../../build/swerve/swerve.egg-info to /home/balabalu/workspace/WRoverSoftware/install/swerve/lib/python3.12/site-packages/swerve-0.0.0-py3.12.egg-info
[5.047s] running install_scripts
[5.412s] Installing drive_motors script to /home/balabalu/workspace/WRoverSoftware/install/swerve/lib/swerve
[5.412s] Installing rotate_motors script to /home/balabalu/workspace/WRoverSoftware/install/swerve/lib/swerve
[5.412s] Installing swerve_logic script to /home/balabalu/workspace/WRoverSoftware/install/swerve/lib/swerve
[5.412s] writing list of installed files to '/home/balabalu/workspace/WRoverSoftware/build/swerve/install.log'
[5.471s] Invoked command in '/home/balabalu/workspace/WRoverSoftware/src/Teleop/swerve' returned '0': DEBUGINFOD_URLS=https://debuginfod.ubuntu.com PYTHONPATH=/home/balabalu/workspace/WRoverSoftware/build/swerve/prefix_override:/home/balabalu/workspace/WRoverSoftware/install/swerve/lib/python3.12/site-packages:${PYTHONPATH} /usr/bin/python3 -W ignore:setup.py install is deprecated setup.py egg_info --egg-base ../../../build/swerve build --build-base /home/balabalu/workspace/WRoverSoftware/build/swerve/build install --record /home/balabalu/workspace/WRoverSoftware/build/swerve/install.log --single-version-externally-managed install_data
