[4.955s] Invoking command in '/home/balabalu/workspace/WRoverSoftware/src/Teleop/arm': DEBUGINFOD_URLS=https://debuginfod.ubuntu.com PYTHONPATH=/home/balabalu/workspace/WRoverSoftware/build/arm/prefix_override:/home/balabalu/workspace/WRoverSoftware/install/arm/lib/python3.12/site-packages:${PYTHONPATH} /usr/bin/python3 -W ignore:setup.py install is deprecated setup.py egg_info --egg-base ../../../build/arm build --build-base /home/balabalu/workspace/WRoverSoftware/build/arm/build install --record /home/balabalu/workspace/WRoverSoftware/build/arm/install.log --single-version-externally-managed install_data
[5.867s] running egg_info
[5.922s] writing ../../../build/arm/arm.egg-info/PKG-INFO
[5.927s] writing dependency_links to ../../../build/arm/arm.egg-info/dependency_links.txt
[5.929s] writing entry points to ../../../build/arm/arm.egg-info/entry_points.txt
[5.931s] writing requirements to ../../../build/arm/arm.egg-info/requires.txt
[5.933s] writing top-level names to ../../../build/arm/arm.egg-info/top_level.txt
[6.141s] reading manifest file '../../../build/arm/arm.egg-info/SOURCES.txt'
[6.142s] adding license file 'LICENSE'
[6.167s] writing manifest file '../../../build/arm/arm.egg-info/SOURCES.txt'
[6.169s] running build
[6.169s] running build_py
[6.169s] running install
[6.170s] running install_lib
[6.215s] running install_data
[6.237s] running install_egg_info
[6.261s] removing '/home/balabalu/workspace/WRoverSoftware/install/arm/lib/python3.12/site-packages/arm-0.0.0-py3.12.egg-info' (and everything under it)
[6.261s] Copying ../../../build/arm/arm.egg-info to /home/balabalu/workspace/WRoverSoftware/install/arm/lib/python3.12/site-packages/arm-0.0.0-py3.12.egg-info
[6.262s] running install_scripts
[6.604s] Installing IK_logic script to /home/balabalu/workspace/WRoverSoftware/install/arm/lib/arm
[6.606s] Installing arm_ik script to /home/balabalu/workspace/WRoverSoftware/install/arm/lib/arm
[6.606s] Installing arm_teleop script to /home/balabalu/workspace/WRoverSoftware/install/arm/lib/arm
[6.606s] writing list of installed files to '/home/balabalu/workspace/WRoverSoftware/build/arm/install.log'
