[1.299s] Invoking command in '/home/aarav/objectAvoidance_ws/src/object_avoidance': DEBUGINFOD_URLS=https://debuginfod.ubuntu.com PYTHONPATH=/home/aarav/objectAvoidance_ws/build/object_avoidance/prefix_override:/usr/lib/python3/dist-packages/colcon_core/task/python/colcon_distutils_commands:/home/aarav/objectAvoidance_ws/install/object_avoidance/lib/python3.12/site-packages:${PYTHONPATH} /usr/bin/python3 -W ignore:setup.py install is deprecated setup.py egg_info --egg-base ../../build/object_avoidance build --build-base /home/aarav/objectAvoidance_ws/build/object_avoidance/build install --record /home/aarav/objectAvoidance_ws/build/object_avoidance/install.log --single-version-externally-managed install_data
[1.604s] running egg_info
[1.604s] creating ../../build/object_avoidance/object_avoidance.egg-info
[1.624s] writing ../../build/object_avoidance/object_avoidance.egg-info/PKG-INFO
[1.624s] writing dependency_links to ../../build/object_avoidance/object_avoidance.egg-info/dependency_links.txt
[1.624s] writing entry points to ../../build/object_avoidance/object_avoidance.egg-info/entry_points.txt
[1.625s] writing requirements to ../../build/object_avoidance/object_avoidance.egg-info/requires.txt
[1.625s] writing top-level names to ../../build/object_avoidance/object_avoidance.egg-info/top_level.txt
[1.625s] writing manifest file '../../build/object_avoidance/object_avoidance.egg-info/SOURCES.txt'
[1.672s] reading manifest file '../../build/object_avoidance/object_avoidance.egg-info/SOURCES.txt'
[1.672s] writing manifest file '../../build/object_avoidance/object_avoidance.egg-info/SOURCES.txt'
[1.672s] running build
[1.673s] running build_py
[1.673s] creating /home/aarav/objectAvoidance_ws/build/object_avoidance/build
[1.673s] creating /home/aarav/objectAvoidance_ws/build/object_avoidance/build/lib
[1.673s] creating /home/aarav/objectAvoidance_ws/build/object_avoidance/build/lib/object_avoidance
[1.673s] copying object_avoidance/object_avoider.py -> /home/aarav/objectAvoidance_ws/build/object_avoidance/build/lib/object_avoidance
[1.673s] copying object_avoidance/__init__.py -> /home/aarav/objectAvoidance_ws/build/object_avoidance/build/lib/object_avoidance
[1.674s] running install
[1.681s] running install_lib
[1.707s] creating /home/aarav/objectAvoidance_ws/install/object_avoidance/lib/python3.12/site-packages/object_avoidance
[1.707s] copying /home/aarav/objectAvoidance_ws/build/object_avoidance/build/lib/object_avoidance/object_avoider.py -> /home/aarav/objectAvoidance_ws/install/object_avoidance/lib/python3.12/site-packages/object_avoidance
[1.707s] copying /home/aarav/objectAvoidance_ws/build/object_avoidance/build/lib/object_avoidance/__init__.py -> /home/aarav/objectAvoidance_ws/install/object_avoidance/lib/python3.12/site-packages/object_avoidance
[1.708s] byte-compiling /home/aarav/objectAvoidance_ws/install/object_avoidance/lib/python3.12/site-packages/object_avoidance/object_avoider.py to object_avoider.cpython-312.pyc
[1.709s] byte-compiling /home/aarav/objectAvoidance_ws/install/object_avoidance/lib/python3.12/site-packages/object_avoidance/__init__.py to __init__.cpython-312.pyc
[1.709s] running install_data
[1.709s] creating /home/aarav/objectAvoidance_ws/install/object_avoidance/share/ament_index
[1.710s] creating /home/aarav/objectAvoidance_ws/install/object_avoidance/share/ament_index/resource_index
[1.710s] creating /home/aarav/objectAvoidance_ws/install/object_avoidance/share/ament_index/resource_index/packages
[1.710s] copying resource/object_avoidance -> /home/aarav/objectAvoidance_ws/install/object_avoidance/share/ament_index/resource_index/packages
[1.710s] copying package.xml -> /home/aarav/objectAvoidance_ws/install/object_avoidance/share/object_avoidance
[1.710s] running install_egg_info
[1.736s] Copying ../../build/object_avoidance/object_avoidance.egg-info to /home/aarav/objectAvoidance_ws/install/object_avoidance/lib/python3.12/site-packages/object_avoidance-0.0.0-py3.12.egg-info
[1.738s] running install_scripts
[1.898s] Installing object_avoider script to /home/aarav/objectAvoidance_ws/install/object_avoidance/lib/object_avoidance
[1.899s] writing list of installed files to '/home/aarav/objectAvoidance_ws/build/object_avoidance/install.log'
[1.932s] Invoked command in '/home/aarav/objectAvoidance_ws/src/object_avoidance' returned '0': DEBUGINFOD_URLS=https://debuginfod.ubuntu.com PYTHONPATH=/home/aarav/objectAvoidance_ws/build/object_avoidance/prefix_override:/usr/lib/python3/dist-packages/colcon_core/task/python/colcon_distutils_commands:/home/aarav/objectAvoidance_ws/install/object_avoidance/lib/python3.12/site-packages:${PYTHONPATH} /usr/bin/python3 -W ignore:setup.py install is deprecated setup.py egg_info --egg-base ../../build/object_avoidance build --build-base /home/aarav/objectAvoidance_ws/build/object_avoidance/build install --record /home/aarav/objectAvoidance_ws/build/object_avoidance/install.log --single-version-externally-managed install_data
