[1.490s] Invoking command in '/home/balabalu/workspace/WRoverSoftware/build/sensors': CMAKE_PREFIX_PATH=${CMAKE_PREFIX_PATH}:/home/balabalu/ros2_jazzy/install/rqt_bag_plugins:/home/balabalu/ros2_jazzy/install/rqt_bag:/home/balabalu/ros2_jazzy/install/rosbag2_examples_py:/home/balabalu/ros2_jazzy/install/launch_testing_examples:/home/balabalu/ros2_jazzy/install/ros2bag:/home/balabalu/ros2_jazzy/install/tracetools_test:/home/balabalu/ros2_jazzy/install/tracetools_launch:/home/balabalu/ros2_jazzy/install/topic_monitor:/home/balabalu/ros2_jazzy/install/tf2_tools:/home/balabalu/ros2_jazzy/install/examples_tf2_py:/home/balabalu/ros2_jazzy/install/tf2_ros_py:/home/balabalu/ros2_jazzy/install/examples_rclpy_pointcloud_publisher:/home/balabalu/ros2_jazzy/install/sensor_msgs_py:/home/balabalu/ros2_jazzy/install/quality_of_service_demo_py:/home/balabalu/ros2_jazzy/install/rqt_plot:/home/balabalu/ros2_jazzy/install/ros2doctor:/home/balabalu/ros2_jazzy/install/lifecycle_py:/home/balabalu/ros2_jazzy/install/examples_rclpy_minimal_subscriber:/home/balabalu/ros2_jazzy/install/examples_rclpy_minimal_service:/home/balabalu/ros2_jazzy/install/examples_rclpy_minimal_publisher:/home/balabalu/ros2_jazzy/install/examples_rclpy_minimal_client:/home/balabalu/ros2_jazzy/install/examples_rclpy_executors:/home/balabalu/ros2_jazzy/install/demo_nodes_py:/home/balabalu/ros2_jazzy/install/rqt:/home/balabalu/ros2_jazzy/install/ros2component:/home/balabalu/ros2_jazzy/install/sros2:/home/balabalu/ros2_jazzy/install/rqt_topic:/home/balabalu/ros2_jazzy/install/rqt_srv:/home/balabalu/ros2_jazzy/install/rqt_shell:/home/balabalu/ros2_jazzy/install/rqt_service_caller:/home/balabalu/ros2_jazzy/install/rqt_reconfigure:/home/balabalu/ros2_jazzy/install/rqt_py_console:/home/balabalu/ros2_jazzy/install/rqt_publisher:/home/balabalu/ros2_jazzy/install/rqt_action:/home/balabalu/ros2_jazzy/install/rqt_msg:/home/balabalu/ros2_jazzy/install/rqt_console:/home/balabalu/ros2_jazzy/install/rqt_graph:/home/balabalu/ros2_jazzy/install/rqt_gui_py:/home/balabalu/ros2_jazzy/install/rqt_gui:/home/balabalu/ros2_jazzy/install/ros2trace:/home/balabalu/ros2_jazzy/install/ros2topic:/home/balabalu/ros2_jazzy/install/ros2test:/home/balabalu/ros2_jazzy/install/ros2param:/home/balabalu/ros2_jazzy/install/ros2lifecycle:/home/balabalu/ros2_jazzy/install/ros2service:/home/balabalu/ros2_jazzy/install/ros2run:/home/balabalu/ros2_jazzy/install/ros2launch:/home/balabalu/ros2_jazzy/install/ros2pkg:/home/balabalu/ros2_jazzy/install/ros2node:/home/balabalu/ros2_jazzy/install/ros2multicast:/home/balabalu/ros2_jazzy/install/ros2interface:/home/balabalu/ros2_jazzy/install/ros2action:/home/balabalu/ros2_jazzy/install/ros2cli:/home/balabalu/ros2_jazzy/install/launch_testing_ros:/home/balabalu/ros2_jazzy/install/launch_ros:/home/balabalu/ros2_jazzy/install/examples_rclpy_minimal_action_server:/home/balabalu/ros2_jazzy/install/examples_rclpy_minimal_action_client:/home/balabalu/ros2_jazzy/install/examples_rclpy_guard_conditions:/home/balabalu/ros2_jazzy/install/action_tutorials_py:/home/balabalu/ros2_jazzy/install/ament_uncrustify:/home/balabalu/ros2_jazzy/install/tracetools_trace:/home/balabalu/ros2_jazzy/install/tracetools_read:/home/balabalu/ros2_jazzy/install/test_tracetools_launch:/home/balabalu/ros2_jazzy/install/test_ros2trace:/home/balabalu/ros2_jazzy/install/test_launch_ros:/home/balabalu/ros2_jazzy/install/rpyutils:/home/balabalu/ros2_jazzy/install/rosidl_runtime_py:/home/balabalu/ros2_jazzy/install/rosidl_pycommon:/home/balabalu/ros2_jazzy/install/rosidl_cli:/home/balabalu/ros2_jazzy/install/launch_pytest:/home/balabalu/ros2_jazzy/install/launch_testing:/home/balabalu/ros2_jazzy/install/launch_yaml:/home/balabalu/ros2_jazzy/install/launch_xml:/home/balabalu/ros2_jazzy/install/launch:/home/balabalu/ros2_jazzy/install/osrf_pycommon:/home/balabalu/ros2_jazzy/install/domain_coordinator:/home/balabalu/ros2_jazzy/install/ament_xmllint:/home/balabalu/ros2_jazzy/install/ament_pyflakes:/home/balabalu/ros2_jazzy/install/ament_pycodestyle:/home/balabalu/ros2_jazzy/install/ament_pep257:/home/balabalu/ros2_jazzy/install/ament_pclint:/home/balabalu/ros2_jazzy/install/ament_package:/home/balabalu/ros2_jazzy/install/ament_mypy:/home/balabalu/ros2_jazzy/install/ament_lint_cmake:/home/balabalu/ros2_jazzy/install/ament_flake8:/home/balabalu/ros2_jazzy/install/ament_copyright:/home/balabalu/ros2_jazzy/install/ament_lint:/home/balabalu/ros2_jazzy/install/ament_index_python:/home/balabalu/ros2_jazzy/install/ament_cpplint:/home/balabalu/ros2_jazzy/install/ament_cppcheck:/home/balabalu/ros2_jazzy/install/ament_clang_tidy:/home/balabalu/ros2_jazzy/install/ament_clang_format DEBUGINFOD_URLS=https://debuginfod.ubuntu.com /usr/bin/cmake /home/balabalu/workspace/WRoverSoftware/src/Autonomous/sensors -DCMAKE_INSTALL_PREFIX=/home/balabalu/workspace/WRoverSoftware/install/sensors
[1.764s] -- The C compiler identification is GNU 13.3.0
[2.090s] -- The CXX compiler identification is GNU 13.3.0
[2.154s] -- Detecting C compiler ABI info
[2.450s] -- Detecting C compiler ABI info - done
[2.466s] -- Check for working C compiler: /usr/bin/cc - skipped
[2.482s] -- Detecting C compile features
[2.500s] -- Detecting C compile features - done
[2.533s] -- Detecting CXX compiler ABI info
[2.793s] -- Detecting CXX compiler ABI info - done
[2.805s] -- Check for working CXX compiler: /usr/bin/c++ - skipped
[2.806s] -- Detecting CXX compile features
[2.806s] -- Detecting CXX compile features - done
[3.554s] -- Found ament_cmake: 2.5.0 (/home/balabalu/ros2_jazzy/install/ament_cmake/share/ament_cmake/cmake)
[4.757s] -- Found Python3: /usr/bin/python3 (found version "3.12.3") found components: Interpreter 
[6.096s] -- Found ament_lint_auto: 0.17.0 (/home/balabalu/ros2_jazzy/install/ament_lint_auto/share/ament_lint_auto/cmake)
[6.721s] -- Added test 'cppcheck' to perform static code analysis on C / C++ code
[6.721s] -- Configured cppcheck include dirs: $<BUILD_INTERFACE:/home/balabalu/workspace/WRoverSoftware/src/Autonomous/sensors/include>
[6.721s] -- Configured cppcheck exclude dirs and/or files: 
[6.738s] -- Added test 'lint_cmake' to check CMake code style
[6.756s] -- Added test 'uncrustify' to check C / C++ code style
[6.756s] -- Configured uncrustify additional arguments: 
[6.767s] -- Added test 'xmllint' to check XML markup files
[6.792s] -- Configuring done (5.3s)
[6.801s] -- Generating done (0.0s)
[6.803s] -- Build files have been written to: /home/balabalu/workspace/WRoverSoftware/build/sensors
