running egg_info
writing ../../../build/auto_implementation/auto_implementation.egg-info/PKG-INFO
writing dependency_links to ../../../build/auto_implementation/auto_implementation.egg-info/dependency_links.txt
writing entry points to ../../../build/auto_implementation/auto_implementation.egg-info/entry_points.txt
writing requirements to ../../../build/auto_implementation/auto_implementation.egg-info/requires.txt
writing top-level names to ../../../build/auto_implementation/auto_implementation.egg-info/top_level.txt
reading manifest file '../../../build/auto_implementation/auto_implementation.egg-info/SOURCES.txt'
adding license file 'LICENSE'
writing manifest file '../../../build/auto_implementation/auto_implementation.egg-info/SOURCES.txt'
running build
running build_py
running install
running install_lib
running install_data
running install_egg_info
removing '/home/balabalu/workspace/WRoverSoftware/install/auto_implementation/lib/python3.12/site-packages/auto_implementation-0.0.0-py3.12.egg-info' (and everything under it)
Copying ../../../build/auto_implementation/auto_implementation.egg-info to /home/balabalu/workspace/WRoverSoftware/install/auto_implementation/lib/python3.12/site-packages/auto_implementation-0.0.0-py3.12.egg-info
running install_scripts
Installing driving_logic script to /home/balabalu/workspace/WRoverSoftware/install/auto_implementation/lib/auto_implementation
Installing finding_aruco_tag script to /home/balabalu/workspace/WRoverSoftware/install/auto_implementation/lib/auto_implementation
Installing finding_object script to /home/balabalu/workspace/WRoverSoftware/install/auto_implementation/lib/auto_implementation
Installing searching_drive script to /home/balabalu/workspace/WRoverSoftware/install/auto_implementation/lib/auto_implementation
writing list of installed files to '/home/balabalu/workspace/WRoverSoftware/build/auto_implementation/install.log'
