[5.208s] Invoking command in '/home/balabalu/workspace/WRoverSoftware/src/Autonomous/auto_implementation': DEBUGINFOD_URLS=https://debuginfod.ubuntu.com PYTHONPATH=/home/balabalu/workspace/WRoverSoftware/build/auto_implementation/prefix_override:/home/balabalu/workspace/WRoverSoftware/install/auto_implementation/lib/python3.12/site-packages:${PYTHONPATH} /usr/bin/python3 -W ignore:setup.py install is deprecated setup.py egg_info --egg-base ../../../build/auto_implementation build --build-base /home/balabalu/workspace/WRoverSoftware/build/auto_implementation/build install --record /home/balabalu/workspace/WRoverSoftware/build/auto_implementation/install.log --single-version-externally-managed install_data
[5.985s] running egg_info
[6.035s] writing ../../../build/auto_implementation/auto_implementation.egg-info/PKG-INFO
[6.036s] writing dependency_links to ../../../build/auto_implementation/auto_implementation.egg-info/dependency_links.txt
[6.037s] writing entry points to ../../../build/auto_implementation/auto_implementation.egg-info/entry_points.txt
[6.038s] writing requirements to ../../../build/auto_implementation/auto_implementation.egg-info/requires.txt
[6.038s] writing top-level names to ../../../build/auto_implementation/auto_implementation.egg-info/top_level.txt
[6.141s] reading manifest file '../../../build/auto_implementation/auto_implementation.egg-info/SOURCES.txt'
[6.143s] adding license file 'LICENSE'
[6.146s] writing manifest file '../../../build/auto_implementation/auto_implementation.egg-info/SOURCES.txt'
[6.148s] running build
[6.149s] running build_py
[6.150s] running install
[6.170s] running install_lib
[6.247s] running install_data
[6.247s] running install_egg_info
[6.294s] removing '/home/balabalu/workspace/WRoverSoftware/install/auto_implementation/lib/python3.12/site-packages/auto_implementation-0.0.0-py3.12.egg-info' (and everything under it)
[6.295s] Copying ../../../build/auto_implementation/auto_implementation.egg-info to /home/balabalu/workspace/WRoverSoftware/install/auto_implementation/lib/python3.12/site-packages/auto_implementation-0.0.0-py3.12.egg-info
[6.297s] running install_scripts
[6.763s] Installing driving_logic script to /home/balabalu/workspace/WRoverSoftware/install/auto_implementation/lib/auto_implementation
[6.766s] Installing finding_aruco_tag script to /home/balabalu/workspace/WRoverSoftware/install/auto_implementation/lib/auto_implementation
[6.767s] Installing finding_object script to /home/balabalu/workspace/WRoverSoftware/install/auto_implementation/lib/auto_implementation
[6.772s] Installing searching_drive script to /home/balabalu/workspace/WRoverSoftware/install/auto_implementation/lib/auto_implementation
[6.773s] writing list of installed files to '/home/balabalu/workspace/WRoverSoftware/build/auto_implementation/install.log'
[7.576s] Invoked command in '/home/balabalu/workspace/WRoverSoftware/src/Autonomous/auto_implementation' returned '0': DEBUGINFOD_URLS=https://debuginfod.ubuntu.com PYTHONPATH=/home/balabalu/workspace/WRoverSoftware/build/auto_implementation/prefix_override:/home/balabalu/workspace/WRoverSoftware/install/auto_implementation/lib/python3.12/site-packages:${PYTHONPATH} /usr/bin/python3 -W ignore:setup.py install is deprecated setup.py egg_info --egg-base ../../../build/auto_implementation build --build-base /home/balabalu/workspace/WRoverSoftware/build/auto_implementation/build install --record /home/balabalu/workspace/WRoverSoftware/build/auto_implementation/install.log --single-version-externally-managed install_data
