[0.343s] DEBUG:colcon:Command line arguments: ['/usr/bin/colcon', 'build']
[0.343s] DEBUG:colcon:Parsed command line arguments: Namespace(log_base=None, log_level=None, verb_name='build', build_base='build', install_base='install', merge_install=False, symlink_install=False, test_result_base=None, continue_on_error=False, executor='parallel', parallel_workers=5, event_handlers=None, ignore_user_meta=False, metas=['./colcon.meta'], base_paths=['.'], packages_ignore=None, packages_ignore_regex=None, paths=None, packages_up_to=None, packages_up_to_regex=None, packages_above=None, packages_above_and_dependencies=None, packages_above_depth=None, packages_select_by_dep=None, packages_skip_by_dep=None, packages_skip_up_to=None, packages_select_build_failed=False, packages_skip_build_finished=False, packages_select_test_failures=False, packages_skip_test_passed=False, packages_select=None, packages_skip=None, packages_select_regex=None, packages_skip_regex=None, packages_start=None, packages_end=None, allow_overriding=[], cmake_args=None, cmake_target=None, cmake_target_skip_unavailable=False, cmake_clean_cache=False, cmake_clean_first=False, cmake_force_configure=False, ament_cmake_args=None, catkin_cmake_args=None, catkin_skip_building_tests=False, mixin_files=None, mixin=None, verb_parser=<colcon_mixin.mixin.mixin_argument.MixinArgumentDecorator object at 0x776cffff2180>, verb_extension=<colcon_core.verb.build.BuildVerb object at 0x776cffff1df0>, main=<bound method BuildVerb.main of <colcon_core.verb.build.BuildVerb object at 0x776cffff1df0>>, mixin_verb=('build',))
[0.434s] Level 1:colcon.colcon_core.package_discovery:discover_packages(colcon_meta) check parameters
[0.434s] Level 1:colcon.colcon_core.package_discovery:discover_packages(recursive) check parameters
[0.434s] Level 1:colcon.colcon_core.package_discovery:discover_packages(ignore) check parameters
[0.434s] Level 1:colcon.colcon_core.package_discovery:discover_packages(path) check parameters
[0.434s] Level 1:colcon.colcon_core.package_discovery:discover_packages(colcon_meta) discover
[0.434s] Level 1:colcon.colcon_core.package_discovery:discover_packages(recursive) discover
[0.434s] INFO:colcon.colcon_core.package_discovery:Crawling recursively for packages in '/home/balabalu/workspace/WRoverSoftware'
[0.435s] Level 1:colcon.colcon_core.package_identification:_identify(.) by extensions ['ignore', 'ignore_ament_install']
[0.435s] Level 1:colcon.colcon_core.package_identification:_identify(.) by extension 'ignore'
[0.435s] Level 1:colcon.colcon_core.package_identification:_identify(.) by extension 'ignore_ament_install'
[0.435s] Level 1:colcon.colcon_core.package_identification:_identify(.) by extensions ['colcon_pkg']
[0.435s] Level 1:colcon.colcon_core.package_identification:_identify(.) by extension 'colcon_pkg'
[0.435s] Level 1:colcon.colcon_core.package_identification:_identify(.) by extensions ['colcon_meta']
[0.435s] Level 1:colcon.colcon_core.package_identification:_identify(.) by extension 'colcon_meta'
[0.435s] Level 1:colcon.colcon_core.package_identification:_identify(.) by extensions ['ros']
[0.435s] Level 1:colcon.colcon_core.package_identification:_identify(.) by extension 'ros'
[0.484s] Level 1:colcon.colcon_core.package_identification:_identify(.) by extensions ['cmake', 'python']
[0.484s] Level 1:colcon.colcon_core.package_identification:_identify(.) by extension 'cmake'
[0.484s] Level 1:colcon.colcon_core.package_identification:_identify(.) by extension 'python'
[0.484s] Level 1:colcon.colcon_core.package_identification:_identify(.) by extensions ['python_setup_py']
[0.484s] Level 1:colcon.colcon_core.package_identification:_identify(.) by extension 'python_setup_py'
[0.484s] Level 1:colcon.colcon_core.package_identification:_identify(Autonomous) by extensions ['ignore', 'ignore_ament_install']
[0.485s] Level 1:colcon.colcon_core.package_identification:_identify(Autonomous) by extension 'ignore'
[0.485s] Level 1:colcon.colcon_core.package_identification:_identify(Autonomous) by extension 'ignore_ament_install'
[0.485s] Level 1:colcon.colcon_core.package_identification:_identify(Autonomous) by extensions ['colcon_pkg']
[0.485s] Level 1:colcon.colcon_core.package_identification:_identify(Autonomous) by extension 'colcon_pkg'
[0.485s] Level 1:colcon.colcon_core.package_identification:_identify(Autonomous) by extensions ['colcon_meta']
[0.485s] Level 1:colcon.colcon_core.package_identification:_identify(Autonomous) by extension 'colcon_meta'
[0.485s] Level 1:colcon.colcon_core.package_identification:_identify(Autonomous) by extensions ['ros']
[0.485s] Level 1:colcon.colcon_core.package_identification:_identify(Autonomous) by extension 'ros'
[0.486s] Level 1:colcon.colcon_core.package_identification:_identify(Autonomous) by extensions ['cmake', 'python']
[0.486s] Level 1:colcon.colcon_core.package_identification:_identify(Autonomous) by extension 'cmake'
[0.486s] Level 1:colcon.colcon_core.package_identification:_identify(Autonomous) by extension 'python'
[0.486s] Level 1:colcon.colcon_core.package_identification:_identify(Autonomous) by extensions ['python_setup_py']
[0.486s] Level 1:colcon.colcon_core.package_identification:_identify(Autonomous) by extension 'python_setup_py'
[0.486s] Level 1:colcon.colcon_core.package_identification:_identify(Teleop) by extensions ['ignore', 'ignore_ament_install']
[0.486s] Level 1:colcon.colcon_core.package_identification:_identify(Teleop) by extension 'ignore'
[0.487s] Level 1:colcon.colcon_core.package_identification:_identify(Teleop) by extension 'ignore_ament_install'
[0.487s] Level 1:colcon.colcon_core.package_identification:_identify(Teleop) by extensions ['colcon_pkg']
[0.487s] Level 1:colcon.colcon_core.package_identification:_identify(Teleop) by extension 'colcon_pkg'
[0.487s] Level 1:colcon.colcon_core.package_identification:_identify(Teleop) by extensions ['colcon_meta']
[0.488s] Level 1:colcon.colcon_core.package_identification:_identify(Teleop) by extension 'colcon_meta'
[0.488s] Level 1:colcon.colcon_core.package_identification:_identify(Teleop) by extensions ['ros']
[0.488s] Level 1:colcon.colcon_core.package_identification:_identify(Teleop) by extension 'ros'
[0.488s] Level 1:colcon.colcon_core.package_identification:_identify(Teleop) by extensions ['cmake', 'python']
[0.488s] Level 1:colcon.colcon_core.package_identification:_identify(Teleop) by extension 'cmake'
[0.488s] Level 1:colcon.colcon_core.package_identification:_identify(Teleop) by extension 'python'
[0.488s] Level 1:colcon.colcon_core.package_identification:_identify(Teleop) by extensions ['python_setup_py']
[0.488s] Level 1:colcon.colcon_core.package_identification:_identify(Teleop) by extension 'python_setup_py'
[0.488s] Level 1:colcon.colcon_core.package_identification:_identify(Teleop/input) by extensions ['ignore', 'ignore_ament_install']
[0.488s] Level 1:colcon.colcon_core.package_identification:_identify(Teleop/input) by extension 'ignore'
[0.489s] Level 1:colcon.colcon_core.package_identification:_identify(Teleop/input) by extension 'ignore_ament_install'
[0.489s] Level 1:colcon.colcon_core.package_identification:_identify(Teleop/input) by extensions ['colcon_pkg']
[0.489s] Level 1:colcon.colcon_core.package_identification:_identify(Teleop/input) by extension 'colcon_pkg'
[0.489s] Level 1:colcon.colcon_core.package_identification:_identify(Teleop/input) by extensions ['colcon_meta']
[0.489s] Level 1:colcon.colcon_core.package_identification:_identify(Teleop/input) by extension 'colcon_meta'
[0.489s] Level 1:colcon.colcon_core.package_identification:_identify(Teleop/input) by extensions ['ros']
[0.489s] Level 1:colcon.colcon_core.package_identification:_identify(Teleop/input) by extension 'ros'
[0.493s] DEBUG:colcon.colcon_core.package_identification:Package 'Teleop/input' with type 'ros.ament_python' and name 'input'
[0.493s] Level 1:colcon.colcon_core.package_identification:_identify(build) by extensions ['ignore', 'ignore_ament_install']
[0.493s] Level 1:colcon.colcon_core.package_identification:_identify(build) by extension 'ignore'
[0.493s] Level 1:colcon.colcon_core.package_identification:_identify(build) ignored
[0.493s] Level 1:colcon.colcon_core.package_identification:_identify(executable_launches) by extensions ['ignore', 'ignore_ament_install']
[0.493s] Level 1:colcon.colcon_core.package_identification:_identify(executable_launches) by extension 'ignore'
[0.493s] Level 1:colcon.colcon_core.package_identification:_identify(executable_launches) by extension 'ignore_ament_install'
[0.493s] Level 1:colcon.colcon_core.package_identification:_identify(executable_launches) by extensions ['colcon_pkg']
[0.494s] Level 1:colcon.colcon_core.package_identification:_identify(executable_launches) by extension 'colcon_pkg'
[0.494s] Level 1:colcon.colcon_core.package_identification:_identify(executable_launches) by extensions ['colcon_meta']
[0.494s] Level 1:colcon.colcon_core.package_identification:_identify(executable_launches) by extension 'colcon_meta'
[0.494s] Level 1:colcon.colcon_core.package_identification:_identify(executable_launches) by extensions ['ros']
[0.494s] Level 1:colcon.colcon_core.package_identification:_identify(executable_launches) by extension 'ros'
[0.494s] Level 1:colcon.colcon_core.package_identification:_identify(executable_launches) by extensions ['cmake', 'python']
[0.494s] Level 1:colcon.colcon_core.package_identification:_identify(executable_launches) by extension 'cmake'
[0.494s] Level 1:colcon.colcon_core.package_identification:_identify(executable_launches) by extension 'python'
[0.494s] Level 1:colcon.colcon_core.package_identification:_identify(executable_launches) by extensions ['python_setup_py']
[0.494s] Level 1:colcon.colcon_core.package_identification:_identify(executable_launches) by extension 'python_setup_py'
[0.494s] Level 1:colcon.colcon_core.package_identification:_identify(install) by extensions ['ignore', 'ignore_ament_install']
[0.494s] Level 1:colcon.colcon_core.package_identification:_identify(install) by extension 'ignore'
[0.494s] Level 1:colcon.colcon_core.package_identification:_identify(install) ignored
[0.494s] Level 1:colcon.colcon_core.package_identification:_identify(log) by extensions ['ignore', 'ignore_ament_install']
[0.494s] Level 1:colcon.colcon_core.package_identification:_identify(log) by extension 'ignore'
[0.494s] Level 1:colcon.colcon_core.package_identification:_identify(log) ignored
[0.495s] Level 1:colcon.colcon_core.package_identification:_identify(src) by extensions ['ignore', 'ignore_ament_install']
[0.495s] Level 1:colcon.colcon_core.package_identification:_identify(src) by extension 'ignore'
[0.495s] Level 1:colcon.colcon_core.package_identification:_identify(src) by extension 'ignore_ament_install'
[0.495s] Level 1:colcon.colcon_core.package_identification:_identify(src) by extensions ['colcon_pkg']
[0.495s] Level 1:colcon.colcon_core.package_identification:_identify(src) by extension 'colcon_pkg'
[0.495s] Level 1:colcon.colcon_core.package_identification:_identify(src) by extensions ['colcon_meta']
[0.495s] Level 1:colcon.colcon_core.package_identification:_identify(src) by extension 'colcon_meta'
[0.495s] Level 1:colcon.colcon_core.package_identification:_identify(src) by extensions ['ros']
[0.495s] Level 1:colcon.colcon_core.package_identification:_identify(src) by extension 'ros'
[0.495s] Level 1:colcon.colcon_core.package_identification:_identify(src) by extensions ['cmake', 'python']
[0.495s] Level 1:colcon.colcon_core.package_identification:_identify(src) by extension 'cmake'
[0.495s] Level 1:colcon.colcon_core.package_identification:_identify(src) by extension 'python'
[0.495s] Level 1:colcon.colcon_core.package_identification:_identify(src) by extensions ['python_setup_py']
[0.495s] Level 1:colcon.colcon_core.package_identification:_identify(src) by extension 'python_setup_py'
[0.495s] Level 1:colcon.colcon_core.package_identification:_identify(src/wr_obstacle_avoidance) by extensions ['ignore', 'ignore_ament_install']
[0.495s] Level 1:colcon.colcon_core.package_identification:_identify(src/wr_obstacle_avoidance) by extension 'ignore'
[0.495s] Level 1:colcon.colcon_core.package_identification:_identify(src/wr_obstacle_avoidance) by extension 'ignore_ament_install'
[0.495s] Level 1:colcon.colcon_core.package_identification:_identify(src/wr_obstacle_avoidance) by extensions ['colcon_pkg']
[0.495s] Level 1:colcon.colcon_core.package_identification:_identify(src/wr_obstacle_avoidance) by extension 'colcon_pkg'
[0.496s] Level 1:colcon.colcon_core.package_identification:_identify(src/wr_obstacle_avoidance) by extensions ['colcon_meta']
[0.496s] Level 1:colcon.colcon_core.package_identification:_identify(src/wr_obstacle_avoidance) by extension 'colcon_meta'
[0.496s] Level 1:colcon.colcon_core.package_identification:_identify(src/wr_obstacle_avoidance) by extensions ['ros']
[0.496s] Level 1:colcon.colcon_core.package_identification:_identify(src/wr_obstacle_avoidance) by extension 'ros'
[0.496s] Level 1:colcon.colcon_core.package_identification:_identify(src/wr_obstacle_avoidance) by extensions ['cmake', 'python']
[0.496s] Level 1:colcon.colcon_core.package_identification:_identify(src/wr_obstacle_avoidance) by extension 'cmake'
[0.496s] Level 1:colcon.colcon_core.package_identification:_identify(src/wr_obstacle_avoidance) by extension 'python'
[0.496s] Level 1:colcon.colcon_core.package_identification:_identify(src/wr_obstacle_avoidance) by extensions ['python_setup_py']
[0.496s] Level 1:colcon.colcon_core.package_identification:_identify(src/wr_obstacle_avoidance) by extension 'python_setup_py'
[0.496s] Level 1:colcon.colcon_core.package_identification:_identify(src/wr_obstacle_avoidance/launch_files) by extensions ['ignore', 'ignore_ament_install']
[0.496s] Level 1:colcon.colcon_core.package_identification:_identify(src/wr_obstacle_avoidance/launch_files) by extension 'ignore'
[0.496s] Level 1:colcon.colcon_core.package_identification:_identify(src/wr_obstacle_avoidance/launch_files) by extension 'ignore_ament_install'
[0.496s] Level 1:colcon.colcon_core.package_identification:_identify(src/wr_obstacle_avoidance/launch_files) by extensions ['colcon_pkg']
[0.496s] Level 1:colcon.colcon_core.package_identification:_identify(src/wr_obstacle_avoidance/launch_files) by extension 'colcon_pkg'
[0.496s] Level 1:colcon.colcon_core.package_identification:_identify(src/wr_obstacle_avoidance/launch_files) by extensions ['colcon_meta']
[0.496s] Level 1:colcon.colcon_core.package_identification:_identify(src/wr_obstacle_avoidance/launch_files) by extension 'colcon_meta'
[0.496s] Level 1:colcon.colcon_core.package_identification:_identify(src/wr_obstacle_avoidance/launch_files) by extensions ['ros']
[0.496s] Level 1:colcon.colcon_core.package_identification:_identify(src/wr_obstacle_avoidance/launch_files) by extension 'ros'
[0.496s] Level 1:colcon.colcon_core.package_identification:_identify(src/wr_obstacle_avoidance/launch_files) by extensions ['cmake', 'python']
[0.496s] Level 1:colcon.colcon_core.package_identification:_identify(src/wr_obstacle_avoidance/launch_files) by extension 'cmake'
[0.496s] Level 1:colcon.colcon_core.package_identification:_identify(src/wr_obstacle_avoidance/launch_files) by extension 'python'
[0.497s] Level 1:colcon.colcon_core.package_identification:_identify(src/wr_obstacle_avoidance/launch_files) by extensions ['python_setup_py']
[0.497s] Level 1:colcon.colcon_core.package_identification:_identify(src/wr_obstacle_avoidance/launch_files) by extension 'python_setup_py'
[0.497s] Level 1:colcon.colcon_core.package_identification:_identify(src/wr_obstacle_avoidance/msg) by extensions ['ignore', 'ignore_ament_install']
[0.497s] Level 1:colcon.colcon_core.package_identification:_identify(src/wr_obstacle_avoidance/msg) by extension 'ignore'
[0.497s] Level 1:colcon.colcon_core.package_identification:_identify(src/wr_obstacle_avoidance/msg) by extension 'ignore_ament_install'
[0.497s] Level 1:colcon.colcon_core.package_identification:_identify(src/wr_obstacle_avoidance/msg) by extensions ['colcon_pkg']
[0.497s] Level 1:colcon.colcon_core.package_identification:_identify(src/wr_obstacle_avoidance/msg) by extension 'colcon_pkg'
[0.497s] Level 1:colcon.colcon_core.package_identification:_identify(src/wr_obstacle_avoidance/msg) by extensions ['colcon_meta']
[0.497s] Level 1:colcon.colcon_core.package_identification:_identify(src/wr_obstacle_avoidance/msg) by extension 'colcon_meta'
[0.497s] Level 1:colcon.colcon_core.package_identification:_identify(src/wr_obstacle_avoidance/msg) by extensions ['ros']
[0.497s] Level 1:colcon.colcon_core.package_identification:_identify(src/wr_obstacle_avoidance/msg) by extension 'ros'
[0.497s] Level 1:colcon.colcon_core.package_identification:_identify(src/wr_obstacle_avoidance/msg) by extensions ['cmake', 'python']
[0.497s] Level 1:colcon.colcon_core.package_identification:_identify(src/wr_obstacle_avoidance/msg) by extension 'cmake'
[0.497s] Level 1:colcon.colcon_core.package_identification:_identify(src/wr_obstacle_avoidance/msg) by extension 'python'
[0.497s] Level 1:colcon.colcon_core.package_identification:_identify(src/wr_obstacle_avoidance/msg) by extensions ['python_setup_py']
[0.497s] Level 1:colcon.colcon_core.package_identification:_identify(src/wr_obstacle_avoidance/msg) by extension 'python_setup_py'
[0.497s] Level 1:colcon.colcon_core.package_identification:_identify(src/wr_obstacle_avoidance/nodes) by extensions ['ignore', 'ignore_ament_install']
[0.497s] Level 1:colcon.colcon_core.package_identification:_identify(src/wr_obstacle_avoidance/nodes) by extension 'ignore'
[0.498s] Level 1:colcon.colcon_core.package_identification:_identify(src/wr_obstacle_avoidance/nodes) by extension 'ignore_ament_install'
[0.498s] Level 1:colcon.colcon_core.package_identification:_identify(src/wr_obstacle_avoidance/nodes) by extensions ['colcon_pkg']
[0.498s] Level 1:colcon.colcon_core.package_identification:_identify(src/wr_obstacle_avoidance/nodes) by extension 'colcon_pkg'
[0.498s] Level 1:colcon.colcon_core.package_identification:_identify(src/wr_obstacle_avoidance/nodes) by extensions ['colcon_meta']
[0.498s] Level 1:colcon.colcon_core.package_identification:_identify(src/wr_obstacle_avoidance/nodes) by extension 'colcon_meta'
[0.498s] Level 1:colcon.colcon_core.package_identification:_identify(src/wr_obstacle_avoidance/nodes) by extensions ['ros']
[0.498s] Level 1:colcon.colcon_core.package_identification:_identify(src/wr_obstacle_avoidance/nodes) by extension 'ros'
[0.498s] Level 1:colcon.colcon_core.package_identification:_identify(src/wr_obstacle_avoidance/nodes) by extensions ['cmake', 'python']
[0.498s] Level 1:colcon.colcon_core.package_identification:_identify(src/wr_obstacle_avoidance/nodes) by extension 'cmake'
[0.498s] Level 1:colcon.colcon_core.package_identification:_identify(src/wr_obstacle_avoidance/nodes) by extension 'python'
[0.498s] Level 1:colcon.colcon_core.package_identification:_identify(src/wr_obstacle_avoidance/nodes) by extensions ['python_setup_py']
[0.498s] Level 1:colcon.colcon_core.package_identification:_identify(src/wr_obstacle_avoidance/nodes) by extension 'python_setup_py'
[0.498s] Level 1:colcon.colcon_core.package_identification:_identify(src/wr_obstacle_avoidance/srv) by extensions ['ignore', 'ignore_ament_install']
[0.498s] Level 1:colcon.colcon_core.package_identification:_identify(src/wr_obstacle_avoidance/srv) by extension 'ignore'
[0.498s] Level 1:colcon.colcon_core.package_identification:_identify(src/wr_obstacle_avoidance/srv) by extension 'ignore_ament_install'
[0.498s] Level 1:colcon.colcon_core.package_identification:_identify(src/wr_obstacle_avoidance/srv) by extensions ['colcon_pkg']
[0.498s] Level 1:colcon.colcon_core.package_identification:_identify(src/wr_obstacle_avoidance/srv) by extension 'colcon_pkg'
[0.498s] Level 1:colcon.colcon_core.package_identification:_identify(src/wr_obstacle_avoidance/srv) by extensions ['colcon_meta']
[0.498s] Level 1:colcon.colcon_core.package_identification:_identify(src/wr_obstacle_avoidance/srv) by extension 'colcon_meta'
[0.498s] Level 1:colcon.colcon_core.package_identification:_identify(src/wr_obstacle_avoidance/srv) by extensions ['ros']
[0.498s] Level 1:colcon.colcon_core.package_identification:_identify(src/wr_obstacle_avoidance/srv) by extension 'ros'
[0.499s] Level 1:colcon.colcon_core.package_identification:_identify(src/wr_obstacle_avoidance/srv) by extensions ['cmake', 'python']
[0.499s] Level 1:colcon.colcon_core.package_identification:_identify(src/wr_obstacle_avoidance/srv) by extension 'cmake'
[0.499s] Level 1:colcon.colcon_core.package_identification:_identify(src/wr_obstacle_avoidance/srv) by extension 'python'
[0.499s] Level 1:colcon.colcon_core.package_identification:_identify(src/wr_obstacle_avoidance/srv) by extensions ['python_setup_py']
[0.499s] Level 1:colcon.colcon_core.package_identification:_identify(src/wr_obstacle_avoidance/srv) by extension 'python_setup_py'
[0.499s] Level 1:colcon.colcon_core.package_discovery:discover_packages(recursive) using defaults
[0.499s] Level 1:colcon.colcon_core.package_discovery:discover_packages(ignore) discover
[0.499s] Level 1:colcon.colcon_core.package_discovery:discover_packages(ignore) using defaults
[0.499s] Level 1:colcon.colcon_core.package_discovery:discover_packages(path) discover
[0.499s] Level 1:colcon.colcon_core.package_discovery:discover_packages(path) using defaults
[0.558s] Level 1:colcon.colcon_core.package_discovery:discover_packages(prefix_path) check parameters
[0.558s] Level 1:colcon.colcon_core.package_discovery:discover_packages(prefix_path) discover
[0.595s] DEBUG:colcon.colcon_installed_package_information.package_discovery:Found 363 installed packages in /home/balabalu/ros2_jazzy/install
[0.613s] Level 1:colcon.colcon_core.package_discovery:discover_packages(prefix_path) using defaults
[0.668s] Level 5:colcon.colcon_core.verb:set package 'input' build argument 'cmake_args' from command line to 'None'
[0.668s] Level 5:colcon.colcon_core.verb:set package 'input' build argument 'cmake_target' from command line to 'None'
[0.668s] Level 5:colcon.colcon_core.verb:set package 'input' build argument 'cmake_target_skip_unavailable' from command line to 'False'
[0.668s] Level 5:colcon.colcon_core.verb:set package 'input' build argument 'cmake_clean_cache' from command line to 'False'
[0.668s] Level 5:colcon.colcon_core.verb:set package 'input' build argument 'cmake_clean_first' from command line to 'False'
[0.668s] Level 5:colcon.colcon_core.verb:set package 'input' build argument 'cmake_force_configure' from command line to 'False'
[0.668s] Level 5:colcon.colcon_core.verb:set package 'input' build argument 'ament_cmake_args' from command line to 'None'
[0.668s] Level 5:colcon.colcon_core.verb:set package 'input' build argument 'catkin_cmake_args' from command line to 'None'
[0.668s] Level 5:colcon.colcon_core.verb:set package 'input' build argument 'catkin_skip_building_tests' from command line to 'False'
[0.668s] DEBUG:colcon.colcon_core.verb:Building package 'input' with the following arguments: {'ament_cmake_args': None, 'build_base': '/home/balabalu/workspace/WRoverSoftware/build/input', 'catkin_cmake_args': None, 'catkin_skip_building_tests': False, 'cmake_args': None, 'cmake_clean_cache': False, 'cmake_clean_first': False, 'cmake_force_configure': False, 'cmake_target': None, 'cmake_target_skip_unavailable': False, 'install_base': '/home/balabalu/workspace/WRoverSoftware/install/input', 'merge_install': False, 'path': '/home/balabalu/workspace/WRoverSoftware/Teleop/input', 'symlink_install': False, 'test_result_base': None}
[0.668s] INFO:colcon.colcon_core.executor:Executing jobs using 'parallel' executor
[0.672s] DEBUG:colcon.colcon_parallel_executor.executor.parallel:run_until_complete
[0.672s] INFO:colcon.colcon_ros.task.ament_python.build:Building ROS package in '/home/balabalu/workspace/WRoverSoftware/Teleop/input' with build type 'ament_python'
[0.672s] Level 1:colcon.colcon_core.shell:create_environment_hook('input', 'ament_prefix_path')
[0.682s] INFO:colcon.colcon_core.plugin_system:Skipping extension 'colcon_core.shell.bat': Not used on non-Windows systems
[0.682s] INFO:colcon.colcon_core.shell:Creating environment hook '/home/balabalu/workspace/WRoverSoftware/install/input/share/input/hook/ament_prefix_path.ps1'
[0.683s] INFO:colcon.colcon_core.shell:Creating environment descriptor '/home/balabalu/workspace/WRoverSoftware/install/input/share/input/hook/ament_prefix_path.dsv'
[0.684s] INFO:colcon.colcon_core.shell:Creating environment hook '/home/balabalu/workspace/WRoverSoftware/install/input/share/input/hook/ament_prefix_path.sh'
[0.685s] INFO:colcon.colcon_core.shell:Skip shell extension 'powershell' for command environment: Not usable outside of PowerShell
[0.685s] DEBUG:colcon.colcon_core.shell:Skip shell extension 'dsv' for command environment
[1.420s] INFO:colcon.colcon_core.task.python.build:Building Python package in '/home/balabalu/workspace/WRoverSoftware/Teleop/input'
[1.421s] INFO:colcon.colcon_core.shell:Skip shell extension 'powershell' for command environment: Not usable outside of PowerShell
[1.421s] DEBUG:colcon.colcon_core.shell:Skip shell extension 'dsv' for command environment
[4.256s] DEBUG:colcon.colcon_core.event_handler.log_command:Invoking command in '/home/balabalu/workspace/WRoverSoftware/Teleop/input': DEBUGINFOD_URLS=https://debuginfod.ubuntu.com PYTHONPATH=/home/balabalu/workspace/WRoverSoftware/build/input/prefix_override:/home/balabalu/workspace/WRoverSoftware/install/input/lib/python3.12/site-packages:${PYTHONPATH} /usr/bin/python3 -W ignore:setup.py install is deprecated setup.py egg_info --egg-base ../../build/input build --build-base /home/balabalu/workspace/WRoverSoftware/build/input/build install --record /home/balabalu/workspace/WRoverSoftware/build/input/install.log --single-version-externally-managed install_data
[5.662s] DEBUG:colcon.colcon_core.event_handler.log_command:Invoked command in '/home/balabalu/workspace/WRoverSoftware/Teleop/input' returned '0': DEBUGINFOD_URLS=https://debuginfod.ubuntu.com PYTHONPATH=/home/balabalu/workspace/WRoverSoftware/build/input/prefix_override:/home/balabalu/workspace/WRoverSoftware/install/input/lib/python3.12/site-packages:${PYTHONPATH} /usr/bin/python3 -W ignore:setup.py install is deprecated setup.py egg_info --egg-base ../../build/input build --build-base /home/balabalu/workspace/WRoverSoftware/build/input/build install --record /home/balabalu/workspace/WRoverSoftware/build/input/install.log --single-version-externally-managed install_data
[5.697s] Level 1:colcon.colcon_core.environment:checking '/home/balabalu/workspace/WRoverSoftware/install/input' for CMake module files
[5.697s] Level 1:colcon.colcon_core.environment:checking '/home/balabalu/workspace/WRoverSoftware/install/input' for CMake config files
[5.698s] Level 1:colcon.colcon_core.environment:checking '/home/balabalu/workspace/WRoverSoftware/install/input/lib'
[5.698s] Level 1:colcon.colcon_core.environment:checking '/home/balabalu/workspace/WRoverSoftware/install/input/bin'
[5.699s] Level 1:colcon.colcon_core.environment:checking '/home/balabalu/workspace/WRoverSoftware/install/input/lib/pkgconfig/input.pc'
[5.699s] Level 1:colcon.colcon_core.environment:checking '/home/balabalu/workspace/WRoverSoftware/install/input/lib/python3.12/site-packages'
[5.699s] Level 1:colcon.colcon_core.shell:create_environment_hook('input', 'pythonpath')
[5.699s] INFO:colcon.colcon_core.shell:Creating environment hook '/home/balabalu/workspace/WRoverSoftware/install/input/share/input/hook/pythonpath.ps1'
[5.700s] INFO:colcon.colcon_core.shell:Creating environment descriptor '/home/balabalu/workspace/WRoverSoftware/install/input/share/input/hook/pythonpath.dsv'
[5.700s] INFO:colcon.colcon_core.shell:Creating environment hook '/home/balabalu/workspace/WRoverSoftware/install/input/share/input/hook/pythonpath.sh'
[5.701s] Level 1:colcon.colcon_core.environment:checking '/home/balabalu/workspace/WRoverSoftware/install/input/bin'
[5.701s] Level 1:colcon.colcon_core.environment:create_environment_scripts_only(input)
[5.701s] INFO:colcon.colcon_core.shell:Creating package script '/home/balabalu/workspace/WRoverSoftware/install/input/share/input/package.ps1'
[5.703s] INFO:colcon.colcon_core.shell:Creating package descriptor '/home/balabalu/workspace/WRoverSoftware/install/input/share/input/package.dsv'
[5.704s] INFO:colcon.colcon_core.shell:Creating package script '/home/balabalu/workspace/WRoverSoftware/install/input/share/input/package.sh'
[5.706s] INFO:colcon.colcon_core.shell:Creating package script '/home/balabalu/workspace/WRoverSoftware/install/input/share/input/package.bash'
[5.707s] INFO:colcon.colcon_core.shell:Creating package script '/home/balabalu/workspace/WRoverSoftware/install/input/share/input/package.zsh'
[5.709s] Level 1:colcon.colcon_core.environment:create_file_with_runtime_dependencies(/home/balabalu/workspace/WRoverSoftware/install/input/share/colcon-core/packages/input)
[5.710s] DEBUG:colcon.colcon_parallel_executor.executor.parallel:closing loop
[5.711s] DEBUG:colcon.colcon_parallel_executor.executor.parallel:loop closed
[5.711s] DEBUG:colcon.colcon_parallel_executor.executor.parallel:run_until_complete finished with '0'
[5.711s] DEBUG:colcon.colcon_core.event_reactor:joining thread
[5.738s] INFO:colcon.colcon_core.plugin_system:Skipping extension 'colcon_notification.desktop_notification.terminal_notifier': Not used on non-Darwin systems
[5.738s] INFO:colcon.colcon_core.plugin_system:Skipping extension 'colcon_notification.desktop_notification.win32': Not used on non-Windows systems
[5.738s] INFO:colcon.colcon_notification.desktop_notification:Sending desktop notification using 'notify2'
[5.768s] DEBUG:colcon.colcon_core.event_reactor:joined thread
[5.769s] INFO:colcon.colcon_core.shell:Creating prefix script '/home/balabalu/workspace/WRoverSoftware/install/local_setup.ps1'
[5.771s] INFO:colcon.colcon_core.shell:Creating prefix util module '/home/balabalu/workspace/WRoverSoftware/install/_local_setup_util_ps1.py'
[5.772s] INFO:colcon.colcon_core.shell:Creating prefix chain script '/home/balabalu/workspace/WRoverSoftware/install/setup.ps1'
[5.800s] INFO:colcon.colcon_core.shell:Creating prefix script '/home/balabalu/workspace/WRoverSoftware/install/local_setup.sh'
[5.801s] INFO:colcon.colcon_core.shell:Creating prefix util module '/home/balabalu/workspace/WRoverSoftware/install/_local_setup_util_sh.py'
[5.801s] INFO:colcon.colcon_core.shell:Creating prefix chain script '/home/balabalu/workspace/WRoverSoftware/install/setup.sh'
[5.828s] INFO:colcon.colcon_core.shell:Creating prefix script '/home/balabalu/workspace/WRoverSoftware/install/local_setup.bash'
[5.829s] INFO:colcon.colcon_core.shell:Creating prefix chain script '/home/balabalu/workspace/WRoverSoftware/install/setup.bash'
[5.856s] INFO:colcon.colcon_core.shell:Creating prefix script '/home/balabalu/workspace/WRoverSoftware/install/local_setup.zsh'
[5.857s] INFO:colcon.colcon_core.shell:Creating prefix chain script '/home/balabalu/workspace/WRoverSoftware/install/setup.zsh'
