[0.164s] DEBUG:colcon:Command line arguments: ['/usr/bin/colcon', 'build']
[0.164s] DEBUG:colcon:Parsed command line arguments: Namespace(log_base=None, log_level=None, verb_name='build', build_base='build', install_base='install', merge_install=False, symlink_install=False, test_result_base=None, continue_on_error=False, executor='parallel', parallel_workers=16, event_handlers=None, ignore_user_meta=False, metas=['./colcon.meta'], base_paths=['.'], packages_ignore=None, packages_ignore_regex=None, paths=None, packages_up_to=None, packages_up_to_regex=None, packages_above=None, packages_above_and_dependencies=None, packages_above_depth=None, packages_select_by_dep=None, packages_skip_by_dep=None, packages_skip_up_to=None, packages_select_build_failed=False, packages_skip_build_finished=False, packages_select_test_failures=False, packages_skip_test_passed=False, packages_select=None, packages_skip=None, packages_select_regex=None, packages_skip_regex=None, packages_start=None, packages_end=None, allow_overriding=[], cmake_args=None, cmake_target=None, cmake_target_skip_unavailable=False, cmake_clean_cache=False, cmake_clean_first=False, cmake_force_configure=False, ament_cmake_args=None, catkin_cmake_args=None, catkin_skip_building_tests=False, verb_parser=<colcon_defaults.argument_parser.defaults.DefaultArgumentsDecorator object at 0x78d922927280>, verb_extension=<colcon_core.verb.build.BuildVerb object at 0x78d922926d70>, main=<bound method BuildVerb.main of <colcon_core.verb.build.BuildVerb object at 0x78d922926d70>>)
[0.323s] Level 1:colcon.colcon_core.package_discovery:discover_packages(colcon_meta) check parameters
[0.323s] Level 1:colcon.colcon_core.package_discovery:discover_packages(recursive) check parameters
[0.323s] Level 1:colcon.colcon_core.package_discovery:discover_packages(ignore) check parameters
[0.323s] Level 1:colcon.colcon_core.package_discovery:discover_packages(path) check parameters
[0.323s] Level 1:colcon.colcon_core.package_discovery:discover_packages(colcon_meta) discover
[0.323s] Level 1:colcon.colcon_core.package_discovery:discover_packages(recursive) discover
[0.323s] INFO:colcon.colcon_core.package_discovery:Crawling recursively for packages in '/home/wiscrobo/WRoverXboxController/WRoverSoftware'
[0.323s] Level 1:colcon.colcon_core.package_identification:_identify(.) by extensions ['ignore', 'ignore_ament_install']
[0.323s] Level 1:colcon.colcon_core.package_identification:_identify(.) by extension 'ignore'
[0.323s] Level 1:colcon.colcon_core.package_identification:_identify(.) by extension 'ignore_ament_install'
[0.324s] Level 1:colcon.colcon_core.package_identification:_identify(.) by extensions ['colcon_pkg']
[0.324s] Level 1:colcon.colcon_core.package_identification:_identify(.) by extension 'colcon_pkg'
[0.324s] Level 1:colcon.colcon_core.package_identification:_identify(.) by extensions ['colcon_meta']
[0.324s] Level 1:colcon.colcon_core.package_identification:_identify(.) by extension 'colcon_meta'
[0.324s] Level 1:colcon.colcon_core.package_identification:_identify(.) by extensions ['ros']
[0.324s] Level 1:colcon.colcon_core.package_identification:_identify(.) by extension 'ros'
[0.332s] Level 1:colcon.colcon_core.package_identification:_identify(.) by extensions ['cmake', 'python']
[0.332s] Level 1:colcon.colcon_core.package_identification:_identify(.) by extension 'cmake'
[0.332s] Level 1:colcon.colcon_core.package_identification:_identify(.) by extension 'python'
[0.332s] Level 1:colcon.colcon_core.package_identification:_identify(.) by extensions ['python_setup_py']
[0.332s] Level 1:colcon.colcon_core.package_identification:_identify(.) by extension 'python_setup_py'
[0.332s] Level 1:colcon.colcon_core.package_identification:_identify(build) by extensions ['ignore', 'ignore_ament_install']
[0.332s] Level 1:colcon.colcon_core.package_identification:_identify(build) by extension 'ignore'
[0.332s] Level 1:colcon.colcon_core.package_identification:_identify(build) ignored
[0.332s] Level 1:colcon.colcon_core.package_identification:_identify(executable_launches) by extensions ['ignore', 'ignore_ament_install']
[0.333s] Level 1:colcon.colcon_core.package_identification:_identify(executable_launches) by extension 'ignore'
[0.333s] Level 1:colcon.colcon_core.package_identification:_identify(executable_launches) by extension 'ignore_ament_install'
[0.333s] Level 1:colcon.colcon_core.package_identification:_identify(executable_launches) by extensions ['colcon_pkg']
[0.333s] Level 1:colcon.colcon_core.package_identification:_identify(executable_launches) by extension 'colcon_pkg'
[0.333s] Level 1:colcon.colcon_core.package_identification:_identify(executable_launches) by extensions ['colcon_meta']
[0.333s] Level 1:colcon.colcon_core.package_identification:_identify(executable_launches) by extension 'colcon_meta'
[0.333s] Level 1:colcon.colcon_core.package_identification:_identify(executable_launches) by extensions ['ros']
[0.333s] Level 1:colcon.colcon_core.package_identification:_identify(executable_launches) by extension 'ros'
[0.333s] Level 1:colcon.colcon_core.package_identification:_identify(executable_launches) by extensions ['cmake', 'python']
[0.333s] Level 1:colcon.colcon_core.package_identification:_identify(executable_launches) by extension 'cmake'
[0.333s] Level 1:colcon.colcon_core.package_identification:_identify(executable_launches) by extension 'python'
[0.333s] Level 1:colcon.colcon_core.package_identification:_identify(executable_launches) by extensions ['python_setup_py']
[0.333s] Level 1:colcon.colcon_core.package_identification:_identify(executable_launches) by extension 'python_setup_py'
[0.333s] Level 1:colcon.colcon_core.package_identification:_identify(install) by extensions ['ignore', 'ignore_ament_install']
[0.333s] Level 1:colcon.colcon_core.package_identification:_identify(install) by extension 'ignore'
[0.333s] Level 1:colcon.colcon_core.package_identification:_identify(install) ignored
[0.333s] Level 1:colcon.colcon_core.package_identification:_identify(log) by extensions ['ignore', 'ignore_ament_install']
[0.333s] Level 1:colcon.colcon_core.package_identification:_identify(log) by extension 'ignore'
[0.333s] Level 1:colcon.colcon_core.package_identification:_identify(log) ignored
[0.333s] Level 1:colcon.colcon_core.package_identification:_identify(src) by extensions ['ignore', 'ignore_ament_install']
[0.333s] Level 1:colcon.colcon_core.package_identification:_identify(src) by extension 'ignore'
[0.333s] Level 1:colcon.colcon_core.package_identification:_identify(src) by extension 'ignore_ament_install'
[0.333s] Level 1:colcon.colcon_core.package_identification:_identify(src) by extensions ['colcon_pkg']
[0.333s] Level 1:colcon.colcon_core.package_identification:_identify(src) by extension 'colcon_pkg'
[0.333s] Level 1:colcon.colcon_core.package_identification:_identify(src) by extensions ['colcon_meta']
[0.334s] Level 1:colcon.colcon_core.package_identification:_identify(src) by extension 'colcon_meta'
[0.334s] Level 1:colcon.colcon_core.package_identification:_identify(src) by extensions ['ros']
[0.334s] Level 1:colcon.colcon_core.package_identification:_identify(src) by extension 'ros'
[0.334s] Level 1:colcon.colcon_core.package_identification:_identify(src) by extensions ['cmake', 'python']
[0.334s] Level 1:colcon.colcon_core.package_identification:_identify(src) by extension 'cmake'
[0.334s] Level 1:colcon.colcon_core.package_identification:_identify(src) by extension 'python'
[0.334s] Level 1:colcon.colcon_core.package_identification:_identify(src) by extensions ['python_setup_py']
[0.334s] Level 1:colcon.colcon_core.package_identification:_identify(src) by extension 'python_setup_py'
[0.334s] Level 1:colcon.colcon_core.package_identification:_identify(src/wr_obstacle_avoidance) by extensions ['ignore', 'ignore_ament_install']
[0.334s] Level 1:colcon.colcon_core.package_identification:_identify(src/wr_obstacle_avoidance) by extension 'ignore'
[0.334s] Level 1:colcon.colcon_core.package_identification:_identify(src/wr_obstacle_avoidance) by extension 'ignore_ament_install'
[0.334s] Level 1:colcon.colcon_core.package_identification:_identify(src/wr_obstacle_avoidance) by extensions ['colcon_pkg']
[0.334s] Level 1:colcon.colcon_core.package_identification:_identify(src/wr_obstacle_avoidance) by extension 'colcon_pkg'
[0.334s] Level 1:colcon.colcon_core.package_identification:_identify(src/wr_obstacle_avoidance) by extensions ['colcon_meta']
[0.334s] Level 1:colcon.colcon_core.package_identification:_identify(src/wr_obstacle_avoidance) by extension 'colcon_meta'
[0.334s] Level 1:colcon.colcon_core.package_identification:_identify(src/wr_obstacle_avoidance) by extensions ['ros']
[0.334s] Level 1:colcon.colcon_core.package_identification:_identify(src/wr_obstacle_avoidance) by extension 'ros'
[0.334s] Level 1:colcon.colcon_core.package_identification:_identify(src/wr_obstacle_avoidance) by extensions ['cmake', 'python']
[0.334s] Level 1:colcon.colcon_core.package_identification:_identify(src/wr_obstacle_avoidance) by extension 'cmake'
[0.334s] Level 1:colcon.colcon_core.package_identification:_identify(src/wr_obstacle_avoidance) by extension 'python'
[0.334s] Level 1:colcon.colcon_core.package_identification:_identify(src/wr_obstacle_avoidance) by extensions ['python_setup_py']
[0.334s] Level 1:colcon.colcon_core.package_identification:_identify(src/wr_obstacle_avoidance) by extension 'python_setup_py'
[0.334s] Level 1:colcon.colcon_core.package_identification:_identify(src/wr_obstacle_avoidance/launch_files) by extensions ['ignore', 'ignore_ament_install']
[0.334s] Level 1:colcon.colcon_core.package_identification:_identify(src/wr_obstacle_avoidance/launch_files) by extension 'ignore'
[0.334s] Level 1:colcon.colcon_core.package_identification:_identify(src/wr_obstacle_avoidance/launch_files) by extension 'ignore_ament_install'
[0.334s] Level 1:colcon.colcon_core.package_identification:_identify(src/wr_obstacle_avoidance/launch_files) by extensions ['colcon_pkg']
[0.334s] Level 1:colcon.colcon_core.package_identification:_identify(src/wr_obstacle_avoidance/launch_files) by extension 'colcon_pkg'
[0.335s] Level 1:colcon.colcon_core.package_identification:_identify(src/wr_obstacle_avoidance/launch_files) by extensions ['colcon_meta']
[0.335s] Level 1:colcon.colcon_core.package_identification:_identify(src/wr_obstacle_avoidance/launch_files) by extension 'colcon_meta'
[0.335s] Level 1:colcon.colcon_core.package_identification:_identify(src/wr_obstacle_avoidance/launch_files) by extensions ['ros']
[0.335s] Level 1:colcon.colcon_core.package_identification:_identify(src/wr_obstacle_avoidance/launch_files) by extension 'ros'
[0.335s] Level 1:colcon.colcon_core.package_identification:_identify(src/wr_obstacle_avoidance/launch_files) by extensions ['cmake', 'python']
[0.335s] Level 1:colcon.colcon_core.package_identification:_identify(src/wr_obstacle_avoidance/launch_files) by extension 'cmake'
[0.335s] Level 1:colcon.colcon_core.package_identification:_identify(src/wr_obstacle_avoidance/launch_files) by extension 'python'
[0.335s] Level 1:colcon.colcon_core.package_identification:_identify(src/wr_obstacle_avoidance/launch_files) by extensions ['python_setup_py']
[0.335s] Level 1:colcon.colcon_core.package_identification:_identify(src/wr_obstacle_avoidance/launch_files) by extension 'python_setup_py'
[0.335s] Level 1:colcon.colcon_core.package_identification:_identify(src/wr_obstacle_avoidance/msg) by extensions ['ignore', 'ignore_ament_install']
[0.335s] Level 1:colcon.colcon_core.package_identification:_identify(src/wr_obstacle_avoidance/msg) by extension 'ignore'
[0.335s] Level 1:colcon.colcon_core.package_identification:_identify(src/wr_obstacle_avoidance/msg) by extension 'ignore_ament_install'
[0.335s] Level 1:colcon.colcon_core.package_identification:_identify(src/wr_obstacle_avoidance/msg) by extensions ['colcon_pkg']
[0.335s] Level 1:colcon.colcon_core.package_identification:_identify(src/wr_obstacle_avoidance/msg) by extension 'colcon_pkg'
[0.335s] Level 1:colcon.colcon_core.package_identification:_identify(src/wr_obstacle_avoidance/msg) by extensions ['colcon_meta']
[0.335s] Level 1:colcon.colcon_core.package_identification:_identify(src/wr_obstacle_avoidance/msg) by extension 'colcon_meta'
[0.335s] Level 1:colcon.colcon_core.package_identification:_identify(src/wr_obstacle_avoidance/msg) by extensions ['ros']
[0.335s] Level 1:colcon.colcon_core.package_identification:_identify(src/wr_obstacle_avoidance/msg) by extension 'ros'
[0.335s] Level 1:colcon.colcon_core.package_identification:_identify(src/wr_obstacle_avoidance/msg) by extensions ['cmake', 'python']
[0.335s] Level 1:colcon.colcon_core.package_identification:_identify(src/wr_obstacle_avoidance/msg) by extension 'cmake'
[0.335s] Level 1:colcon.colcon_core.package_identification:_identify(src/wr_obstacle_avoidance/msg) by extension 'python'
[0.335s] Level 1:colcon.colcon_core.package_identification:_identify(src/wr_obstacle_avoidance/msg) by extensions ['python_setup_py']
[0.335s] Level 1:colcon.colcon_core.package_identification:_identify(src/wr_obstacle_avoidance/msg) by extension 'python_setup_py'
[0.335s] Level 1:colcon.colcon_core.package_identification:_identify(src/wr_obstacle_avoidance/nodes) by extensions ['ignore', 'ignore_ament_install']
[0.335s] Level 1:colcon.colcon_core.package_identification:_identify(src/wr_obstacle_avoidance/nodes) by extension 'ignore'
[0.335s] Level 1:colcon.colcon_core.package_identification:_identify(src/wr_obstacle_avoidance/nodes) by extension 'ignore_ament_install'
[0.335s] Level 1:colcon.colcon_core.package_identification:_identify(src/wr_obstacle_avoidance/nodes) by extensions ['colcon_pkg']
[0.335s] Level 1:colcon.colcon_core.package_identification:_identify(src/wr_obstacle_avoidance/nodes) by extension 'colcon_pkg'
[0.336s] Level 1:colcon.colcon_core.package_identification:_identify(src/wr_obstacle_avoidance/nodes) by extensions ['colcon_meta']
[0.336s] Level 1:colcon.colcon_core.package_identification:_identify(src/wr_obstacle_avoidance/nodes) by extension 'colcon_meta'
[0.336s] Level 1:colcon.colcon_core.package_identification:_identify(src/wr_obstacle_avoidance/nodes) by extensions ['ros']
[0.336s] Level 1:colcon.colcon_core.package_identification:_identify(src/wr_obstacle_avoidance/nodes) by extension 'ros'
[0.336s] Level 1:colcon.colcon_core.package_identification:_identify(src/wr_obstacle_avoidance/nodes) by extensions ['cmake', 'python']
[0.336s] Level 1:colcon.colcon_core.package_identification:_identify(src/wr_obstacle_avoidance/nodes) by extension 'cmake'
[0.336s] Level 1:colcon.colcon_core.package_identification:_identify(src/wr_obstacle_avoidance/nodes) by extension 'python'
[0.336s] Level 1:colcon.colcon_core.package_identification:_identify(src/wr_obstacle_avoidance/nodes) by extensions ['python_setup_py']
[0.336s] Level 1:colcon.colcon_core.package_identification:_identify(src/wr_obstacle_avoidance/nodes) by extension 'python_setup_py'
[0.336s] Level 1:colcon.colcon_core.package_identification:_identify(src/wr_obstacle_avoidance/srv) by extensions ['ignore', 'ignore_ament_install']
[0.336s] Level 1:colcon.colcon_core.package_identification:_identify(src/wr_obstacle_avoidance/srv) by extension 'ignore'
[0.336s] Level 1:colcon.colcon_core.package_identification:_identify(src/wr_obstacle_avoidance/srv) by extension 'ignore_ament_install'
[0.336s] Level 1:colcon.colcon_core.package_identification:_identify(src/wr_obstacle_avoidance/srv) by extensions ['colcon_pkg']
[0.336s] Level 1:colcon.colcon_core.package_identification:_identify(src/wr_obstacle_avoidance/srv) by extension 'colcon_pkg'
[0.336s] Level 1:colcon.colcon_core.package_identification:_identify(src/wr_obstacle_avoidance/srv) by extensions ['colcon_meta']
[0.336s] Level 1:colcon.colcon_core.package_identification:_identify(src/wr_obstacle_avoidance/srv) by extension 'colcon_meta'
[0.336s] Level 1:colcon.colcon_core.package_identification:_identify(src/wr_obstacle_avoidance/srv) by extensions ['ros']
[0.336s] Level 1:colcon.colcon_core.package_identification:_identify(src/wr_obstacle_avoidance/srv) by extension 'ros'
[0.336s] Level 1:colcon.colcon_core.package_identification:_identify(src/wr_obstacle_avoidance/srv) by extensions ['cmake', 'python']
[0.336s] Level 1:colcon.colcon_core.package_identification:_identify(src/wr_obstacle_avoidance/srv) by extension 'cmake'
[0.336s] Level 1:colcon.colcon_core.package_identification:_identify(src/wr_obstacle_avoidance/srv) by extension 'python'
[0.336s] Level 1:colcon.colcon_core.package_identification:_identify(src/wr_obstacle_avoidance/srv) by extensions ['python_setup_py']
[0.336s] Level 1:colcon.colcon_core.package_identification:_identify(src/wr_obstacle_avoidance/srv) by extension 'python_setup_py'
[0.336s] Level 1:colcon.colcon_core.package_identification:_identify(src/wr_xbox_controller) by extensions ['ignore', 'ignore_ament_install']
[0.336s] Level 1:colcon.colcon_core.package_identification:_identify(src/wr_xbox_controller) by extension 'ignore'
[0.336s] Level 1:colcon.colcon_core.package_identification:_identify(src/wr_xbox_controller) by extension 'ignore_ament_install'
[0.336s] Level 1:colcon.colcon_core.package_identification:_identify(src/wr_xbox_controller) by extensions ['colcon_pkg']
[0.336s] Level 1:colcon.colcon_core.package_identification:_identify(src/wr_xbox_controller) by extension 'colcon_pkg'
[0.336s] Level 1:colcon.colcon_core.package_identification:_identify(src/wr_xbox_controller) by extensions ['colcon_meta']
[0.337s] Level 1:colcon.colcon_core.package_identification:_identify(src/wr_xbox_controller) by extension 'colcon_meta'
[0.337s] Level 1:colcon.colcon_core.package_identification:_identify(src/wr_xbox_controller) by extensions ['ros']
[0.337s] Level 1:colcon.colcon_core.package_identification:_identify(src/wr_xbox_controller) by extension 'ros'
[0.338s] DEBUG:colcon.colcon_core.package_identification:Package 'src/wr_xbox_controller' with type 'ros.ament_python' and name 'wr_xbox_controller'
[0.338s] Level 1:colcon.colcon_core.package_discovery:discover_packages(recursive) using defaults
[0.339s] Level 1:colcon.colcon_core.package_discovery:discover_packages(ignore) discover
[0.339s] Level 1:colcon.colcon_core.package_discovery:discover_packages(ignore) using defaults
[0.339s] Level 1:colcon.colcon_core.package_discovery:discover_packages(path) discover
[0.339s] Level 1:colcon.colcon_core.package_discovery:discover_packages(path) using defaults
[0.357s] Level 1:colcon.colcon_core.package_discovery:discover_packages(prefix_path) check parameters
[0.357s] Level 1:colcon.colcon_core.package_discovery:discover_packages(prefix_path) discover
[0.359s] DEBUG:colcon.colcon_installed_package_information.package_discovery:Found 271 installed packages in /opt/ros/humble
[0.368s] Level 1:colcon.colcon_core.package_discovery:discover_packages(prefix_path) using defaults
[0.392s] Level 5:colcon.colcon_core.verb:set package 'wr_xbox_controller' build argument 'cmake_args' from command line to 'None'
[0.392s] Level 5:colcon.colcon_core.verb:set package 'wr_xbox_controller' build argument 'cmake_target' from command line to 'None'
[0.392s] Level 5:colcon.colcon_core.verb:set package 'wr_xbox_controller' build argument 'cmake_target_skip_unavailable' from command line to 'False'
[0.392s] Level 5:colcon.colcon_core.verb:set package 'wr_xbox_controller' build argument 'cmake_clean_cache' from command line to 'False'
[0.392s] Level 5:colcon.colcon_core.verb:set package 'wr_xbox_controller' build argument 'cmake_clean_first' from command line to 'False'
[0.392s] Level 5:colcon.colcon_core.verb:set package 'wr_xbox_controller' build argument 'cmake_force_configure' from command line to 'False'
[0.392s] Level 5:colcon.colcon_core.verb:set package 'wr_xbox_controller' build argument 'ament_cmake_args' from command line to 'None'
[0.392s] Level 5:colcon.colcon_core.verb:set package 'wr_xbox_controller' build argument 'catkin_cmake_args' from command line to 'None'
[0.392s] Level 5:colcon.colcon_core.verb:set package 'wr_xbox_controller' build argument 'catkin_skip_building_tests' from command line to 'False'
[0.392s] DEBUG:colcon.colcon_core.verb:Building package 'wr_xbox_controller' with the following arguments: {'ament_cmake_args': None, 'build_base': '/home/wiscrobo/WRoverXboxController/WRoverSoftware/build/wr_xbox_controller', 'catkin_cmake_args': None, 'catkin_skip_building_tests': False, 'cmake_args': None, 'cmake_clean_cache': False, 'cmake_clean_first': False, 'cmake_force_configure': False, 'cmake_target': None, 'cmake_target_skip_unavailable': False, 'install_base': '/home/wiscrobo/WRoverXboxController/WRoverSoftware/install/wr_xbox_controller', 'merge_install': False, 'path': '/home/wiscrobo/WRoverXboxController/WRoverSoftware/src/wr_xbox_controller', 'symlink_install': False, 'test_result_base': None}
[0.392s] INFO:colcon.colcon_core.executor:Executing jobs using 'parallel' executor
[0.393s] DEBUG:colcon.colcon_parallel_executor.executor.parallel:run_until_complete
[0.393s] INFO:colcon.colcon_ros.task.ament_python.build:Building ROS package in '/home/wiscrobo/WRoverXboxController/WRoverSoftware/src/wr_xbox_controller' with build type 'ament_python'
[0.393s] Level 1:colcon.colcon_core.shell:create_environment_hook('wr_xbox_controller', 'ament_prefix_path')
[0.397s] INFO:colcon.colcon_core.plugin_system:Skipping extension 'colcon_core.shell.bat': Not used on non-Windows systems
[0.397s] INFO:colcon.colcon_core.shell:Creating environment hook '/home/wiscrobo/WRoverXboxController/WRoverSoftware/install/wr_xbox_controller/share/wr_xbox_controller/hook/ament_prefix_path.ps1'
[0.398s] INFO:colcon.colcon_core.shell:Creating environment descriptor '/home/wiscrobo/WRoverXboxController/WRoverSoftware/install/wr_xbox_controller/share/wr_xbox_controller/hook/ament_prefix_path.dsv'
[0.398s] INFO:colcon.colcon_core.shell:Creating environment hook '/home/wiscrobo/WRoverXboxController/WRoverSoftware/install/wr_xbox_controller/share/wr_xbox_controller/hook/ament_prefix_path.sh'
[0.399s] INFO:colcon.colcon_core.shell:Skip shell extension 'powershell' for command environment: Not usable outside of PowerShell
[0.399s] DEBUG:colcon.colcon_core.shell:Skip shell extension 'dsv' for command environment
[0.578s] INFO:colcon.colcon_core.task.python.build:Building Python package in '/home/wiscrobo/WRoverXboxController/WRoverSoftware/src/wr_xbox_controller'
[0.578s] INFO:colcon.colcon_core.shell:Skip shell extension 'powershell' for command environment: Not usable outside of PowerShell
[0.578s] DEBUG:colcon.colcon_core.shell:Skip shell extension 'dsv' for command environment
[0.816s] DEBUG:colcon.colcon_core.event_handler.log_command:Invoking command in '/home/wiscrobo/WRoverXboxController/WRoverSoftware/src/wr_xbox_controller': PYTHONPATH=/home/wiscrobo/WRoverXboxController/WRoverSoftware/build/wr_xbox_controller/prefix_override:/usr/lib/python3/dist-packages/colcon_core/task/python/colcon_distutils_commands:/home/wiscrobo/WRoverXboxController/WRoverSoftware/install/wr_xbox_controller/lib/python3.10/site-packages:${PYTHONPATH} /usr/bin/python3 -W ignore:setup.py install is deprecated -W ignore:easy_install command is deprecated setup.py egg_info --egg-base ../../build/wr_xbox_controller build --build-base /home/wiscrobo/WRoverXboxController/WRoverSoftware/build/wr_xbox_controller/build install --record /home/wiscrobo/WRoverXboxController/WRoverSoftware/build/wr_xbox_controller/install.log --single-version-externally-managed install_data
[1.007s] DEBUG:colcon.colcon_core.event_handler.log_command:Invoked command in '/home/wiscrobo/WRoverXboxController/WRoverSoftware/src/wr_xbox_controller' returned '0': PYTHONPATH=/home/wiscrobo/WRoverXboxController/WRoverSoftware/build/wr_xbox_controller/prefix_override:/usr/lib/python3/dist-packages/colcon_core/task/python/colcon_distutils_commands:/home/wiscrobo/WRoverXboxController/WRoverSoftware/install/wr_xbox_controller/lib/python3.10/site-packages:${PYTHONPATH} /usr/bin/python3 -W ignore:setup.py install is deprecated -W ignore:easy_install command is deprecated setup.py egg_info --egg-base ../../build/wr_xbox_controller build --build-base /home/wiscrobo/WRoverXboxController/WRoverSoftware/build/wr_xbox_controller/build install --record /home/wiscrobo/WRoverXboxController/WRoverSoftware/build/wr_xbox_controller/install.log --single-version-externally-managed install_data
[1.012s] Level 1:colcon.colcon_core.environment:checking '/home/wiscrobo/WRoverXboxController/WRoverSoftware/install/wr_xbox_controller' for CMake module files
[1.012s] Level 1:colcon.colcon_core.environment:checking '/home/wiscrobo/WRoverXboxController/WRoverSoftware/install/wr_xbox_controller' for CMake config files
[1.012s] Level 1:colcon.colcon_core.environment:checking '/home/wiscrobo/WRoverXboxController/WRoverSoftware/install/wr_xbox_controller/lib'
[1.013s] Level 1:colcon.colcon_core.environment:checking '/home/wiscrobo/WRoverXboxController/WRoverSoftware/install/wr_xbox_controller/bin'
[1.013s] Level 1:colcon.colcon_core.environment:checking '/home/wiscrobo/WRoverXboxController/WRoverSoftware/install/wr_xbox_controller/lib/pkgconfig/wr_xbox_controller.pc'
[1.013s] Level 1:colcon.colcon_core.environment:checking '/home/wiscrobo/WRoverXboxController/WRoverSoftware/install/wr_xbox_controller/lib/python3.10/site-packages'
[1.013s] Level 1:colcon.colcon_core.shell:create_environment_hook('wr_xbox_controller', 'pythonpath')
[1.013s] INFO:colcon.colcon_core.shell:Creating environment hook '/home/wiscrobo/WRoverXboxController/WRoverSoftware/install/wr_xbox_controller/share/wr_xbox_controller/hook/pythonpath.ps1'
[1.013s] INFO:colcon.colcon_core.shell:Creating environment descriptor '/home/wiscrobo/WRoverXboxController/WRoverSoftware/install/wr_xbox_controller/share/wr_xbox_controller/hook/pythonpath.dsv'
[1.014s] INFO:colcon.colcon_core.shell:Creating environment hook '/home/wiscrobo/WRoverXboxController/WRoverSoftware/install/wr_xbox_controller/share/wr_xbox_controller/hook/pythonpath.sh'
[1.014s] Level 1:colcon.colcon_core.environment:checking '/home/wiscrobo/WRoverXboxController/WRoverSoftware/install/wr_xbox_controller/bin'
[1.014s] Level 1:colcon.colcon_core.environment:create_environment_scripts_only(wr_xbox_controller)
[1.014s] INFO:colcon.colcon_core.shell:Creating package script '/home/wiscrobo/WRoverXboxController/WRoverSoftware/install/wr_xbox_controller/share/wr_xbox_controller/package.ps1'
[1.015s] INFO:colcon.colcon_core.shell:Creating package descriptor '/home/wiscrobo/WRoverXboxController/WRoverSoftware/install/wr_xbox_controller/share/wr_xbox_controller/package.dsv'
[1.015s] INFO:colcon.colcon_core.shell:Creating package script '/home/wiscrobo/WRoverXboxController/WRoverSoftware/install/wr_xbox_controller/share/wr_xbox_controller/package.sh'
[1.016s] INFO:colcon.colcon_core.shell:Creating package script '/home/wiscrobo/WRoverXboxController/WRoverSoftware/install/wr_xbox_controller/share/wr_xbox_controller/package.bash'
[1.017s] INFO:colcon.colcon_core.shell:Creating package script '/home/wiscrobo/WRoverXboxController/WRoverSoftware/install/wr_xbox_controller/share/wr_xbox_controller/package.zsh'
[1.018s] Level 1:colcon.colcon_core.environment:create_file_with_runtime_dependencies(/home/wiscrobo/WRoverXboxController/WRoverSoftware/install/wr_xbox_controller/share/colcon-core/packages/wr_xbox_controller)
[1.018s] DEBUG:colcon.colcon_parallel_executor.executor.parallel:closing loop
[1.018s] DEBUG:colcon.colcon_parallel_executor.executor.parallel:loop closed
[1.018s] DEBUG:colcon.colcon_parallel_executor.executor.parallel:run_until_complete finished with '0'
[1.018s] DEBUG:colcon.colcon_core.event_reactor:joining thread
[1.025s] INFO:colcon.colcon_core.plugin_system:Skipping extension 'colcon_notification.desktop_notification.terminal_notifier': Not used on non-Darwin systems
[1.025s] INFO:colcon.colcon_core.plugin_system:Skipping extension 'colcon_notification.desktop_notification.win32': Not used on non-Windows systems
[1.025s] INFO:colcon.colcon_notification.desktop_notification:Sending desktop notification using 'notify2'
[1.042s] DEBUG:colcon.colcon_core.event_reactor:joined thread
[1.043s] INFO:colcon.colcon_core.shell:Creating prefix script '/home/wiscrobo/WRoverXboxController/WRoverSoftware/install/local_setup.ps1'
[1.044s] INFO:colcon.colcon_core.shell:Creating prefix util module '/home/wiscrobo/WRoverXboxController/WRoverSoftware/install/_local_setup_util_ps1.py'
[1.045s] INFO:colcon.colcon_core.shell:Creating prefix chain script '/home/wiscrobo/WRoverXboxController/WRoverSoftware/install/setup.ps1'
[1.046s] INFO:colcon.colcon_core.shell:Creating prefix script '/home/wiscrobo/WRoverXboxController/WRoverSoftware/install/local_setup.sh'
[1.046s] INFO:colcon.colcon_core.shell:Creating prefix util module '/home/wiscrobo/WRoverXboxController/WRoverSoftware/install/_local_setup_util_sh.py'
[1.047s] INFO:colcon.colcon_core.shell:Creating prefix chain script '/home/wiscrobo/WRoverXboxController/WRoverSoftware/install/setup.sh'
[1.047s] INFO:colcon.colcon_core.shell:Creating prefix script '/home/wiscrobo/WRoverXboxController/WRoverSoftware/install/local_setup.bash'
[1.048s] INFO:colcon.colcon_core.shell:Creating prefix chain script '/home/wiscrobo/WRoverXboxController/WRoverSoftware/install/setup.bash'
[1.048s] INFO:colcon.colcon_core.shell:Creating prefix script '/home/wiscrobo/WRoverXboxController/WRoverSoftware/install/local_setup.zsh'
[1.049s] INFO:colcon.colcon_core.shell:Creating prefix chain script '/home/wiscrobo/WRoverXboxController/WRoverSoftware/install/setup.zsh'
