[0.294s] DEBUG:colcon:Command line arguments: ['/usr/bin/colcon', 'build']
[0.294s] DEBUG:colcon:Parsed command line arguments: Namespace(log_base=None, log_level=None, verb_name='build', build_base='build', install_base='install', merge_install=False, symlink_install=False, test_result_base=None, continue_on_error=False, executor='parallel', parallel_workers=5, event_handlers=None, ignore_user_meta=False, metas=['./colcon.meta'], base_paths=['.'], packages_ignore=None, packages_ignore_regex=None, paths=None, packages_up_to=None, packages_up_to_regex=None, packages_above=None, packages_above_and_dependencies=None, packages_above_depth=None, packages_select_by_dep=None, packages_skip_by_dep=None, packages_skip_up_to=None, packages_select_build_failed=False, packages_skip_build_finished=False, packages_select_test_failures=False, packages_skip_test_passed=False, packages_select=None, packages_skip=None, packages_select_regex=None, packages_skip_regex=None, packages_start=None, packages_end=None, allow_overriding=[], cmake_args=None, cmake_target=None, cmake_target_skip_unavailable=False, cmake_clean_cache=False, cmake_clean_first=False, cmake_force_configure=False, ament_cmake_args=None, catkin_cmake_args=None, catkin_skip_building_tests=False, mixin_files=None, mixin=None, verb_parser=<colcon_mixin.mixin.mixin_argument.MixinArgumentDecorator object at 0x7368175fa210>, verb_extension=<colcon_core.verb.build.BuildVerb object at 0x7368175f9ee0>, main=<bound method BuildVerb.main of <colcon_core.verb.build.BuildVerb object at 0x7368175f9ee0>>, mixin_verb=('build',))
[0.387s] Level 1:colcon.colcon_core.package_discovery:discover_packages(colcon_meta) check parameters
[0.388s] Level 1:colcon.colcon_core.package_discovery:discover_packages(recursive) check parameters
[0.388s] Level 1:colcon.colcon_core.package_discovery:discover_packages(ignore) check parameters
[0.388s] Level 1:colcon.colcon_core.package_discovery:discover_packages(path) check parameters
[0.388s] Level 1:colcon.colcon_core.package_discovery:discover_packages(colcon_meta) discover
[0.388s] Level 1:colcon.colcon_core.package_discovery:discover_packages(recursive) discover
[0.388s] INFO:colcon.colcon_core.package_discovery:Crawling recursively for packages in '/home/balabalu/workspace/WRoverSoftware'
[0.388s] Level 1:colcon.colcon_core.package_identification:_identify(.) by extensions ['ignore', 'ignore_ament_install']
[0.388s] Level 1:colcon.colcon_core.package_identification:_identify(.) by extension 'ignore'
[0.388s] Level 1:colcon.colcon_core.package_identification:_identify(.) by extension 'ignore_ament_install'
[0.388s] Level 1:colcon.colcon_core.package_identification:_identify(.) by extensions ['colcon_pkg']
[0.389s] Level 1:colcon.colcon_core.package_identification:_identify(.) by extension 'colcon_pkg'
[0.389s] Level 1:colcon.colcon_core.package_identification:_identify(.) by extensions ['colcon_meta']
[0.389s] Level 1:colcon.colcon_core.package_identification:_identify(.) by extension 'colcon_meta'
[0.389s] Level 1:colcon.colcon_core.package_identification:_identify(.) by extensions ['ros']
[0.389s] Level 1:colcon.colcon_core.package_identification:_identify(.) by extension 'ros'
[0.445s] Level 1:colcon.colcon_core.package_identification:_identify(.) by extensions ['cmake', 'python']
[0.445s] Level 1:colcon.colcon_core.package_identification:_identify(.) by extension 'cmake'
[0.445s] Level 1:colcon.colcon_core.package_identification:_identify(.) by extension 'python'
[0.445s] Level 1:colcon.colcon_core.package_identification:_identify(.) by extensions ['python_setup_py']
[0.445s] Level 1:colcon.colcon_core.package_identification:_identify(.) by extension 'python_setup_py'
[0.446s] Level 1:colcon.colcon_core.package_identification:_identify(build) by extensions ['ignore', 'ignore_ament_install']
[0.446s] Level 1:colcon.colcon_core.package_identification:_identify(build) by extension 'ignore'
[0.446s] Level 1:colcon.colcon_core.package_identification:_identify(build) ignored
[0.446s] Level 1:colcon.colcon_core.package_identification:_identify(executable_launches) by extensions ['ignore', 'ignore_ament_install']
[0.446s] Level 1:colcon.colcon_core.package_identification:_identify(executable_launches) by extension 'ignore'
[0.446s] Level 1:colcon.colcon_core.package_identification:_identify(executable_launches) by extension 'ignore_ament_install'
[0.446s] Level 1:colcon.colcon_core.package_identification:_identify(executable_launches) by extensions ['colcon_pkg']
[0.446s] Level 1:colcon.colcon_core.package_identification:_identify(executable_launches) by extension 'colcon_pkg'
[0.447s] Level 1:colcon.colcon_core.package_identification:_identify(executable_launches) by extensions ['colcon_meta']
[0.447s] Level 1:colcon.colcon_core.package_identification:_identify(executable_launches) by extension 'colcon_meta'
[0.447s] Level 1:colcon.colcon_core.package_identification:_identify(executable_launches) by extensions ['ros']
[0.447s] Level 1:colcon.colcon_core.package_identification:_identify(executable_launches) by extension 'ros'
[0.447s] Level 1:colcon.colcon_core.package_identification:_identify(executable_launches) by extensions ['cmake', 'python']
[0.447s] Level 1:colcon.colcon_core.package_identification:_identify(executable_launches) by extension 'cmake'
[0.447s] Level 1:colcon.colcon_core.package_identification:_identify(executable_launches) by extension 'python'
[0.447s] Level 1:colcon.colcon_core.package_identification:_identify(executable_launches) by extensions ['python_setup_py']
[0.447s] Level 1:colcon.colcon_core.package_identification:_identify(executable_launches) by extension 'python_setup_py'
[0.447s] Level 1:colcon.colcon_core.package_identification:_identify(install) by extensions ['ignore', 'ignore_ament_install']
[0.447s] Level 1:colcon.colcon_core.package_identification:_identify(install) by extension 'ignore'
[0.447s] Level 1:colcon.colcon_core.package_identification:_identify(install) ignored
[0.447s] Level 1:colcon.colcon_core.package_identification:_identify(log) by extensions ['ignore', 'ignore_ament_install']
[0.448s] Level 1:colcon.colcon_core.package_identification:_identify(log) by extension 'ignore'
[0.448s] Level 1:colcon.colcon_core.package_identification:_identify(log) ignored
[0.448s] Level 1:colcon.colcon_core.package_identification:_identify(src) by extensions ['ignore', 'ignore_ament_install']
[0.448s] Level 1:colcon.colcon_core.package_identification:_identify(src) by extension 'ignore'
[0.448s] Level 1:colcon.colcon_core.package_identification:_identify(src) by extension 'ignore_ament_install'
[0.448s] Level 1:colcon.colcon_core.package_identification:_identify(src) by extensions ['colcon_pkg']
[0.448s] Level 1:colcon.colcon_core.package_identification:_identify(src) by extension 'colcon_pkg'
[0.448s] Level 1:colcon.colcon_core.package_identification:_identify(src) by extensions ['colcon_meta']
[0.448s] Level 1:colcon.colcon_core.package_identification:_identify(src) by extension 'colcon_meta'
[0.448s] Level 1:colcon.colcon_core.package_identification:_identify(src) by extensions ['ros']
[0.448s] Level 1:colcon.colcon_core.package_identification:_identify(src) by extension 'ros'
[0.448s] Level 1:colcon.colcon_core.package_identification:_identify(src) by extensions ['cmake', 'python']
[0.448s] Level 1:colcon.colcon_core.package_identification:_identify(src) by extension 'cmake'
[0.448s] Level 1:colcon.colcon_core.package_identification:_identify(src) by extension 'python'
[0.448s] Level 1:colcon.colcon_core.package_identification:_identify(src) by extensions ['python_setup_py']
[0.448s] Level 1:colcon.colcon_core.package_identification:_identify(src) by extension 'python_setup_py'
[0.448s] Level 1:colcon.colcon_core.package_identification:_identify(src/Autonomous) by extensions ['ignore', 'ignore_ament_install']
[0.448s] Level 1:colcon.colcon_core.package_identification:_identify(src/Autonomous) by extension 'ignore'
[0.449s] Level 1:colcon.colcon_core.package_identification:_identify(src/Autonomous) by extension 'ignore_ament_install'
[0.449s] Level 1:colcon.colcon_core.package_identification:_identify(src/Autonomous) by extensions ['colcon_pkg']
[0.449s] Level 1:colcon.colcon_core.package_identification:_identify(src/Autonomous) by extension 'colcon_pkg'
[0.449s] Level 1:colcon.colcon_core.package_identification:_identify(src/Autonomous) by extensions ['colcon_meta']
[0.449s] Level 1:colcon.colcon_core.package_identification:_identify(src/Autonomous) by extension 'colcon_meta'
[0.449s] Level 1:colcon.colcon_core.package_identification:_identify(src/Autonomous) by extensions ['ros']
[0.449s] Level 1:colcon.colcon_core.package_identification:_identify(src/Autonomous) by extension 'ros'
[0.449s] Level 1:colcon.colcon_core.package_identification:_identify(src/Autonomous) by extensions ['cmake', 'python']
[0.449s] Level 1:colcon.colcon_core.package_identification:_identify(src/Autonomous) by extension 'cmake'
[0.449s] Level 1:colcon.colcon_core.package_identification:_identify(src/Autonomous) by extension 'python'
[0.449s] Level 1:colcon.colcon_core.package_identification:_identify(src/Autonomous) by extensions ['python_setup_py']
[0.449s] Level 1:colcon.colcon_core.package_identification:_identify(src/Autonomous) by extension 'python_setup_py'
[0.449s] Level 1:colcon.colcon_core.package_identification:_identify(src/Autonomous/sensors) by extensions ['ignore', 'ignore_ament_install']
[0.449s] Level 1:colcon.colcon_core.package_identification:_identify(src/Autonomous/sensors) by extension 'ignore'
[0.449s] Level 1:colcon.colcon_core.package_identification:_identify(src/Autonomous/sensors) by extension 'ignore_ament_install'
[0.450s] Level 1:colcon.colcon_core.package_identification:_identify(src/Autonomous/sensors) by extensions ['colcon_pkg']
[0.450s] Level 1:colcon.colcon_core.package_identification:_identify(src/Autonomous/sensors) by extension 'colcon_pkg'
[0.450s] Level 1:colcon.colcon_core.package_identification:_identify(src/Autonomous/sensors) by extensions ['colcon_meta']
[0.450s] Level 1:colcon.colcon_core.package_identification:_identify(src/Autonomous/sensors) by extension 'colcon_meta'
[0.450s] Level 1:colcon.colcon_core.package_identification:_identify(src/Autonomous/sensors) by extensions ['ros']
[0.450s] Level 1:colcon.colcon_core.package_identification:_identify(src/Autonomous/sensors) by extension 'ros'
[0.454s] DEBUG:colcon.colcon_core.package_identification:Package 'src/Autonomous/sensors' with type 'ros.ament_cmake' and name 'sensors'
[0.454s] Level 1:colcon.colcon_core.package_identification:_identify(src/Teleop) by extensions ['ignore', 'ignore_ament_install']
[0.454s] Level 1:colcon.colcon_core.package_identification:_identify(src/Teleop) by extension 'ignore'
[0.454s] Level 1:colcon.colcon_core.package_identification:_identify(src/Teleop) by extension 'ignore_ament_install'
[0.454s] Level 1:colcon.colcon_core.package_identification:_identify(src/Teleop) by extensions ['colcon_pkg']
[0.454s] Level 1:colcon.colcon_core.package_identification:_identify(src/Teleop) by extension 'colcon_pkg'
[0.454s] Level 1:colcon.colcon_core.package_identification:_identify(src/Teleop) by extensions ['colcon_meta']
[0.454s] Level 1:colcon.colcon_core.package_identification:_identify(src/Teleop) by extension 'colcon_meta'
[0.454s] Level 1:colcon.colcon_core.package_identification:_identify(src/Teleop) by extensions ['ros']
[0.454s] Level 1:colcon.colcon_core.package_identification:_identify(src/Teleop) by extension 'ros'
[0.454s] Level 1:colcon.colcon_core.package_identification:_identify(src/Teleop) by extensions ['cmake', 'python']
[0.454s] Level 1:colcon.colcon_core.package_identification:_identify(src/Teleop) by extension 'cmake'
[0.454s] Level 1:colcon.colcon_core.package_identification:_identify(src/Teleop) by extension 'python'
[0.455s] Level 1:colcon.colcon_core.package_identification:_identify(src/Teleop) by extensions ['python_setup_py']
[0.455s] Level 1:colcon.colcon_core.package_identification:_identify(src/Teleop) by extension 'python_setup_py'
[0.455s] Level 1:colcon.colcon_core.package_identification:_identify(src/Teleop/arm) by extensions ['ignore', 'ignore_ament_install']
[0.455s] Level 1:colcon.colcon_core.package_identification:_identify(src/Teleop/arm) by extension 'ignore'
[0.455s] Level 1:colcon.colcon_core.package_identification:_identify(src/Teleop/arm) by extension 'ignore_ament_install'
[0.455s] Level 1:colcon.colcon_core.package_identification:_identify(src/Teleop/arm) by extensions ['colcon_pkg']
[0.455s] Level 1:colcon.colcon_core.package_identification:_identify(src/Teleop/arm) by extension 'colcon_pkg'
[0.455s] Level 1:colcon.colcon_core.package_identification:_identify(src/Teleop/arm) by extensions ['colcon_meta']
[0.455s] Level 1:colcon.colcon_core.package_identification:_identify(src/Teleop/arm) by extension 'colcon_meta'
[0.455s] Level 1:colcon.colcon_core.package_identification:_identify(src/Teleop/arm) by extensions ['ros']
[0.455s] Level 1:colcon.colcon_core.package_identification:_identify(src/Teleop/arm) by extension 'ros'
[0.456s] DEBUG:colcon.colcon_core.package_identification:Package 'src/Teleop/arm' with type 'ros.ament_python' and name 'arm'
[0.456s] Level 1:colcon.colcon_core.package_identification:_identify(src/Teleop/input) by extensions ['ignore', 'ignore_ament_install']
[0.456s] Level 1:colcon.colcon_core.package_identification:_identify(src/Teleop/input) by extension 'ignore'
[0.456s] Level 1:colcon.colcon_core.package_identification:_identify(src/Teleop/input) by extension 'ignore_ament_install'
[0.456s] Level 1:colcon.colcon_core.package_identification:_identify(src/Teleop/input) by extensions ['colcon_pkg']
[0.456s] Level 1:colcon.colcon_core.package_identification:_identify(src/Teleop/input) by extension 'colcon_pkg'
[0.457s] Level 1:colcon.colcon_core.package_identification:_identify(src/Teleop/input) by extensions ['colcon_meta']
[0.457s] Level 1:colcon.colcon_core.package_identification:_identify(src/Teleop/input) by extension 'colcon_meta'
[0.457s] Level 1:colcon.colcon_core.package_identification:_identify(src/Teleop/input) by extensions ['ros']
[0.457s] Level 1:colcon.colcon_core.package_identification:_identify(src/Teleop/input) by extension 'ros'
[0.457s] DEBUG:colcon.colcon_core.package_identification:Package 'src/Teleop/input' with type 'ros.ament_python' and name 'input'
[0.457s] Level 1:colcon.colcon_core.package_identification:_identify(src/Teleop/swerve) by extensions ['ignore', 'ignore_ament_install']
[0.457s] Level 1:colcon.colcon_core.package_identification:_identify(src/Teleop/swerve) by extension 'ignore'
[0.458s] Level 1:colcon.colcon_core.package_identification:_identify(src/Teleop/swerve) by extension 'ignore_ament_install'
[0.458s] Level 1:colcon.colcon_core.package_identification:_identify(src/Teleop/swerve) by extensions ['colcon_pkg']
[0.458s] Level 1:colcon.colcon_core.package_identification:_identify(src/Teleop/swerve) by extension 'colcon_pkg'
[0.458s] Level 1:colcon.colcon_core.package_identification:_identify(src/Teleop/swerve) by extensions ['colcon_meta']
[0.458s] Level 1:colcon.colcon_core.package_identification:_identify(src/Teleop/swerve) by extension 'colcon_meta'
[0.458s] Level 1:colcon.colcon_core.package_identification:_identify(src/Teleop/swerve) by extensions ['ros']
[0.458s] Level 1:colcon.colcon_core.package_identification:_identify(src/Teleop/swerve) by extension 'ros'
[0.458s] DEBUG:colcon.colcon_core.package_identification:Package 'src/Teleop/swerve' with type 'ros.ament_python' and name 'swerve'
[0.458s] Level 1:colcon.colcon_core.package_discovery:discover_packages(recursive) using defaults
[0.459s] Level 1:colcon.colcon_core.package_discovery:discover_packages(ignore) discover
[0.459s] Level 1:colcon.colcon_core.package_discovery:discover_packages(ignore) using defaults
[0.459s] Level 1:colcon.colcon_core.package_discovery:discover_packages(path) discover
[0.459s] Level 1:colcon.colcon_core.package_discovery:discover_packages(path) using defaults
[0.506s] Level 1:colcon.colcon_core.package_discovery:discover_packages(prefix_path) check parameters
[0.506s] Level 1:colcon.colcon_core.package_discovery:discover_packages(prefix_path) discover
[0.547s] DEBUG:colcon.colcon_installed_package_information.package_discovery:Found 363 installed packages in /home/balabalu/ros2_jazzy/install
[0.574s] Level 1:colcon.colcon_core.package_discovery:discover_packages(prefix_path) using defaults
[0.623s] Level 5:colcon.colcon_core.verb:set package 'arm' build argument 'cmake_args' from command line to 'None'
[0.623s] Level 5:colcon.colcon_core.verb:set package 'arm' build argument 'cmake_target' from command line to 'None'
[0.624s] Level 5:colcon.colcon_core.verb:set package 'arm' build argument 'cmake_target_skip_unavailable' from command line to 'False'
[0.624s] Level 5:colcon.colcon_core.verb:set package 'arm' build argument 'cmake_clean_cache' from command line to 'False'
[0.624s] Level 5:colcon.colcon_core.verb:set package 'arm' build argument 'cmake_clean_first' from command line to 'False'
[0.624s] Level 5:colcon.colcon_core.verb:set package 'arm' build argument 'cmake_force_configure' from command line to 'False'
[0.624s] Level 5:colcon.colcon_core.verb:set package 'arm' build argument 'ament_cmake_args' from command line to 'None'
[0.624s] Level 5:colcon.colcon_core.verb:set package 'arm' build argument 'catkin_cmake_args' from command line to 'None'
[0.624s] Level 5:colcon.colcon_core.verb:set package 'arm' build argument 'catkin_skip_building_tests' from command line to 'False'
[0.624s] DEBUG:colcon.colcon_core.verb:Building package 'arm' with the following arguments: {'ament_cmake_args': None, 'build_base': '/home/balabalu/workspace/WRoverSoftware/build/arm', 'catkin_cmake_args': None, 'catkin_skip_building_tests': False, 'cmake_args': None, 'cmake_clean_cache': False, 'cmake_clean_first': False, 'cmake_force_configure': False, 'cmake_target': None, 'cmake_target_skip_unavailable': False, 'install_base': '/home/balabalu/workspace/WRoverSoftware/install/arm', 'merge_install': False, 'path': '/home/balabalu/workspace/WRoverSoftware/src/Teleop/arm', 'symlink_install': False, 'test_result_base': None}
[0.624s] Level 5:colcon.colcon_core.verb:set package 'input' build argument 'cmake_args' from command line to 'None'
[0.624s] Level 5:colcon.colcon_core.verb:set package 'input' build argument 'cmake_target' from command line to 'None'
[0.624s] Level 5:colcon.colcon_core.verb:set package 'input' build argument 'cmake_target_skip_unavailable' from command line to 'False'
[0.624s] Level 5:colcon.colcon_core.verb:set package 'input' build argument 'cmake_clean_cache' from command line to 'False'
[0.624s] Level 5:colcon.colcon_core.verb:set package 'input' build argument 'cmake_clean_first' from command line to 'False'
[0.625s] Level 5:colcon.colcon_core.verb:set package 'input' build argument 'cmake_force_configure' from command line to 'False'
[0.625s] Level 5:colcon.colcon_core.verb:set package 'input' build argument 'ament_cmake_args' from command line to 'None'
[0.625s] Level 5:colcon.colcon_core.verb:set package 'input' build argument 'catkin_cmake_args' from command line to 'None'
[0.625s] Level 5:colcon.colcon_core.verb:set package 'input' build argument 'catkin_skip_building_tests' from command line to 'False'
[0.625s] DEBUG:colcon.colcon_core.verb:Building package 'input' with the following arguments: {'ament_cmake_args': None, 'build_base': '/home/balabalu/workspace/WRoverSoftware/build/input', 'catkin_cmake_args': None, 'catkin_skip_building_tests': False, 'cmake_args': None, 'cmake_clean_cache': False, 'cmake_clean_first': False, 'cmake_force_configure': False, 'cmake_target': None, 'cmake_target_skip_unavailable': False, 'install_base': '/home/balabalu/workspace/WRoverSoftware/install/input', 'merge_install': False, 'path': '/home/balabalu/workspace/WRoverSoftware/src/Teleop/input', 'symlink_install': False, 'test_result_base': None}
[0.625s] Level 5:colcon.colcon_core.verb:set package 'sensors' build argument 'cmake_args' from command line to 'None'
[0.625s] Level 5:colcon.colcon_core.verb:set package 'sensors' build argument 'cmake_target' from command line to 'None'
[0.625s] Level 5:colcon.colcon_core.verb:set package 'sensors' build argument 'cmake_target_skip_unavailable' from command line to 'False'
[0.625s] Level 5:colcon.colcon_core.verb:set package 'sensors' build argument 'cmake_clean_cache' from command line to 'False'
[0.625s] Level 5:colcon.colcon_core.verb:set package 'sensors' build argument 'cmake_clean_first' from command line to 'False'
[0.625s] Level 5:colcon.colcon_core.verb:set package 'sensors' build argument 'cmake_force_configure' from command line to 'False'
[0.625s] Level 5:colcon.colcon_core.verb:set package 'sensors' build argument 'ament_cmake_args' from command line to 'None'
[0.625s] Level 5:colcon.colcon_core.verb:set package 'sensors' build argument 'catkin_cmake_args' from command line to 'None'
[0.625s] Level 5:colcon.colcon_core.verb:set package 'sensors' build argument 'catkin_skip_building_tests' from command line to 'False'
[0.626s] DEBUG:colcon.colcon_core.verb:Building package 'sensors' with the following arguments: {'ament_cmake_args': None, 'build_base': '/home/balabalu/workspace/WRoverSoftware/build/sensors', 'catkin_cmake_args': None, 'catkin_skip_building_tests': False, 'cmake_args': None, 'cmake_clean_cache': False, 'cmake_clean_first': False, 'cmake_force_configure': False, 'cmake_target': None, 'cmake_target_skip_unavailable': False, 'install_base': '/home/balabalu/workspace/WRoverSoftware/install/sensors', 'merge_install': False, 'path': '/home/balabalu/workspace/WRoverSoftware/src/Autonomous/sensors', 'symlink_install': False, 'test_result_base': None}
[0.626s] Level 5:colcon.colcon_core.verb:set package 'swerve' build argument 'cmake_args' from command line to 'None'
[0.626s] Level 5:colcon.colcon_core.verb:set package 'swerve' build argument 'cmake_target' from command line to 'None'
[0.626s] Level 5:colcon.colcon_core.verb:set package 'swerve' build argument 'cmake_target_skip_unavailable' from command line to 'False'
[0.626s] Level 5:colcon.colcon_core.verb:set package 'swerve' build argument 'cmake_clean_cache' from command line to 'False'
[0.626s] Level 5:colcon.colcon_core.verb:set package 'swerve' build argument 'cmake_clean_first' from command line to 'False'
[0.626s] Level 5:colcon.colcon_core.verb:set package 'swerve' build argument 'cmake_force_configure' from command line to 'False'
[0.626s] Level 5:colcon.colcon_core.verb:set package 'swerve' build argument 'ament_cmake_args' from command line to 'None'
[0.626s] Level 5:colcon.colcon_core.verb:set package 'swerve' build argument 'catkin_cmake_args' from command line to 'None'
[0.626s] Level 5:colcon.colcon_core.verb:set package 'swerve' build argument 'catkin_skip_building_tests' from command line to 'False'
[0.626s] DEBUG:colcon.colcon_core.verb:Building package 'swerve' with the following arguments: {'ament_cmake_args': None, 'build_base': '/home/balabalu/workspace/WRoverSoftware/build/swerve', 'catkin_cmake_args': None, 'catkin_skip_building_tests': False, 'cmake_args': None, 'cmake_clean_cache': False, 'cmake_clean_first': False, 'cmake_force_configure': False, 'cmake_target': None, 'cmake_target_skip_unavailable': False, 'install_base': '/home/balabalu/workspace/WRoverSoftware/install/swerve', 'merge_install': False, 'path': '/home/balabalu/workspace/WRoverSoftware/src/Teleop/swerve', 'symlink_install': False, 'test_result_base': None}
[0.626s] INFO:colcon.colcon_core.executor:Executing jobs using 'parallel' executor
[0.629s] DEBUG:colcon.colcon_parallel_executor.executor.parallel:run_until_complete
[0.629s] INFO:colcon.colcon_ros.task.ament_python.build:Building ROS package in '/home/balabalu/workspace/WRoverSoftware/src/Teleop/arm' with build type 'ament_python'
[0.630s] Level 1:colcon.colcon_core.shell:create_environment_hook('arm', 'ament_prefix_path')
[0.643s] INFO:colcon.colcon_core.plugin_system:Skipping extension 'colcon_core.shell.bat': Not used on non-Windows systems
[0.643s] INFO:colcon.colcon_core.shell:Creating environment hook '/home/balabalu/workspace/WRoverSoftware/install/arm/share/arm/hook/ament_prefix_path.ps1'
[0.645s] INFO:colcon.colcon_core.shell:Creating environment descriptor '/home/balabalu/workspace/WRoverSoftware/install/arm/share/arm/hook/ament_prefix_path.dsv'
[0.648s] INFO:colcon.colcon_core.shell:Creating environment hook '/home/balabalu/workspace/WRoverSoftware/install/arm/share/arm/hook/ament_prefix_path.sh'
[0.652s] INFO:colcon.colcon_core.shell:Skip shell extension 'powershell' for command environment: Not usable outside of PowerShell
[0.652s] DEBUG:colcon.colcon_core.shell:Skip shell extension 'dsv' for command environment
[0.693s] INFO:colcon.colcon_ros.task.ament_python.build:Building ROS package in '/home/balabalu/workspace/WRoverSoftware/src/Teleop/input' with build type 'ament_python'
[0.694s] Level 1:colcon.colcon_core.shell:create_environment_hook('input', 'ament_prefix_path')
[0.694s] INFO:colcon.colcon_core.shell:Creating environment hook '/home/balabalu/workspace/WRoverSoftware/install/input/share/input/hook/ament_prefix_path.ps1'
[0.696s] INFO:colcon.colcon_core.shell:Creating environment descriptor '/home/balabalu/workspace/WRoverSoftware/install/input/share/input/hook/ament_prefix_path.dsv'
[0.697s] INFO:colcon.colcon_core.shell:Creating environment hook '/home/balabalu/workspace/WRoverSoftware/install/input/share/input/hook/ament_prefix_path.sh'
[0.698s] INFO:colcon.colcon_core.shell:Skip shell extension 'powershell' for command environment: Not usable outside of PowerShell
[0.698s] DEBUG:colcon.colcon_core.shell:Skip shell extension 'dsv' for command environment
[0.740s] INFO:colcon.colcon_ros.task.ament_cmake.build:Building ROS package in '/home/balabalu/workspace/WRoverSoftware/src/Autonomous/sensors' with build type 'ament_cmake'
[0.741s] INFO:colcon.colcon_cmake.task.cmake.build:Building CMake package in '/home/balabalu/workspace/WRoverSoftware/src/Autonomous/sensors'
[0.741s] INFO:colcon.colcon_core.shell:Skip shell extension 'powershell' for command environment: Not usable outside of PowerShell
[0.741s] DEBUG:colcon.colcon_core.shell:Skip shell extension 'dsv' for command environment
[0.788s] INFO:colcon.colcon_ros.task.ament_python.build:Building ROS package in '/home/balabalu/workspace/WRoverSoftware/src/Teleop/swerve' with build type 'ament_python'
[0.788s] Level 1:colcon.colcon_core.shell:create_environment_hook('swerve', 'ament_prefix_path')
[0.789s] INFO:colcon.colcon_core.shell:Creating environment hook '/home/balabalu/workspace/WRoverSoftware/install/swerve/share/swerve/hook/ament_prefix_path.ps1'
[0.790s] INFO:colcon.colcon_core.shell:Creating environment descriptor '/home/balabalu/workspace/WRoverSoftware/install/swerve/share/swerve/hook/ament_prefix_path.dsv'
[0.791s] INFO:colcon.colcon_core.shell:Creating environment hook '/home/balabalu/workspace/WRoverSoftware/install/swerve/share/swerve/hook/ament_prefix_path.sh'
[0.792s] INFO:colcon.colcon_core.shell:Skip shell extension 'powershell' for command environment: Not usable outside of PowerShell
[0.792s] DEBUG:colcon.colcon_core.shell:Skip shell extension 'dsv' for command environment
[1.537s] INFO:colcon.colcon_core.task.python.build:Building Python package in '/home/balabalu/workspace/WRoverSoftware/src/Teleop/arm'
[1.538s] INFO:colcon.colcon_core.shell:Skip shell extension 'powershell' for command environment: Not usable outside of PowerShell
[1.538s] DEBUG:colcon.colcon_core.shell:Skip shell extension 'dsv' for command environment
[2.158s] INFO:colcon.colcon_core.task.python.build:Building Python package in '/home/balabalu/workspace/WRoverSoftware/src/Teleop/input'
[2.159s] INFO:colcon.colcon_core.shell:Skip shell extension 'powershell' for command environment: Not usable outside of PowerShell
[2.159s] DEBUG:colcon.colcon_core.shell:Skip shell extension 'dsv' for command environment
[2.204s] DEBUG:colcon.colcon_core.event_handler.log_command:Invoking command in '/home/balabalu/workspace/WRoverSoftware/build/sensors': CMAKE_PREFIX_PATH=${CMAKE_PREFIX_PATH}:/home/balabalu/ros2_jazzy/install/rqt_bag_plugins:/home/balabalu/ros2_jazzy/install/rqt_bag:/home/balabalu/ros2_jazzy/install/rosbag2_examples_py:/home/balabalu/ros2_jazzy/install/launch_testing_examples:/home/balabalu/ros2_jazzy/install/ros2bag:/home/balabalu/ros2_jazzy/install/tracetools_test:/home/balabalu/ros2_jazzy/install/tracetools_launch:/home/balabalu/ros2_jazzy/install/topic_monitor:/home/balabalu/ros2_jazzy/install/tf2_tools:/home/balabalu/ros2_jazzy/install/examples_tf2_py:/home/balabalu/ros2_jazzy/install/tf2_ros_py:/home/balabalu/ros2_jazzy/install/examples_rclpy_pointcloud_publisher:/home/balabalu/ros2_jazzy/install/sensor_msgs_py:/home/balabalu/ros2_jazzy/install/quality_of_service_demo_py:/home/balabalu/ros2_jazzy/install/rqt_plot:/home/balabalu/ros2_jazzy/install/ros2doctor:/home/balabalu/ros2_jazzy/install/lifecycle_py:/home/balabalu/ros2_jazzy/install/examples_rclpy_minimal_subscriber:/home/balabalu/ros2_jazzy/install/examples_rclpy_minimal_service:/home/balabalu/ros2_jazzy/install/examples_rclpy_minimal_publisher:/home/balabalu/ros2_jazzy/install/examples_rclpy_minimal_client:/home/balabalu/ros2_jazzy/install/examples_rclpy_executors:/home/balabalu/ros2_jazzy/install/demo_nodes_py:/home/balabalu/ros2_jazzy/install/rqt:/home/balabalu/ros2_jazzy/install/ros2component:/home/balabalu/ros2_jazzy/install/sros2:/home/balabalu/ros2_jazzy/install/rqt_topic:/home/balabalu/ros2_jazzy/install/rqt_srv:/home/balabalu/ros2_jazzy/install/rqt_shell:/home/balabalu/ros2_jazzy/install/rqt_service_caller:/home/balabalu/ros2_jazzy/install/rqt_reconfigure:/home/balabalu/ros2_jazzy/install/rqt_py_console:/home/balabalu/ros2_jazzy/install/rqt_publisher:/home/balabalu/ros2_jazzy/install/rqt_action:/home/balabalu/ros2_jazzy/install/rqt_msg:/home/balabalu/ros2_jazzy/install/rqt_console:/home/balabalu/ros2_jazzy/install/rqt_graph:/home/balabalu/ros2_jazzy/install/rqt_gui_py:/home/balabalu/ros2_jazzy/install/rqt_gui:/home/balabalu/ros2_jazzy/install/ros2trace:/home/balabalu/ros2_jazzy/install/ros2topic:/home/balabalu/ros2_jazzy/install/ros2test:/home/balabalu/ros2_jazzy/install/ros2param:/home/balabalu/ros2_jazzy/install/ros2lifecycle:/home/balabalu/ros2_jazzy/install/ros2service:/home/balabalu/ros2_jazzy/install/ros2run:/home/balabalu/ros2_jazzy/install/ros2launch:/home/balabalu/ros2_jazzy/install/ros2pkg:/home/balabalu/ros2_jazzy/install/ros2node:/home/balabalu/ros2_jazzy/install/ros2multicast:/home/balabalu/ros2_jazzy/install/ros2interface:/home/balabalu/ros2_jazzy/install/ros2action:/home/balabalu/ros2_jazzy/install/ros2cli:/home/balabalu/ros2_jazzy/install/launch_testing_ros:/home/balabalu/ros2_jazzy/install/launch_ros:/home/balabalu/ros2_jazzy/install/examples_rclpy_minimal_action_server:/home/balabalu/ros2_jazzy/install/examples_rclpy_minimal_action_client:/home/balabalu/ros2_jazzy/install/examples_rclpy_guard_conditions:/home/balabalu/ros2_jazzy/install/action_tutorials_py:/home/balabalu/ros2_jazzy/install/ament_uncrustify:/home/balabalu/ros2_jazzy/install/tracetools_trace:/home/balabalu/ros2_jazzy/install/tracetools_read:/home/balabalu/ros2_jazzy/install/test_tracetools_launch:/home/balabalu/ros2_jazzy/install/test_ros2trace:/home/balabalu/ros2_jazzy/install/test_launch_ros:/home/balabalu/ros2_jazzy/install/rpyutils:/home/balabalu/ros2_jazzy/install/rosidl_runtime_py:/home/balabalu/ros2_jazzy/install/rosidl_pycommon:/home/balabalu/ros2_jazzy/install/rosidl_cli:/home/balabalu/ros2_jazzy/install/launch_pytest:/home/balabalu/ros2_jazzy/install/launch_testing:/home/balabalu/ros2_jazzy/install/launch_yaml:/home/balabalu/ros2_jazzy/install/launch_xml:/home/balabalu/ros2_jazzy/install/launch:/home/balabalu/ros2_jazzy/install/osrf_pycommon:/home/balabalu/ros2_jazzy/install/domain_coordinator:/home/balabalu/ros2_jazzy/install/ament_xmllint:/home/balabalu/ros2_jazzy/install/ament_pyflakes:/home/balabalu/ros2_jazzy/install/ament_pycodestyle:/home/balabalu/ros2_jazzy/install/ament_pep257:/home/balabalu/ros2_jazzy/install/ament_pclint:/home/balabalu/ros2_jazzy/install/ament_package:/home/balabalu/ros2_jazzy/install/ament_mypy:/home/balabalu/ros2_jazzy/install/ament_lint_cmake:/home/balabalu/ros2_jazzy/install/ament_flake8:/home/balabalu/ros2_jazzy/install/ament_copyright:/home/balabalu/ros2_jazzy/install/ament_lint:/home/balabalu/ros2_jazzy/install/ament_index_python:/home/balabalu/ros2_jazzy/install/ament_cpplint:/home/balabalu/ros2_jazzy/install/ament_cppcheck:/home/balabalu/ros2_jazzy/install/ament_clang_tidy:/home/balabalu/ros2_jazzy/install/ament_clang_format DEBUGINFOD_URLS=https://debuginfod.ubuntu.com /usr/bin/cmake --build /home/balabalu/workspace/WRoverSoftware/build/sensors -- -j5 -l5
[3.001s] INFO:colcon.colcon_core.task.python.build:Building Python package in '/home/balabalu/workspace/WRoverSoftware/src/Teleop/swerve'
[3.001s] INFO:colcon.colcon_core.shell:Skip shell extension 'powershell' for command environment: Not usable outside of PowerShell
[3.001s] DEBUG:colcon.colcon_core.shell:Skip shell extension 'dsv' for command environment
[3.046s] DEBUG:colcon.colcon_core.event_handler.log_command:Invoked command in '/home/balabalu/workspace/WRoverSoftware/build/sensors' returned '0': CMAKE_PREFIX_PATH=${CMAKE_PREFIX_PATH}:/home/balabalu/ros2_jazzy/install/rqt_bag_plugins:/home/balabalu/ros2_jazzy/install/rqt_bag:/home/balabalu/ros2_jazzy/install/rosbag2_examples_py:/home/balabalu/ros2_jazzy/install/launch_testing_examples:/home/balabalu/ros2_jazzy/install/ros2bag:/home/balabalu/ros2_jazzy/install/tracetools_test:/home/balabalu/ros2_jazzy/install/tracetools_launch:/home/balabalu/ros2_jazzy/install/topic_monitor:/home/balabalu/ros2_jazzy/install/tf2_tools:/home/balabalu/ros2_jazzy/install/examples_tf2_py:/home/balabalu/ros2_jazzy/install/tf2_ros_py:/home/balabalu/ros2_jazzy/install/examples_rclpy_pointcloud_publisher:/home/balabalu/ros2_jazzy/install/sensor_msgs_py:/home/balabalu/ros2_jazzy/install/quality_of_service_demo_py:/home/balabalu/ros2_jazzy/install/rqt_plot:/home/balabalu/ros2_jazzy/install/ros2doctor:/home/balabalu/ros2_jazzy/install/lifecycle_py:/home/balabalu/ros2_jazzy/install/examples_rclpy_minimal_subscriber:/home/balabalu/ros2_jazzy/install/examples_rclpy_minimal_service:/home/balabalu/ros2_jazzy/install/examples_rclpy_minimal_publisher:/home/balabalu/ros2_jazzy/install/examples_rclpy_minimal_client:/home/balabalu/ros2_jazzy/install/examples_rclpy_executors:/home/balabalu/ros2_jazzy/install/demo_nodes_py:/home/balabalu/ros2_jazzy/install/rqt:/home/balabalu/ros2_jazzy/install/ros2component:/home/balabalu/ros2_jazzy/install/sros2:/home/balabalu/ros2_jazzy/install/rqt_topic:/home/balabalu/ros2_jazzy/install/rqt_srv:/home/balabalu/ros2_jazzy/install/rqt_shell:/home/balabalu/ros2_jazzy/install/rqt_service_caller:/home/balabalu/ros2_jazzy/install/rqt_reconfigure:/home/balabalu/ros2_jazzy/install/rqt_py_console:/home/balabalu/ros2_jazzy/install/rqt_publisher:/home/balabalu/ros2_jazzy/install/rqt_action:/home/balabalu/ros2_jazzy/install/rqt_msg:/home/balabalu/ros2_jazzy/install/rqt_console:/home/balabalu/ros2_jazzy/install/rqt_graph:/home/balabalu/ros2_jazzy/install/rqt_gui_py:/home/balabalu/ros2_jazzy/install/rqt_gui:/home/balabalu/ros2_jazzy/install/ros2trace:/home/balabalu/ros2_jazzy/install/ros2topic:/home/balabalu/ros2_jazzy/install/ros2test:/home/balabalu/ros2_jazzy/install/ros2param:/home/balabalu/ros2_jazzy/install/ros2lifecycle:/home/balabalu/ros2_jazzy/install/ros2service:/home/balabalu/ros2_jazzy/install/ros2run:/home/balabalu/ros2_jazzy/install/ros2launch:/home/balabalu/ros2_jazzy/install/ros2pkg:/home/balabalu/ros2_jazzy/install/ros2node:/home/balabalu/ros2_jazzy/install/ros2multicast:/home/balabalu/ros2_jazzy/install/ros2interface:/home/balabalu/ros2_jazzy/install/ros2action:/home/balabalu/ros2_jazzy/install/ros2cli:/home/balabalu/ros2_jazzy/install/launch_testing_ros:/home/balabalu/ros2_jazzy/install/launch_ros:/home/balabalu/ros2_jazzy/install/examples_rclpy_minimal_action_server:/home/balabalu/ros2_jazzy/install/examples_rclpy_minimal_action_client:/home/balabalu/ros2_jazzy/install/examples_rclpy_guard_conditions:/home/balabalu/ros2_jazzy/install/action_tutorials_py:/home/balabalu/ros2_jazzy/install/ament_uncrustify:/home/balabalu/ros2_jazzy/install/tracetools_trace:/home/balabalu/ros2_jazzy/install/tracetools_read:/home/balabalu/ros2_jazzy/install/test_tracetools_launch:/home/balabalu/ros2_jazzy/install/test_ros2trace:/home/balabalu/ros2_jazzy/install/test_launch_ros:/home/balabalu/ros2_jazzy/install/rpyutils:/home/balabalu/ros2_jazzy/install/rosidl_runtime_py:/home/balabalu/ros2_jazzy/install/rosidl_pycommon:/home/balabalu/ros2_jazzy/install/rosidl_cli:/home/balabalu/ros2_jazzy/install/launch_pytest:/home/balabalu/ros2_jazzy/install/launch_testing:/home/balabalu/ros2_jazzy/install/launch_yaml:/home/balabalu/ros2_jazzy/install/launch_xml:/home/balabalu/ros2_jazzy/install/launch:/home/balabalu/ros2_jazzy/install/osrf_pycommon:/home/balabalu/ros2_jazzy/install/domain_coordinator:/home/balabalu/ros2_jazzy/install/ament_xmllint:/home/balabalu/ros2_jazzy/install/ament_pyflakes:/home/balabalu/ros2_jazzy/install/ament_pycodestyle:/home/balabalu/ros2_jazzy/install/ament_pep257:/home/balabalu/ros2_jazzy/install/ament_pclint:/home/balabalu/ros2_jazzy/install/ament_package:/home/balabalu/ros2_jazzy/install/ament_mypy:/home/balabalu/ros2_jazzy/install/ament_lint_cmake:/home/balabalu/ros2_jazzy/install/ament_flake8:/home/balabalu/ros2_jazzy/install/ament_copyright:/home/balabalu/ros2_jazzy/install/ament_lint:/home/balabalu/ros2_jazzy/install/ament_index_python:/home/balabalu/ros2_jazzy/install/ament_cpplint:/home/balabalu/ros2_jazzy/install/ament_cppcheck:/home/balabalu/ros2_jazzy/install/ament_clang_tidy:/home/balabalu/ros2_jazzy/install/ament_clang_format DEBUGINFOD_URLS=https://debuginfod.ubuntu.com /usr/bin/cmake --build /home/balabalu/workspace/WRoverSoftware/build/sensors -- -j5 -l5
[3.199s] DEBUG:colcon.colcon_core.event_handler.log_command:Invoking command in '/home/balabalu/workspace/WRoverSoftware/build/sensors': CMAKE_PREFIX_PATH=${CMAKE_PREFIX_PATH}:/home/balabalu/ros2_jazzy/install/rqt_bag_plugins:/home/balabalu/ros2_jazzy/install/rqt_bag:/home/balabalu/ros2_jazzy/install/rosbag2_examples_py:/home/balabalu/ros2_jazzy/install/launch_testing_examples:/home/balabalu/ros2_jazzy/install/ros2bag:/home/balabalu/ros2_jazzy/install/tracetools_test:/home/balabalu/ros2_jazzy/install/tracetools_launch:/home/balabalu/ros2_jazzy/install/topic_monitor:/home/balabalu/ros2_jazzy/install/tf2_tools:/home/balabalu/ros2_jazzy/install/examples_tf2_py:/home/balabalu/ros2_jazzy/install/tf2_ros_py:/home/balabalu/ros2_jazzy/install/examples_rclpy_pointcloud_publisher:/home/balabalu/ros2_jazzy/install/sensor_msgs_py:/home/balabalu/ros2_jazzy/install/quality_of_service_demo_py:/home/balabalu/ros2_jazzy/install/rqt_plot:/home/balabalu/ros2_jazzy/install/ros2doctor:/home/balabalu/ros2_jazzy/install/lifecycle_py:/home/balabalu/ros2_jazzy/install/examples_rclpy_minimal_subscriber:/home/balabalu/ros2_jazzy/install/examples_rclpy_minimal_service:/home/balabalu/ros2_jazzy/install/examples_rclpy_minimal_publisher:/home/balabalu/ros2_jazzy/install/examples_rclpy_minimal_client:/home/balabalu/ros2_jazzy/install/examples_rclpy_executors:/home/balabalu/ros2_jazzy/install/demo_nodes_py:/home/balabalu/ros2_jazzy/install/rqt:/home/balabalu/ros2_jazzy/install/ros2component:/home/balabalu/ros2_jazzy/install/sros2:/home/balabalu/ros2_jazzy/install/rqt_topic:/home/balabalu/ros2_jazzy/install/rqt_srv:/home/balabalu/ros2_jazzy/install/rqt_shell:/home/balabalu/ros2_jazzy/install/rqt_service_caller:/home/balabalu/ros2_jazzy/install/rqt_reconfigure:/home/balabalu/ros2_jazzy/install/rqt_py_console:/home/balabalu/ros2_jazzy/install/rqt_publisher:/home/balabalu/ros2_jazzy/install/rqt_action:/home/balabalu/ros2_jazzy/install/rqt_msg:/home/balabalu/ros2_jazzy/install/rqt_console:/home/balabalu/ros2_jazzy/install/rqt_graph:/home/balabalu/ros2_jazzy/install/rqt_gui_py:/home/balabalu/ros2_jazzy/install/rqt_gui:/home/balabalu/ros2_jazzy/install/ros2trace:/home/balabalu/ros2_jazzy/install/ros2topic:/home/balabalu/ros2_jazzy/install/ros2test:/home/balabalu/ros2_jazzy/install/ros2param:/home/balabalu/ros2_jazzy/install/ros2lifecycle:/home/balabalu/ros2_jazzy/install/ros2service:/home/balabalu/ros2_jazzy/install/ros2run:/home/balabalu/ros2_jazzy/install/ros2launch:/home/balabalu/ros2_jazzy/install/ros2pkg:/home/balabalu/ros2_jazzy/install/ros2node:/home/balabalu/ros2_jazzy/install/ros2multicast:/home/balabalu/ros2_jazzy/install/ros2interface:/home/balabalu/ros2_jazzy/install/ros2action:/home/balabalu/ros2_jazzy/install/ros2cli:/home/balabalu/ros2_jazzy/install/launch_testing_ros:/home/balabalu/ros2_jazzy/install/launch_ros:/home/balabalu/ros2_jazzy/install/examples_rclpy_minimal_action_server:/home/balabalu/ros2_jazzy/install/examples_rclpy_minimal_action_client:/home/balabalu/ros2_jazzy/install/examples_rclpy_guard_conditions:/home/balabalu/ros2_jazzy/install/action_tutorials_py:/home/balabalu/ros2_jazzy/install/ament_uncrustify:/home/balabalu/ros2_jazzy/install/tracetools_trace:/home/balabalu/ros2_jazzy/install/tracetools_read:/home/balabalu/ros2_jazzy/install/test_tracetools_launch:/home/balabalu/ros2_jazzy/install/test_ros2trace:/home/balabalu/ros2_jazzy/install/test_launch_ros:/home/balabalu/ros2_jazzy/install/rpyutils:/home/balabalu/ros2_jazzy/install/rosidl_runtime_py:/home/balabalu/ros2_jazzy/install/rosidl_pycommon:/home/balabalu/ros2_jazzy/install/rosidl_cli:/home/balabalu/ros2_jazzy/install/launch_pytest:/home/balabalu/ros2_jazzy/install/launch_testing:/home/balabalu/ros2_jazzy/install/launch_yaml:/home/balabalu/ros2_jazzy/install/launch_xml:/home/balabalu/ros2_jazzy/install/launch:/home/balabalu/ros2_jazzy/install/osrf_pycommon:/home/balabalu/ros2_jazzy/install/domain_coordinator:/home/balabalu/ros2_jazzy/install/ament_xmllint:/home/balabalu/ros2_jazzy/install/ament_pyflakes:/home/balabalu/ros2_jazzy/install/ament_pycodestyle:/home/balabalu/ros2_jazzy/install/ament_pep257:/home/balabalu/ros2_jazzy/install/ament_pclint:/home/balabalu/ros2_jazzy/install/ament_package:/home/balabalu/ros2_jazzy/install/ament_mypy:/home/balabalu/ros2_jazzy/install/ament_lint_cmake:/home/balabalu/ros2_jazzy/install/ament_flake8:/home/balabalu/ros2_jazzy/install/ament_copyright:/home/balabalu/ros2_jazzy/install/ament_lint:/home/balabalu/ros2_jazzy/install/ament_index_python:/home/balabalu/ros2_jazzy/install/ament_cpplint:/home/balabalu/ros2_jazzy/install/ament_cppcheck:/home/balabalu/ros2_jazzy/install/ament_clang_tidy:/home/balabalu/ros2_jazzy/install/ament_clang_format DEBUGINFOD_URLS=https://debuginfod.ubuntu.com /usr/bin/cmake --install /home/balabalu/workspace/WRoverSoftware/build/sensors
[3.260s] Level 1:colcon.colcon_core.environment:create_environment_scripts_only(sensors)
[3.260s] DEBUG:colcon.colcon_core.event_handler.log_command:Invoked command in '/home/balabalu/workspace/WRoverSoftware/build/sensors' returned '0': CMAKE_PREFIX_PATH=${CMAKE_PREFIX_PATH}:/home/balabalu/ros2_jazzy/install/rqt_bag_plugins:/home/balabalu/ros2_jazzy/install/rqt_bag:/home/balabalu/ros2_jazzy/install/rosbag2_examples_py:/home/balabalu/ros2_jazzy/install/launch_testing_examples:/home/balabalu/ros2_jazzy/install/ros2bag:/home/balabalu/ros2_jazzy/install/tracetools_test:/home/balabalu/ros2_jazzy/install/tracetools_launch:/home/balabalu/ros2_jazzy/install/topic_monitor:/home/balabalu/ros2_jazzy/install/tf2_tools:/home/balabalu/ros2_jazzy/install/examples_tf2_py:/home/balabalu/ros2_jazzy/install/tf2_ros_py:/home/balabalu/ros2_jazzy/install/examples_rclpy_pointcloud_publisher:/home/balabalu/ros2_jazzy/install/sensor_msgs_py:/home/balabalu/ros2_jazzy/install/quality_of_service_demo_py:/home/balabalu/ros2_jazzy/install/rqt_plot:/home/balabalu/ros2_jazzy/install/ros2doctor:/home/balabalu/ros2_jazzy/install/lifecycle_py:/home/balabalu/ros2_jazzy/install/examples_rclpy_minimal_subscriber:/home/balabalu/ros2_jazzy/install/examples_rclpy_minimal_service:/home/balabalu/ros2_jazzy/install/examples_rclpy_minimal_publisher:/home/balabalu/ros2_jazzy/install/examples_rclpy_minimal_client:/home/balabalu/ros2_jazzy/install/examples_rclpy_executors:/home/balabalu/ros2_jazzy/install/demo_nodes_py:/home/balabalu/ros2_jazzy/install/rqt:/home/balabalu/ros2_jazzy/install/ros2component:/home/balabalu/ros2_jazzy/install/sros2:/home/balabalu/ros2_jazzy/install/rqt_topic:/home/balabalu/ros2_jazzy/install/rqt_srv:/home/balabalu/ros2_jazzy/install/rqt_shell:/home/balabalu/ros2_jazzy/install/rqt_service_caller:/home/balabalu/ros2_jazzy/install/rqt_reconfigure:/home/balabalu/ros2_jazzy/install/rqt_py_console:/home/balabalu/ros2_jazzy/install/rqt_publisher:/home/balabalu/ros2_jazzy/install/rqt_action:/home/balabalu/ros2_jazzy/install/rqt_msg:/home/balabalu/ros2_jazzy/install/rqt_console:/home/balabalu/ros2_jazzy/install/rqt_graph:/home/balabalu/ros2_jazzy/install/rqt_gui_py:/home/balabalu/ros2_jazzy/install/rqt_gui:/home/balabalu/ros2_jazzy/install/ros2trace:/home/balabalu/ros2_jazzy/install/ros2topic:/home/balabalu/ros2_jazzy/install/ros2test:/home/balabalu/ros2_jazzy/install/ros2param:/home/balabalu/ros2_jazzy/install/ros2lifecycle:/home/balabalu/ros2_jazzy/install/ros2service:/home/balabalu/ros2_jazzy/install/ros2run:/home/balabalu/ros2_jazzy/install/ros2launch:/home/balabalu/ros2_jazzy/install/ros2pkg:/home/balabalu/ros2_jazzy/install/ros2node:/home/balabalu/ros2_jazzy/install/ros2multicast:/home/balabalu/ros2_jazzy/install/ros2interface:/home/balabalu/ros2_jazzy/install/ros2action:/home/balabalu/ros2_jazzy/install/ros2cli:/home/balabalu/ros2_jazzy/install/launch_testing_ros:/home/balabalu/ros2_jazzy/install/launch_ros:/home/balabalu/ros2_jazzy/install/examples_rclpy_minimal_action_server:/home/balabalu/ros2_jazzy/install/examples_rclpy_minimal_action_client:/home/balabalu/ros2_jazzy/install/examples_rclpy_guard_conditions:/home/balabalu/ros2_jazzy/install/action_tutorials_py:/home/balabalu/ros2_jazzy/install/ament_uncrustify:/home/balabalu/ros2_jazzy/install/tracetools_trace:/home/balabalu/ros2_jazzy/install/tracetools_read:/home/balabalu/ros2_jazzy/install/test_tracetools_launch:/home/balabalu/ros2_jazzy/install/test_ros2trace:/home/balabalu/ros2_jazzy/install/test_launch_ros:/home/balabalu/ros2_jazzy/install/rpyutils:/home/balabalu/ros2_jazzy/install/rosidl_runtime_py:/home/balabalu/ros2_jazzy/install/rosidl_pycommon:/home/balabalu/ros2_jazzy/install/rosidl_cli:/home/balabalu/ros2_jazzy/install/launch_pytest:/home/balabalu/ros2_jazzy/install/launch_testing:/home/balabalu/ros2_jazzy/install/launch_yaml:/home/balabalu/ros2_jazzy/install/launch_xml:/home/balabalu/ros2_jazzy/install/launch:/home/balabalu/ros2_jazzy/install/osrf_pycommon:/home/balabalu/ros2_jazzy/install/domain_coordinator:/home/balabalu/ros2_jazzy/install/ament_xmllint:/home/balabalu/ros2_jazzy/install/ament_pyflakes:/home/balabalu/ros2_jazzy/install/ament_pycodestyle:/home/balabalu/ros2_jazzy/install/ament_pep257:/home/balabalu/ros2_jazzy/install/ament_pclint:/home/balabalu/ros2_jazzy/install/ament_package:/home/balabalu/ros2_jazzy/install/ament_mypy:/home/balabalu/ros2_jazzy/install/ament_lint_cmake:/home/balabalu/ros2_jazzy/install/ament_flake8:/home/balabalu/ros2_jazzy/install/ament_copyright:/home/balabalu/ros2_jazzy/install/ament_lint:/home/balabalu/ros2_jazzy/install/ament_index_python:/home/balabalu/ros2_jazzy/install/ament_cpplint:/home/balabalu/ros2_jazzy/install/ament_cppcheck:/home/balabalu/ros2_jazzy/install/ament_clang_tidy:/home/balabalu/ros2_jazzy/install/ament_clang_format DEBUGINFOD_URLS=https://debuginfod.ubuntu.com /usr/bin/cmake --install /home/balabalu/workspace/WRoverSoftware/build/sensors
[3.266s] Level 1:colcon.colcon_core.environment:checking '/home/balabalu/workspace/WRoverSoftware/install/sensors' for CMake module files
[3.267s] Level 1:colcon.colcon_core.environment:checking '/home/balabalu/workspace/WRoverSoftware/install/sensors' for CMake config files
[3.267s] Level 1:colcon.colcon_core.shell:create_environment_hook('sensors', 'cmake_prefix_path')
[3.268s] INFO:colcon.colcon_core.shell:Creating environment hook '/home/balabalu/workspace/WRoverSoftware/install/sensors/share/sensors/hook/cmake_prefix_path.ps1'
[3.268s] INFO:colcon.colcon_core.shell:Creating environment descriptor '/home/balabalu/workspace/WRoverSoftware/install/sensors/share/sensors/hook/cmake_prefix_path.dsv'
[3.268s] INFO:colcon.colcon_core.shell:Creating environment hook '/home/balabalu/workspace/WRoverSoftware/install/sensors/share/sensors/hook/cmake_prefix_path.sh'
[3.269s] Level 1:colcon.colcon_core.environment:checking '/home/balabalu/workspace/WRoverSoftware/install/sensors/lib'
[3.269s] Level 1:colcon.colcon_core.environment:checking '/home/balabalu/workspace/WRoverSoftware/install/sensors/bin'
[3.269s] Level 1:colcon.colcon_core.environment:checking '/home/balabalu/workspace/WRoverSoftware/install/sensors/lib/pkgconfig/sensors.pc'
[3.269s] Level 1:colcon.colcon_core.environment:checking '/home/balabalu/workspace/WRoverSoftware/install/sensors/lib/python3.12/site-packages'
[3.270s] Level 1:colcon.colcon_core.environment:checking '/home/balabalu/workspace/WRoverSoftware/install/sensors/bin'
[3.270s] INFO:colcon.colcon_core.shell:Creating package script '/home/balabalu/workspace/WRoverSoftware/install/sensors/share/sensors/package.ps1'
[3.270s] INFO:colcon.colcon_core.shell:Creating package descriptor '/home/balabalu/workspace/WRoverSoftware/install/sensors/share/sensors/package.dsv'
[3.271s] INFO:colcon.colcon_core.shell:Creating package script '/home/balabalu/workspace/WRoverSoftware/install/sensors/share/sensors/package.sh'
[3.274s] INFO:colcon.colcon_core.shell:Creating package script '/home/balabalu/workspace/WRoverSoftware/install/sensors/share/sensors/package.bash'
[3.274s] INFO:colcon.colcon_core.shell:Creating package script '/home/balabalu/workspace/WRoverSoftware/install/sensors/share/sensors/package.zsh'
[3.275s] Level 1:colcon.colcon_core.environment:create_file_with_runtime_dependencies(/home/balabalu/workspace/WRoverSoftware/install/sensors/share/colcon-core/packages/sensors)
[3.444s] Level 1:colcon.colcon_core.environment:create_environment_scripts_only(sensors)
[3.444s] Level 1:colcon.colcon_core.environment:checking '/home/balabalu/workspace/WRoverSoftware/install/sensors' for CMake module files
[3.445s] Level 1:colcon.colcon_core.environment:checking '/home/balabalu/workspace/WRoverSoftware/install/sensors' for CMake config files
[3.445s] Level 1:colcon.colcon_core.shell:create_environment_hook('sensors', 'cmake_prefix_path')
[3.445s] INFO:colcon.colcon_core.shell:Creating environment hook '/home/balabalu/workspace/WRoverSoftware/install/sensors/share/sensors/hook/cmake_prefix_path.ps1'
[3.446s] INFO:colcon.colcon_core.shell:Creating environment descriptor '/home/balabalu/workspace/WRoverSoftware/install/sensors/share/sensors/hook/cmake_prefix_path.dsv'
[3.447s] INFO:colcon.colcon_core.shell:Creating environment hook '/home/balabalu/workspace/WRoverSoftware/install/sensors/share/sensors/hook/cmake_prefix_path.sh'
[3.448s] Level 1:colcon.colcon_core.environment:checking '/home/balabalu/workspace/WRoverSoftware/install/sensors/lib'
[3.448s] Level 1:colcon.colcon_core.environment:checking '/home/balabalu/workspace/WRoverSoftware/install/sensors/bin'
[3.448s] Level 1:colcon.colcon_core.environment:checking '/home/balabalu/workspace/WRoverSoftware/install/sensors/lib/pkgconfig/sensors.pc'
[3.448s] Level 1:colcon.colcon_core.environment:checking '/home/balabalu/workspace/WRoverSoftware/install/sensors/lib/python3.12/site-packages'
[3.448s] Level 1:colcon.colcon_core.environment:checking '/home/balabalu/workspace/WRoverSoftware/install/sensors/bin'
[3.449s] INFO:colcon.colcon_core.shell:Creating package script '/home/balabalu/workspace/WRoverSoftware/install/sensors/share/sensors/package.ps1'
[3.451s] INFO:colcon.colcon_core.shell:Creating package descriptor '/home/balabalu/workspace/WRoverSoftware/install/sensors/share/sensors/package.dsv'
[3.452s] INFO:colcon.colcon_core.shell:Creating package script '/home/balabalu/workspace/WRoverSoftware/install/sensors/share/sensors/package.sh'
[3.453s] INFO:colcon.colcon_core.shell:Creating package script '/home/balabalu/workspace/WRoverSoftware/install/sensors/share/sensors/package.bash'
[3.453s] INFO:colcon.colcon_core.shell:Creating package script '/home/balabalu/workspace/WRoverSoftware/install/sensors/share/sensors/package.zsh'
[3.454s] Level 1:colcon.colcon_core.environment:create_file_with_runtime_dependencies(/home/balabalu/workspace/WRoverSoftware/install/sensors/share/colcon-core/packages/sensors)
[4.734s] DEBUG:colcon.colcon_core.event_handler.log_command:Invoking command in '/home/balabalu/workspace/WRoverSoftware/src/Teleop/swerve': DEBUGINFOD_URLS=https://debuginfod.ubuntu.com PYTHONPATH=/home/balabalu/workspace/WRoverSoftware/build/swerve/prefix_override:/home/balabalu/workspace/WRoverSoftware/install/swerve/lib/python3.12/site-packages:${PYTHONPATH} /usr/bin/python3 -W ignore:setup.py install is deprecated setup.py egg_info --egg-base ../../../build/swerve build --build-base /home/balabalu/workspace/WRoverSoftware/build/swerve/build install --record /home/balabalu/workspace/WRoverSoftware/build/swerve/install.log --single-version-externally-managed install_data
[4.870s] DEBUG:colcon.colcon_core.event_handler.log_command:Invoking command in '/home/balabalu/workspace/WRoverSoftware/src/Teleop/input': DEBUGINFOD_URLS=https://debuginfod.ubuntu.com PYTHONPATH=/home/balabalu/workspace/WRoverSoftware/build/input/prefix_override:/home/balabalu/workspace/WRoverSoftware/install/input/lib/python3.12/site-packages:${PYTHONPATH} /usr/bin/python3 -W ignore:setup.py install is deprecated setup.py egg_info --egg-base ../../../build/input build --build-base /home/balabalu/workspace/WRoverSoftware/build/input/build install --record /home/balabalu/workspace/WRoverSoftware/build/input/install.log --single-version-externally-managed install_data
[4.874s] DEBUG:colcon.colcon_core.event_handler.log_command:Invoking command in '/home/balabalu/workspace/WRoverSoftware/src/Teleop/arm': DEBUGINFOD_URLS=https://debuginfod.ubuntu.com PYTHONPATH=/home/balabalu/workspace/WRoverSoftware/build/arm/prefix_override:/home/balabalu/workspace/WRoverSoftware/install/arm/lib/python3.12/site-packages:${PYTHONPATH} /usr/bin/python3 -W ignore:setup.py install is deprecated setup.py egg_info --egg-base ../../../build/arm build --build-base /home/balabalu/workspace/WRoverSoftware/build/arm/build install --record /home/balabalu/workspace/WRoverSoftware/build/arm/install.log --single-version-externally-managed install_data
[6.259s] Level 1:colcon.colcon_core.environment:checking '/home/balabalu/workspace/WRoverSoftware/install/swerve' for CMake module files
[6.261s] DEBUG:colcon.colcon_core.event_handler.log_command:Invoked command in '/home/balabalu/workspace/WRoverSoftware/src/Teleop/swerve' returned '0': DEBUGINFOD_URLS=https://debuginfod.ubuntu.com PYTHONPATH=/home/balabalu/workspace/WRoverSoftware/build/swerve/prefix_override:/home/balabalu/workspace/WRoverSoftware/install/swerve/lib/python3.12/site-packages:${PYTHONPATH} /usr/bin/python3 -W ignore:setup.py install is deprecated setup.py egg_info --egg-base ../../../build/swerve build --build-base /home/balabalu/workspace/WRoverSoftware/build/swerve/build install --record /home/balabalu/workspace/WRoverSoftware/build/swerve/install.log --single-version-externally-managed install_data
[6.263s] Level 1:colcon.colcon_core.environment:checking '/home/balabalu/workspace/WRoverSoftware/install/swerve' for CMake config files
[6.264s] Level 1:colcon.colcon_core.environment:checking '/home/balabalu/workspace/WRoverSoftware/install/swerve/lib'
[6.264s] Level 1:colcon.colcon_core.environment:checking '/home/balabalu/workspace/WRoverSoftware/install/swerve/bin'
[6.265s] Level 1:colcon.colcon_core.environment:checking '/home/balabalu/workspace/WRoverSoftware/install/swerve/lib/pkgconfig/swerve.pc'
[6.265s] Level 1:colcon.colcon_core.environment:checking '/home/balabalu/workspace/WRoverSoftware/install/swerve/lib/python3.12/site-packages'
[6.265s] Level 1:colcon.colcon_core.shell:create_environment_hook('swerve', 'pythonpath')
[6.265s] INFO:colcon.colcon_core.shell:Creating environment hook '/home/balabalu/workspace/WRoverSoftware/install/swerve/share/swerve/hook/pythonpath.ps1'
[6.266s] INFO:colcon.colcon_core.shell:Creating environment descriptor '/home/balabalu/workspace/WRoverSoftware/install/swerve/share/swerve/hook/pythonpath.dsv'
[6.266s] INFO:colcon.colcon_core.shell:Creating environment hook '/home/balabalu/workspace/WRoverSoftware/install/swerve/share/swerve/hook/pythonpath.sh'
[6.267s] Level 1:colcon.colcon_core.environment:checking '/home/balabalu/workspace/WRoverSoftware/install/swerve/bin'
[6.267s] Level 1:colcon.colcon_core.environment:create_environment_scripts_only(swerve)
[6.267s] INFO:colcon.colcon_core.shell:Creating package script '/home/balabalu/workspace/WRoverSoftware/install/swerve/share/swerve/package.ps1'
[6.268s] INFO:colcon.colcon_core.shell:Creating package descriptor '/home/balabalu/workspace/WRoverSoftware/install/swerve/share/swerve/package.dsv'
[6.268s] INFO:colcon.colcon_core.shell:Creating package script '/home/balabalu/workspace/WRoverSoftware/install/swerve/share/swerve/package.sh'
[6.269s] INFO:colcon.colcon_core.shell:Creating package script '/home/balabalu/workspace/WRoverSoftware/install/swerve/share/swerve/package.bash'
[6.269s] INFO:colcon.colcon_core.shell:Creating package script '/home/balabalu/workspace/WRoverSoftware/install/swerve/share/swerve/package.zsh'
[6.270s] Level 1:colcon.colcon_core.environment:create_file_with_runtime_dependencies(/home/balabalu/workspace/WRoverSoftware/install/swerve/share/colcon-core/packages/swerve)
[6.338s] Level 1:colcon.colcon_core.environment:checking '/home/balabalu/workspace/WRoverSoftware/install/input' for CMake module files
[6.339s] DEBUG:colcon.colcon_core.event_handler.log_command:Invoked command in '/home/balabalu/workspace/WRoverSoftware/src/Teleop/input' returned '0': DEBUGINFOD_URLS=https://debuginfod.ubuntu.com PYTHONPATH=/home/balabalu/workspace/WRoverSoftware/build/input/prefix_override:/home/balabalu/workspace/WRoverSoftware/install/input/lib/python3.12/site-packages:${PYTHONPATH} /usr/bin/python3 -W ignore:setup.py install is deprecated setup.py egg_info --egg-base ../../../build/input build --build-base /home/balabalu/workspace/WRoverSoftware/build/input/build install --record /home/balabalu/workspace/WRoverSoftware/build/input/install.log --single-version-externally-managed install_data
[6.340s] Level 1:colcon.colcon_core.environment:checking '/home/balabalu/workspace/WRoverSoftware/install/input' for CMake config files
[6.341s] Level 1:colcon.colcon_core.environment:checking '/home/balabalu/workspace/WRoverSoftware/install/input/lib'
[6.341s] Level 1:colcon.colcon_core.environment:checking '/home/balabalu/workspace/WRoverSoftware/install/input/bin'
[6.341s] Level 1:colcon.colcon_core.environment:checking '/home/balabalu/workspace/WRoverSoftware/install/input/lib/pkgconfig/input.pc'
[6.341s] Level 1:colcon.colcon_core.environment:checking '/home/balabalu/workspace/WRoverSoftware/install/input/lib/python3.12/site-packages'
[6.341s] Level 1:colcon.colcon_core.shell:create_environment_hook('input', 'pythonpath')
[6.341s] INFO:colcon.colcon_core.shell:Creating environment hook '/home/balabalu/workspace/WRoverSoftware/install/input/share/input/hook/pythonpath.ps1'
[6.342s] INFO:colcon.colcon_core.shell:Creating environment descriptor '/home/balabalu/workspace/WRoverSoftware/install/input/share/input/hook/pythonpath.dsv'
[6.342s] INFO:colcon.colcon_core.shell:Creating environment hook '/home/balabalu/workspace/WRoverSoftware/install/input/share/input/hook/pythonpath.sh'
[6.343s] Level 1:colcon.colcon_core.environment:checking '/home/balabalu/workspace/WRoverSoftware/install/input/bin'
[6.343s] Level 1:colcon.colcon_core.environment:create_environment_scripts_only(input)
[6.344s] INFO:colcon.colcon_core.shell:Creating package script '/home/balabalu/workspace/WRoverSoftware/install/input/share/input/package.ps1'
[6.344s] INFO:colcon.colcon_core.shell:Creating package descriptor '/home/balabalu/workspace/WRoverSoftware/install/input/share/input/package.dsv'
[6.345s] INFO:colcon.colcon_core.shell:Creating package script '/home/balabalu/workspace/WRoverSoftware/install/input/share/input/package.sh'
[6.345s] INFO:colcon.colcon_core.shell:Creating package script '/home/balabalu/workspace/WRoverSoftware/install/input/share/input/package.bash'
[6.346s] INFO:colcon.colcon_core.shell:Creating package script '/home/balabalu/workspace/WRoverSoftware/install/input/share/input/package.zsh'
[6.346s] Level 1:colcon.colcon_core.environment:create_file_with_runtime_dependencies(/home/balabalu/workspace/WRoverSoftware/install/input/share/colcon-core/packages/input)
[6.384s] Level 1:colcon.colcon_core.environment:checking '/home/balabalu/workspace/WRoverSoftware/install/arm' for CMake module files
[6.386s] DEBUG:colcon.colcon_core.event_handler.log_command:Invoked command in '/home/balabalu/workspace/WRoverSoftware/src/Teleop/arm' returned '0': DEBUGINFOD_URLS=https://debuginfod.ubuntu.com PYTHONPATH=/home/balabalu/workspace/WRoverSoftware/build/arm/prefix_override:/home/balabalu/workspace/WRoverSoftware/install/arm/lib/python3.12/site-packages:${PYTHONPATH} /usr/bin/python3 -W ignore:setup.py install is deprecated setup.py egg_info --egg-base ../../../build/arm build --build-base /home/balabalu/workspace/WRoverSoftware/build/arm/build install --record /home/balabalu/workspace/WRoverSoftware/build/arm/install.log --single-version-externally-managed install_data
[6.387s] Level 1:colcon.colcon_core.environment:checking '/home/balabalu/workspace/WRoverSoftware/install/arm' for CMake config files
[6.388s] Level 1:colcon.colcon_core.environment:checking '/home/balabalu/workspace/WRoverSoftware/install/arm/lib'
[6.388s] Level 1:colcon.colcon_core.environment:checking '/home/balabalu/workspace/WRoverSoftware/install/arm/bin'
[6.388s] Level 1:colcon.colcon_core.environment:checking '/home/balabalu/workspace/WRoverSoftware/install/arm/lib/pkgconfig/arm.pc'
[6.389s] Level 1:colcon.colcon_core.environment:checking '/home/balabalu/workspace/WRoverSoftware/install/arm/lib/python3.12/site-packages'
[6.389s] Level 1:colcon.colcon_core.shell:create_environment_hook('arm', 'pythonpath')
[6.389s] INFO:colcon.colcon_core.shell:Creating environment hook '/home/balabalu/workspace/WRoverSoftware/install/arm/share/arm/hook/pythonpath.ps1'
[6.390s] INFO:colcon.colcon_core.shell:Creating environment descriptor '/home/balabalu/workspace/WRoverSoftware/install/arm/share/arm/hook/pythonpath.dsv'
[6.391s] INFO:colcon.colcon_core.shell:Creating environment hook '/home/balabalu/workspace/WRoverSoftware/install/arm/share/arm/hook/pythonpath.sh'
[6.392s] Level 1:colcon.colcon_core.environment:checking '/home/balabalu/workspace/WRoverSoftware/install/arm/bin'
[6.392s] Level 1:colcon.colcon_core.environment:create_environment_scripts_only(arm)
[6.392s] INFO:colcon.colcon_core.shell:Creating package script '/home/balabalu/workspace/WRoverSoftware/install/arm/share/arm/package.ps1'
[6.393s] INFO:colcon.colcon_core.shell:Creating package descriptor '/home/balabalu/workspace/WRoverSoftware/install/arm/share/arm/package.dsv'
[6.393s] INFO:colcon.colcon_core.shell:Creating package script '/home/balabalu/workspace/WRoverSoftware/install/arm/share/arm/package.sh'
[6.394s] INFO:colcon.colcon_core.shell:Creating package script '/home/balabalu/workspace/WRoverSoftware/install/arm/share/arm/package.bash'
[6.394s] INFO:colcon.colcon_core.shell:Creating package script '/home/balabalu/workspace/WRoverSoftware/install/arm/share/arm/package.zsh'
[6.394s] Level 1:colcon.colcon_core.environment:create_file_with_runtime_dependencies(/home/balabalu/workspace/WRoverSoftware/install/arm/share/colcon-core/packages/arm)
[6.395s] DEBUG:colcon.colcon_parallel_executor.executor.parallel:closing loop
[6.402s] DEBUG:colcon.colcon_parallel_executor.executor.parallel:loop closed
[6.402s] DEBUG:colcon.colcon_parallel_executor.executor.parallel:run_until_complete finished with '0'
[6.402s] DEBUG:colcon.colcon_core.event_reactor:joining thread
[6.434s] INFO:colcon.colcon_core.plugin_system:Skipping extension 'colcon_notification.desktop_notification.terminal_notifier': Not used on non-Darwin systems
[6.434s] INFO:colcon.colcon_core.plugin_system:Skipping extension 'colcon_notification.desktop_notification.win32': Not used on non-Windows systems
[6.434s] INFO:colcon.colcon_notification.desktop_notification:Sending desktop notification using 'notify2'
[6.478s] DEBUG:colcon.colcon_core.event_reactor:joined thread
[6.478s] INFO:colcon.colcon_core.shell:Creating prefix script '/home/balabalu/workspace/WRoverSoftware/install/local_setup.ps1'
[6.480s] INFO:colcon.colcon_core.shell:Creating prefix util module '/home/balabalu/workspace/WRoverSoftware/install/_local_setup_util_ps1.py'
[6.482s] INFO:colcon.colcon_core.shell:Creating prefix chain script '/home/balabalu/workspace/WRoverSoftware/install/setup.ps1'
[6.508s] INFO:colcon.colcon_core.shell:Creating prefix script '/home/balabalu/workspace/WRoverSoftware/install/local_setup.sh'
[6.509s] INFO:colcon.colcon_core.shell:Creating prefix util module '/home/balabalu/workspace/WRoverSoftware/install/_local_setup_util_sh.py'
[6.511s] INFO:colcon.colcon_core.shell:Creating prefix chain script '/home/balabalu/workspace/WRoverSoftware/install/setup.sh'
[6.534s] INFO:colcon.colcon_core.shell:Creating prefix script '/home/balabalu/workspace/WRoverSoftware/install/local_setup.bash'
[6.538s] INFO:colcon.colcon_core.shell:Creating prefix chain script '/home/balabalu/workspace/WRoverSoftware/install/setup.bash'
[6.558s] INFO:colcon.colcon_core.shell:Creating prefix script '/home/balabalu/workspace/WRoverSoftware/install/local_setup.zsh'
[6.560s] INFO:colcon.colcon_core.shell:Creating prefix chain script '/home/balabalu/workspace/WRoverSoftware/install/setup.zsh'
