[1.152s] Invoking command in '/home/aarav/objectAvoidance_ws/src/object_avoidance': DEBUGINFOD_URLS=https://debuginfod.ubuntu.com PYTHONPATH=/home/aarav/objectAvoidance_ws/build/object_avoidance/prefix_override:/usr/lib/python3/dist-packages/colcon_core/task/python/colcon_distutils_commands:/home/aarav/objectAvoidance_ws/install/object_avoidance/lib/python3.12/site-packages:${PYTHONPATH} /usr/bin/python3 -W ignore:setup.py install is deprecated setup.py egg_info --egg-base ../../build/object_avoidance build --build-base /home/aarav/objectAvoidance_ws/build/object_avoidance/build install --record /home/aarav/objectAvoidance_ws/build/object_avoidance/install.log --single-version-externally-managed install_data
[1.500s] running egg_info
[1.526s] writing ../../build/object_avoidance/object_avoidance.egg-info/PKG-INFO
[1.526s] writing dependency_links to ../../build/object_avoidance/object_avoidance.egg-info/dependency_links.txt
[1.527s] writing entry points to ../../build/object_avoidance/object_avoidance.egg-info/entry_points.txt
[1.529s] writing requirements to ../../build/object_avoidance/object_avoidance.egg-info/requires.txt
[1.529s] writing top-level names to ../../build/object_avoidance/object_avoidance.egg-info/top_level.txt
[1.582s] reading manifest file '../../build/object_avoidance/object_avoidance.egg-info/SOURCES.txt'
[1.583s] writing manifest file '../../build/object_avoidance/object_avoidance.egg-info/SOURCES.txt'
[1.584s] running build
[1.584s] running build_py
[1.584s] copying object_avoidance/object_avoider.py -> /home/aarav/objectAvoidance_ws/build/object_avoidance/build/lib/object_avoidance
[1.586s] running install
[1.593s] running install_lib
[1.614s] copying /home/aarav/objectAvoidance_ws/build/object_avoidance/build/lib/object_avoidance/object_avoider.py -> /home/aarav/objectAvoidance_ws/install/object_avoidance/lib/python3.12/site-packages/object_avoidance
[1.615s] byte-compiling /home/aarav/objectAvoidance_ws/install/object_avoidance/lib/python3.12/site-packages/object_avoidance/object_avoider.py to object_avoider.cpython-312.pyc
[1.617s] running install_data
[1.617s] running install_egg_info
[1.641s] removing '/home/aarav/objectAvoidance_ws/install/object_avoidance/lib/python3.12/site-packages/object_avoidance-0.0.0-py3.12.egg-info' (and everything under it)
[1.643s] Copying ../../build/object_avoidance/object_avoidance.egg-info to /home/aarav/objectAvoidance_ws/install/object_avoidance/lib/python3.12/site-packages/object_avoidance-0.0.0-py3.12.egg-info
[1.644s] running install_scripts
[1.808s] Installing object_avoider script to /home/aarav/objectAvoidance_ws/install/object_avoidance/lib/object_avoidance
[1.811s] writing list of installed files to '/home/aarav/objectAvoidance_ws/build/object_avoidance/install.log'
[1.849s] Invoked command in '/home/aarav/objectAvoidance_ws/src/object_avoidance' returned '0': DEBUGINFOD_URLS=https://debuginfod.ubuntu.com PYTHONPATH=/home/aarav/objectAvoidance_ws/build/object_avoidance/prefix_override:/usr/lib/python3/dist-packages/colcon_core/task/python/colcon_distutils_commands:/home/aarav/objectAvoidance_ws/install/object_avoidance/lib/python3.12/site-packages:${PYTHONPATH} /usr/bin/python3 -W ignore:setup.py install is deprecated setup.py egg_info --egg-base ../../build/object_avoidance build --build-base /home/aarav/objectAvoidance_ws/build/object_avoidance/build install --record /home/aarav/objectAvoidance_ws/build/object_avoidance/install.log --single-version-externally-managed install_data
