/home/david-wang/Desktop/Projects/WRoverSoftware/install/auto_implementation/lib/python3.12/site-packages/auto_implementation/finding_aruco_tag.py
/home/david-wang/Desktop/Projects/WRoverSoftware/install/auto_implementation/lib/python3.12/site-packages/auto_implementation/finding_object.py
/home/david-wang/Desktop/Projects/WRoverSoftware/install/auto_implementation/lib/python3.12/site-packages/auto_implementation/__init__.py
/home/david-wang/Desktop/Projects/WRoverSoftware/install/auto_implementation/lib/python3.12/site-packages/auto_implementation/searching_drive.py
/home/david-wang/Desktop/Projects/WRoverSoftware/install/auto_implementation/lib/python3.12/site-packages/auto_implementation/driving_logic.py
/home/david-wang/Desktop/Projects/WRoverSoftware/install/auto_implementation/lib/python3.12/site-packages/auto_implementation/__pycache__/finding_aruco_tag.cpython-312.pyc
/home/david-wang/Desktop/Projects/WRoverSoftware/install/auto_implementation/lib/python3.12/site-packages/auto_implementation/__pycache__/finding_object.cpython-312.pyc
/home/david-wang/Desktop/Projects/WRoverSoftware/install/auto_implementation/lib/python3.12/site-packages/auto_implementation/__pycache__/__init__.cpython-312.pyc
/home/david-wang/Desktop/Projects/WRoverSoftware/install/auto_implementation/lib/python3.12/site-packages/auto_implementation/__pycache__/searching_drive.cpython-312.pyc
/home/david-wang/Desktop/Projects/WRoverSoftware/install/auto_implementation/lib/python3.12/site-packages/auto_implementation/__pycache__/driving_logic.cpython-312.pyc
/home/david-wang/Desktop/Projects/WRoverSoftware/install/auto_implementation/share/ament_index/resource_index/packages/auto_implementation
/home/david-wang/Desktop/Projects/WRoverSoftware/install/auto_implementation/share/auto_implementation/package.xml
/home/david-wang/Desktop/Projects/WRoverSoftware/install/auto_implementation/lib/python3.12/site-packages/auto_implementation-0.0.0-py3.12.egg-info/dependency_links.txt
/home/david-wang/Desktop/Projects/WRoverSoftware/install/auto_implementation/lib/python3.12/site-packages/auto_implementation-0.0.0-py3.12.egg-info/zip-safe
/home/david-wang/Desktop/Projects/WRoverSoftware/install/auto_implementation/lib/python3.12/site-packages/auto_implementation-0.0.0-py3.12.egg-info/entry_points.txt
/home/david-wang/Desktop/Projects/WRoverSoftware/install/auto_implementation/lib/python3.12/site-packages/auto_implementation-0.0.0-py3.12.egg-info/SOURCES.txt
/home/david-wang/Desktop/Projects/WRoverSoftware/install/auto_implementation/lib/python3.12/site-packages/auto_implementation-0.0.0-py3.12.egg-info/requires.txt
/home/david-wang/Desktop/Projects/WRoverSoftware/install/auto_implementation/lib/python3.12/site-packages/auto_implementation-0.0.0-py3.12.egg-info/PKG-INFO
/home/david-wang/Desktop/Projects/WRoverSoftware/install/auto_implementation/lib/python3.12/site-packages/auto_implementation-0.0.0-py3.12.egg-info/top_level.txt
/home/david-wang/Desktop/Projects/WRoverSoftware/install/auto_implementation/lib/auto_implementation/driving_logic
/home/david-wang/Desktop/Projects/WRoverSoftware/install/auto_implementation/lib/auto_implementation/finding_aruco_tag
/home/david-wang/Desktop/Projects/WRoverSoftware/install/auto_implementation/lib/auto_implementation/finding_object
/home/david-wang/Desktop/Projects/WRoverSoftware/install/auto_implementation/lib/auto_implementation/searching_drive
