[2.191s] Invoking command in '/home/balabalu/workspace/WRoverSoftware/src/Teleop/input': DEBUGINFOD_URLS=https://debuginfod.ubuntu.com PYTHONPATH=/home/balabalu/workspace/WRoverSoftware/build/input/prefix_override:/home/balabalu/workspace/WRoverSoftware/install/input/lib/python3.12/site-packages:${PYTHONPATH} /usr/bin/python3 -W ignore:setup.py install is deprecated setup.py egg_info --egg-base ../../../build/input build --build-base /home/balabalu/workspace/WRoverSoftware/build/input/build install --record /home/balabalu/workspace/WRoverSoftware/build/input/install.log --single-version-externally-managed install_data
[3.039s] running egg_info
[3.091s] writing ../../../build/input/input.egg-info/PKG-INFO
[3.094s] writing dependency_links to ../../../build/input/input.egg-info/dependency_links.txt
[3.094s] writing entry points to ../../../build/input/input.egg-info/entry_points.txt
[3.095s] writing requirements to ../../../build/input/input.egg-info/requires.txt
[3.095s] writing top-level names to ../../../build/input/input.egg-info/top_level.txt
[3.214s] reading manifest file '../../../build/input/input.egg-info/SOURCES.txt'
[3.214s] adding license file 'LICENSE'
[3.214s] writing manifest file '../../../build/input/input.egg-info/SOURCES.txt'
[3.214s] running build
[3.214s] running build_py
[3.215s] copying input/__init__.py -> /home/balabalu/workspace/WRoverSoftware/build/input/build/lib/input
[3.215s] copying input/xbox_input.py -> /home/balabalu/workspace/WRoverSoftware/build/input/build/lib/input
[3.215s] copying input/joystick_input.py -> /home/balabalu/workspace/WRoverSoftware/build/input/build/lib/input
[3.215s] running install
[3.223s] running install_lib
[3.275s] copying /home/balabalu/workspace/WRoverSoftware/build/input/build/lib/input/__init__.py -> /home/balabalu/workspace/WRoverSoftware/install/input/lib/python3.12/site-packages/input
[3.275s] copying /home/balabalu/workspace/WRoverSoftware/build/input/build/lib/input/xbox_input.py -> /home/balabalu/workspace/WRoverSoftware/install/input/lib/python3.12/site-packages/input
[3.275s] copying /home/balabalu/workspace/WRoverSoftware/build/input/build/lib/input/joystick_input.py -> /home/balabalu/workspace/WRoverSoftware/install/input/lib/python3.12/site-packages/input
[3.282s] byte-compiling /home/balabalu/workspace/WRoverSoftware/install/input/lib/python3.12/site-packages/input/__init__.py to __init__.cpython-312.pyc
[3.284s] byte-compiling /home/balabalu/workspace/WRoverSoftware/install/input/lib/python3.12/site-packages/input/xbox_input.py to xbox_input.cpython-312.pyc
[3.284s] byte-compiling /home/balabalu/workspace/WRoverSoftware/install/input/lib/python3.12/site-packages/input/joystick_input.py to joystick_input.cpython-312.pyc
[3.285s] running install_data
[3.285s] copying resource/input -> /home/balabalu/workspace/WRoverSoftware/install/input/share/ament_index/resource_index/packages
[3.286s] copying package.xml -> /home/balabalu/workspace/WRoverSoftware/install/input/share/input
[3.286s] running install_egg_info
[3.353s] removing '/home/balabalu/workspace/WRoverSoftware/install/input/lib/python3.12/site-packages/input-0.0.0-py3.12.egg-info' (and everything under it)
[3.354s] Copying ../../../build/input/input.egg-info to /home/balabalu/workspace/WRoverSoftware/install/input/lib/python3.12/site-packages/input-0.0.0-py3.12.egg-info
[3.355s] running install_scripts
[3.726s] Installing joystick_input script to /home/balabalu/workspace/WRoverSoftware/install/input/lib/input
[3.727s] Installing xbox_input script to /home/balabalu/workspace/WRoverSoftware/install/input/lib/input
[3.727s] writing list of installed files to '/home/balabalu/workspace/WRoverSoftware/build/input/install.log'
[3.766s] Invoked command in '/home/balabalu/workspace/WRoverSoftware/src/Teleop/input' returned '0': DEBUGINFOD_URLS=https://debuginfod.ubuntu.com PYTHONPATH=/home/balabalu/workspace/WRoverSoftware/build/input/prefix_override:/home/balabalu/workspace/WRoverSoftware/install/input/lib/python3.12/site-packages:${PYTHONPATH} /usr/bin/python3 -W ignore:setup.py install is deprecated setup.py egg_info --egg-base ../../../build/input build --build-base /home/balabalu/workspace/WRoverSoftware/build/input/build install --record /home/balabalu/workspace/WRoverSoftware/build/input/install.log --single-version-externally-managed install_data
