/home/david-wang/Desktop/Projects/WRoverSoftware/install/swerve/lib/python3.12/site-packages/swerve/swerve_logic.py
/home/david-wang/Desktop/Projects/WRoverSoftware/install/swerve/lib/python3.12/site-packages/swerve/rotate_motors.py
/home/david-wang/Desktop/Projects/WRoverSoftware/install/swerve/lib/python3.12/site-packages/swerve/__init__.py
/home/david-wang/Desktop/Projects/WRoverSoftware/install/swerve/lib/python3.12/site-packages/swerve/drive_motors.py
/home/david-wang/Desktop/Projects/WRoverSoftware/install/swerve/lib/python3.12/site-packages/swerve/__pycache__/swerve_logic.cpython-312.pyc
/home/david-wang/Desktop/Projects/WRoverSoftware/install/swerve/lib/python3.12/site-packages/swerve/__pycache__/rotate_motors.cpython-312.pyc
/home/david-wang/Desktop/Projects/WRoverSoftware/install/swerve/lib/python3.12/site-packages/swerve/__pycache__/__init__.cpython-312.pyc
/home/david-wang/Desktop/Projects/WRoverSoftware/install/swerve/lib/python3.12/site-packages/swerve/__pycache__/drive_motors.cpython-312.pyc
/home/david-wang/Desktop/Projects/WRoverSoftware/install/swerve/share/ament_index/resource_index/packages/swerve
/home/david-wang/Desktop/Projects/WRoverSoftware/install/swerve/share/swerve/package.xml
/home/david-wang/Desktop/Projects/WRoverSoftware/install/swerve/lib/python3.12/site-packages/swerve-0.0.0-py3.12.egg-info/dependency_links.txt
/home/david-wang/Desktop/Projects/WRoverSoftware/install/swerve/lib/python3.12/site-packages/swerve-0.0.0-py3.12.egg-info/zip-safe
/home/david-wang/Desktop/Projects/WRoverSoftware/install/swerve/lib/python3.12/site-packages/swerve-0.0.0-py3.12.egg-info/entry_points.txt
/home/david-wang/Desktop/Projects/WRoverSoftware/install/swerve/lib/python3.12/site-packages/swerve-0.0.0-py3.12.egg-info/SOURCES.txt
/home/david-wang/Desktop/Projects/WRoverSoftware/install/swerve/lib/python3.12/site-packages/swerve-0.0.0-py3.12.egg-info/requires.txt
/home/david-wang/Desktop/Projects/WRoverSoftware/install/swerve/lib/python3.12/site-packages/swerve-0.0.0-py3.12.egg-info/PKG-INFO
/home/david-wang/Desktop/Projects/WRoverSoftware/install/swerve/lib/python3.12/site-packages/swerve-0.0.0-py3.12.egg-info/top_level.txt
/home/david-wang/Desktop/Projects/WRoverSoftware/install/swerve/lib/swerve/drive_motors
/home/david-wang/Desktop/Projects/WRoverSoftware/install/swerve/lib/swerve/rotate_motors
/home/david-wang/Desktop/Projects/WRoverSoftware/install/swerve/lib/swerve/swerve_logic
