[0.274s] DEBUG:colcon:Command line arguments: ['/usr/bin/colcon', 'build']
[0.274s] DEBUG:colcon:Parsed command line arguments: Namespace(log_base=None, log_level=None, verb_name='build', build_base='build', install_base='install', merge_install=False, symlink_install=False, test_result_base=None, continue_on_error=False, executor='parallel', parallel_workers=5, event_handlers=None, ignore_user_meta=False, metas=['./colcon.meta'], base_paths=['.'], packages_ignore=None, packages_ignore_regex=None, paths=None, packages_up_to=None, packages_up_to_regex=None, packages_above=None, packages_above_and_dependencies=None, packages_above_depth=None, packages_select_by_dep=None, packages_skip_by_dep=None, packages_skip_up_to=None, packages_select_build_failed=False, packages_skip_build_finished=False, packages_select_test_failures=False, packages_skip_test_passed=False, packages_select=None, packages_skip=None, packages_select_regex=None, packages_skip_regex=None, packages_start=None, packages_end=None, allow_overriding=[], cmake_args=None, cmake_target=None, cmake_target_skip_unavailable=False, cmake_clean_cache=False, cmake_clean_first=False, cmake_force_configure=False, ament_cmake_args=None, catkin_cmake_args=None, catkin_skip_building_tests=False, mixin_files=None, mixin=None, verb_parser=<colcon_mixin.mixin.mixin_argument.MixinArgumentDecorator object at 0x7db8750fe480>, verb_extension=<colcon_core.verb.build.BuildVerb object at 0x7db8750fe180>, main=<bound method BuildVerb.main of <colcon_core.verb.build.BuildVerb object at 0x7db8750fe180>>, mixin_verb=('build',))
[0.350s] Level 1:colcon.colcon_core.package_discovery:discover_packages(colcon_meta) check parameters
[0.350s] Level 1:colcon.colcon_core.package_discovery:discover_packages(recursive) check parameters
[0.350s] Level 1:colcon.colcon_core.package_discovery:discover_packages(ignore) check parameters
[0.350s] Level 1:colcon.colcon_core.package_discovery:discover_packages(path) check parameters
[0.350s] Level 1:colcon.colcon_core.package_discovery:discover_packages(colcon_meta) discover
[0.351s] Level 1:colcon.colcon_core.package_discovery:discover_packages(recursive) discover
[0.351s] INFO:colcon.colcon_core.package_discovery:Crawling recursively for packages in '/home/balabalu/workspace/WRoverSoftware'
[0.351s] Level 1:colcon.colcon_core.package_identification:_identify(.) by extensions ['ignore', 'ignore_ament_install']
[0.351s] Level 1:colcon.colcon_core.package_identification:_identify(.) by extension 'ignore'
[0.351s] Level 1:colcon.colcon_core.package_identification:_identify(.) by extension 'ignore_ament_install'
[0.351s] Level 1:colcon.colcon_core.package_identification:_identify(.) by extensions ['colcon_pkg']
[0.351s] Level 1:colcon.colcon_core.package_identification:_identify(.) by extension 'colcon_pkg'
[0.351s] Level 1:colcon.colcon_core.package_identification:_identify(.) by extensions ['colcon_meta']
[0.351s] Level 1:colcon.colcon_core.package_identification:_identify(.) by extension 'colcon_meta'
[0.351s] Level 1:colcon.colcon_core.package_identification:_identify(.) by extensions ['ros']
[0.351s] Level 1:colcon.colcon_core.package_identification:_identify(.) by extension 'ros'
[0.416s] Level 1:colcon.colcon_core.package_identification:_identify(.) by extensions ['cmake', 'python']
[0.417s] Level 1:colcon.colcon_core.package_identification:_identify(.) by extension 'cmake'
[0.417s] Level 1:colcon.colcon_core.package_identification:_identify(.) by extension 'python'
[0.417s] Level 1:colcon.colcon_core.package_identification:_identify(.) by extensions ['python_setup_py']
[0.417s] Level 1:colcon.colcon_core.package_identification:_identify(.) by extension 'python_setup_py'
[0.417s] Level 1:colcon.colcon_core.package_identification:_identify(build) by extensions ['ignore', 'ignore_ament_install']
[0.418s] Level 1:colcon.colcon_core.package_identification:_identify(build) by extension 'ignore'
[0.418s] Level 1:colcon.colcon_core.package_identification:_identify(build) ignored
[0.418s] Level 1:colcon.colcon_core.package_identification:_identify(executable_launches) by extensions ['ignore', 'ignore_ament_install']
[0.418s] Level 1:colcon.colcon_core.package_identification:_identify(executable_launches) by extension 'ignore'
[0.419s] Level 1:colcon.colcon_core.package_identification:_identify(executable_launches) by extension 'ignore_ament_install'
[0.419s] Level 1:colcon.colcon_core.package_identification:_identify(executable_launches) by extensions ['colcon_pkg']
[0.419s] Level 1:colcon.colcon_core.package_identification:_identify(executable_launches) by extension 'colcon_pkg'
[0.419s] Level 1:colcon.colcon_core.package_identification:_identify(executable_launches) by extensions ['colcon_meta']
[0.419s] Level 1:colcon.colcon_core.package_identification:_identify(executable_launches) by extension 'colcon_meta'
[0.419s] Level 1:colcon.colcon_core.package_identification:_identify(executable_launches) by extensions ['ros']
[0.419s] Level 1:colcon.colcon_core.package_identification:_identify(executable_launches) by extension 'ros'
[0.420s] Level 1:colcon.colcon_core.package_identification:_identify(executable_launches) by extensions ['cmake', 'python']
[0.420s] Level 1:colcon.colcon_core.package_identification:_identify(executable_launches) by extension 'cmake'
[0.420s] Level 1:colcon.colcon_core.package_identification:_identify(executable_launches) by extension 'python'
[0.420s] Level 1:colcon.colcon_core.package_identification:_identify(executable_launches) by extensions ['python_setup_py']
[0.420s] Level 1:colcon.colcon_core.package_identification:_identify(executable_launches) by extension 'python_setup_py'
[0.420s] Level 1:colcon.colcon_core.package_identification:_identify(install) by extensions ['ignore', 'ignore_ament_install']
[0.420s] Level 1:colcon.colcon_core.package_identification:_identify(install) by extension 'ignore'
[0.421s] Level 1:colcon.colcon_core.package_identification:_identify(install) ignored
[0.421s] Level 1:colcon.colcon_core.package_identification:_identify(log) by extensions ['ignore', 'ignore_ament_install']
[0.421s] Level 1:colcon.colcon_core.package_identification:_identify(log) by extension 'ignore'
[0.421s] Level 1:colcon.colcon_core.package_identification:_identify(log) ignored
[0.421s] Level 1:colcon.colcon_core.package_identification:_identify(src) by extensions ['ignore', 'ignore_ament_install']
[0.421s] Level 1:colcon.colcon_core.package_identification:_identify(src) by extension 'ignore'
[0.421s] Level 1:colcon.colcon_core.package_identification:_identify(src) by extension 'ignore_ament_install'
[0.421s] Level 1:colcon.colcon_core.package_identification:_identify(src) by extensions ['colcon_pkg']
[0.421s] Level 1:colcon.colcon_core.package_identification:_identify(src) by extension 'colcon_pkg'
[0.421s] Level 1:colcon.colcon_core.package_identification:_identify(src) by extensions ['colcon_meta']
[0.421s] Level 1:colcon.colcon_core.package_identification:_identify(src) by extension 'colcon_meta'
[0.422s] Level 1:colcon.colcon_core.package_identification:_identify(src) by extensions ['ros']
[0.422s] Level 1:colcon.colcon_core.package_identification:_identify(src) by extension 'ros'
[0.422s] Level 1:colcon.colcon_core.package_identification:_identify(src) by extensions ['cmake', 'python']
[0.422s] Level 1:colcon.colcon_core.package_identification:_identify(src) by extension 'cmake'
[0.422s] Level 1:colcon.colcon_core.package_identification:_identify(src) by extension 'python'
[0.422s] Level 1:colcon.colcon_core.package_identification:_identify(src) by extensions ['python_setup_py']
[0.422s] Level 1:colcon.colcon_core.package_identification:_identify(src) by extension 'python_setup_py'
[0.422s] Level 1:colcon.colcon_core.package_identification:_identify(src/Autonomous) by extensions ['ignore', 'ignore_ament_install']
[0.422s] Level 1:colcon.colcon_core.package_identification:_identify(src/Autonomous) by extension 'ignore'
[0.422s] Level 1:colcon.colcon_core.package_identification:_identify(src/Autonomous) by extension 'ignore_ament_install'
[0.422s] Level 1:colcon.colcon_core.package_identification:_identify(src/Autonomous) by extensions ['colcon_pkg']
[0.423s] Level 1:colcon.colcon_core.package_identification:_identify(src/Autonomous) by extension 'colcon_pkg'
[0.423s] Level 1:colcon.colcon_core.package_identification:_identify(src/Autonomous) by extensions ['colcon_meta']
[0.423s] Level 1:colcon.colcon_core.package_identification:_identify(src/Autonomous) by extension 'colcon_meta'
[0.423s] Level 1:colcon.colcon_core.package_identification:_identify(src/Autonomous) by extensions ['ros']
[0.423s] Level 1:colcon.colcon_core.package_identification:_identify(src/Autonomous) by extension 'ros'
[0.423s] Level 1:colcon.colcon_core.package_identification:_identify(src/Autonomous) by extensions ['cmake', 'python']
[0.423s] Level 1:colcon.colcon_core.package_identification:_identify(src/Autonomous) by extension 'cmake'
[0.423s] Level 1:colcon.colcon_core.package_identification:_identify(src/Autonomous) by extension 'python'
[0.423s] Level 1:colcon.colcon_core.package_identification:_identify(src/Autonomous) by extensions ['python_setup_py']
[0.423s] Level 1:colcon.colcon_core.package_identification:_identify(src/Autonomous) by extension 'python_setup_py'
[0.423s] Level 1:colcon.colcon_core.package_identification:_identify(src/Autonomous/auto_implementation) by extensions ['ignore', 'ignore_ament_install']
[0.424s] Level 1:colcon.colcon_core.package_identification:_identify(src/Autonomous/auto_implementation) by extension 'ignore'
[0.424s] Level 1:colcon.colcon_core.package_identification:_identify(src/Autonomous/auto_implementation) by extension 'ignore_ament_install'
[0.424s] Level 1:colcon.colcon_core.package_identification:_identify(src/Autonomous/auto_implementation) by extensions ['colcon_pkg']
[0.424s] Level 1:colcon.colcon_core.package_identification:_identify(src/Autonomous/auto_implementation) by extension 'colcon_pkg'
[0.424s] Level 1:colcon.colcon_core.package_identification:_identify(src/Autonomous/auto_implementation) by extensions ['colcon_meta']
[0.424s] Level 1:colcon.colcon_core.package_identification:_identify(src/Autonomous/auto_implementation) by extension 'colcon_meta'
[0.424s] Level 1:colcon.colcon_core.package_identification:_identify(src/Autonomous/auto_implementation) by extensions ['ros']
[0.424s] Level 1:colcon.colcon_core.package_identification:_identify(src/Autonomous/auto_implementation) by extension 'ros'
[0.427s] DEBUG:colcon.colcon_core.package_identification:Package 'src/Autonomous/auto_implementation' with type 'ros.ament_python' and name 'auto_implementation'
[0.428s] Level 1:colcon.colcon_core.package_identification:_identify(src/Autonomous/object_avoidance) by extensions ['ignore', 'ignore_ament_install']
[0.428s] Level 1:colcon.colcon_core.package_identification:_identify(src/Autonomous/object_avoidance) by extension 'ignore'
[0.428s] Level 1:colcon.colcon_core.package_identification:_identify(src/Autonomous/object_avoidance) by extension 'ignore_ament_install'
[0.428s] Level 1:colcon.colcon_core.package_identification:_identify(src/Autonomous/object_avoidance) by extensions ['colcon_pkg']
[0.428s] Level 1:colcon.colcon_core.package_identification:_identify(src/Autonomous/object_avoidance) by extension 'colcon_pkg'
[0.428s] Level 1:colcon.colcon_core.package_identification:_identify(src/Autonomous/object_avoidance) by extensions ['colcon_meta']
[0.428s] Level 1:colcon.colcon_core.package_identification:_identify(src/Autonomous/object_avoidance) by extension 'colcon_meta'
[0.429s] Level 1:colcon.colcon_core.package_identification:_identify(src/Autonomous/object_avoidance) by extensions ['ros']
[0.429s] Level 1:colcon.colcon_core.package_identification:_identify(src/Autonomous/object_avoidance) by extension 'ros'
[0.429s] DEBUG:colcon.colcon_core.package_identification:Package 'src/Autonomous/object_avoidance' with type 'ros.ament_python' and name 'object_avoidance'
[0.429s] Level 1:colcon.colcon_core.package_identification:_identify(src/Autonomous/object_detection) by extensions ['ignore', 'ignore_ament_install']
[0.430s] Level 1:colcon.colcon_core.package_identification:_identify(src/Autonomous/object_detection) by extension 'ignore'
[0.430s] Level 1:colcon.colcon_core.package_identification:_identify(src/Autonomous/object_detection) by extension 'ignore_ament_install'
[0.430s] Level 1:colcon.colcon_core.package_identification:_identify(src/Autonomous/object_detection) by extensions ['colcon_pkg']
[0.430s] Level 1:colcon.colcon_core.package_identification:_identify(src/Autonomous/object_detection) by extension 'colcon_pkg'
[0.430s] Level 1:colcon.colcon_core.package_identification:_identify(src/Autonomous/object_detection) by extensions ['colcon_meta']
[0.430s] Level 1:colcon.colcon_core.package_identification:_identify(src/Autonomous/object_detection) by extension 'colcon_meta'
[0.430s] Level 1:colcon.colcon_core.package_identification:_identify(src/Autonomous/object_detection) by extensions ['ros']
[0.430s] Level 1:colcon.colcon_core.package_identification:_identify(src/Autonomous/object_detection) by extension 'ros'
[0.430s] DEBUG:colcon.colcon_core.package_identification:Package 'src/Autonomous/object_detection' with type 'ros.ament_python' and name 'object_detection'
[0.431s] Level 1:colcon.colcon_core.package_identification:_identify(src/Autonomous/path_planning) by extensions ['ignore', 'ignore_ament_install']
[0.431s] Level 1:colcon.colcon_core.package_identification:_identify(src/Autonomous/path_planning) by extension 'ignore'
[0.431s] Level 1:colcon.colcon_core.package_identification:_identify(src/Autonomous/path_planning) by extension 'ignore_ament_install'
[0.431s] Level 1:colcon.colcon_core.package_identification:_identify(src/Autonomous/path_planning) by extensions ['colcon_pkg']
[0.431s] Level 1:colcon.colcon_core.package_identification:_identify(src/Autonomous/path_planning) by extension 'colcon_pkg'
[0.432s] Level 1:colcon.colcon_core.package_identification:_identify(src/Autonomous/path_planning) by extensions ['colcon_meta']
[0.432s] Level 1:colcon.colcon_core.package_identification:_identify(src/Autonomous/path_planning) by extension 'colcon_meta'
[0.432s] Level 1:colcon.colcon_core.package_identification:_identify(src/Autonomous/path_planning) by extensions ['ros']
[0.432s] Level 1:colcon.colcon_core.package_identification:_identify(src/Autonomous/path_planning) by extension 'ros'
[0.432s] DEBUG:colcon.colcon_core.package_identification:Package 'src/Autonomous/path_planning' with type 'ros.ament_python' and name 'path_planning'
[0.433s] Level 1:colcon.colcon_core.package_identification:_identify(src/Autonomous/sensors) by extensions ['ignore', 'ignore_ament_install']
[0.433s] Level 1:colcon.colcon_core.package_identification:_identify(src/Autonomous/sensors) by extension 'ignore'
[0.433s] Level 1:colcon.colcon_core.package_identification:_identify(src/Autonomous/sensors) by extension 'ignore_ament_install'
[0.433s] Level 1:colcon.colcon_core.package_identification:_identify(src/Autonomous/sensors) by extensions ['colcon_pkg']
[0.433s] Level 1:colcon.colcon_core.package_identification:_identify(src/Autonomous/sensors) by extension 'colcon_pkg'
[0.433s] Level 1:colcon.colcon_core.package_identification:_identify(src/Autonomous/sensors) by extensions ['colcon_meta']
[0.433s] Level 1:colcon.colcon_core.package_identification:_identify(src/Autonomous/sensors) by extension 'colcon_meta'
[0.433s] Level 1:colcon.colcon_core.package_identification:_identify(src/Autonomous/sensors) by extensions ['ros']
[0.433s] Level 1:colcon.colcon_core.package_identification:_identify(src/Autonomous/sensors) by extension 'ros'
[0.434s] DEBUG:colcon.colcon_core.package_identification:Package 'src/Autonomous/sensors' with type 'ros.ament_python' and name 'sensors'
[0.434s] Level 1:colcon.colcon_core.package_identification:_identify(src/Autonomous/state_machine) by extensions ['ignore', 'ignore_ament_install']
[0.434s] Level 1:colcon.colcon_core.package_identification:_identify(src/Autonomous/state_machine) by extension 'ignore'
[0.434s] Level 1:colcon.colcon_core.package_identification:_identify(src/Autonomous/state_machine) by extension 'ignore_ament_install'
[0.434s] Level 1:colcon.colcon_core.package_identification:_identify(src/Autonomous/state_machine) by extensions ['colcon_pkg']
[0.434s] Level 1:colcon.colcon_core.package_identification:_identify(src/Autonomous/state_machine) by extension 'colcon_pkg'
[0.434s] Level 1:colcon.colcon_core.package_identification:_identify(src/Autonomous/state_machine) by extensions ['colcon_meta']
[0.434s] Level 1:colcon.colcon_core.package_identification:_identify(src/Autonomous/state_machine) by extension 'colcon_meta'
[0.434s] Level 1:colcon.colcon_core.package_identification:_identify(src/Autonomous/state_machine) by extensions ['ros']
[0.435s] Level 1:colcon.colcon_core.package_identification:_identify(src/Autonomous/state_machine) by extension 'ros'
[0.435s] DEBUG:colcon.colcon_core.package_identification:Package 'src/Autonomous/state_machine' with type 'ros.ament_python' and name 'state_machine'
[0.435s] Level 1:colcon.colcon_core.package_identification:_identify(src/Messages) by extensions ['ignore', 'ignore_ament_install']
[0.435s] Level 1:colcon.colcon_core.package_identification:_identify(src/Messages) by extension 'ignore'
[0.436s] Level 1:colcon.colcon_core.package_identification:_identify(src/Messages) by extension 'ignore_ament_install'
[0.436s] Level 1:colcon.colcon_core.package_identification:_identify(src/Messages) by extensions ['colcon_pkg']
[0.436s] Level 1:colcon.colcon_core.package_identification:_identify(src/Messages) by extension 'colcon_pkg'
[0.436s] Level 1:colcon.colcon_core.package_identification:_identify(src/Messages) by extensions ['colcon_meta']
[0.436s] Level 1:colcon.colcon_core.package_identification:_identify(src/Messages) by extension 'colcon_meta'
[0.436s] Level 1:colcon.colcon_core.package_identification:_identify(src/Messages) by extensions ['ros']
[0.436s] Level 1:colcon.colcon_core.package_identification:_identify(src/Messages) by extension 'ros'
[0.436s] Level 1:colcon.colcon_core.package_identification:_identify(src/Messages) by extensions ['cmake', 'python']
[0.436s] Level 1:colcon.colcon_core.package_identification:_identify(src/Messages) by extension 'cmake'
[0.436s] Level 1:colcon.colcon_core.package_identification:_identify(src/Messages) by extension 'python'
[0.436s] Level 1:colcon.colcon_core.package_identification:_identify(src/Messages) by extensions ['python_setup_py']
[0.436s] Level 1:colcon.colcon_core.package_identification:_identify(src/Messages) by extension 'python_setup_py'
[0.437s] Level 1:colcon.colcon_core.package_identification:_identify(src/Messages/custom_msgs_srvs) by extensions ['ignore', 'ignore_ament_install']
[0.437s] Level 1:colcon.colcon_core.package_identification:_identify(src/Messages/custom_msgs_srvs) by extension 'ignore'
[0.437s] Level 1:colcon.colcon_core.package_identification:_identify(src/Messages/custom_msgs_srvs) by extension 'ignore_ament_install'
[0.437s] Level 1:colcon.colcon_core.package_identification:_identify(src/Messages/custom_msgs_srvs) by extensions ['colcon_pkg']
[0.437s] Level 1:colcon.colcon_core.package_identification:_identify(src/Messages/custom_msgs_srvs) by extension 'colcon_pkg'
[0.437s] Level 1:colcon.colcon_core.package_identification:_identify(src/Messages/custom_msgs_srvs) by extensions ['colcon_meta']
[0.437s] Level 1:colcon.colcon_core.package_identification:_identify(src/Messages/custom_msgs_srvs) by extension 'colcon_meta'
[0.437s] Level 1:colcon.colcon_core.package_identification:_identify(src/Messages/custom_msgs_srvs) by extensions ['ros']
[0.437s] Level 1:colcon.colcon_core.package_identification:_identify(src/Messages/custom_msgs_srvs) by extension 'ros'
[0.438s] DEBUG:colcon.colcon_core.package_identification:Package 'src/Messages/custom_msgs_srvs' with type 'ros.ament_cmake' and name 'custom_msgs_srvs'
[0.438s] Level 1:colcon.colcon_core.package_identification:_identify(src/Teleop) by extensions ['ignore', 'ignore_ament_install']
[0.438s] Level 1:colcon.colcon_core.package_identification:_identify(src/Teleop) by extension 'ignore'
[0.438s] Level 1:colcon.colcon_core.package_identification:_identify(src/Teleop) by extension 'ignore_ament_install'
[0.438s] Level 1:colcon.colcon_core.package_identification:_identify(src/Teleop) by extensions ['colcon_pkg']
[0.438s] Level 1:colcon.colcon_core.package_identification:_identify(src/Teleop) by extension 'colcon_pkg'
[0.438s] Level 1:colcon.colcon_core.package_identification:_identify(src/Teleop) by extensions ['colcon_meta']
[0.438s] Level 1:colcon.colcon_core.package_identification:_identify(src/Teleop) by extension 'colcon_meta'
[0.438s] Level 1:colcon.colcon_core.package_identification:_identify(src/Teleop) by extensions ['ros']
[0.438s] Level 1:colcon.colcon_core.package_identification:_identify(src/Teleop) by extension 'ros'
[0.438s] Level 1:colcon.colcon_core.package_identification:_identify(src/Teleop) by extensions ['cmake', 'python']
[0.438s] Level 1:colcon.colcon_core.package_identification:_identify(src/Teleop) by extension 'cmake'
[0.439s] Level 1:colcon.colcon_core.package_identification:_identify(src/Teleop) by extension 'python'
[0.439s] Level 1:colcon.colcon_core.package_identification:_identify(src/Teleop) by extensions ['python_setup_py']
[0.439s] Level 1:colcon.colcon_core.package_identification:_identify(src/Teleop) by extension 'python_setup_py'
[0.439s] Level 1:colcon.colcon_core.package_identification:_identify(src/Teleop/arm) by extensions ['ignore', 'ignore_ament_install']
[0.439s] Level 1:colcon.colcon_core.package_identification:_identify(src/Teleop/arm) by extension 'ignore'
[0.439s] Level 1:colcon.colcon_core.package_identification:_identify(src/Teleop/arm) by extension 'ignore_ament_install'
[0.439s] Level 1:colcon.colcon_core.package_identification:_identify(src/Teleop/arm) by extensions ['colcon_pkg']
[0.439s] Level 1:colcon.colcon_core.package_identification:_identify(src/Teleop/arm) by extension 'colcon_pkg'
[0.439s] Level 1:colcon.colcon_core.package_identification:_identify(src/Teleop/arm) by extensions ['colcon_meta']
[0.439s] Level 1:colcon.colcon_core.package_identification:_identify(src/Teleop/arm) by extension 'colcon_meta'
[0.439s] Level 1:colcon.colcon_core.package_identification:_identify(src/Teleop/arm) by extensions ['ros']
[0.439s] Level 1:colcon.colcon_core.package_identification:_identify(src/Teleop/arm) by extension 'ros'
[0.440s] DEBUG:colcon.colcon_core.package_identification:Package 'src/Teleop/arm' with type 'ros.ament_python' and name 'arm'
[0.440s] Level 1:colcon.colcon_core.package_identification:_identify(src/Teleop/input) by extensions ['ignore', 'ignore_ament_install']
[0.440s] Level 1:colcon.colcon_core.package_identification:_identify(src/Teleop/input) by extension 'ignore'
[0.440s] Level 1:colcon.colcon_core.package_identification:_identify(src/Teleop/input) by extension 'ignore_ament_install'
[0.441s] Level 1:colcon.colcon_core.package_identification:_identify(src/Teleop/input) by extensions ['colcon_pkg']
[0.441s] Level 1:colcon.colcon_core.package_identification:_identify(src/Teleop/input) by extension 'colcon_pkg'
[0.441s] Level 1:colcon.colcon_core.package_identification:_identify(src/Teleop/input) by extensions ['colcon_meta']
[0.441s] Level 1:colcon.colcon_core.package_identification:_identify(src/Teleop/input) by extension 'colcon_meta'
[0.441s] Level 1:colcon.colcon_core.package_identification:_identify(src/Teleop/input) by extensions ['ros']
[0.441s] Level 1:colcon.colcon_core.package_identification:_identify(src/Teleop/input) by extension 'ros'
[0.442s] DEBUG:colcon.colcon_core.package_identification:Package 'src/Teleop/input' with type 'ros.ament_python' and name 'input'
[0.442s] Level 1:colcon.colcon_core.package_identification:_identify(src/Teleop/swerve) by extensions ['ignore', 'ignore_ament_install']
[0.443s] Level 1:colcon.colcon_core.package_identification:_identify(src/Teleop/swerve) by extension 'ignore'
[0.443s] Level 1:colcon.colcon_core.package_identification:_identify(src/Teleop/swerve) by extension 'ignore_ament_install'
[0.443s] Level 1:colcon.colcon_core.package_identification:_identify(src/Teleop/swerve) by extensions ['colcon_pkg']
[0.443s] Level 1:colcon.colcon_core.package_identification:_identify(src/Teleop/swerve) by extension 'colcon_pkg'
[0.443s] Level 1:colcon.colcon_core.package_identification:_identify(src/Teleop/swerve) by extensions ['colcon_meta']
[0.443s] Level 1:colcon.colcon_core.package_identification:_identify(src/Teleop/swerve) by extension 'colcon_meta'
[0.443s] Level 1:colcon.colcon_core.package_identification:_identify(src/Teleop/swerve) by extensions ['ros']
[0.443s] Level 1:colcon.colcon_core.package_identification:_identify(src/Teleop/swerve) by extension 'ros'
[0.444s] DEBUG:colcon.colcon_core.package_identification:Package 'src/Teleop/swerve' with type 'ros.ament_python' and name 'swerve'
[0.444s] Level 1:colcon.colcon_core.package_discovery:discover_packages(recursive) using defaults
[0.444s] Level 1:colcon.colcon_core.package_discovery:discover_packages(ignore) discover
[0.444s] Level 1:colcon.colcon_core.package_discovery:discover_packages(ignore) using defaults
[0.444s] Level 1:colcon.colcon_core.package_discovery:discover_packages(path) discover
[0.444s] Level 1:colcon.colcon_core.package_discovery:discover_packages(path) using defaults
[0.491s] Level 1:colcon.colcon_core.package_discovery:discover_packages(prefix_path) check parameters
[0.491s] Level 1:colcon.colcon_core.package_discovery:discover_packages(prefix_path) discover
[0.529s] DEBUG:colcon.colcon_installed_package_information.package_discovery:Found 363 installed packages in /home/balabalu/ros2_jazzy/install
[0.551s] Level 1:colcon.colcon_core.package_discovery:discover_packages(prefix_path) using defaults
[0.593s] Level 5:colcon.colcon_core.verb:set package 'arm' build argument 'cmake_args' from command line to 'None'
[0.594s] Level 5:colcon.colcon_core.verb:set package 'arm' build argument 'cmake_target' from command line to 'None'
[0.594s] Level 5:colcon.colcon_core.verb:set package 'arm' build argument 'cmake_target_skip_unavailable' from command line to 'False'
[0.594s] Level 5:colcon.colcon_core.verb:set package 'arm' build argument 'cmake_clean_cache' from command line to 'False'
[0.595s] Level 5:colcon.colcon_core.verb:set package 'arm' build argument 'cmake_clean_first' from command line to 'False'
[0.595s] Level 5:colcon.colcon_core.verb:set package 'arm' build argument 'cmake_force_configure' from command line to 'False'
[0.595s] Level 5:colcon.colcon_core.verb:set package 'arm' build argument 'ament_cmake_args' from command line to 'None'
[0.595s] Level 5:colcon.colcon_core.verb:set package 'arm' build argument 'catkin_cmake_args' from command line to 'None'
[0.595s] Level 5:colcon.colcon_core.verb:set package 'arm' build argument 'catkin_skip_building_tests' from command line to 'False'
[0.595s] DEBUG:colcon.colcon_core.verb:Building package 'arm' with the following arguments: {'ament_cmake_args': None, 'build_base': '/home/balabalu/workspace/WRoverSoftware/build/arm', 'catkin_cmake_args': None, 'catkin_skip_building_tests': False, 'cmake_args': None, 'cmake_clean_cache': False, 'cmake_clean_first': False, 'cmake_force_configure': False, 'cmake_target': None, 'cmake_target_skip_unavailable': False, 'install_base': '/home/balabalu/workspace/WRoverSoftware/install/arm', 'merge_install': False, 'path': '/home/balabalu/workspace/WRoverSoftware/src/Teleop/arm', 'symlink_install': False, 'test_result_base': None}
[0.596s] Level 5:colcon.colcon_core.verb:set package 'auto_implementation' build argument 'cmake_args' from command line to 'None'
[0.596s] Level 5:colcon.colcon_core.verb:set package 'auto_implementation' build argument 'cmake_target' from command line to 'None'
[0.596s] Level 5:colcon.colcon_core.verb:set package 'auto_implementation' build argument 'cmake_target_skip_unavailable' from command line to 'False'
[0.596s] Level 5:colcon.colcon_core.verb:set package 'auto_implementation' build argument 'cmake_clean_cache' from command line to 'False'
[0.596s] Level 5:colcon.colcon_core.verb:set package 'auto_implementation' build argument 'cmake_clean_first' from command line to 'False'
[0.596s] Level 5:colcon.colcon_core.verb:set package 'auto_implementation' build argument 'cmake_force_configure' from command line to 'False'
[0.596s] Level 5:colcon.colcon_core.verb:set package 'auto_implementation' build argument 'ament_cmake_args' from command line to 'None'
[0.596s] Level 5:colcon.colcon_core.verb:set package 'auto_implementation' build argument 'catkin_cmake_args' from command line to 'None'
[0.596s] Level 5:colcon.colcon_core.verb:set package 'auto_implementation' build argument 'catkin_skip_building_tests' from command line to 'False'
[0.596s] DEBUG:colcon.colcon_core.verb:Building package 'auto_implementation' with the following arguments: {'ament_cmake_args': None, 'build_base': '/home/balabalu/workspace/WRoverSoftware/build/auto_implementation', 'catkin_cmake_args': None, 'catkin_skip_building_tests': False, 'cmake_args': None, 'cmake_clean_cache': False, 'cmake_clean_first': False, 'cmake_force_configure': False, 'cmake_target': None, 'cmake_target_skip_unavailable': False, 'install_base': '/home/balabalu/workspace/WRoverSoftware/install/auto_implementation', 'merge_install': False, 'path': '/home/balabalu/workspace/WRoverSoftware/src/Autonomous/auto_implementation', 'symlink_install': False, 'test_result_base': None}
[0.597s] Level 5:colcon.colcon_core.verb:set package 'custom_msgs_srvs' build argument 'cmake_args' from command line to 'None'
[0.597s] Level 5:colcon.colcon_core.verb:set package 'custom_msgs_srvs' build argument 'cmake_target' from command line to 'None'
[0.597s] Level 5:colcon.colcon_core.verb:set package 'custom_msgs_srvs' build argument 'cmake_target_skip_unavailable' from command line to 'False'
[0.597s] Level 5:colcon.colcon_core.verb:set package 'custom_msgs_srvs' build argument 'cmake_clean_cache' from command line to 'False'
[0.597s] Level 5:colcon.colcon_core.verb:set package 'custom_msgs_srvs' build argument 'cmake_clean_first' from command line to 'False'
[0.597s] Level 5:colcon.colcon_core.verb:set package 'custom_msgs_srvs' build argument 'cmake_force_configure' from command line to 'False'
[0.597s] Level 5:colcon.colcon_core.verb:set package 'custom_msgs_srvs' build argument 'ament_cmake_args' from command line to 'None'
[0.597s] Level 5:colcon.colcon_core.verb:set package 'custom_msgs_srvs' build argument 'catkin_cmake_args' from command line to 'None'
[0.597s] Level 5:colcon.colcon_core.verb:set package 'custom_msgs_srvs' build argument 'catkin_skip_building_tests' from command line to 'False'
[0.597s] DEBUG:colcon.colcon_core.verb:Building package 'custom_msgs_srvs' with the following arguments: {'ament_cmake_args': None, 'build_base': '/home/balabalu/workspace/WRoverSoftware/build/custom_msgs_srvs', 'catkin_cmake_args': None, 'catkin_skip_building_tests': False, 'cmake_args': None, 'cmake_clean_cache': False, 'cmake_clean_first': False, 'cmake_force_configure': False, 'cmake_target': None, 'cmake_target_skip_unavailable': False, 'install_base': '/home/balabalu/workspace/WRoverSoftware/install/custom_msgs_srvs', 'merge_install': False, 'path': '/home/balabalu/workspace/WRoverSoftware/src/Messages/custom_msgs_srvs', 'symlink_install': False, 'test_result_base': None}
[0.598s] Level 5:colcon.colcon_core.verb:set package 'input' build argument 'cmake_args' from command line to 'None'
[0.598s] Level 5:colcon.colcon_core.verb:set package 'input' build argument 'cmake_target' from command line to 'None'
[0.598s] Level 5:colcon.colcon_core.verb:set package 'input' build argument 'cmake_target_skip_unavailable' from command line to 'False'
[0.598s] Level 5:colcon.colcon_core.verb:set package 'input' build argument 'cmake_clean_cache' from command line to 'False'
[0.598s] Level 5:colcon.colcon_core.verb:set package 'input' build argument 'cmake_clean_first' from command line to 'False'
[0.598s] Level 5:colcon.colcon_core.verb:set package 'input' build argument 'cmake_force_configure' from command line to 'False'
[0.598s] Level 5:colcon.colcon_core.verb:set package 'input' build argument 'ament_cmake_args' from command line to 'None'
[0.598s] Level 5:colcon.colcon_core.verb:set package 'input' build argument 'catkin_cmake_args' from command line to 'None'
[0.598s] Level 5:colcon.colcon_core.verb:set package 'input' build argument 'catkin_skip_building_tests' from command line to 'False'
[0.598s] DEBUG:colcon.colcon_core.verb:Building package 'input' with the following arguments: {'ament_cmake_args': None, 'build_base': '/home/balabalu/workspace/WRoverSoftware/build/input', 'catkin_cmake_args': None, 'catkin_skip_building_tests': False, 'cmake_args': None, 'cmake_clean_cache': False, 'cmake_clean_first': False, 'cmake_force_configure': False, 'cmake_target': None, 'cmake_target_skip_unavailable': False, 'install_base': '/home/balabalu/workspace/WRoverSoftware/install/input', 'merge_install': False, 'path': '/home/balabalu/workspace/WRoverSoftware/src/Teleop/input', 'symlink_install': False, 'test_result_base': None}
[0.599s] Level 5:colcon.colcon_core.verb:set package 'object_avoidance' build argument 'cmake_args' from command line to 'None'
[0.599s] Level 5:colcon.colcon_core.verb:set package 'object_avoidance' build argument 'cmake_target' from command line to 'None'
[0.599s] Level 5:colcon.colcon_core.verb:set package 'object_avoidance' build argument 'cmake_target_skip_unavailable' from command line to 'False'
[0.599s] Level 5:colcon.colcon_core.verb:set package 'object_avoidance' build argument 'cmake_clean_cache' from command line to 'False'
[0.599s] Level 5:colcon.colcon_core.verb:set package 'object_avoidance' build argument 'cmake_clean_first' from command line to 'False'
[0.599s] Level 5:colcon.colcon_core.verb:set package 'object_avoidance' build argument 'cmake_force_configure' from command line to 'False'
[0.599s] Level 5:colcon.colcon_core.verb:set package 'object_avoidance' build argument 'ament_cmake_args' from command line to 'None'
[0.599s] Level 5:colcon.colcon_core.verb:set package 'object_avoidance' build argument 'catkin_cmake_args' from command line to 'None'
[0.599s] Level 5:colcon.colcon_core.verb:set package 'object_avoidance' build argument 'catkin_skip_building_tests' from command line to 'False'
[0.599s] DEBUG:colcon.colcon_core.verb:Building package 'object_avoidance' with the following arguments: {'ament_cmake_args': None, 'build_base': '/home/balabalu/workspace/WRoverSoftware/build/object_avoidance', 'catkin_cmake_args': None, 'catkin_skip_building_tests': False, 'cmake_args': None, 'cmake_clean_cache': False, 'cmake_clean_first': False, 'cmake_force_configure': False, 'cmake_target': None, 'cmake_target_skip_unavailable': False, 'install_base': '/home/balabalu/workspace/WRoverSoftware/install/object_avoidance', 'merge_install': False, 'path': '/home/balabalu/workspace/WRoverSoftware/src/Autonomous/object_avoidance', 'symlink_install': False, 'test_result_base': None}
[0.600s] Level 5:colcon.colcon_core.verb:set package 'object_detection' build argument 'cmake_args' from command line to 'None'
[0.600s] Level 5:colcon.colcon_core.verb:set package 'object_detection' build argument 'cmake_target' from command line to 'None'
[0.600s] Level 5:colcon.colcon_core.verb:set package 'object_detection' build argument 'cmake_target_skip_unavailable' from command line to 'False'
[0.600s] Level 5:colcon.colcon_core.verb:set package 'object_detection' build argument 'cmake_clean_cache' from command line to 'False'
[0.600s] Level 5:colcon.colcon_core.verb:set package 'object_detection' build argument 'cmake_clean_first' from command line to 'False'
[0.600s] Level 5:colcon.colcon_core.verb:set package 'object_detection' build argument 'cmake_force_configure' from command line to 'False'
[0.600s] Level 5:colcon.colcon_core.verb:set package 'object_detection' build argument 'ament_cmake_args' from command line to 'None'
[0.600s] Level 5:colcon.colcon_core.verb:set package 'object_detection' build argument 'catkin_cmake_args' from command line to 'None'
[0.600s] Level 5:colcon.colcon_core.verb:set package 'object_detection' build argument 'catkin_skip_building_tests' from command line to 'False'
[0.600s] DEBUG:colcon.colcon_core.verb:Building package 'object_detection' with the following arguments: {'ament_cmake_args': None, 'build_base': '/home/balabalu/workspace/WRoverSoftware/build/object_detection', 'catkin_cmake_args': None, 'catkin_skip_building_tests': False, 'cmake_args': None, 'cmake_clean_cache': False, 'cmake_clean_first': False, 'cmake_force_configure': False, 'cmake_target': None, 'cmake_target_skip_unavailable': False, 'install_base': '/home/balabalu/workspace/WRoverSoftware/install/object_detection', 'merge_install': False, 'path': '/home/balabalu/workspace/WRoverSoftware/src/Autonomous/object_detection', 'symlink_install': False, 'test_result_base': None}
[0.601s] Level 5:colcon.colcon_core.verb:set package 'path_planning' build argument 'cmake_args' from command line to 'None'
[0.601s] Level 5:colcon.colcon_core.verb:set package 'path_planning' build argument 'cmake_target' from command line to 'None'
[0.601s] Level 5:colcon.colcon_core.verb:set package 'path_planning' build argument 'cmake_target_skip_unavailable' from command line to 'False'
[0.601s] Level 5:colcon.colcon_core.verb:set package 'path_planning' build argument 'cmake_clean_cache' from command line to 'False'
[0.601s] Level 5:colcon.colcon_core.verb:set package 'path_planning' build argument 'cmake_clean_first' from command line to 'False'
[0.601s] Level 5:colcon.colcon_core.verb:set package 'path_planning' build argument 'cmake_force_configure' from command line to 'False'
[0.601s] Level 5:colcon.colcon_core.verb:set package 'path_planning' build argument 'ament_cmake_args' from command line to 'None'
[0.601s] Level 5:colcon.colcon_core.verb:set package 'path_planning' build argument 'catkin_cmake_args' from command line to 'None'
[0.602s] Level 5:colcon.colcon_core.verb:set package 'path_planning' build argument 'catkin_skip_building_tests' from command line to 'False'
[0.602s] DEBUG:colcon.colcon_core.verb:Building package 'path_planning' with the following arguments: {'ament_cmake_args': None, 'build_base': '/home/balabalu/workspace/WRoverSoftware/build/path_planning', 'catkin_cmake_args': None, 'catkin_skip_building_tests': False, 'cmake_args': None, 'cmake_clean_cache': False, 'cmake_clean_first': False, 'cmake_force_configure': False, 'cmake_target': None, 'cmake_target_skip_unavailable': False, 'install_base': '/home/balabalu/workspace/WRoverSoftware/install/path_planning', 'merge_install': False, 'path': '/home/balabalu/workspace/WRoverSoftware/src/Autonomous/path_planning', 'symlink_install': False, 'test_result_base': None}
[0.602s] Level 5:colcon.colcon_core.verb:set package 'sensors' build argument 'cmake_args' from command line to 'None'
[0.602s] Level 5:colcon.colcon_core.verb:set package 'sensors' build argument 'cmake_target' from command line to 'None'
[0.602s] Level 5:colcon.colcon_core.verb:set package 'sensors' build argument 'cmake_target_skip_unavailable' from command line to 'False'
[0.602s] Level 5:colcon.colcon_core.verb:set package 'sensors' build argument 'cmake_clean_cache' from command line to 'False'
[0.602s] Level 5:colcon.colcon_core.verb:set package 'sensors' build argument 'cmake_clean_first' from command line to 'False'
[0.602s] Level 5:colcon.colcon_core.verb:set package 'sensors' build argument 'cmake_force_configure' from command line to 'False'
[0.602s] Level 5:colcon.colcon_core.verb:set package 'sensors' build argument 'ament_cmake_args' from command line to 'None'
[0.602s] Level 5:colcon.colcon_core.verb:set package 'sensors' build argument 'catkin_cmake_args' from command line to 'None'
[0.603s] Level 5:colcon.colcon_core.verb:set package 'sensors' build argument 'catkin_skip_building_tests' from command line to 'False'
[0.603s] DEBUG:colcon.colcon_core.verb:Building package 'sensors' with the following arguments: {'ament_cmake_args': None, 'build_base': '/home/balabalu/workspace/WRoverSoftware/build/sensors', 'catkin_cmake_args': None, 'catkin_skip_building_tests': False, 'cmake_args': None, 'cmake_clean_cache': False, 'cmake_clean_first': False, 'cmake_force_configure': False, 'cmake_target': None, 'cmake_target_skip_unavailable': False, 'install_base': '/home/balabalu/workspace/WRoverSoftware/install/sensors', 'merge_install': False, 'path': '/home/balabalu/workspace/WRoverSoftware/src/Autonomous/sensors', 'symlink_install': False, 'test_result_base': None}
[0.603s] Level 5:colcon.colcon_core.verb:set package 'state_machine' build argument 'cmake_args' from command line to 'None'
[0.603s] Level 5:colcon.colcon_core.verb:set package 'state_machine' build argument 'cmake_target' from command line to 'None'
[0.603s] Level 5:colcon.colcon_core.verb:set package 'state_machine' build argument 'cmake_target_skip_unavailable' from command line to 'False'
[0.603s] Level 5:colcon.colcon_core.verb:set package 'state_machine' build argument 'cmake_clean_cache' from command line to 'False'
[0.604s] Level 5:colcon.colcon_core.verb:set package 'state_machine' build argument 'cmake_clean_first' from command line to 'False'
[0.604s] Level 5:colcon.colcon_core.verb:set package 'state_machine' build argument 'cmake_force_configure' from command line to 'False'
[0.604s] Level 5:colcon.colcon_core.verb:set package 'state_machine' build argument 'ament_cmake_args' from command line to 'None'
[0.604s] Level 5:colcon.colcon_core.verb:set package 'state_machine' build argument 'catkin_cmake_args' from command line to 'None'
[0.604s] Level 5:colcon.colcon_core.verb:set package 'state_machine' build argument 'catkin_skip_building_tests' from command line to 'False'
[0.604s] DEBUG:colcon.colcon_core.verb:Building package 'state_machine' with the following arguments: {'ament_cmake_args': None, 'build_base': '/home/balabalu/workspace/WRoverSoftware/build/state_machine', 'catkin_cmake_args': None, 'catkin_skip_building_tests': False, 'cmake_args': None, 'cmake_clean_cache': False, 'cmake_clean_first': False, 'cmake_force_configure': False, 'cmake_target': None, 'cmake_target_skip_unavailable': False, 'install_base': '/home/balabalu/workspace/WRoverSoftware/install/state_machine', 'merge_install': False, 'path': '/home/balabalu/workspace/WRoverSoftware/src/Autonomous/state_machine', 'symlink_install': False, 'test_result_base': None}
[0.604s] Level 5:colcon.colcon_core.verb:set package 'swerve' build argument 'cmake_args' from command line to 'None'
[0.604s] Level 5:colcon.colcon_core.verb:set package 'swerve' build argument 'cmake_target' from command line to 'None'
[0.604s] Level 5:colcon.colcon_core.verb:set package 'swerve' build argument 'cmake_target_skip_unavailable' from command line to 'False'
[0.604s] Level 5:colcon.colcon_core.verb:set package 'swerve' build argument 'cmake_clean_cache' from command line to 'False'
[0.604s] Level 5:colcon.colcon_core.verb:set package 'swerve' build argument 'cmake_clean_first' from command line to 'False'
[0.604s] Level 5:colcon.colcon_core.verb:set package 'swerve' build argument 'cmake_force_configure' from command line to 'False'
[0.604s] Level 5:colcon.colcon_core.verb:set package 'swerve' build argument 'ament_cmake_args' from command line to 'None'
[0.604s] Level 5:colcon.colcon_core.verb:set package 'swerve' build argument 'catkin_cmake_args' from command line to 'None'
[0.605s] Level 5:colcon.colcon_core.verb:set package 'swerve' build argument 'catkin_skip_building_tests' from command line to 'False'
[0.605s] DEBUG:colcon.colcon_core.verb:Building package 'swerve' with the following arguments: {'ament_cmake_args': None, 'build_base': '/home/balabalu/workspace/WRoverSoftware/build/swerve', 'catkin_cmake_args': None, 'catkin_skip_building_tests': False, 'cmake_args': None, 'cmake_clean_cache': False, 'cmake_clean_first': False, 'cmake_force_configure': False, 'cmake_target': None, 'cmake_target_skip_unavailable': False, 'install_base': '/home/balabalu/workspace/WRoverSoftware/install/swerve', 'merge_install': False, 'path': '/home/balabalu/workspace/WRoverSoftware/src/Teleop/swerve', 'symlink_install': False, 'test_result_base': None}
[0.605s] INFO:colcon.colcon_core.executor:Executing jobs using 'parallel' executor
[0.607s] DEBUG:colcon.colcon_parallel_executor.executor.parallel:run_until_complete
[0.608s] INFO:colcon.colcon_ros.task.ament_python.build:Building ROS package in '/home/balabalu/workspace/WRoverSoftware/src/Teleop/arm' with build type 'ament_python'
[0.609s] Level 1:colcon.colcon_core.shell:create_environment_hook('arm', 'ament_prefix_path')
[0.621s] INFO:colcon.colcon_core.plugin_system:Skipping extension 'colcon_core.shell.bat': Not used on non-Windows systems
[0.621s] INFO:colcon.colcon_core.shell:Creating environment hook '/home/balabalu/workspace/WRoverSoftware/install/arm/share/arm/hook/ament_prefix_path.ps1'
[0.622s] INFO:colcon.colcon_core.shell:Creating environment descriptor '/home/balabalu/workspace/WRoverSoftware/install/arm/share/arm/hook/ament_prefix_path.dsv'
[0.624s] INFO:colcon.colcon_core.shell:Creating environment hook '/home/balabalu/workspace/WRoverSoftware/install/arm/share/arm/hook/ament_prefix_path.sh'
[0.625s] INFO:colcon.colcon_core.shell:Skip shell extension 'powershell' for command environment: Not usable outside of PowerShell
[0.626s] DEBUG:colcon.colcon_core.shell:Skip shell extension 'dsv' for command environment
[0.662s] INFO:colcon.colcon_ros.task.ament_python.build:Building ROS package in '/home/balabalu/workspace/WRoverSoftware/src/Autonomous/auto_implementation' with build type 'ament_python'
[0.662s] Level 1:colcon.colcon_core.shell:create_environment_hook('auto_implementation', 'ament_prefix_path')
[0.663s] INFO:colcon.colcon_core.shell:Creating environment hook '/home/balabalu/workspace/WRoverSoftware/install/auto_implementation/share/auto_implementation/hook/ament_prefix_path.ps1'
[0.665s] INFO:colcon.colcon_core.shell:Creating environment descriptor '/home/balabalu/workspace/WRoverSoftware/install/auto_implementation/share/auto_implementation/hook/ament_prefix_path.dsv'
[0.665s] INFO:colcon.colcon_core.shell:Creating environment hook '/home/balabalu/workspace/WRoverSoftware/install/auto_implementation/share/auto_implementation/hook/ament_prefix_path.sh'
[0.666s] INFO:colcon.colcon_core.shell:Skip shell extension 'powershell' for command environment: Not usable outside of PowerShell
[0.666s] DEBUG:colcon.colcon_core.shell:Skip shell extension 'dsv' for command environment
[0.701s] INFO:colcon.colcon_ros.task.ament_cmake.build:Building ROS package in '/home/balabalu/workspace/WRoverSoftware/src/Messages/custom_msgs_srvs' with build type 'ament_cmake'
[0.702s] INFO:colcon.colcon_cmake.task.cmake.build:Building CMake package in '/home/balabalu/workspace/WRoverSoftware/src/Messages/custom_msgs_srvs'
[0.703s] INFO:colcon.colcon_core.shell:Skip shell extension 'powershell' for command environment: Not usable outside of PowerShell
[0.703s] DEBUG:colcon.colcon_core.shell:Skip shell extension 'dsv' for command environment
[0.741s] INFO:colcon.colcon_ros.task.ament_python.build:Building ROS package in '/home/balabalu/workspace/WRoverSoftware/src/Teleop/input' with build type 'ament_python'
[0.742s] Level 1:colcon.colcon_core.shell:create_environment_hook('input', 'ament_prefix_path')
[0.742s] INFO:colcon.colcon_core.shell:Creating environment hook '/home/balabalu/workspace/WRoverSoftware/install/input/share/input/hook/ament_prefix_path.ps1'
[0.743s] INFO:colcon.colcon_core.shell:Creating environment descriptor '/home/balabalu/workspace/WRoverSoftware/install/input/share/input/hook/ament_prefix_path.dsv'
[0.744s] INFO:colcon.colcon_core.shell:Creating environment hook '/home/balabalu/workspace/WRoverSoftware/install/input/share/input/hook/ament_prefix_path.sh'
[0.745s] INFO:colcon.colcon_core.shell:Skip shell extension 'powershell' for command environment: Not usable outside of PowerShell
[0.745s] DEBUG:colcon.colcon_core.shell:Skip shell extension 'dsv' for command environment
[0.778s] INFO:colcon.colcon_ros.task.ament_python.build:Building ROS package in '/home/balabalu/workspace/WRoverSoftware/src/Autonomous/object_avoidance' with build type 'ament_python'
[0.778s] Level 1:colcon.colcon_core.shell:create_environment_hook('object_avoidance', 'ament_prefix_path')
[0.778s] INFO:colcon.colcon_core.shell:Creating environment hook '/home/balabalu/workspace/WRoverSoftware/install/object_avoidance/share/object_avoidance/hook/ament_prefix_path.ps1'
[0.779s] INFO:colcon.colcon_core.shell:Creating environment descriptor '/home/balabalu/workspace/WRoverSoftware/install/object_avoidance/share/object_avoidance/hook/ament_prefix_path.dsv'
[0.780s] INFO:colcon.colcon_core.shell:Creating environment hook '/home/balabalu/workspace/WRoverSoftware/install/object_avoidance/share/object_avoidance/hook/ament_prefix_path.sh'
[0.781s] INFO:colcon.colcon_core.shell:Skip shell extension 'powershell' for command environment: Not usable outside of PowerShell
[0.781s] DEBUG:colcon.colcon_core.shell:Skip shell extension 'dsv' for command environment
[1.530s] INFO:colcon.colcon_core.task.python.build:Building Python package in '/home/balabalu/workspace/WRoverSoftware/src/Teleop/arm'
[1.531s] INFO:colcon.colcon_core.shell:Skip shell extension 'powershell' for command environment: Not usable outside of PowerShell
[1.531s] DEBUG:colcon.colcon_core.shell:Skip shell extension 'dsv' for command environment
[2.243s] DEBUG:colcon.colcon_core.event_handler.log_command:Invoking command in '/home/balabalu/workspace/WRoverSoftware/build/custom_msgs_srvs': CMAKE_PREFIX_PATH=${CMAKE_PREFIX_PATH}:/home/balabalu/ros2_jazzy/install/rqt_bag_plugins:/home/balabalu/ros2_jazzy/install/rqt_bag:/home/balabalu/ros2_jazzy/install/rosbag2_examples_py:/home/balabalu/ros2_jazzy/install/launch_testing_examples:/home/balabalu/ros2_jazzy/install/ros2bag:/home/balabalu/ros2_jazzy/install/tracetools_test:/home/balabalu/ros2_jazzy/install/tracetools_launch:/home/balabalu/ros2_jazzy/install/topic_monitor:/home/balabalu/ros2_jazzy/install/tf2_tools:/home/balabalu/ros2_jazzy/install/examples_tf2_py:/home/balabalu/ros2_jazzy/install/tf2_ros_py:/home/balabalu/ros2_jazzy/install/examples_rclpy_pointcloud_publisher:/home/balabalu/ros2_jazzy/install/sensor_msgs_py:/home/balabalu/ros2_jazzy/install/quality_of_service_demo_py:/home/balabalu/ros2_jazzy/install/rqt_plot:/home/balabalu/ros2_jazzy/install/ros2doctor:/home/balabalu/ros2_jazzy/install/lifecycle_py:/home/balabalu/ros2_jazzy/install/examples_rclpy_minimal_subscriber:/home/balabalu/ros2_jazzy/install/examples_rclpy_minimal_service:/home/balabalu/ros2_jazzy/install/examples_rclpy_minimal_publisher:/home/balabalu/ros2_jazzy/install/examples_rclpy_minimal_client:/home/balabalu/ros2_jazzy/install/examples_rclpy_executors:/home/balabalu/ros2_jazzy/install/demo_nodes_py:/home/balabalu/ros2_jazzy/install/rqt:/home/balabalu/ros2_jazzy/install/ros2component:/home/balabalu/ros2_jazzy/install/sros2:/home/balabalu/ros2_jazzy/install/rqt_topic:/home/balabalu/ros2_jazzy/install/rqt_srv:/home/balabalu/ros2_jazzy/install/rqt_shell:/home/balabalu/ros2_jazzy/install/rqt_service_caller:/home/balabalu/ros2_jazzy/install/rqt_reconfigure:/home/balabalu/ros2_jazzy/install/rqt_py_console:/home/balabalu/ros2_jazzy/install/rqt_publisher:/home/balabalu/ros2_jazzy/install/rqt_action:/home/balabalu/ros2_jazzy/install/rqt_msg:/home/balabalu/ros2_jazzy/install/rqt_console:/home/balabalu/ros2_jazzy/install/rqt_graph:/home/balabalu/ros2_jazzy/install/rqt_gui_py:/home/balabalu/ros2_jazzy/install/rqt_gui:/home/balabalu/ros2_jazzy/install/ros2trace:/home/balabalu/ros2_jazzy/install/ros2topic:/home/balabalu/ros2_jazzy/install/ros2test:/home/balabalu/ros2_jazzy/install/ros2param:/home/balabalu/ros2_jazzy/install/ros2lifecycle:/home/balabalu/ros2_jazzy/install/ros2service:/home/balabalu/ros2_jazzy/install/ros2run:/home/balabalu/ros2_jazzy/install/ros2launch:/home/balabalu/ros2_jazzy/install/ros2pkg:/home/balabalu/ros2_jazzy/install/ros2node:/home/balabalu/ros2_jazzy/install/ros2multicast:/home/balabalu/ros2_jazzy/install/ros2interface:/home/balabalu/ros2_jazzy/install/ros2action:/home/balabalu/ros2_jazzy/install/ros2cli:/home/balabalu/ros2_jazzy/install/launch_testing_ros:/home/balabalu/ros2_jazzy/install/launch_ros:/home/balabalu/ros2_jazzy/install/examples_rclpy_minimal_action_server:/home/balabalu/ros2_jazzy/install/examples_rclpy_minimal_action_client:/home/balabalu/ros2_jazzy/install/examples_rclpy_guard_conditions:/home/balabalu/ros2_jazzy/install/action_tutorials_py:/home/balabalu/ros2_jazzy/install/ament_uncrustify:/home/balabalu/ros2_jazzy/install/tracetools_trace:/home/balabalu/ros2_jazzy/install/tracetools_read:/home/balabalu/ros2_jazzy/install/test_tracetools_launch:/home/balabalu/ros2_jazzy/install/test_ros2trace:/home/balabalu/ros2_jazzy/install/test_launch_ros:/home/balabalu/ros2_jazzy/install/rpyutils:/home/balabalu/ros2_jazzy/install/rosidl_runtime_py:/home/balabalu/ros2_jazzy/install/rosidl_pycommon:/home/balabalu/ros2_jazzy/install/rosidl_cli:/home/balabalu/ros2_jazzy/install/launch_pytest:/home/balabalu/ros2_jazzy/install/launch_testing:/home/balabalu/ros2_jazzy/install/launch_yaml:/home/balabalu/ros2_jazzy/install/launch_xml:/home/balabalu/ros2_jazzy/install/launch:/home/balabalu/ros2_jazzy/install/osrf_pycommon:/home/balabalu/ros2_jazzy/install/domain_coordinator:/home/balabalu/ros2_jazzy/install/ament_xmllint:/home/balabalu/ros2_jazzy/install/ament_pyflakes:/home/balabalu/ros2_jazzy/install/ament_pycodestyle:/home/balabalu/ros2_jazzy/install/ament_pep257:/home/balabalu/ros2_jazzy/install/ament_pclint:/home/balabalu/ros2_jazzy/install/ament_package:/home/balabalu/ros2_jazzy/install/ament_mypy:/home/balabalu/ros2_jazzy/install/ament_lint_cmake:/home/balabalu/ros2_jazzy/install/ament_flake8:/home/balabalu/ros2_jazzy/install/ament_copyright:/home/balabalu/ros2_jazzy/install/ament_lint:/home/balabalu/ros2_jazzy/install/ament_index_python:/home/balabalu/ros2_jazzy/install/ament_cpplint:/home/balabalu/ros2_jazzy/install/ament_cppcheck:/home/balabalu/ros2_jazzy/install/ament_clang_tidy:/home/balabalu/ros2_jazzy/install/ament_clang_format DEBUGINFOD_URLS=https://debuginfod.ubuntu.com /usr/bin/cmake /home/balabalu/workspace/WRoverSoftware/src/Messages/custom_msgs_srvs -DCMAKE_INSTALL_PREFIX=/home/balabalu/workspace/WRoverSoftware/install/custom_msgs_srvs
[3.007s] INFO:colcon.colcon_core.task.python.build:Building Python package in '/home/balabalu/workspace/WRoverSoftware/src/Teleop/input'
[3.007s] INFO:colcon.colcon_core.shell:Skip shell extension 'powershell' for command environment: Not usable outside of PowerShell
[3.007s] DEBUG:colcon.colcon_core.shell:Skip shell extension 'dsv' for command environment
[3.089s] DEBUG:colcon.colcon_parallel_executor.executor.parallel:closing loop
[3.090s] DEBUG:colcon.colcon_parallel_executor.executor.parallel:loop closed
[3.090s] DEBUG:colcon.colcon_parallel_executor.executor.parallel:run_until_complete finished with 'Command '['/usr/bin/python3', '-c', 'import sys;from contextlib import suppress;exec("with suppress(ImportError):    from setuptools.extern.packaging.specifiers    import SpecifierSet");exec("with suppress(ImportError):    from packaging.specifiers import SpecifierSet");from distutils.core import run_setup;dist = run_setup(    \'setup.py\', script_args=(\'--dry-run\',), stop_after=\'config\');skip_keys = (\'cmdclass\', \'distclass\', \'ext_modules\', \'metadata\');data = {    key: value for key, value in dist.__dict__.items()     if (        not key.startswith(\'_\') and         not callable(value) and         key not in skip_keys and         key not in dist.display_option_names    )};data[\'metadata\'] = {    k: v for k, v in dist.metadata.__dict__.items()     if k not in (\'license_files\', \'provides_extras\')};sys.stdout.buffer.write(repr(data).encode(\'utf-8\'))']' returned non-zero exit status 1.'
[3.090s] DEBUG:colcon.colcon_core.event_reactor:joining thread
[3.111s] INFO:colcon.colcon_core.plugin_system:Skipping extension 'colcon_notification.desktop_notification.terminal_notifier': Not used on non-Darwin systems
[3.112s] INFO:colcon.colcon_core.plugin_system:Skipping extension 'colcon_notification.desktop_notification.win32': Not used on non-Windows systems
[3.112s] INFO:colcon.colcon_notification.desktop_notification:Sending desktop notification using 'notify2'
[3.147s] DEBUG:colcon.colcon_core.event_reactor:joined thread
[3.148s] INFO:colcon.colcon_core.shell:Creating prefix script '/home/balabalu/workspace/WRoverSoftware/install/local_setup.ps1'
[3.157s] INFO:colcon.colcon_core.shell:Creating prefix util module '/home/balabalu/workspace/WRoverSoftware/install/_local_setup_util_ps1.py'
[3.160s] INFO:colcon.colcon_core.shell:Creating prefix chain script '/home/balabalu/workspace/WRoverSoftware/install/setup.ps1'
[3.181s] INFO:colcon.colcon_core.shell:Creating prefix script '/home/balabalu/workspace/WRoverSoftware/install/local_setup.sh'
[3.182s] INFO:colcon.colcon_core.shell:Creating prefix util module '/home/balabalu/workspace/WRoverSoftware/install/_local_setup_util_sh.py'
[3.182s] INFO:colcon.colcon_core.shell:Creating prefix chain script '/home/balabalu/workspace/WRoverSoftware/install/setup.sh'
[3.199s] INFO:colcon.colcon_core.shell:Creating prefix script '/home/balabalu/workspace/WRoverSoftware/install/local_setup.bash'
[3.200s] INFO:colcon.colcon_core.shell:Creating prefix chain script '/home/balabalu/workspace/WRoverSoftware/install/setup.bash'
[3.221s] INFO:colcon.colcon_core.shell:Creating prefix script '/home/balabalu/workspace/WRoverSoftware/install/local_setup.zsh'
[3.222s] INFO:colcon.colcon_core.shell:Creating prefix chain script '/home/balabalu/workspace/WRoverSoftware/install/setup.zsh'
