running egg_info
writing ../../build/wr_swerve_control/wr_swerve_control.egg-info/PKG-INFO
writing dependency_links to ../../build/wr_swerve_control/wr_swerve_control.egg-info/dependency_links.txt
writing entry points to ../../build/wr_swerve_control/wr_swerve_control.egg-info/entry_points.txt
writing requirements to ../../build/wr_swerve_control/wr_swerve_control.egg-info/requires.txt
writing top-level names to ../../build/wr_swerve_control/wr_swerve_control.egg-info/top_level.txt
reading manifest file '../../build/wr_swerve_control/wr_swerve_control.egg-info/SOURCES.txt'
adding license file 'LICENSE'
writing manifest file '../../build/wr_swerve_control/wr_swerve_control.egg-info/SOURCES.txt'
running build
running build_py
copying wr_swerve_control/swerve_control.py -> /home/wiscrobo/WRoverMotorControl/WRoverSoftware/build/wr_swerve_control/build/lib/wr_swerve_control
running install
running install_lib
copying /home/wiscrobo/WRoverMotorControl/WRoverSoftware/build/wr_swerve_control/build/lib/wr_swerve_control/swerve_control.py -> /home/wiscrobo/WRoverMotorControl/WRoverSoftware/install/wr_swerve_control/lib/python3.10/site-packages/wr_swerve_control
byte-compiling /home/wiscrobo/WRoverMotorControl/WRoverSoftware/install/wr_swerve_control/lib/python3.10/site-packages/wr_swerve_control/swerve_control.py to swerve_control.cpython-310.pyc
running install_data
running install_egg_info
removing '/home/wiscrobo/WRoverMotorControl/WRoverSoftware/install/wr_swerve_control/lib/python3.10/site-packages/wr_swerve_control-0.0.0-py3.10.egg-info' (and everything under it)
Copying ../../build/wr_swerve_control/wr_swerve_control.egg-info to /home/wiscrobo/WRoverMotorControl/WRoverSoftware/install/wr_swerve_control/lib/python3.10/site-packages/wr_swerve_control-0.0.0-py3.10.egg-info
running install_scripts
Installing swerve_control script to /home/wiscrobo/WRoverMotorControl/WRoverSoftware/install/wr_swerve_control/lib/wr_swerve_control
writing list of installed files to '/home/wiscrobo/WRoverMotorControl/WRoverSoftware/build/wr_swerve_control/install.log'
