running egg_info
writing ../../../build/arm/arm.egg-info/PKG-INFO
writing dependency_links to ../../../build/arm/arm.egg-info/dependency_links.txt
writing entry points to ../../../build/arm/arm.egg-info/entry_points.txt
writing requirements to ../../../build/arm/arm.egg-info/requires.txt
writing top-level names to ../../../build/arm/arm.egg-info/top_level.txt
reading manifest file '../../../build/arm/arm.egg-info/SOURCES.txt'
adding license file 'LICENSE'
writing manifest file '../../../build/arm/arm.egg-info/SOURCES.txt'
running build
running build_py
running install
running install_lib
running install_data
running install_egg_info
removing '/home/balabalu/workspace/WRoverSoftware/install/arm/lib/python3.12/site-packages/arm-0.0.0-py3.12.egg-info' (and everything under it)
Copying ../../../build/arm/arm.egg-info to /home/balabalu/workspace/WRoverSoftware/install/arm/lib/python3.12/site-packages/arm-0.0.0-py3.12.egg-info
running install_scripts
Installing IK_logic script to /home/balabalu/workspace/WRoverSoftware/install/arm/lib/arm
Installing arm_ik script to /home/balabalu/workspace/WRoverSoftware/install/arm/lib/arm
Installing arm_teleop script to /home/balabalu/workspace/WRoverSoftware/install/arm/lib/arm
writing list of installed files to '/home/balabalu/workspace/WRoverSoftware/build/arm/install.log'
