-- The C compiler identification is GNU 13.3.0
-- The CXX compiler identification is GNU 13.3.0
-- Detecting C compiler ABI info
-- Detecting C compiler ABI info - done
-- Check for working C compiler: /usr/bin/cc - skipped
-- Detecting C compile features
-- Detecting C compile features - done
-- Detecting CXX compiler ABI info
-- Detecting CXX compiler ABI info - done
-- Check for working CXX compiler: /usr/bin/c++ - skipped
-- Detecting CXX compile features
-- Detecting CXX compile features - done
-- Found ament_cmake: 2.5.0 (/home/balabalu/ros2_jazzy/install/ament_cmake/share/ament_cmake/cmake)
-- Found Python3: /usr/bin/python3 (found version "3.12.3") found components: Interpreter 
-- Found ament_lint_auto: 0.17.0 (/home/balabalu/ros2_jazzy/install/ament_lint_auto/share/ament_lint_auto/cmake)
-- Added test 'lint_cmake' to check CMake code style
-- Added test 'xmllint' to check XML markup files
-- Configuring done (3.6s)
-- Generating done (0.0s)
-- Build files have been written to: /home/balabalu/workspace/WRoverSoftware/build/custom_msgs_srvs
-- Install configuration: ""
-- Installing: /home/balabalu/workspace/WRoverSoftware/install/custom_msgs_srvs/share/ament_index/resource_index/package_run_dependencies/custom_msgs_srvs
-- Installing: /home/balabalu/workspace/WRoverSoftware/install/custom_msgs_srvs/share/ament_index/resource_index/parent_prefix_path/custom_msgs_srvs
-- Installing: /home/balabalu/workspace/WRoverSoftware/install/custom_msgs_srvs/share/custom_msgs_srvs/environment/ament_prefix_path.sh
-- Installing: /home/balabalu/workspace/WRoverSoftware/install/custom_msgs_srvs/share/custom_msgs_srvs/environment/ament_prefix_path.dsv
-- Installing: /home/balabalu/workspace/WRoverSoftware/install/custom_msgs_srvs/share/custom_msgs_srvs/environment/path.sh
-- Installing: /home/balabalu/workspace/WRoverSoftware/install/custom_msgs_srvs/share/custom_msgs_srvs/environment/path.dsv
-- Installing: /home/balabalu/workspace/WRoverSoftware/install/custom_msgs_srvs/share/custom_msgs_srvs/local_setup.bash
-- Installing: /home/balabalu/workspace/WRoverSoftware/install/custom_msgs_srvs/share/custom_msgs_srvs/local_setup.sh
-- Installing: /home/balabalu/workspace/WRoverSoftware/install/custom_msgs_srvs/share/custom_msgs_srvs/local_setup.zsh
-- Installing: /home/balabalu/workspace/WRoverSoftware/install/custom_msgs_srvs/share/custom_msgs_srvs/local_setup.dsv
-- Installing: /home/balabalu/workspace/WRoverSoftware/install/custom_msgs_srvs/share/custom_msgs_srvs/package.dsv
-- Installing: /home/balabalu/workspace/WRoverSoftware/install/custom_msgs_srvs/share/ament_index/resource_index/packages/custom_msgs_srvs
-- Installing: /home/balabalu/workspace/WRoverSoftware/install/custom_msgs_srvs/share/custom_msgs_srvs/cmake/custom_msgs_srvsConfig.cmake
-- Installing: /home/balabalu/workspace/WRoverSoftware/install/custom_msgs_srvs/share/custom_msgs_srvs/cmake/custom_msgs_srvsConfig-version.cmake
-- Installing: /home/balabalu/workspace/WRoverSoftware/install/custom_msgs_srvs/share/custom_msgs_srvs/package.xml
