[4.174s] Invoking command in '/home/balabalu/workspace/WRoverSoftware/src/Teleop/input': DEBUGINFOD_URLS=https://debuginfod.ubuntu.com PYTHONPATH=/home/balabalu/workspace/WRoverSoftware/build/input/prefix_override:/home/balabalu/workspace/WRoverSoftware/install/input/lib/python3.12/site-packages:${PYTHONPATH} /usr/bin/python3 -W ignore:setup.py install is deprecated setup.py egg_info --egg-base ../../../build/input build --build-base /home/balabalu/workspace/WRoverSoftware/build/input/build install --record /home/balabalu/workspace/WRoverSoftware/build/input/install.log --single-version-externally-managed install_data
[4.875s] running egg_info
[4.952s] writing ../../../build/input/input.egg-info/PKG-INFO
[4.952s] writing dependency_links to ../../../build/input/input.egg-info/dependency_links.txt
[4.964s] writing entry points to ../../../build/input/input.egg-info/entry_points.txt
[4.964s] writing requirements to ../../../build/input/input.egg-info/requires.txt
[4.964s] writing top-level names to ../../../build/input/input.egg-info/top_level.txt
[5.064s] reading manifest file '../../../build/input/input.egg-info/SOURCES.txt'
[5.070s] adding license file 'LICENSE'
[5.070s] writing manifest file '../../../build/input/input.egg-info/SOURCES.txt'
[5.070s] running build
[5.070s] running build_py
[5.070s] running install
[5.084s] running install_lib
[5.155s] running install_data
[5.155s] running install_egg_info
[5.219s] removing '/home/balabalu/workspace/WRoverSoftware/install/input/lib/python3.12/site-packages/input-0.0.0-py3.12.egg-info' (and everything under it)
[5.219s] Copying ../../../build/input/input.egg-info to /home/balabalu/workspace/WRoverSoftware/install/input/lib/python3.12/site-packages/input-0.0.0-py3.12.egg-info
[5.221s] running install_scripts
[5.581s] Installing joystick_input script to /home/balabalu/workspace/WRoverSoftware/install/input/lib/input
[5.582s] Installing xbox_input script to /home/balabalu/workspace/WRoverSoftware/install/input/lib/input
[5.582s] writing list of installed files to '/home/balabalu/workspace/WRoverSoftware/build/input/install.log'
[5.644s] Invoked command in '/home/balabalu/workspace/WRoverSoftware/src/Teleop/input' returned '0': DEBUGINFOD_URLS=https://debuginfod.ubuntu.com PYTHONPATH=/home/balabalu/workspace/WRoverSoftware/build/input/prefix_override:/home/balabalu/workspace/WRoverSoftware/install/input/lib/python3.12/site-packages:${PYTHONPATH} /usr/bin/python3 -W ignore:setup.py install is deprecated setup.py egg_info --egg-base ../../../build/input build --build-base /home/balabalu/workspace/WRoverSoftware/build/input/build install --record /home/balabalu/workspace/WRoverSoftware/build/input/install.log --single-version-externally-managed install_data
