[0.010s] Invoking command in '/workspace/build/urdf_visualization': CMAKE_PREFIX_PATH=${CMAKE_PREFIX_PATH}:/opt/ros/jazzy /usr/bin/cmake /workspace/src/urdf_visualization -DCMAKE_INSTALL_PREFIX=/workspace/install/urdf_visualization
[0.123s] -- The C compiler identification is GNU 13.2.0
[0.233s] -- The CXX compiler identification is GNU 13.2.0
[0.251s] -- Detecting C compiler ABI info
[0.383s] -- Detecting C compiler ABI info - done
[0.389s] -- Check for working C compiler: /usr/bin/cc - skipped
[0.389s] -- Detecting C compile features
[0.390s] -- Detecting C compile features - done
[0.399s] -- Detecting CXX compiler ABI info
[0.544s] -- Detecting CXX compiler ABI info - done
[0.550s] -- Check for working CXX compiler: /usr/bin/c++ - skipped
[0.551s] -- Detecting CXX compile features
[0.551s] -- Detecting CXX compile features - done
[0.558s] -- Found ament_cmake: 2.5.2 (/opt/ros/jazzy/share/ament_cmake/cmake)
[0.671s] -- Found Python3: /usr/bin/python3 (found version "3.12.3") found components: Interpreter 
[0.785s] -- Found ament_lint_auto: 0.17.1 (/opt/ros/jazzy/share/ament_lint_auto/cmake)
[0.878s] -- Added test 'lint_cmake' to check CMake code style
[0.879s] -- Added test 'xmllint' to check XML markup files
[0.881s] -- Configuring done (0.9s)
[0.883s] -- Generating done (0.0s)
[0.883s] -- Build files have been written to: /workspace/build/urdf_visualization
[0.887s] Invoked command in '/workspace/build/urdf_visualization' returned '0': CMAKE_PREFIX_PATH=${CMAKE_PREFIX_PATH}:/opt/ros/jazzy /usr/bin/cmake /workspace/src/urdf_visualization -DCMAKE_INSTALL_PREFIX=/workspace/install/urdf_visualization
[0.888s] Invoking command in '/workspace/build/urdf_visualization': CMAKE_PREFIX_PATH=${CMAKE_PREFIX_PATH}:/opt/ros/jazzy /usr/bin/cmake --build /workspace/build/urdf_visualization -- -j16 -l16
[0.924s] Invoked command in '/workspace/build/urdf_visualization' returned '0': CMAKE_PREFIX_PATH=${CMAKE_PREFIX_PATH}:/opt/ros/jazzy /usr/bin/cmake --build /workspace/build/urdf_visualization -- -j16 -l16
[0.972s] Invoking command in '/workspace/build/urdf_visualization': CMAKE_PREFIX_PATH=${CMAKE_PREFIX_PATH}:/opt/ros/jazzy /usr/bin/cmake --install /workspace/build/urdf_visualization
[0.985s] -- Install configuration: ""
[0.985s] -- Installing: /workspace/install/urdf_visualization/share/ament_index/resource_index/package_run_dependencies/urdf_visualization
[0.986s] -- Installing: /workspace/install/urdf_visualization/share/ament_index/resource_index/parent_prefix_path/urdf_visualization
[0.986s] -- Installing: /workspace/install/urdf_visualization/share/urdf_visualization/environment/ament_prefix_path.sh
[0.986s] -- Installing: /workspace/install/urdf_visualization/share/urdf_visualization/environment/ament_prefix_path.dsv
[0.986s] -- Installing: /workspace/install/urdf_visualization/share/urdf_visualization/environment/path.sh
[0.987s] -- Installing: /workspace/install/urdf_visualization/share/urdf_visualization/environment/path.dsv
[0.987s] -- Installing: /workspace/install/urdf_visualization/share/urdf_visualization/local_setup.bash
[0.987s] -- Installing: /workspace/install/urdf_visualization/share/urdf_visualization/local_setup.sh
[0.987s] -- Installing: /workspace/install/urdf_visualization/share/urdf_visualization/local_setup.zsh
[0.987s] -- Installing: /workspace/install/urdf_visualization/share/urdf_visualization/local_setup.dsv
[0.987s] -- Installing: /workspace/install/urdf_visualization/share/urdf_visualization/package.dsv
[0.987s] -- Installing: /workspace/install/urdf_visualization/share/ament_index/resource_index/packages/urdf_visualization
[0.987s] -- Installing: /workspace/install/urdf_visualization/share/urdf_visualization/cmake/urdf_visualizationConfig.cmake
[0.987s] -- Installing: /workspace/install/urdf_visualization/share/urdf_visualization/cmake/urdf_visualizationConfig-version.cmake
[0.987s] -- Installing: /workspace/install/urdf_visualization/share/urdf_visualization/package.xml
[0.989s] Invoked command in '/workspace/build/urdf_visualization' returned '0': CMAKE_PREFIX_PATH=${CMAKE_PREFIX_PATH}:/opt/ros/jazzy /usr/bin/cmake --install /workspace/build/urdf_visualization
