running egg_info
creating ../../build/wr_swerve_control/wr_swerve_control.egg-info
writing ../../build/wr_swerve_control/wr_swerve_control.egg-info/PKG-INFO
writing dependency_links to ../../build/wr_swerve_control/wr_swerve_control.egg-info/dependency_links.txt
writing entry points to ../../build/wr_swerve_control/wr_swerve_control.egg-info/entry_points.txt
writing requirements to ../../build/wr_swerve_control/wr_swerve_control.egg-info/requires.txt
writing top-level names to ../../build/wr_swerve_control/wr_swerve_control.egg-info/top_level.txt
writing manifest file '../../build/wr_swerve_control/wr_swerve_control.egg-info/SOURCES.txt'
reading manifest file '../../build/wr_swerve_control/wr_swerve_control.egg-info/SOURCES.txt'
adding license file 'LICENSE'
writing manifest file '../../build/wr_swerve_control/wr_swerve_control.egg-info/SOURCES.txt'
running build
running build_py
creating /home/devansh/WRoverMotorControl/WRoverSoftware/build/wr_swerve_control/build
creating /home/devansh/WRoverMotorControl/WRoverSoftware/build/wr_swerve_control/build/lib
creating /home/devansh/WRoverMotorControl/WRoverSoftware/build/wr_swerve_control/build/lib/wr_swerve_control
copying wr_swerve_control/__init__.py -> /home/devansh/WRoverMotorControl/WRoverSoftware/build/wr_swerve_control/build/lib/wr_swerve_control
running install
running install_lib
creating /home/devansh/WRoverMotorControl/WRoverSoftware/install/wr_swerve_control/lib/python3.10/site-packages/wr_swerve_control
copying /home/devansh/WRoverMotorControl/WRoverSoftware/build/wr_swerve_control/build/lib/wr_swerve_control/__init__.py -> /home/devansh/WRoverMotorControl/WRoverSoftware/install/wr_swerve_control/lib/python3.10/site-packages/wr_swerve_control
byte-compiling /home/devansh/WRoverMotorControl/WRoverSoftware/install/wr_swerve_control/lib/python3.10/site-packages/wr_swerve_control/__init__.py to __init__.cpython-310.pyc
running install_data
creating /home/devansh/WRoverMotorControl/WRoverSoftware/install/wr_swerve_control/share/ament_index
creating /home/devansh/WRoverMotorControl/WRoverSoftware/install/wr_swerve_control/share/ament_index/resource_index
creating /home/devansh/WRoverMotorControl/WRoverSoftware/install/wr_swerve_control/share/ament_index/resource_index/packages
copying resource/wr_swerve_control -> /home/devansh/WRoverMotorControl/WRoverSoftware/install/wr_swerve_control/share/ament_index/resource_index/packages
copying package.xml -> /home/devansh/WRoverMotorControl/WRoverSoftware/install/wr_swerve_control/share/wr_swerve_control
running install_egg_info
Copying ../../build/wr_swerve_control/wr_swerve_control.egg-info to /home/devansh/WRoverMotorControl/WRoverSoftware/install/wr_swerve_control/lib/python3.10/site-packages/wr_swerve_control-0.0.0-py3.10.egg-info
running install_scripts
Installing swerve_control script to /home/devansh/WRoverMotorControl/WRoverSoftware/install/wr_swerve_control/lib/wr_swerve_control
writing list of installed files to '/home/devansh/WRoverMotorControl/WRoverSoftware/build/wr_swerve_control/install.log'
